ARM GAS  C:\Users\cta10\AppData\Local\Temp\ccnykRGC.s 			page 1


   1              		.syntax unified
   2              		.cpu cortex-m3
   3              		.fpu softvfp
   4              		.eabi_attribute 20, 1
   5              		.eabi_attribute 21, 1
   6              		.eabi_attribute 23, 3
   7              		.eabi_attribute 24, 1
   8              		.eabi_attribute 25, 1
   9              		.eabi_attribute 26, 1
  10              		.eabi_attribute 30, 1
  11              		.eabi_attribute 34, 1
  12              		.eabi_attribute 18, 4
  13              		.thumb
  14              		.syntax unified
  15              		.file	"isr_TC.c"
  16              		.text
  17              	.Ltext0:
  18              		.cfi_sections	.debug_frame
  19              		.section	.text.isr_TC_Interrupt,"ax",%progbits
  20              		.align	2
  21              		.global	isr_TC_Interrupt
  22              		.thumb
  23              		.thumb_func
  24              		.type	isr_TC_Interrupt, %function
  25              	isr_TC_Interrupt:
  26              	.LFB66:
  27              		.file 1 "Generated_Source\\PSoC5\\isr_TC.c"
   1:Generated_Source\PSoC5/isr_TC.c **** /*******************************************************************************
   2:Generated_Source\PSoC5/isr_TC.c **** * File Name: isr_TC.c  
   3:Generated_Source\PSoC5/isr_TC.c **** * Version 1.71
   4:Generated_Source\PSoC5/isr_TC.c **** *
   5:Generated_Source\PSoC5/isr_TC.c **** *  Description:
   6:Generated_Source\PSoC5/isr_TC.c **** *   API for controlling the state of an interrupt.
   7:Generated_Source\PSoC5/isr_TC.c **** *
   8:Generated_Source\PSoC5/isr_TC.c **** *
   9:Generated_Source\PSoC5/isr_TC.c **** *  Note:
  10:Generated_Source\PSoC5/isr_TC.c **** *
  11:Generated_Source\PSoC5/isr_TC.c **** ********************************************************************************
  12:Generated_Source\PSoC5/isr_TC.c **** * Copyright 2008-2015, Cypress Semiconductor Corporation.  All rights reserved.
  13:Generated_Source\PSoC5/isr_TC.c **** * You may use this file only in accordance with the license, terms, conditions, 
  14:Generated_Source\PSoC5/isr_TC.c **** * disclaimers, and limitations in the end user license agreement accompanying 
  15:Generated_Source\PSoC5/isr_TC.c **** * the software package with which this file was provided.
  16:Generated_Source\PSoC5/isr_TC.c **** *******************************************************************************/
  17:Generated_Source\PSoC5/isr_TC.c **** 
  18:Generated_Source\PSoC5/isr_TC.c **** 
  19:Generated_Source\PSoC5/isr_TC.c **** #include <cydevice_trm.h>
  20:Generated_Source\PSoC5/isr_TC.c **** #include <CyLib.h>
  21:Generated_Source\PSoC5/isr_TC.c **** #include <isr_TC.h>
  22:Generated_Source\PSoC5/isr_TC.c **** #include "cyapicallbacks.h"
  23:Generated_Source\PSoC5/isr_TC.c **** 
  24:Generated_Source\PSoC5/isr_TC.c **** #if !defined(isr_TC__REMOVED) /* Check for removal by optimization */
  25:Generated_Source\PSoC5/isr_TC.c **** 
  26:Generated_Source\PSoC5/isr_TC.c **** /*******************************************************************************
  27:Generated_Source\PSoC5/isr_TC.c **** *  Place your includes, defines and code here 
  28:Generated_Source\PSoC5/isr_TC.c **** ********************************************************************************/
  29:Generated_Source\PSoC5/isr_TC.c **** /* `#START isr_TC_intc` */
  30:Generated_Source\PSoC5/isr_TC.c **** #include <project.h>
ARM GAS  C:\Users\cta10\AppData\Local\Temp\ccnykRGC.s 			page 2


  31:Generated_Source\PSoC5/isr_TC.c **** #include <LED.h>
  32:Generated_Source\PSoC5/isr_TC.c **** #include <Timer_1.h>
  33:Generated_Source\PSoC5/isr_TC.c **** /* `#END` */
  34:Generated_Source\PSoC5/isr_TC.c **** 
  35:Generated_Source\PSoC5/isr_TC.c **** #ifndef CYINT_IRQ_BASE
  36:Generated_Source\PSoC5/isr_TC.c **** #define CYINT_IRQ_BASE      16
  37:Generated_Source\PSoC5/isr_TC.c **** #endif /* CYINT_IRQ_BASE */
  38:Generated_Source\PSoC5/isr_TC.c **** #ifndef CYINT_VECT_TABLE
  39:Generated_Source\PSoC5/isr_TC.c **** #define CYINT_VECT_TABLE    ((cyisraddress **) CYREG_NVIC_VECT_OFFSET)
  40:Generated_Source\PSoC5/isr_TC.c **** #endif /* CYINT_VECT_TABLE */
  41:Generated_Source\PSoC5/isr_TC.c **** 
  42:Generated_Source\PSoC5/isr_TC.c **** /* Declared in startup, used to set unused interrupts to. */
  43:Generated_Source\PSoC5/isr_TC.c **** CY_ISR_PROTO(IntDefaultHandler);
  44:Generated_Source\PSoC5/isr_TC.c **** 
  45:Generated_Source\PSoC5/isr_TC.c **** 
  46:Generated_Source\PSoC5/isr_TC.c **** /*******************************************************************************
  47:Generated_Source\PSoC5/isr_TC.c **** * Function Name: isr_TC_Start
  48:Generated_Source\PSoC5/isr_TC.c **** ********************************************************************************
  49:Generated_Source\PSoC5/isr_TC.c **** *
  50:Generated_Source\PSoC5/isr_TC.c **** * Summary:
  51:Generated_Source\PSoC5/isr_TC.c **** *  Set up the interrupt and enable it. This function disables the interrupt, 
  52:Generated_Source\PSoC5/isr_TC.c **** *  sets the default interrupt vector, sets the priority from the value in the
  53:Generated_Source\PSoC5/isr_TC.c **** *  Design Wide Resources Interrupt Editor, then enables the interrupt to the 
  54:Generated_Source\PSoC5/isr_TC.c **** *  interrupt controller.
  55:Generated_Source\PSoC5/isr_TC.c **** *
  56:Generated_Source\PSoC5/isr_TC.c **** * Parameters:  
  57:Generated_Source\PSoC5/isr_TC.c **** *   None
  58:Generated_Source\PSoC5/isr_TC.c **** *
  59:Generated_Source\PSoC5/isr_TC.c **** * Return:
  60:Generated_Source\PSoC5/isr_TC.c **** *   None
  61:Generated_Source\PSoC5/isr_TC.c **** *
  62:Generated_Source\PSoC5/isr_TC.c **** *******************************************************************************/
  63:Generated_Source\PSoC5/isr_TC.c **** void isr_TC_Start(void)
  64:Generated_Source\PSoC5/isr_TC.c **** {
  65:Generated_Source\PSoC5/isr_TC.c ****     /* For all we know the interrupt is active. */
  66:Generated_Source\PSoC5/isr_TC.c ****     isr_TC_Disable();
  67:Generated_Source\PSoC5/isr_TC.c **** 
  68:Generated_Source\PSoC5/isr_TC.c ****     /* Set the ISR to point to the isr_TC Interrupt. */
  69:Generated_Source\PSoC5/isr_TC.c ****     isr_TC_SetVector(&isr_TC_Interrupt);
  70:Generated_Source\PSoC5/isr_TC.c **** 
  71:Generated_Source\PSoC5/isr_TC.c ****     /* Set the priority. */
  72:Generated_Source\PSoC5/isr_TC.c ****     isr_TC_SetPriority((uint8)isr_TC_INTC_PRIOR_NUMBER);
  73:Generated_Source\PSoC5/isr_TC.c **** 
  74:Generated_Source\PSoC5/isr_TC.c ****     /* Enable it. */
  75:Generated_Source\PSoC5/isr_TC.c ****     isr_TC_Enable();
  76:Generated_Source\PSoC5/isr_TC.c **** }
  77:Generated_Source\PSoC5/isr_TC.c **** 
  78:Generated_Source\PSoC5/isr_TC.c **** 
  79:Generated_Source\PSoC5/isr_TC.c **** /*******************************************************************************
  80:Generated_Source\PSoC5/isr_TC.c **** * Function Name: isr_TC_StartEx
  81:Generated_Source\PSoC5/isr_TC.c **** ********************************************************************************
  82:Generated_Source\PSoC5/isr_TC.c **** *
  83:Generated_Source\PSoC5/isr_TC.c **** * Summary:
  84:Generated_Source\PSoC5/isr_TC.c **** *  Sets up the interrupt and enables it. This function disables the interrupt,
  85:Generated_Source\PSoC5/isr_TC.c **** *  sets the interrupt vector based on the address passed in, sets the priority 
  86:Generated_Source\PSoC5/isr_TC.c **** *  from the value in the Design Wide Resources Interrupt Editor, then enables 
  87:Generated_Source\PSoC5/isr_TC.c **** *  the interrupt to the interrupt controller.
ARM GAS  C:\Users\cta10\AppData\Local\Temp\ccnykRGC.s 			page 3


  88:Generated_Source\PSoC5/isr_TC.c **** *  
  89:Generated_Source\PSoC5/isr_TC.c **** *  When defining ISR functions, the CY_ISR and CY_ISR_PROTO macros should be 
  90:Generated_Source\PSoC5/isr_TC.c **** *  used to provide consistent definition across compilers:
  91:Generated_Source\PSoC5/isr_TC.c **** *  
  92:Generated_Source\PSoC5/isr_TC.c **** *  Function definition example:
  93:Generated_Source\PSoC5/isr_TC.c **** *   CY_ISR(MyISR)
  94:Generated_Source\PSoC5/isr_TC.c **** *   {
  95:Generated_Source\PSoC5/isr_TC.c **** *   }
  96:Generated_Source\PSoC5/isr_TC.c **** *   Function prototype example:
  97:Generated_Source\PSoC5/isr_TC.c **** *   CY_ISR_PROTO(MyISR);
  98:Generated_Source\PSoC5/isr_TC.c **** *
  99:Generated_Source\PSoC5/isr_TC.c **** * Parameters:  
 100:Generated_Source\PSoC5/isr_TC.c **** *   address: Address of the ISR to set in the interrupt vector table.
 101:Generated_Source\PSoC5/isr_TC.c **** *
 102:Generated_Source\PSoC5/isr_TC.c **** * Return:
 103:Generated_Source\PSoC5/isr_TC.c **** *   None
 104:Generated_Source\PSoC5/isr_TC.c **** *
 105:Generated_Source\PSoC5/isr_TC.c **** *******************************************************************************/
 106:Generated_Source\PSoC5/isr_TC.c **** void isr_TC_StartEx(cyisraddress address)
 107:Generated_Source\PSoC5/isr_TC.c **** {
 108:Generated_Source\PSoC5/isr_TC.c ****     /* For all we know the interrupt is active. */
 109:Generated_Source\PSoC5/isr_TC.c ****     isr_TC_Disable();
 110:Generated_Source\PSoC5/isr_TC.c **** 
 111:Generated_Source\PSoC5/isr_TC.c ****     /* Set the ISR to point to the isr_TC Interrupt. */
 112:Generated_Source\PSoC5/isr_TC.c ****     isr_TC_SetVector(address);
 113:Generated_Source\PSoC5/isr_TC.c **** 
 114:Generated_Source\PSoC5/isr_TC.c ****     /* Set the priority. */
 115:Generated_Source\PSoC5/isr_TC.c ****     isr_TC_SetPriority((uint8)isr_TC_INTC_PRIOR_NUMBER);
 116:Generated_Source\PSoC5/isr_TC.c **** 
 117:Generated_Source\PSoC5/isr_TC.c ****     /* Enable it. */
 118:Generated_Source\PSoC5/isr_TC.c ****     isr_TC_Enable();
 119:Generated_Source\PSoC5/isr_TC.c **** }
 120:Generated_Source\PSoC5/isr_TC.c **** 
 121:Generated_Source\PSoC5/isr_TC.c **** 
 122:Generated_Source\PSoC5/isr_TC.c **** /*******************************************************************************
 123:Generated_Source\PSoC5/isr_TC.c **** * Function Name: isr_TC_Stop
 124:Generated_Source\PSoC5/isr_TC.c **** ********************************************************************************
 125:Generated_Source\PSoC5/isr_TC.c **** *
 126:Generated_Source\PSoC5/isr_TC.c **** * Summary:
 127:Generated_Source\PSoC5/isr_TC.c **** *   Disables and removes the interrupt.
 128:Generated_Source\PSoC5/isr_TC.c **** *
 129:Generated_Source\PSoC5/isr_TC.c **** * Parameters:  
 130:Generated_Source\PSoC5/isr_TC.c **** *   None
 131:Generated_Source\PSoC5/isr_TC.c **** *
 132:Generated_Source\PSoC5/isr_TC.c **** * Return:
 133:Generated_Source\PSoC5/isr_TC.c **** *   None
 134:Generated_Source\PSoC5/isr_TC.c **** *
 135:Generated_Source\PSoC5/isr_TC.c **** *******************************************************************************/
 136:Generated_Source\PSoC5/isr_TC.c **** void isr_TC_Stop(void)
 137:Generated_Source\PSoC5/isr_TC.c **** {
 138:Generated_Source\PSoC5/isr_TC.c ****     /* Disable this interrupt. */
 139:Generated_Source\PSoC5/isr_TC.c ****     isr_TC_Disable();
 140:Generated_Source\PSoC5/isr_TC.c **** 
 141:Generated_Source\PSoC5/isr_TC.c ****     /* Set the ISR to point to the passive one. */
 142:Generated_Source\PSoC5/isr_TC.c ****     isr_TC_SetVector(&IntDefaultHandler);
 143:Generated_Source\PSoC5/isr_TC.c **** }
 144:Generated_Source\PSoC5/isr_TC.c **** 
ARM GAS  C:\Users\cta10\AppData\Local\Temp\ccnykRGC.s 			page 4


 145:Generated_Source\PSoC5/isr_TC.c **** 
 146:Generated_Source\PSoC5/isr_TC.c **** /*******************************************************************************
 147:Generated_Source\PSoC5/isr_TC.c **** * Function Name: isr_TC_Interrupt
 148:Generated_Source\PSoC5/isr_TC.c **** ********************************************************************************
 149:Generated_Source\PSoC5/isr_TC.c **** *
 150:Generated_Source\PSoC5/isr_TC.c **** * Summary:
 151:Generated_Source\PSoC5/isr_TC.c **** *   The default Interrupt Service Routine for isr_TC.
 152:Generated_Source\PSoC5/isr_TC.c **** *
 153:Generated_Source\PSoC5/isr_TC.c **** *   Add custom code between the coments to keep the next version of this file
 154:Generated_Source\PSoC5/isr_TC.c **** *   from over writting your code.
 155:Generated_Source\PSoC5/isr_TC.c **** *
 156:Generated_Source\PSoC5/isr_TC.c **** * Parameters:  
 157:Generated_Source\PSoC5/isr_TC.c **** *
 158:Generated_Source\PSoC5/isr_TC.c **** * Return:
 159:Generated_Source\PSoC5/isr_TC.c **** *   None
 160:Generated_Source\PSoC5/isr_TC.c **** *
 161:Generated_Source\PSoC5/isr_TC.c **** *******************************************************************************/
 162:Generated_Source\PSoC5/isr_TC.c **** CY_ISR(isr_TC_Interrupt)
 163:Generated_Source\PSoC5/isr_TC.c **** {
  28              		.loc 1 163 0
  29              		.cfi_startproc
  30              		@ args = 0, pretend = 0, frame = 0
  31              		@ frame_needed = 0, uses_anonymous_args = 0
  32 0000 08B5     		push	{r3, lr}
  33              		.cfi_def_cfa_offset 8
  34              		.cfi_offset 3, -8
  35              		.cfi_offset 14, -4
 164:Generated_Source\PSoC5/isr_TC.c ****     #ifdef isr_TC_INTERRUPT_INTERRUPT_CALLBACK
 165:Generated_Source\PSoC5/isr_TC.c ****         isr_TC_Interrupt_InterruptCallback();
 166:Generated_Source\PSoC5/isr_TC.c ****     #endif /* isr_TC_INTERRUPT_INTERRUPT_CALLBACK */ 
 167:Generated_Source\PSoC5/isr_TC.c **** 
 168:Generated_Source\PSoC5/isr_TC.c ****     /*  Place your Interrupt code here. */
 169:Generated_Source\PSoC5/isr_TC.c ****     /* `#START isr_TC_Interrupt` */
 170:Generated_Source\PSoC5/isr_TC.c ****     LED_Write(!LED_Read());
  36              		.loc 1 170 0
  37 0002 FFF7FEFF 		bl	LED_Read
  38              	.LVL0:
  39 0006 B0FA80F0 		clz	r0, r0
  40 000a 4009     		lsrs	r0, r0, #5
  41 000c FFF7FEFF 		bl	LED_Write
  42              	.LVL1:
 171:Generated_Source\PSoC5/isr_TC.c ****     Timer_1_ReadStatusRegister();
  43              		.loc 1 171 0
  44 0010 FFF7FEFF 		bl	Timer_1_ReadStatusRegister
  45              	.LVL2:
  46 0014 08BD     		pop	{r3, pc}
  47              		.cfi_endproc
  48              	.LFE66:
  49              		.size	isr_TC_Interrupt, .-isr_TC_Interrupt
  50 0016 00BF     		.section	.text.isr_TC_SetVector,"ax",%progbits
  51              		.align	2
  52              		.global	isr_TC_SetVector
  53              		.thumb
  54              		.thumb_func
  55              		.type	isr_TC_SetVector, %function
  56              	isr_TC_SetVector:
  57              	.LFB67:
ARM GAS  C:\Users\cta10\AppData\Local\Temp\ccnykRGC.s 			page 5


 172:Generated_Source\PSoC5/isr_TC.c ****     /* `#END` */
 173:Generated_Source\PSoC5/isr_TC.c **** }
 174:Generated_Source\PSoC5/isr_TC.c **** 
 175:Generated_Source\PSoC5/isr_TC.c **** 
 176:Generated_Source\PSoC5/isr_TC.c **** /*******************************************************************************
 177:Generated_Source\PSoC5/isr_TC.c **** * Function Name: isr_TC_SetVector
 178:Generated_Source\PSoC5/isr_TC.c **** ********************************************************************************
 179:Generated_Source\PSoC5/isr_TC.c **** *
 180:Generated_Source\PSoC5/isr_TC.c **** * Summary:
 181:Generated_Source\PSoC5/isr_TC.c **** *   Change the ISR vector for the Interrupt. Note calling isr_TC_Start
 182:Generated_Source\PSoC5/isr_TC.c **** *   will override any effect this method would have had. To set the vector 
 183:Generated_Source\PSoC5/isr_TC.c **** *   before the component has been started use isr_TC_StartEx instead.
 184:Generated_Source\PSoC5/isr_TC.c **** * 
 185:Generated_Source\PSoC5/isr_TC.c **** *   When defining ISR functions, the CY_ISR and CY_ISR_PROTO macros should be 
 186:Generated_Source\PSoC5/isr_TC.c **** *   used to provide consistent definition across compilers:
 187:Generated_Source\PSoC5/isr_TC.c **** *
 188:Generated_Source\PSoC5/isr_TC.c **** *   Function definition example:
 189:Generated_Source\PSoC5/isr_TC.c **** *   CY_ISR(MyISR)
 190:Generated_Source\PSoC5/isr_TC.c **** *   {
 191:Generated_Source\PSoC5/isr_TC.c **** *   }
 192:Generated_Source\PSoC5/isr_TC.c **** *
 193:Generated_Source\PSoC5/isr_TC.c **** *   Function prototype example:
 194:Generated_Source\PSoC5/isr_TC.c **** *     CY_ISR_PROTO(MyISR);
 195:Generated_Source\PSoC5/isr_TC.c **** *
 196:Generated_Source\PSoC5/isr_TC.c **** * Parameters:
 197:Generated_Source\PSoC5/isr_TC.c **** *   address: Address of the ISR to set in the interrupt vector table.
 198:Generated_Source\PSoC5/isr_TC.c **** *
 199:Generated_Source\PSoC5/isr_TC.c **** * Return:
 200:Generated_Source\PSoC5/isr_TC.c **** *   None
 201:Generated_Source\PSoC5/isr_TC.c **** *
 202:Generated_Source\PSoC5/isr_TC.c **** *******************************************************************************/
 203:Generated_Source\PSoC5/isr_TC.c **** void isr_TC_SetVector(cyisraddress address)
 204:Generated_Source\PSoC5/isr_TC.c **** {
  58              		.loc 1 204 0
  59              		.cfi_startproc
  60              		@ args = 0, pretend = 0, frame = 0
  61              		@ frame_needed = 0, uses_anonymous_args = 0
  62              		@ link register save eliminated.
  63              	.LVL3:
 205:Generated_Source\PSoC5/isr_TC.c ****     cyisraddress * ramVectorTable;
 206:Generated_Source\PSoC5/isr_TC.c **** 
 207:Generated_Source\PSoC5/isr_TC.c ****     ramVectorTable = (cyisraddress *) *CYINT_VECT_TABLE;
  64              		.loc 1 207 0
  65 0000 024B     		ldr	r3, .L4
  66 0002 1B68     		ldr	r3, [r3]
  67              	.LVL4:
 208:Generated_Source\PSoC5/isr_TC.c **** 
 209:Generated_Source\PSoC5/isr_TC.c ****     ramVectorTable[CYINT_IRQ_BASE + (uint32)isr_TC__INTC_NUMBER] = address;
  68              		.loc 1 209 0
  69 0004 C3F88400 		str	r0, [r3, #132]
  70 0008 7047     		bx	lr
  71              	.L5:
  72 000a 00BF     		.align	2
  73              	.L4:
  74 000c 08ED00E0 		.word	-536810232
  75              		.cfi_endproc
  76              	.LFE67:
ARM GAS  C:\Users\cta10\AppData\Local\Temp\ccnykRGC.s 			page 6


  77              		.size	isr_TC_SetVector, .-isr_TC_SetVector
  78              		.section	.text.isr_TC_GetVector,"ax",%progbits
  79              		.align	2
  80              		.global	isr_TC_GetVector
  81              		.thumb
  82              		.thumb_func
  83              		.type	isr_TC_GetVector, %function
  84              	isr_TC_GetVector:
  85              	.LFB68:
 210:Generated_Source\PSoC5/isr_TC.c **** }
 211:Generated_Source\PSoC5/isr_TC.c **** 
 212:Generated_Source\PSoC5/isr_TC.c **** 
 213:Generated_Source\PSoC5/isr_TC.c **** /*******************************************************************************
 214:Generated_Source\PSoC5/isr_TC.c **** * Function Name: isr_TC_GetVector
 215:Generated_Source\PSoC5/isr_TC.c **** ********************************************************************************
 216:Generated_Source\PSoC5/isr_TC.c **** *
 217:Generated_Source\PSoC5/isr_TC.c **** * Summary:
 218:Generated_Source\PSoC5/isr_TC.c **** *   Gets the "address" of the current ISR vector for the Interrupt.
 219:Generated_Source\PSoC5/isr_TC.c **** *
 220:Generated_Source\PSoC5/isr_TC.c **** * Parameters:
 221:Generated_Source\PSoC5/isr_TC.c **** *   None
 222:Generated_Source\PSoC5/isr_TC.c **** *
 223:Generated_Source\PSoC5/isr_TC.c **** * Return:
 224:Generated_Source\PSoC5/isr_TC.c **** *   Address of the ISR in the interrupt vector table.
 225:Generated_Source\PSoC5/isr_TC.c **** *
 226:Generated_Source\PSoC5/isr_TC.c **** *******************************************************************************/
 227:Generated_Source\PSoC5/isr_TC.c **** cyisraddress isr_TC_GetVector(void)
 228:Generated_Source\PSoC5/isr_TC.c **** {
  86              		.loc 1 228 0
  87              		.cfi_startproc
  88              		@ args = 0, pretend = 0, frame = 0
  89              		@ frame_needed = 0, uses_anonymous_args = 0
  90              		@ link register save eliminated.
 229:Generated_Source\PSoC5/isr_TC.c ****     cyisraddress * ramVectorTable;
 230:Generated_Source\PSoC5/isr_TC.c **** 
 231:Generated_Source\PSoC5/isr_TC.c ****     ramVectorTable = (cyisraddress *) *CYINT_VECT_TABLE;
  91              		.loc 1 231 0
  92 0000 024B     		ldr	r3, .L7
  93 0002 1B68     		ldr	r3, [r3]
  94              	.LVL5:
 232:Generated_Source\PSoC5/isr_TC.c **** 
 233:Generated_Source\PSoC5/isr_TC.c ****     return ramVectorTable[CYINT_IRQ_BASE + (uint32)isr_TC__INTC_NUMBER];
 234:Generated_Source\PSoC5/isr_TC.c **** }
  95              		.loc 1 234 0
  96 0004 D3F88400 		ldr	r0, [r3, #132]
  97 0008 7047     		bx	lr
  98              	.L8:
  99 000a 00BF     		.align	2
 100              	.L7:
 101 000c 08ED00E0 		.word	-536810232
 102              		.cfi_endproc
 103              	.LFE68:
 104              		.size	isr_TC_GetVector, .-isr_TC_GetVector
 105              		.section	.text.isr_TC_SetPriority,"ax",%progbits
 106              		.align	2
 107              		.global	isr_TC_SetPriority
 108              		.thumb
ARM GAS  C:\Users\cta10\AppData\Local\Temp\ccnykRGC.s 			page 7


 109              		.thumb_func
 110              		.type	isr_TC_SetPriority, %function
 111              	isr_TC_SetPriority:
 112              	.LFB69:
 235:Generated_Source\PSoC5/isr_TC.c **** 
 236:Generated_Source\PSoC5/isr_TC.c **** 
 237:Generated_Source\PSoC5/isr_TC.c **** /*******************************************************************************
 238:Generated_Source\PSoC5/isr_TC.c **** * Function Name: isr_TC_SetPriority
 239:Generated_Source\PSoC5/isr_TC.c **** ********************************************************************************
 240:Generated_Source\PSoC5/isr_TC.c **** *
 241:Generated_Source\PSoC5/isr_TC.c **** * Summary:
 242:Generated_Source\PSoC5/isr_TC.c **** *   Sets the Priority of the Interrupt. 
 243:Generated_Source\PSoC5/isr_TC.c **** *
 244:Generated_Source\PSoC5/isr_TC.c **** *   Note calling isr_TC_Start or isr_TC_StartEx will 
 245:Generated_Source\PSoC5/isr_TC.c **** *   override any effect this API would have had. This API should only be called
 246:Generated_Source\PSoC5/isr_TC.c **** *   after isr_TC_Start or isr_TC_StartEx has been called. 
 247:Generated_Source\PSoC5/isr_TC.c **** *   To set the initial priority for the component, use the Design-Wide Resources
 248:Generated_Source\PSoC5/isr_TC.c **** *   Interrupt Editor.
 249:Generated_Source\PSoC5/isr_TC.c **** *
 250:Generated_Source\PSoC5/isr_TC.c **** *   Note This API has no effect on Non-maskable interrupt NMI).
 251:Generated_Source\PSoC5/isr_TC.c **** *
 252:Generated_Source\PSoC5/isr_TC.c **** * Parameters:
 253:Generated_Source\PSoC5/isr_TC.c **** *   priority: Priority of the interrupt, 0 being the highest priority
 254:Generated_Source\PSoC5/isr_TC.c **** *             PSoC 3 and PSoC 5LP: Priority is from 0 to 7.
 255:Generated_Source\PSoC5/isr_TC.c **** *             PSoC 4: Priority is from 0 to 3.
 256:Generated_Source\PSoC5/isr_TC.c **** *
 257:Generated_Source\PSoC5/isr_TC.c **** * Return:
 258:Generated_Source\PSoC5/isr_TC.c **** *   None
 259:Generated_Source\PSoC5/isr_TC.c **** *
 260:Generated_Source\PSoC5/isr_TC.c **** *******************************************************************************/
 261:Generated_Source\PSoC5/isr_TC.c **** void isr_TC_SetPriority(uint8 priority)
 262:Generated_Source\PSoC5/isr_TC.c **** {
 113              		.loc 1 262 0
 114              		.cfi_startproc
 115              		@ args = 0, pretend = 0, frame = 0
 116              		@ frame_needed = 0, uses_anonymous_args = 0
 117              		@ link register save eliminated.
 118              	.LVL6:
 263:Generated_Source\PSoC5/isr_TC.c ****     *isr_TC_INTC_PRIOR = priority << 5;
 119              		.loc 1 263 0
 120 0000 4001     		lsls	r0, r0, #5
 121              	.LVL7:
 122 0002 C0B2     		uxtb	r0, r0
 123 0004 014B     		ldr	r3, .L10
 124 0006 1870     		strb	r0, [r3]
 125 0008 7047     		bx	lr
 126              	.L11:
 127 000a 00BF     		.align	2
 128              	.L10:
 129 000c 11E400E0 		.word	-536812527
 130              		.cfi_endproc
 131              	.LFE69:
 132              		.size	isr_TC_SetPriority, .-isr_TC_SetPriority
 133              		.section	.text.isr_TC_GetPriority,"ax",%progbits
 134              		.align	2
 135              		.global	isr_TC_GetPriority
 136              		.thumb
ARM GAS  C:\Users\cta10\AppData\Local\Temp\ccnykRGC.s 			page 8


 137              		.thumb_func
 138              		.type	isr_TC_GetPriority, %function
 139              	isr_TC_GetPriority:
 140              	.LFB70:
 264:Generated_Source\PSoC5/isr_TC.c **** }
 265:Generated_Source\PSoC5/isr_TC.c **** 
 266:Generated_Source\PSoC5/isr_TC.c **** 
 267:Generated_Source\PSoC5/isr_TC.c **** /*******************************************************************************
 268:Generated_Source\PSoC5/isr_TC.c **** * Function Name: isr_TC_GetPriority
 269:Generated_Source\PSoC5/isr_TC.c **** ********************************************************************************
 270:Generated_Source\PSoC5/isr_TC.c **** *
 271:Generated_Source\PSoC5/isr_TC.c **** * Summary:
 272:Generated_Source\PSoC5/isr_TC.c **** *   Gets the Priority of the Interrupt.
 273:Generated_Source\PSoC5/isr_TC.c **** *
 274:Generated_Source\PSoC5/isr_TC.c **** * Parameters:
 275:Generated_Source\PSoC5/isr_TC.c **** *   None
 276:Generated_Source\PSoC5/isr_TC.c **** *
 277:Generated_Source\PSoC5/isr_TC.c **** * Return:
 278:Generated_Source\PSoC5/isr_TC.c **** *   Priority of the interrupt, 0 being the highest priority
 279:Generated_Source\PSoC5/isr_TC.c **** *    PSoC 3 and PSoC 5LP: Priority is from 0 to 7.
 280:Generated_Source\PSoC5/isr_TC.c **** *    PSoC 4: Priority is from 0 to 3.
 281:Generated_Source\PSoC5/isr_TC.c **** *
 282:Generated_Source\PSoC5/isr_TC.c **** *******************************************************************************/
 283:Generated_Source\PSoC5/isr_TC.c **** uint8 isr_TC_GetPriority(void)
 284:Generated_Source\PSoC5/isr_TC.c **** {
 141              		.loc 1 284 0
 142              		.cfi_startproc
 143              		@ args = 0, pretend = 0, frame = 0
 144              		@ frame_needed = 0, uses_anonymous_args = 0
 145              		@ link register save eliminated.
 285:Generated_Source\PSoC5/isr_TC.c ****     uint8 priority;
 286:Generated_Source\PSoC5/isr_TC.c **** 
 287:Generated_Source\PSoC5/isr_TC.c **** 
 288:Generated_Source\PSoC5/isr_TC.c ****     priority = *isr_TC_INTC_PRIOR >> 5;
 146              		.loc 1 288 0
 147 0000 014B     		ldr	r3, .L13
 148 0002 1878     		ldrb	r0, [r3]	@ zero_extendqisi2
 149              	.LVL8:
 289:Generated_Source\PSoC5/isr_TC.c **** 
 290:Generated_Source\PSoC5/isr_TC.c ****     return priority;
 291:Generated_Source\PSoC5/isr_TC.c **** }
 150              		.loc 1 291 0
 151 0004 4009     		lsrs	r0, r0, #5
 152              	.LVL9:
 153 0006 7047     		bx	lr
 154              	.L14:
 155              		.align	2
 156              	.L13:
 157 0008 11E400E0 		.word	-536812527
 158              		.cfi_endproc
 159              	.LFE70:
 160              		.size	isr_TC_GetPriority, .-isr_TC_GetPriority
 161              		.section	.text.isr_TC_Enable,"ax",%progbits
 162              		.align	2
 163              		.global	isr_TC_Enable
 164              		.thumb
 165              		.thumb_func
ARM GAS  C:\Users\cta10\AppData\Local\Temp\ccnykRGC.s 			page 9


 166              		.type	isr_TC_Enable, %function
 167              	isr_TC_Enable:
 168              	.LFB71:
 292:Generated_Source\PSoC5/isr_TC.c **** 
 293:Generated_Source\PSoC5/isr_TC.c **** 
 294:Generated_Source\PSoC5/isr_TC.c **** /*******************************************************************************
 295:Generated_Source\PSoC5/isr_TC.c **** * Function Name: isr_TC_Enable
 296:Generated_Source\PSoC5/isr_TC.c **** ********************************************************************************
 297:Generated_Source\PSoC5/isr_TC.c **** *
 298:Generated_Source\PSoC5/isr_TC.c **** * Summary:
 299:Generated_Source\PSoC5/isr_TC.c **** *   Enables the interrupt to the interrupt controller. Do not call this function
 300:Generated_Source\PSoC5/isr_TC.c **** *   unless ISR_Start() has been called or the functionality of the ISR_Start() 
 301:Generated_Source\PSoC5/isr_TC.c **** *   function, which sets the vector and the priority, has been called.
 302:Generated_Source\PSoC5/isr_TC.c **** *
 303:Generated_Source\PSoC5/isr_TC.c **** * Parameters:
 304:Generated_Source\PSoC5/isr_TC.c **** *   None
 305:Generated_Source\PSoC5/isr_TC.c **** *
 306:Generated_Source\PSoC5/isr_TC.c **** * Return:
 307:Generated_Source\PSoC5/isr_TC.c **** *   None
 308:Generated_Source\PSoC5/isr_TC.c **** *
 309:Generated_Source\PSoC5/isr_TC.c **** *******************************************************************************/
 310:Generated_Source\PSoC5/isr_TC.c **** void isr_TC_Enable(void)
 311:Generated_Source\PSoC5/isr_TC.c **** {
 169              		.loc 1 311 0
 170              		.cfi_startproc
 171              		@ args = 0, pretend = 0, frame = 0
 172              		@ frame_needed = 0, uses_anonymous_args = 0
 173              		@ link register save eliminated.
 312:Generated_Source\PSoC5/isr_TC.c ****     /* Enable the general interrupt. */
 313:Generated_Source\PSoC5/isr_TC.c ****     *isr_TC_INTC_SET_EN = isr_TC__INTC_MASK;
 174              		.loc 1 313 0
 175 0000 4FF40032 		mov	r2, #131072
 176 0004 014B     		ldr	r3, .L16
 177 0006 1A60     		str	r2, [r3]
 178 0008 7047     		bx	lr
 179              	.L17:
 180 000a 00BF     		.align	2
 181              	.L16:
 182 000c 00E100E0 		.word	-536813312
 183              		.cfi_endproc
 184              	.LFE71:
 185              		.size	isr_TC_Enable, .-isr_TC_Enable
 186              		.section	.text.isr_TC_GetState,"ax",%progbits
 187              		.align	2
 188              		.global	isr_TC_GetState
 189              		.thumb
 190              		.thumb_func
 191              		.type	isr_TC_GetState, %function
 192              	isr_TC_GetState:
 193              	.LFB72:
 314:Generated_Source\PSoC5/isr_TC.c **** }
 315:Generated_Source\PSoC5/isr_TC.c **** 
 316:Generated_Source\PSoC5/isr_TC.c **** 
 317:Generated_Source\PSoC5/isr_TC.c **** /*******************************************************************************
 318:Generated_Source\PSoC5/isr_TC.c **** * Function Name: isr_TC_GetState
 319:Generated_Source\PSoC5/isr_TC.c **** ********************************************************************************
 320:Generated_Source\PSoC5/isr_TC.c **** *
ARM GAS  C:\Users\cta10\AppData\Local\Temp\ccnykRGC.s 			page 10


 321:Generated_Source\PSoC5/isr_TC.c **** * Summary:
 322:Generated_Source\PSoC5/isr_TC.c **** *   Gets the state (enabled, disabled) of the Interrupt.
 323:Generated_Source\PSoC5/isr_TC.c **** *
 324:Generated_Source\PSoC5/isr_TC.c **** * Parameters:
 325:Generated_Source\PSoC5/isr_TC.c **** *   None
 326:Generated_Source\PSoC5/isr_TC.c **** *
 327:Generated_Source\PSoC5/isr_TC.c **** * Return:
 328:Generated_Source\PSoC5/isr_TC.c **** *   1 if enabled, 0 if disabled.
 329:Generated_Source\PSoC5/isr_TC.c **** *
 330:Generated_Source\PSoC5/isr_TC.c **** *******************************************************************************/
 331:Generated_Source\PSoC5/isr_TC.c **** uint8 isr_TC_GetState(void)
 332:Generated_Source\PSoC5/isr_TC.c **** {
 194              		.loc 1 332 0
 195              		.cfi_startproc
 196              		@ args = 0, pretend = 0, frame = 0
 197              		@ frame_needed = 0, uses_anonymous_args = 0
 198              		@ link register save eliminated.
 333:Generated_Source\PSoC5/isr_TC.c ****     /* Get the state of the general interrupt. */
 334:Generated_Source\PSoC5/isr_TC.c ****     return ((*isr_TC_INTC_SET_EN & (uint32)isr_TC__INTC_MASK) != 0u) ? 1u:0u;
 199              		.loc 1 334 0
 200 0000 044B     		ldr	r3, .L21
 201 0002 1B68     		ldr	r3, [r3]
 202 0004 13F4003F 		tst	r3, #131072
 203 0008 01D0     		beq	.L20
 204 000a 0120     		movs	r0, #1
 205 000c 7047     		bx	lr
 206              	.L20:
 207 000e 0020     		movs	r0, #0
 335:Generated_Source\PSoC5/isr_TC.c **** }
 208              		.loc 1 335 0
 209 0010 7047     		bx	lr
 210              	.L22:
 211 0012 00BF     		.align	2
 212              	.L21:
 213 0014 00E100E0 		.word	-536813312
 214              		.cfi_endproc
 215              	.LFE72:
 216              		.size	isr_TC_GetState, .-isr_TC_GetState
 217              		.section	.text.isr_TC_Disable,"ax",%progbits
 218              		.align	2
 219              		.global	isr_TC_Disable
 220              		.thumb
 221              		.thumb_func
 222              		.type	isr_TC_Disable, %function
 223              	isr_TC_Disable:
 224              	.LFB73:
 336:Generated_Source\PSoC5/isr_TC.c **** 
 337:Generated_Source\PSoC5/isr_TC.c **** 
 338:Generated_Source\PSoC5/isr_TC.c **** /*******************************************************************************
 339:Generated_Source\PSoC5/isr_TC.c **** * Function Name: isr_TC_Disable
 340:Generated_Source\PSoC5/isr_TC.c **** ********************************************************************************
 341:Generated_Source\PSoC5/isr_TC.c **** *
 342:Generated_Source\PSoC5/isr_TC.c **** * Summary:
 343:Generated_Source\PSoC5/isr_TC.c **** *   Disables the Interrupt in the interrupt controller.
 344:Generated_Source\PSoC5/isr_TC.c **** *
 345:Generated_Source\PSoC5/isr_TC.c **** * Parameters:
 346:Generated_Source\PSoC5/isr_TC.c **** *   None
ARM GAS  C:\Users\cta10\AppData\Local\Temp\ccnykRGC.s 			page 11


 347:Generated_Source\PSoC5/isr_TC.c **** *
 348:Generated_Source\PSoC5/isr_TC.c **** * Return:
 349:Generated_Source\PSoC5/isr_TC.c **** *   None
 350:Generated_Source\PSoC5/isr_TC.c **** *
 351:Generated_Source\PSoC5/isr_TC.c **** *******************************************************************************/
 352:Generated_Source\PSoC5/isr_TC.c **** void isr_TC_Disable(void)
 353:Generated_Source\PSoC5/isr_TC.c **** {
 225              		.loc 1 353 0
 226              		.cfi_startproc
 227              		@ args = 0, pretend = 0, frame = 0
 228              		@ frame_needed = 0, uses_anonymous_args = 0
 229              		@ link register save eliminated.
 354:Generated_Source\PSoC5/isr_TC.c ****     /* Disable the general interrupt. */
 355:Generated_Source\PSoC5/isr_TC.c ****     *isr_TC_INTC_CLR_EN = isr_TC__INTC_MASK;
 230              		.loc 1 355 0
 231 0000 4FF40032 		mov	r2, #131072
 232 0004 014B     		ldr	r3, .L24
 233 0006 1A60     		str	r2, [r3]
 234 0008 7047     		bx	lr
 235              	.L25:
 236 000a 00BF     		.align	2
 237              	.L24:
 238 000c 80E100E0 		.word	-536813184
 239              		.cfi_endproc
 240              	.LFE73:
 241              		.size	isr_TC_Disable, .-isr_TC_Disable
 242              		.section	.text.isr_TC_Start,"ax",%progbits
 243              		.align	2
 244              		.global	isr_TC_Start
 245              		.thumb
 246              		.thumb_func
 247              		.type	isr_TC_Start, %function
 248              	isr_TC_Start:
 249              	.LFB63:
  64:Generated_Source\PSoC5/isr_TC.c ****     /* For all we know the interrupt is active. */
 250              		.loc 1 64 0
 251              		.cfi_startproc
 252              		@ args = 0, pretend = 0, frame = 0
 253              		@ frame_needed = 0, uses_anonymous_args = 0
 254 0000 08B5     		push	{r3, lr}
 255              		.cfi_def_cfa_offset 8
 256              		.cfi_offset 3, -8
 257              		.cfi_offset 14, -4
  66:Generated_Source\PSoC5/isr_TC.c **** 
 258              		.loc 1 66 0
 259 0002 FFF7FEFF 		bl	isr_TC_Disable
 260              	.LVL10:
  69:Generated_Source\PSoC5/isr_TC.c **** 
 261              		.loc 1 69 0
 262 0006 0448     		ldr	r0, .L28
 263 0008 FFF7FEFF 		bl	isr_TC_SetVector
 264              	.LVL11:
  72:Generated_Source\PSoC5/isr_TC.c **** 
 265              		.loc 1 72 0
 266 000c 0720     		movs	r0, #7
 267 000e FFF7FEFF 		bl	isr_TC_SetPriority
 268              	.LVL12:
ARM GAS  C:\Users\cta10\AppData\Local\Temp\ccnykRGC.s 			page 12


  75:Generated_Source\PSoC5/isr_TC.c **** }
 269              		.loc 1 75 0
 270 0012 FFF7FEFF 		bl	isr_TC_Enable
 271              	.LVL13:
 272 0016 08BD     		pop	{r3, pc}
 273              	.L29:
 274              		.align	2
 275              	.L28:
 276 0018 00000000 		.word	isr_TC_Interrupt
 277              		.cfi_endproc
 278              	.LFE63:
 279              		.size	isr_TC_Start, .-isr_TC_Start
 280              		.section	.text.isr_TC_StartEx,"ax",%progbits
 281              		.align	2
 282              		.global	isr_TC_StartEx
 283              		.thumb
 284              		.thumb_func
 285              		.type	isr_TC_StartEx, %function
 286              	isr_TC_StartEx:
 287              	.LFB64:
 107:Generated_Source\PSoC5/isr_TC.c ****     /* For all we know the interrupt is active. */
 288              		.loc 1 107 0
 289              		.cfi_startproc
 290              		@ args = 0, pretend = 0, frame = 0
 291              		@ frame_needed = 0, uses_anonymous_args = 0
 292              	.LVL14:
 293 0000 10B5     		push	{r4, lr}
 294              		.cfi_def_cfa_offset 8
 295              		.cfi_offset 4, -8
 296              		.cfi_offset 14, -4
 297 0002 0446     		mov	r4, r0
 109:Generated_Source\PSoC5/isr_TC.c **** 
 298              		.loc 1 109 0
 299 0004 FFF7FEFF 		bl	isr_TC_Disable
 300              	.LVL15:
 112:Generated_Source\PSoC5/isr_TC.c **** 
 301              		.loc 1 112 0
 302 0008 2046     		mov	r0, r4
 303 000a FFF7FEFF 		bl	isr_TC_SetVector
 304              	.LVL16:
 115:Generated_Source\PSoC5/isr_TC.c **** 
 305              		.loc 1 115 0
 306 000e 0720     		movs	r0, #7
 307 0010 FFF7FEFF 		bl	isr_TC_SetPriority
 308              	.LVL17:
 118:Generated_Source\PSoC5/isr_TC.c **** }
 309              		.loc 1 118 0
 310 0014 FFF7FEFF 		bl	isr_TC_Enable
 311              	.LVL18:
 312 0018 10BD     		pop	{r4, pc}
 313              		.cfi_endproc
 314              	.LFE64:
 315              		.size	isr_TC_StartEx, .-isr_TC_StartEx
 316 001a 00BF     		.section	.text.isr_TC_Stop,"ax",%progbits
 317              		.align	2
 318              		.global	isr_TC_Stop
 319              		.thumb
ARM GAS  C:\Users\cta10\AppData\Local\Temp\ccnykRGC.s 			page 13


 320              		.thumb_func
 321              		.type	isr_TC_Stop, %function
 322              	isr_TC_Stop:
 323              	.LFB65:
 137:Generated_Source\PSoC5/isr_TC.c ****     /* Disable this interrupt. */
 324              		.loc 1 137 0
 325              		.cfi_startproc
 326              		@ args = 0, pretend = 0, frame = 0
 327              		@ frame_needed = 0, uses_anonymous_args = 0
 328 0000 08B5     		push	{r3, lr}
 329              		.cfi_def_cfa_offset 8
 330              		.cfi_offset 3, -8
 331              		.cfi_offset 14, -4
 139:Generated_Source\PSoC5/isr_TC.c **** 
 332              		.loc 1 139 0
 333 0002 FFF7FEFF 		bl	isr_TC_Disable
 334              	.LVL19:
 142:Generated_Source\PSoC5/isr_TC.c **** }
 335              		.loc 1 142 0
 336 0006 0248     		ldr	r0, .L34
 337 0008 FFF7FEFF 		bl	isr_TC_SetVector
 338              	.LVL20:
 339 000c 08BD     		pop	{r3, pc}
 340              	.L35:
 341 000e 00BF     		.align	2
 342              	.L34:
 343 0010 00000000 		.word	IntDefaultHandler
 344              		.cfi_endproc
 345              	.LFE65:
 346              		.size	isr_TC_Stop, .-isr_TC_Stop
 347              		.section	.text.isr_TC_SetPending,"ax",%progbits
 348              		.align	2
 349              		.global	isr_TC_SetPending
 350              		.thumb
 351              		.thumb_func
 352              		.type	isr_TC_SetPending, %function
 353              	isr_TC_SetPending:
 354              	.LFB74:
 356:Generated_Source\PSoC5/isr_TC.c **** }
 357:Generated_Source\PSoC5/isr_TC.c **** 
 358:Generated_Source\PSoC5/isr_TC.c **** 
 359:Generated_Source\PSoC5/isr_TC.c **** /*******************************************************************************
 360:Generated_Source\PSoC5/isr_TC.c **** * Function Name: isr_TC_SetPending
 361:Generated_Source\PSoC5/isr_TC.c **** ********************************************************************************
 362:Generated_Source\PSoC5/isr_TC.c **** *
 363:Generated_Source\PSoC5/isr_TC.c **** * Summary:
 364:Generated_Source\PSoC5/isr_TC.c **** *   Causes the Interrupt to enter the pending state, a software method of
 365:Generated_Source\PSoC5/isr_TC.c **** *   generating the interrupt.
 366:Generated_Source\PSoC5/isr_TC.c **** *
 367:Generated_Source\PSoC5/isr_TC.c **** * Parameters:
 368:Generated_Source\PSoC5/isr_TC.c **** *   None
 369:Generated_Source\PSoC5/isr_TC.c **** *
 370:Generated_Source\PSoC5/isr_TC.c **** * Return:
 371:Generated_Source\PSoC5/isr_TC.c **** *   None
 372:Generated_Source\PSoC5/isr_TC.c **** *
 373:Generated_Source\PSoC5/isr_TC.c **** * Side Effects:
 374:Generated_Source\PSoC5/isr_TC.c **** *   If interrupts are enabled and the interrupt is set up properly, the ISR is
ARM GAS  C:\Users\cta10\AppData\Local\Temp\ccnykRGC.s 			page 14


 375:Generated_Source\PSoC5/isr_TC.c **** *   entered (depending on the priority of this interrupt and other pending 
 376:Generated_Source\PSoC5/isr_TC.c **** *   interrupts).
 377:Generated_Source\PSoC5/isr_TC.c **** *
 378:Generated_Source\PSoC5/isr_TC.c **** *******************************************************************************/
 379:Generated_Source\PSoC5/isr_TC.c **** void isr_TC_SetPending(void)
 380:Generated_Source\PSoC5/isr_TC.c **** {
 355              		.loc 1 380 0
 356              		.cfi_startproc
 357              		@ args = 0, pretend = 0, frame = 0
 358              		@ frame_needed = 0, uses_anonymous_args = 0
 359              		@ link register save eliminated.
 381:Generated_Source\PSoC5/isr_TC.c ****     *isr_TC_INTC_SET_PD = isr_TC__INTC_MASK;
 360              		.loc 1 381 0
 361 0000 4FF40032 		mov	r2, #131072
 362 0004 014B     		ldr	r3, .L37
 363 0006 1A60     		str	r2, [r3]
 364 0008 7047     		bx	lr
 365              	.L38:
 366 000a 00BF     		.align	2
 367              	.L37:
 368 000c 00E200E0 		.word	-536813056
 369              		.cfi_endproc
 370              	.LFE74:
 371              		.size	isr_TC_SetPending, .-isr_TC_SetPending
 372              		.section	.text.isr_TC_ClearPending,"ax",%progbits
 373              		.align	2
 374              		.global	isr_TC_ClearPending
 375              		.thumb
 376              		.thumb_func
 377              		.type	isr_TC_ClearPending, %function
 378              	isr_TC_ClearPending:
 379              	.LFB75:
 382:Generated_Source\PSoC5/isr_TC.c **** }
 383:Generated_Source\PSoC5/isr_TC.c **** 
 384:Generated_Source\PSoC5/isr_TC.c **** 
 385:Generated_Source\PSoC5/isr_TC.c **** /*******************************************************************************
 386:Generated_Source\PSoC5/isr_TC.c **** * Function Name: isr_TC_ClearPending
 387:Generated_Source\PSoC5/isr_TC.c **** ********************************************************************************
 388:Generated_Source\PSoC5/isr_TC.c **** *
 389:Generated_Source\PSoC5/isr_TC.c **** * Summary:
 390:Generated_Source\PSoC5/isr_TC.c **** *   Clears a pending interrupt in the interrupt controller.
 391:Generated_Source\PSoC5/isr_TC.c **** *
 392:Generated_Source\PSoC5/isr_TC.c **** *   Note Some interrupt sources are clear-on-read and require the block 
 393:Generated_Source\PSoC5/isr_TC.c **** *   interrupt/status register to be read/cleared with the appropriate block API 
 394:Generated_Source\PSoC5/isr_TC.c **** *   (GPIO, UART, and so on). Otherwise the ISR will continue to remain in 
 395:Generated_Source\PSoC5/isr_TC.c **** *   pending state even though the interrupt itself is cleared using this API.
 396:Generated_Source\PSoC5/isr_TC.c **** *
 397:Generated_Source\PSoC5/isr_TC.c **** * Parameters:
 398:Generated_Source\PSoC5/isr_TC.c **** *   None
 399:Generated_Source\PSoC5/isr_TC.c **** *
 400:Generated_Source\PSoC5/isr_TC.c **** * Return:
 401:Generated_Source\PSoC5/isr_TC.c **** *   None
 402:Generated_Source\PSoC5/isr_TC.c **** *
 403:Generated_Source\PSoC5/isr_TC.c **** *******************************************************************************/
 404:Generated_Source\PSoC5/isr_TC.c **** void isr_TC_ClearPending(void)
 405:Generated_Source\PSoC5/isr_TC.c **** {
 380              		.loc 1 405 0
ARM GAS  C:\Users\cta10\AppData\Local\Temp\ccnykRGC.s 			page 15


 381              		.cfi_startproc
 382              		@ args = 0, pretend = 0, frame = 0
 383              		@ frame_needed = 0, uses_anonymous_args = 0
 384              		@ link register save eliminated.
 406:Generated_Source\PSoC5/isr_TC.c ****     *isr_TC_INTC_CLR_PD = isr_TC__INTC_MASK;
 385              		.loc 1 406 0
 386 0000 4FF40032 		mov	r2, #131072
 387 0004 014B     		ldr	r3, .L40
 388 0006 1A60     		str	r2, [r3]
 389 0008 7047     		bx	lr
 390              	.L41:
 391 000a 00BF     		.align	2
 392              	.L40:
 393 000c 80E200E0 		.word	-536812928
 394              		.cfi_endproc
 395              	.LFE75:
 396              		.size	isr_TC_ClearPending, .-isr_TC_ClearPending
 397              		.text
 398              	.Letext0:
 399              		.file 2 "c:\\program files (x86)\\cypress\\psoc creator\\4.4\\psoc creator\\import\\gnu\\arm\\5.4.
 400              		.file 3 "c:\\program files (x86)\\cypress\\psoc creator\\4.4\\psoc creator\\import\\gnu\\arm\\5.4.
 401              		.file 4 "Generated_Source\\PSoC5/cytypes.h"
 402              		.file 5 "Generated_Source\\PSoC5/LED.h"
 403              		.file 6 "Generated_Source\\PSoC5/Timer_1.h"
 404              		.file 7 "Generated_Source\\PSoC5/core_cm3.h"
 405              		.section	.debug_info,"",%progbits
 406              	.Ldebug_info0:
 407 0000 36030000 		.4byte	0x336
 408 0004 0400     		.2byte	0x4
 409 0006 00000000 		.4byte	.Ldebug_abbrev0
 410 000a 04       		.byte	0x4
 411 000b 01       		.uleb128 0x1
 412 000c E6000000 		.4byte	.LASF39
 413 0010 0C       		.byte	0xc
 414 0011 72020000 		.4byte	.LASF40
 415 0015 3C000000 		.4byte	.LASF41
 416 0019 00000000 		.4byte	.Ldebug_ranges0+0
 417 001d 00000000 		.4byte	0
 418 0021 00000000 		.4byte	.Ldebug_line0
 419 0025 02       		.uleb128 0x2
 420 0026 04       		.byte	0x4
 421 0027 05       		.byte	0x5
 422 0028 696E7400 		.ascii	"int\000"
 423 002c 03       		.uleb128 0x3
 424 002d 04       		.byte	0x4
 425 002e 07       		.byte	0x7
 426 002f 00020000 		.4byte	.LASF0
 427 0033 03       		.uleb128 0x3
 428 0034 08       		.byte	0x8
 429 0035 05       		.byte	0x5
 430 0036 64020000 		.4byte	.LASF1
 431 003a 03       		.uleb128 0x3
 432 003b 08       		.byte	0x8
 433 003c 04       		.byte	0x4
 434 003d EB020000 		.4byte	.LASF2
 435 0041 03       		.uleb128 0x3
 436 0042 01       		.byte	0x1
ARM GAS  C:\Users\cta10\AppData\Local\Temp\ccnykRGC.s 			page 16


 437 0043 06       		.byte	0x6
 438 0044 39020000 		.4byte	.LASF3
 439 0048 03       		.uleb128 0x3
 440 0049 01       		.byte	0x1
 441 004a 08       		.byte	0x8
 442 004b D8000000 		.4byte	.LASF4
 443 004f 03       		.uleb128 0x3
 444 0050 02       		.byte	0x2
 445 0051 05       		.byte	0x5
 446 0052 A6020000 		.4byte	.LASF5
 447 0056 03       		.uleb128 0x3
 448 0057 02       		.byte	0x2
 449 0058 07       		.byte	0x7
 450 0059 AE010000 		.4byte	.LASF6
 451 005d 04       		.uleb128 0x4
 452 005e 23000000 		.4byte	.LASF12
 453 0062 02       		.byte	0x2
 454 0063 3F       		.byte	0x3f
 455 0064 68000000 		.4byte	0x68
 456 0068 03       		.uleb128 0x3
 457 0069 04       		.byte	0x4
 458 006a 05       		.byte	0x5
 459 006b E2020000 		.4byte	.LASF7
 460 006f 03       		.uleb128 0x3
 461 0070 04       		.byte	0x4
 462 0071 07       		.byte	0x7
 463 0072 9C010000 		.4byte	.LASF8
 464 0076 03       		.uleb128 0x3
 465 0077 08       		.byte	0x8
 466 0078 07       		.byte	0x7
 467 0079 15020000 		.4byte	.LASF9
 468 007d 03       		.uleb128 0x3
 469 007e 04       		.byte	0x4
 470 007f 07       		.byte	0x7
 471 0080 5B020000 		.4byte	.LASF10
 472 0084 03       		.uleb128 0x3
 473 0085 01       		.byte	0x1
 474 0086 08       		.byte	0x8
 475 0087 92020000 		.4byte	.LASF11
 476 008b 05       		.uleb128 0x5
 477 008c 04       		.byte	0x4
 478 008d 91000000 		.4byte	0x91
 479 0091 06       		.uleb128 0x6
 480 0092 04       		.uleb128 0x4
 481 0093 53020000 		.4byte	.LASF13
 482 0097 03       		.byte	0x3
 483 0098 2C       		.byte	0x2c
 484 0099 5D000000 		.4byte	0x5d
 485 009d 07       		.uleb128 0x7
 486 009e B0020000 		.4byte	.LASF14
 487 00a2 04       		.byte	0x4
 488 00a3 E901     		.2byte	0x1e9
 489 00a5 48000000 		.4byte	0x48
 490 00a9 07       		.uleb128 0x7
 491 00aa F9010000 		.4byte	.LASF15
 492 00ae 04       		.byte	0x4
 493 00af EB01     		.2byte	0x1eb
ARM GAS  C:\Users\cta10\AppData\Local\Temp\ccnykRGC.s 			page 17


 494 00b1 6F000000 		.4byte	0x6f
 495 00b5 03       		.uleb128 0x3
 496 00b6 04       		.byte	0x4
 497 00b7 04       		.byte	0x4
 498 00b8 B3000000 		.4byte	.LASF16
 499 00bc 03       		.uleb128 0x3
 500 00bd 08       		.byte	0x8
 501 00be 04       		.byte	0x4
 502 00bf E9010000 		.4byte	.LASF17
 503 00c3 07       		.uleb128 0x7
 504 00c4 74010000 		.4byte	.LASF18
 505 00c8 04       		.byte	0x4
 506 00c9 9302     		.2byte	0x293
 507 00cb CF000000 		.4byte	0xcf
 508 00cf 08       		.uleb128 0x8
 509 00d0 9D000000 		.4byte	0x9d
 510 00d4 07       		.uleb128 0x7
 511 00d5 13000000 		.4byte	.LASF19
 512 00d9 04       		.byte	0x4
 513 00da 9502     		.2byte	0x295
 514 00dc E0000000 		.4byte	0xe0
 515 00e0 08       		.uleb128 0x8
 516 00e1 A9000000 		.4byte	0xa9
 517 00e5 07       		.uleb128 0x7
 518 00e6 2C020000 		.4byte	.LASF20
 519 00ea 04       		.byte	0x4
 520 00eb A502     		.2byte	0x2a5
 521 00ed 8B000000 		.4byte	0x8b
 522 00f1 09       		.uleb128 0x9
 523 00f2 A2000000 		.4byte	.LASF21
 524 00f6 01       		.byte	0x1
 525 00f7 A2       		.byte	0xa2
 526 00f8 00000000 		.4byte	.LFB66
 527 00fc 16000000 		.4byte	.LFE66-.LFB66
 528 0100 01       		.uleb128 0x1
 529 0101 9C       		.byte	0x9c
 530 0102 22010000 		.4byte	0x122
 531 0106 0A       		.uleb128 0xa
 532 0107 06000000 		.4byte	.LVL0
 533 010b 18030000 		.4byte	0x318
 534 010f 0A       		.uleb128 0xa
 535 0110 10000000 		.4byte	.LVL1
 536 0114 23030000 		.4byte	0x323
 537 0118 0A       		.uleb128 0xa
 538 0119 14000000 		.4byte	.LVL2
 539 011d 2E030000 		.4byte	0x32e
 540 0121 00       		.byte	0
 541 0122 09       		.uleb128 0x9
 542 0123 D1020000 		.4byte	.LASF22
 543 0127 01       		.byte	0x1
 544 0128 CB       		.byte	0xcb
 545 0129 00000000 		.4byte	.LFB67
 546 012d 10000000 		.4byte	.LFE67-.LFB67
 547 0131 01       		.uleb128 0x1
 548 0132 9C       		.byte	0x9c
 549 0133 52010000 		.4byte	0x152
 550 0137 0B       		.uleb128 0xb
ARM GAS  C:\Users\cta10\AppData\Local\Temp\ccnykRGC.s 			page 18


 551 0138 0D020000 		.4byte	.LASF25
 552 013c 01       		.byte	0x1
 553 013d CB       		.byte	0xcb
 554 013e E5000000 		.4byte	0xe5
 555 0142 01       		.uleb128 0x1
 556 0143 50       		.byte	0x50
 557 0144 0C       		.uleb128 0xc
 558 0145 97020000 		.4byte	.LASF23
 559 0149 01       		.byte	0x1
 560 014a CD       		.byte	0xcd
 561 014b 52010000 		.4byte	0x152
 562 014f 01       		.uleb128 0x1
 563 0150 53       		.byte	0x53
 564 0151 00       		.byte	0
 565 0152 05       		.uleb128 0x5
 566 0153 04       		.byte	0x4
 567 0154 E5000000 		.4byte	0xe5
 568 0158 0D       		.uleb128 0xd
 569 0159 91000000 		.4byte	.LASF27
 570 015d 01       		.byte	0x1
 571 015e E3       		.byte	0xe3
 572 015f E5000000 		.4byte	0xe5
 573 0163 00000000 		.4byte	.LFB68
 574 0167 10000000 		.4byte	.LFE68-.LFB68
 575 016b 01       		.uleb128 0x1
 576 016c 9C       		.byte	0x9c
 577 016d 7F010000 		.4byte	0x17f
 578 0171 0C       		.uleb128 0xc
 579 0172 97020000 		.4byte	.LASF23
 580 0176 01       		.byte	0x1
 581 0177 E5       		.byte	0xe5
 582 0178 52010000 		.4byte	0x152
 583 017c 01       		.uleb128 0x1
 584 017d 53       		.byte	0x53
 585 017e 00       		.byte	0
 586 017f 0E       		.uleb128 0xe
 587 0180 C5000000 		.4byte	.LASF24
 588 0184 01       		.byte	0x1
 589 0185 0501     		.2byte	0x105
 590 0187 00000000 		.4byte	.LFB69
 591 018b 10000000 		.4byte	.LFE69-.LFB69
 592 018f 01       		.uleb128 0x1
 593 0190 9C       		.byte	0x9c
 594 0191 A6010000 		.4byte	0x1a6
 595 0195 0F       		.uleb128 0xf
 596 0196 F0010000 		.4byte	.LASF26
 597 019a 01       		.byte	0x1
 598 019b 0501     		.2byte	0x105
 599 019d 9D000000 		.4byte	0x9d
 600 01a1 00000000 		.4byte	.LLST0
 601 01a5 00       		.byte	0
 602 01a6 10       		.uleb128 0x10
 603 01a7 00000000 		.4byte	.LASF28
 604 01ab 01       		.byte	0x1
 605 01ac 1B01     		.2byte	0x11b
 606 01ae 9D000000 		.4byte	0x9d
 607 01b2 00000000 		.4byte	.LFB70
ARM GAS  C:\Users\cta10\AppData\Local\Temp\ccnykRGC.s 			page 19


 608 01b6 0C000000 		.4byte	.LFE70-.LFB70
 609 01ba 01       		.uleb128 0x1
 610 01bb 9C       		.byte	0x9c
 611 01bc D1010000 		.4byte	0x1d1
 612 01c0 11       		.uleb128 0x11
 613 01c1 F0010000 		.4byte	.LASF26
 614 01c5 01       		.byte	0x1
 615 01c6 1D01     		.2byte	0x11d
 616 01c8 9D000000 		.4byte	0x9d
 617 01cc 21000000 		.4byte	.LLST1
 618 01d0 00       		.byte	0
 619 01d1 12       		.uleb128 0x12
 620 01d2 45020000 		.4byte	.LASF29
 621 01d6 01       		.byte	0x1
 622 01d7 3601     		.2byte	0x136
 623 01d9 00000000 		.4byte	.LFB71
 624 01dd 10000000 		.4byte	.LFE71-.LFB71
 625 01e1 01       		.uleb128 0x1
 626 01e2 9C       		.byte	0x9c
 627 01e3 13       		.uleb128 0x13
 628 01e4 81000000 		.4byte	.LASF42
 629 01e8 01       		.byte	0x1
 630 01e9 4B01     		.2byte	0x14b
 631 01eb 9D000000 		.4byte	0x9d
 632 01ef 00000000 		.4byte	.LFB72
 633 01f3 18000000 		.4byte	.LFE72-.LFB72
 634 01f7 01       		.uleb128 0x1
 635 01f8 9C       		.byte	0x9c
 636 01f9 12       		.uleb128 0x12
 637 01fa 2D000000 		.4byte	.LASF30
 638 01fe 01       		.byte	0x1
 639 01ff 6001     		.2byte	0x160
 640 0201 00000000 		.4byte	.LFB73
 641 0205 10000000 		.4byte	.LFE73-.LFB73
 642 0209 01       		.uleb128 0x1
 643 020a 9C       		.byte	0x9c
 644 020b 09       		.uleb128 0x9
 645 020c F7020000 		.4byte	.LASF31
 646 0210 01       		.byte	0x1
 647 0211 3F       		.byte	0x3f
 648 0212 00000000 		.4byte	.LFB63
 649 0216 1C000000 		.4byte	.LFE63-.LFB63
 650 021a 01       		.uleb128 0x1
 651 021b 9C       		.byte	0x9c
 652 021c 5D020000 		.4byte	0x25d
 653 0220 0A       		.uleb128 0xa
 654 0221 06000000 		.4byte	.LVL10
 655 0225 F9010000 		.4byte	0x1f9
 656 0229 14       		.uleb128 0x14
 657 022a 0C000000 		.4byte	.LVL11
 658 022e 22010000 		.4byte	0x122
 659 0232 40020000 		.4byte	0x240
 660 0236 15       		.uleb128 0x15
 661 0237 01       		.uleb128 0x1
 662 0238 50       		.byte	0x50
 663 0239 05       		.uleb128 0x5
 664 023a 03       		.byte	0x3
ARM GAS  C:\Users\cta10\AppData\Local\Temp\ccnykRGC.s 			page 20


 665 023b 00000000 		.4byte	isr_TC_Interrupt
 666 023f 00       		.byte	0
 667 0240 14       		.uleb128 0x14
 668 0241 12000000 		.4byte	.LVL12
 669 0245 7F010000 		.4byte	0x17f
 670 0249 53020000 		.4byte	0x253
 671 024d 15       		.uleb128 0x15
 672 024e 01       		.uleb128 0x1
 673 024f 50       		.byte	0x50
 674 0250 01       		.uleb128 0x1
 675 0251 37       		.byte	0x37
 676 0252 00       		.byte	0
 677 0253 0A       		.uleb128 0xa
 678 0254 16000000 		.4byte	.LVL13
 679 0258 D1010000 		.4byte	0x1d1
 680 025c 00       		.byte	0
 681 025d 09       		.uleb128 0x9
 682 025e 8D010000 		.4byte	.LASF32
 683 0262 01       		.byte	0x1
 684 0263 6A       		.byte	0x6a
 685 0264 00000000 		.4byte	.LFB64
 686 0268 1A000000 		.4byte	.LFE64-.LFB64
 687 026c 01       		.uleb128 0x1
 688 026d 9C       		.byte	0x9c
 689 026e BB020000 		.4byte	0x2bb
 690 0272 16       		.uleb128 0x16
 691 0273 0D020000 		.4byte	.LASF25
 692 0277 01       		.byte	0x1
 693 0278 6A       		.byte	0x6a
 694 0279 E5000000 		.4byte	0xe5
 695 027d 38000000 		.4byte	.LLST2
 696 0281 0A       		.uleb128 0xa
 697 0282 08000000 		.4byte	.LVL15
 698 0286 F9010000 		.4byte	0x1f9
 699 028a 14       		.uleb128 0x14
 700 028b 0E000000 		.4byte	.LVL16
 701 028f 22010000 		.4byte	0x122
 702 0293 9E020000 		.4byte	0x29e
 703 0297 15       		.uleb128 0x15
 704 0298 01       		.uleb128 0x1
 705 0299 50       		.byte	0x50
 706 029a 02       		.uleb128 0x2
 707 029b 74       		.byte	0x74
 708 029c 00       		.sleb128 0
 709 029d 00       		.byte	0
 710 029e 14       		.uleb128 0x14
 711 029f 14000000 		.4byte	.LVL17
 712 02a3 7F010000 		.4byte	0x17f
 713 02a7 B1020000 		.4byte	0x2b1
 714 02ab 15       		.uleb128 0x15
 715 02ac 01       		.uleb128 0x1
 716 02ad 50       		.byte	0x50
 717 02ae 01       		.uleb128 0x1
 718 02af 37       		.byte	0x37
 719 02b0 00       		.byte	0
 720 02b1 0A       		.uleb128 0xa
 721 02b2 18000000 		.4byte	.LVL18
ARM GAS  C:\Users\cta10\AppData\Local\Temp\ccnykRGC.s 			page 21


 722 02b6 D1010000 		.4byte	0x1d1
 723 02ba 00       		.byte	0
 724 02bb 09       		.uleb128 0x9
 725 02bc B9000000 		.4byte	.LASF33
 726 02c0 01       		.byte	0x1
 727 02c1 88       		.byte	0x88
 728 02c2 00000000 		.4byte	.LFB65
 729 02c6 14000000 		.4byte	.LFE65-.LFB65
 730 02ca 01       		.uleb128 0x1
 731 02cb 9C       		.byte	0x9c
 732 02cc E3020000 		.4byte	0x2e3
 733 02d0 0A       		.uleb128 0xa
 734 02d1 06000000 		.4byte	.LVL19
 735 02d5 F9010000 		.4byte	0x1f9
 736 02d9 0A       		.uleb128 0xa
 737 02da 0C000000 		.4byte	.LVL20
 738 02de 22010000 		.4byte	0x122
 739 02e2 00       		.byte	0
 740 02e3 12       		.uleb128 0x12
 741 02e4 D7010000 		.4byte	.LASF34
 742 02e8 01       		.byte	0x1
 743 02e9 7B01     		.2byte	0x17b
 744 02eb 00000000 		.4byte	.LFB74
 745 02ef 10000000 		.4byte	.LFE74-.LFB74
 746 02f3 01       		.uleb128 0x1
 747 02f4 9C       		.byte	0x9c
 748 02f5 12       		.uleb128 0x12
 749 02f6 79010000 		.4byte	.LASF35
 750 02fa 01       		.byte	0x1
 751 02fb 9401     		.2byte	0x194
 752 02fd 00000000 		.4byte	.LFB75
 753 0301 10000000 		.4byte	.LFE75-.LFB75
 754 0305 01       		.uleb128 0x1
 755 0306 9C       		.byte	0x9c
 756 0307 17       		.uleb128 0x17
 757 0308 CA010000 		.4byte	.LASF43
 758 030c 07       		.byte	0x7
 759 030d 1207     		.2byte	0x712
 760 030f 13030000 		.4byte	0x313
 761 0313 08       		.uleb128 0x8
 762 0314 92000000 		.4byte	0x92
 763 0318 18       		.uleb128 0x18
 764 0319 C1010000 		.4byte	.LASF36
 765 031d C1010000 		.4byte	.LASF36
 766 0321 05       		.byte	0x5
 767 0322 29       		.byte	0x29
 768 0323 18       		.uleb128 0x18
 769 0324 19000000 		.4byte	.LASF37
 770 0328 19000000 		.4byte	.LASF37
 771 032c 05       		.byte	0x5
 772 032d 26       		.byte	0x26
 773 032e 18       		.uleb128 0x18
 774 032f B6020000 		.4byte	.LASF38
 775 0333 B6020000 		.4byte	.LASF38
 776 0337 06       		.byte	0x6
 777 0338 5E       		.byte	0x5e
 778 0339 00       		.byte	0
ARM GAS  C:\Users\cta10\AppData\Local\Temp\ccnykRGC.s 			page 22


 779              		.section	.debug_abbrev,"",%progbits
 780              	.Ldebug_abbrev0:
 781 0000 01       		.uleb128 0x1
 782 0001 11       		.uleb128 0x11
 783 0002 01       		.byte	0x1
 784 0003 25       		.uleb128 0x25
 785 0004 0E       		.uleb128 0xe
 786 0005 13       		.uleb128 0x13
 787 0006 0B       		.uleb128 0xb
 788 0007 03       		.uleb128 0x3
 789 0008 0E       		.uleb128 0xe
 790 0009 1B       		.uleb128 0x1b
 791 000a 0E       		.uleb128 0xe
 792 000b 55       		.uleb128 0x55
 793 000c 17       		.uleb128 0x17
 794 000d 11       		.uleb128 0x11
 795 000e 01       		.uleb128 0x1
 796 000f 10       		.uleb128 0x10
 797 0010 17       		.uleb128 0x17
 798 0011 00       		.byte	0
 799 0012 00       		.byte	0
 800 0013 02       		.uleb128 0x2
 801 0014 24       		.uleb128 0x24
 802 0015 00       		.byte	0
 803 0016 0B       		.uleb128 0xb
 804 0017 0B       		.uleb128 0xb
 805 0018 3E       		.uleb128 0x3e
 806 0019 0B       		.uleb128 0xb
 807 001a 03       		.uleb128 0x3
 808 001b 08       		.uleb128 0x8
 809 001c 00       		.byte	0
 810 001d 00       		.byte	0
 811 001e 03       		.uleb128 0x3
 812 001f 24       		.uleb128 0x24
 813 0020 00       		.byte	0
 814 0021 0B       		.uleb128 0xb
 815 0022 0B       		.uleb128 0xb
 816 0023 3E       		.uleb128 0x3e
 817 0024 0B       		.uleb128 0xb
 818 0025 03       		.uleb128 0x3
 819 0026 0E       		.uleb128 0xe
 820 0027 00       		.byte	0
 821 0028 00       		.byte	0
 822 0029 04       		.uleb128 0x4
 823 002a 16       		.uleb128 0x16
 824 002b 00       		.byte	0
 825 002c 03       		.uleb128 0x3
 826 002d 0E       		.uleb128 0xe
 827 002e 3A       		.uleb128 0x3a
 828 002f 0B       		.uleb128 0xb
 829 0030 3B       		.uleb128 0x3b
 830 0031 0B       		.uleb128 0xb
 831 0032 49       		.uleb128 0x49
 832 0033 13       		.uleb128 0x13
 833 0034 00       		.byte	0
 834 0035 00       		.byte	0
 835 0036 05       		.uleb128 0x5
ARM GAS  C:\Users\cta10\AppData\Local\Temp\ccnykRGC.s 			page 23


 836 0037 0F       		.uleb128 0xf
 837 0038 00       		.byte	0
 838 0039 0B       		.uleb128 0xb
 839 003a 0B       		.uleb128 0xb
 840 003b 49       		.uleb128 0x49
 841 003c 13       		.uleb128 0x13
 842 003d 00       		.byte	0
 843 003e 00       		.byte	0
 844 003f 06       		.uleb128 0x6
 845 0040 15       		.uleb128 0x15
 846 0041 00       		.byte	0
 847 0042 27       		.uleb128 0x27
 848 0043 19       		.uleb128 0x19
 849 0044 00       		.byte	0
 850 0045 00       		.byte	0
 851 0046 07       		.uleb128 0x7
 852 0047 16       		.uleb128 0x16
 853 0048 00       		.byte	0
 854 0049 03       		.uleb128 0x3
 855 004a 0E       		.uleb128 0xe
 856 004b 3A       		.uleb128 0x3a
 857 004c 0B       		.uleb128 0xb
 858 004d 3B       		.uleb128 0x3b
 859 004e 05       		.uleb128 0x5
 860 004f 49       		.uleb128 0x49
 861 0050 13       		.uleb128 0x13
 862 0051 00       		.byte	0
 863 0052 00       		.byte	0
 864 0053 08       		.uleb128 0x8
 865 0054 35       		.uleb128 0x35
 866 0055 00       		.byte	0
 867 0056 49       		.uleb128 0x49
 868 0057 13       		.uleb128 0x13
 869 0058 00       		.byte	0
 870 0059 00       		.byte	0
 871 005a 09       		.uleb128 0x9
 872 005b 2E       		.uleb128 0x2e
 873 005c 01       		.byte	0x1
 874 005d 3F       		.uleb128 0x3f
 875 005e 19       		.uleb128 0x19
 876 005f 03       		.uleb128 0x3
 877 0060 0E       		.uleb128 0xe
 878 0061 3A       		.uleb128 0x3a
 879 0062 0B       		.uleb128 0xb
 880 0063 3B       		.uleb128 0x3b
 881 0064 0B       		.uleb128 0xb
 882 0065 27       		.uleb128 0x27
 883 0066 19       		.uleb128 0x19
 884 0067 11       		.uleb128 0x11
 885 0068 01       		.uleb128 0x1
 886 0069 12       		.uleb128 0x12
 887 006a 06       		.uleb128 0x6
 888 006b 40       		.uleb128 0x40
 889 006c 18       		.uleb128 0x18
 890 006d 9742     		.uleb128 0x2117
 891 006f 19       		.uleb128 0x19
 892 0070 01       		.uleb128 0x1
ARM GAS  C:\Users\cta10\AppData\Local\Temp\ccnykRGC.s 			page 24


 893 0071 13       		.uleb128 0x13
 894 0072 00       		.byte	0
 895 0073 00       		.byte	0
 896 0074 0A       		.uleb128 0xa
 897 0075 898201   		.uleb128 0x4109
 898 0078 00       		.byte	0
 899 0079 11       		.uleb128 0x11
 900 007a 01       		.uleb128 0x1
 901 007b 31       		.uleb128 0x31
 902 007c 13       		.uleb128 0x13
 903 007d 00       		.byte	0
 904 007e 00       		.byte	0
 905 007f 0B       		.uleb128 0xb
 906 0080 05       		.uleb128 0x5
 907 0081 00       		.byte	0
 908 0082 03       		.uleb128 0x3
 909 0083 0E       		.uleb128 0xe
 910 0084 3A       		.uleb128 0x3a
 911 0085 0B       		.uleb128 0xb
 912 0086 3B       		.uleb128 0x3b
 913 0087 0B       		.uleb128 0xb
 914 0088 49       		.uleb128 0x49
 915 0089 13       		.uleb128 0x13
 916 008a 02       		.uleb128 0x2
 917 008b 18       		.uleb128 0x18
 918 008c 00       		.byte	0
 919 008d 00       		.byte	0
 920 008e 0C       		.uleb128 0xc
 921 008f 34       		.uleb128 0x34
 922 0090 00       		.byte	0
 923 0091 03       		.uleb128 0x3
 924 0092 0E       		.uleb128 0xe
 925 0093 3A       		.uleb128 0x3a
 926 0094 0B       		.uleb128 0xb
 927 0095 3B       		.uleb128 0x3b
 928 0096 0B       		.uleb128 0xb
 929 0097 49       		.uleb128 0x49
 930 0098 13       		.uleb128 0x13
 931 0099 02       		.uleb128 0x2
 932 009a 18       		.uleb128 0x18
 933 009b 00       		.byte	0
 934 009c 00       		.byte	0
 935 009d 0D       		.uleb128 0xd
 936 009e 2E       		.uleb128 0x2e
 937 009f 01       		.byte	0x1
 938 00a0 3F       		.uleb128 0x3f
 939 00a1 19       		.uleb128 0x19
 940 00a2 03       		.uleb128 0x3
 941 00a3 0E       		.uleb128 0xe
 942 00a4 3A       		.uleb128 0x3a
 943 00a5 0B       		.uleb128 0xb
 944 00a6 3B       		.uleb128 0x3b
 945 00a7 0B       		.uleb128 0xb
 946 00a8 27       		.uleb128 0x27
 947 00a9 19       		.uleb128 0x19
 948 00aa 49       		.uleb128 0x49
 949 00ab 13       		.uleb128 0x13
ARM GAS  C:\Users\cta10\AppData\Local\Temp\ccnykRGC.s 			page 25


 950 00ac 11       		.uleb128 0x11
 951 00ad 01       		.uleb128 0x1
 952 00ae 12       		.uleb128 0x12
 953 00af 06       		.uleb128 0x6
 954 00b0 40       		.uleb128 0x40
 955 00b1 18       		.uleb128 0x18
 956 00b2 9742     		.uleb128 0x2117
 957 00b4 19       		.uleb128 0x19
 958 00b5 01       		.uleb128 0x1
 959 00b6 13       		.uleb128 0x13
 960 00b7 00       		.byte	0
 961 00b8 00       		.byte	0
 962 00b9 0E       		.uleb128 0xe
 963 00ba 2E       		.uleb128 0x2e
 964 00bb 01       		.byte	0x1
 965 00bc 3F       		.uleb128 0x3f
 966 00bd 19       		.uleb128 0x19
 967 00be 03       		.uleb128 0x3
 968 00bf 0E       		.uleb128 0xe
 969 00c0 3A       		.uleb128 0x3a
 970 00c1 0B       		.uleb128 0xb
 971 00c2 3B       		.uleb128 0x3b
 972 00c3 05       		.uleb128 0x5
 973 00c4 27       		.uleb128 0x27
 974 00c5 19       		.uleb128 0x19
 975 00c6 11       		.uleb128 0x11
 976 00c7 01       		.uleb128 0x1
 977 00c8 12       		.uleb128 0x12
 978 00c9 06       		.uleb128 0x6
 979 00ca 40       		.uleb128 0x40
 980 00cb 18       		.uleb128 0x18
 981 00cc 9742     		.uleb128 0x2117
 982 00ce 19       		.uleb128 0x19
 983 00cf 01       		.uleb128 0x1
 984 00d0 13       		.uleb128 0x13
 985 00d1 00       		.byte	0
 986 00d2 00       		.byte	0
 987 00d3 0F       		.uleb128 0xf
 988 00d4 05       		.uleb128 0x5
 989 00d5 00       		.byte	0
 990 00d6 03       		.uleb128 0x3
 991 00d7 0E       		.uleb128 0xe
 992 00d8 3A       		.uleb128 0x3a
 993 00d9 0B       		.uleb128 0xb
 994 00da 3B       		.uleb128 0x3b
 995 00db 05       		.uleb128 0x5
 996 00dc 49       		.uleb128 0x49
 997 00dd 13       		.uleb128 0x13
 998 00de 02       		.uleb128 0x2
 999 00df 17       		.uleb128 0x17
 1000 00e0 00       		.byte	0
 1001 00e1 00       		.byte	0
 1002 00e2 10       		.uleb128 0x10
 1003 00e3 2E       		.uleb128 0x2e
 1004 00e4 01       		.byte	0x1
 1005 00e5 3F       		.uleb128 0x3f
 1006 00e6 19       		.uleb128 0x19
ARM GAS  C:\Users\cta10\AppData\Local\Temp\ccnykRGC.s 			page 26


 1007 00e7 03       		.uleb128 0x3
 1008 00e8 0E       		.uleb128 0xe
 1009 00e9 3A       		.uleb128 0x3a
 1010 00ea 0B       		.uleb128 0xb
 1011 00eb 3B       		.uleb128 0x3b
 1012 00ec 05       		.uleb128 0x5
 1013 00ed 27       		.uleb128 0x27
 1014 00ee 19       		.uleb128 0x19
 1015 00ef 49       		.uleb128 0x49
 1016 00f0 13       		.uleb128 0x13
 1017 00f1 11       		.uleb128 0x11
 1018 00f2 01       		.uleb128 0x1
 1019 00f3 12       		.uleb128 0x12
 1020 00f4 06       		.uleb128 0x6
 1021 00f5 40       		.uleb128 0x40
 1022 00f6 18       		.uleb128 0x18
 1023 00f7 9742     		.uleb128 0x2117
 1024 00f9 19       		.uleb128 0x19
 1025 00fa 01       		.uleb128 0x1
 1026 00fb 13       		.uleb128 0x13
 1027 00fc 00       		.byte	0
 1028 00fd 00       		.byte	0
 1029 00fe 11       		.uleb128 0x11
 1030 00ff 34       		.uleb128 0x34
 1031 0100 00       		.byte	0
 1032 0101 03       		.uleb128 0x3
 1033 0102 0E       		.uleb128 0xe
 1034 0103 3A       		.uleb128 0x3a
 1035 0104 0B       		.uleb128 0xb
 1036 0105 3B       		.uleb128 0x3b
 1037 0106 05       		.uleb128 0x5
 1038 0107 49       		.uleb128 0x49
 1039 0108 13       		.uleb128 0x13
 1040 0109 02       		.uleb128 0x2
 1041 010a 17       		.uleb128 0x17
 1042 010b 00       		.byte	0
 1043 010c 00       		.byte	0
 1044 010d 12       		.uleb128 0x12
 1045 010e 2E       		.uleb128 0x2e
 1046 010f 00       		.byte	0
 1047 0110 3F       		.uleb128 0x3f
 1048 0111 19       		.uleb128 0x19
 1049 0112 03       		.uleb128 0x3
 1050 0113 0E       		.uleb128 0xe
 1051 0114 3A       		.uleb128 0x3a
 1052 0115 0B       		.uleb128 0xb
 1053 0116 3B       		.uleb128 0x3b
 1054 0117 05       		.uleb128 0x5
 1055 0118 27       		.uleb128 0x27
 1056 0119 19       		.uleb128 0x19
 1057 011a 11       		.uleb128 0x11
 1058 011b 01       		.uleb128 0x1
 1059 011c 12       		.uleb128 0x12
 1060 011d 06       		.uleb128 0x6
 1061 011e 40       		.uleb128 0x40
 1062 011f 18       		.uleb128 0x18
 1063 0120 9742     		.uleb128 0x2117
ARM GAS  C:\Users\cta10\AppData\Local\Temp\ccnykRGC.s 			page 27


 1064 0122 19       		.uleb128 0x19
 1065 0123 00       		.byte	0
 1066 0124 00       		.byte	0
 1067 0125 13       		.uleb128 0x13
 1068 0126 2E       		.uleb128 0x2e
 1069 0127 00       		.byte	0
 1070 0128 3F       		.uleb128 0x3f
 1071 0129 19       		.uleb128 0x19
 1072 012a 03       		.uleb128 0x3
 1073 012b 0E       		.uleb128 0xe
 1074 012c 3A       		.uleb128 0x3a
 1075 012d 0B       		.uleb128 0xb
 1076 012e 3B       		.uleb128 0x3b
 1077 012f 05       		.uleb128 0x5
 1078 0130 27       		.uleb128 0x27
 1079 0131 19       		.uleb128 0x19
 1080 0132 49       		.uleb128 0x49
 1081 0133 13       		.uleb128 0x13
 1082 0134 11       		.uleb128 0x11
 1083 0135 01       		.uleb128 0x1
 1084 0136 12       		.uleb128 0x12
 1085 0137 06       		.uleb128 0x6
 1086 0138 40       		.uleb128 0x40
 1087 0139 18       		.uleb128 0x18
 1088 013a 9742     		.uleb128 0x2117
 1089 013c 19       		.uleb128 0x19
 1090 013d 00       		.byte	0
 1091 013e 00       		.byte	0
 1092 013f 14       		.uleb128 0x14
 1093 0140 898201   		.uleb128 0x4109
 1094 0143 01       		.byte	0x1
 1095 0144 11       		.uleb128 0x11
 1096 0145 01       		.uleb128 0x1
 1097 0146 31       		.uleb128 0x31
 1098 0147 13       		.uleb128 0x13
 1099 0148 01       		.uleb128 0x1
 1100 0149 13       		.uleb128 0x13
 1101 014a 00       		.byte	0
 1102 014b 00       		.byte	0
 1103 014c 15       		.uleb128 0x15
 1104 014d 8A8201   		.uleb128 0x410a
 1105 0150 00       		.byte	0
 1106 0151 02       		.uleb128 0x2
 1107 0152 18       		.uleb128 0x18
 1108 0153 9142     		.uleb128 0x2111
 1109 0155 18       		.uleb128 0x18
 1110 0156 00       		.byte	0
 1111 0157 00       		.byte	0
 1112 0158 16       		.uleb128 0x16
 1113 0159 05       		.uleb128 0x5
 1114 015a 00       		.byte	0
 1115 015b 03       		.uleb128 0x3
 1116 015c 0E       		.uleb128 0xe
 1117 015d 3A       		.uleb128 0x3a
 1118 015e 0B       		.uleb128 0xb
 1119 015f 3B       		.uleb128 0x3b
 1120 0160 0B       		.uleb128 0xb
ARM GAS  C:\Users\cta10\AppData\Local\Temp\ccnykRGC.s 			page 28


 1121 0161 49       		.uleb128 0x49
 1122 0162 13       		.uleb128 0x13
 1123 0163 02       		.uleb128 0x2
 1124 0164 17       		.uleb128 0x17
 1125 0165 00       		.byte	0
 1126 0166 00       		.byte	0
 1127 0167 17       		.uleb128 0x17
 1128 0168 34       		.uleb128 0x34
 1129 0169 00       		.byte	0
 1130 016a 03       		.uleb128 0x3
 1131 016b 0E       		.uleb128 0xe
 1132 016c 3A       		.uleb128 0x3a
 1133 016d 0B       		.uleb128 0xb
 1134 016e 3B       		.uleb128 0x3b
 1135 016f 05       		.uleb128 0x5
 1136 0170 49       		.uleb128 0x49
 1137 0171 13       		.uleb128 0x13
 1138 0172 3F       		.uleb128 0x3f
 1139 0173 19       		.uleb128 0x19
 1140 0174 3C       		.uleb128 0x3c
 1141 0175 19       		.uleb128 0x19
 1142 0176 00       		.byte	0
 1143 0177 00       		.byte	0
 1144 0178 18       		.uleb128 0x18
 1145 0179 2E       		.uleb128 0x2e
 1146 017a 00       		.byte	0
 1147 017b 3F       		.uleb128 0x3f
 1148 017c 19       		.uleb128 0x19
 1149 017d 3C       		.uleb128 0x3c
 1150 017e 19       		.uleb128 0x19
 1151 017f 6E       		.uleb128 0x6e
 1152 0180 0E       		.uleb128 0xe
 1153 0181 03       		.uleb128 0x3
 1154 0182 0E       		.uleb128 0xe
 1155 0183 3A       		.uleb128 0x3a
 1156 0184 0B       		.uleb128 0xb
 1157 0185 3B       		.uleb128 0x3b
 1158 0186 0B       		.uleb128 0xb
 1159 0187 00       		.byte	0
 1160 0188 00       		.byte	0
 1161 0189 00       		.byte	0
 1162              		.section	.debug_loc,"",%progbits
 1163              	.Ldebug_loc0:
 1164              	.LLST0:
 1165 0000 00000000 		.4byte	.LVL6
 1166 0004 02000000 		.4byte	.LVL7
 1167 0008 0100     		.2byte	0x1
 1168 000a 50       		.byte	0x50
 1169 000b 02000000 		.4byte	.LVL7
 1170 000f 10000000 		.4byte	.LFE69
 1171 0013 0400     		.2byte	0x4
 1172 0015 F3       		.byte	0xf3
 1173 0016 01       		.uleb128 0x1
 1174 0017 50       		.byte	0x50
 1175 0018 9F       		.byte	0x9f
 1176 0019 00000000 		.4byte	0
 1177 001d 00000000 		.4byte	0
ARM GAS  C:\Users\cta10\AppData\Local\Temp\ccnykRGC.s 			page 29


 1178              	.LLST1:
 1179 0021 04000000 		.4byte	.LVL8
 1180 0025 06000000 		.4byte	.LVL9
 1181 0029 0500     		.2byte	0x5
 1182 002b 70       		.byte	0x70
 1183 002c 00       		.sleb128 0
 1184 002d 35       		.byte	0x35
 1185 002e 25       		.byte	0x25
 1186 002f 9F       		.byte	0x9f
 1187 0030 00000000 		.4byte	0
 1188 0034 00000000 		.4byte	0
 1189              	.LLST2:
 1190 0038 00000000 		.4byte	.LVL14
 1191 003c 07000000 		.4byte	.LVL15-1
 1192 0040 0100     		.2byte	0x1
 1193 0042 50       		.byte	0x50
 1194 0043 07000000 		.4byte	.LVL15-1
 1195 0047 1A000000 		.4byte	.LFE64
 1196 004b 0100     		.2byte	0x1
 1197 004d 54       		.byte	0x54
 1198 004e 00000000 		.4byte	0
 1199 0052 00000000 		.4byte	0
 1200              		.section	.debug_aranges,"",%progbits
 1201 0000 7C000000 		.4byte	0x7c
 1202 0004 0200     		.2byte	0x2
 1203 0006 00000000 		.4byte	.Ldebug_info0
 1204 000a 04       		.byte	0x4
 1205 000b 00       		.byte	0
 1206 000c 0000     		.2byte	0
 1207 000e 0000     		.2byte	0
 1208 0010 00000000 		.4byte	.LFB66
 1209 0014 16000000 		.4byte	.LFE66-.LFB66
 1210 0018 00000000 		.4byte	.LFB67
 1211 001c 10000000 		.4byte	.LFE67-.LFB67
 1212 0020 00000000 		.4byte	.LFB68
 1213 0024 10000000 		.4byte	.LFE68-.LFB68
 1214 0028 00000000 		.4byte	.LFB69
 1215 002c 10000000 		.4byte	.LFE69-.LFB69
 1216 0030 00000000 		.4byte	.LFB70
 1217 0034 0C000000 		.4byte	.LFE70-.LFB70
 1218 0038 00000000 		.4byte	.LFB71
 1219 003c 10000000 		.4byte	.LFE71-.LFB71
 1220 0040 00000000 		.4byte	.LFB72
 1221 0044 18000000 		.4byte	.LFE72-.LFB72
 1222 0048 00000000 		.4byte	.LFB73
 1223 004c 10000000 		.4byte	.LFE73-.LFB73
 1224 0050 00000000 		.4byte	.LFB63
 1225 0054 1C000000 		.4byte	.LFE63-.LFB63
 1226 0058 00000000 		.4byte	.LFB64
 1227 005c 1A000000 		.4byte	.LFE64-.LFB64
 1228 0060 00000000 		.4byte	.LFB65
 1229 0064 14000000 		.4byte	.LFE65-.LFB65
 1230 0068 00000000 		.4byte	.LFB74
 1231 006c 10000000 		.4byte	.LFE74-.LFB74
 1232 0070 00000000 		.4byte	.LFB75
 1233 0074 10000000 		.4byte	.LFE75-.LFB75
 1234 0078 00000000 		.4byte	0
ARM GAS  C:\Users\cta10\AppData\Local\Temp\ccnykRGC.s 			page 30


 1235 007c 00000000 		.4byte	0
 1236              		.section	.debug_ranges,"",%progbits
 1237              	.Ldebug_ranges0:
 1238 0000 00000000 		.4byte	.LFB66
 1239 0004 16000000 		.4byte	.LFE66
 1240 0008 00000000 		.4byte	.LFB67
 1241 000c 10000000 		.4byte	.LFE67
 1242 0010 00000000 		.4byte	.LFB68
 1243 0014 10000000 		.4byte	.LFE68
 1244 0018 00000000 		.4byte	.LFB69
 1245 001c 10000000 		.4byte	.LFE69
 1246 0020 00000000 		.4byte	.LFB70
 1247 0024 0C000000 		.4byte	.LFE70
 1248 0028 00000000 		.4byte	.LFB71
 1249 002c 10000000 		.4byte	.LFE71
 1250 0030 00000000 		.4byte	.LFB72
 1251 0034 18000000 		.4byte	.LFE72
 1252 0038 00000000 		.4byte	.LFB73
 1253 003c 10000000 		.4byte	.LFE73
 1254 0040 00000000 		.4byte	.LFB63
 1255 0044 1C000000 		.4byte	.LFE63
 1256 0048 00000000 		.4byte	.LFB64
 1257 004c 1A000000 		.4byte	.LFE64
 1258 0050 00000000 		.4byte	.LFB65
 1259 0054 14000000 		.4byte	.LFE65
 1260 0058 00000000 		.4byte	.LFB74
 1261 005c 10000000 		.4byte	.LFE74
 1262 0060 00000000 		.4byte	.LFB75
 1263 0064 10000000 		.4byte	.LFE75
 1264 0068 00000000 		.4byte	0
 1265 006c 00000000 		.4byte	0
 1266              		.section	.debug_line,"",%progbits
 1267              	.Ldebug_line0:
 1268 0000 52020000 		.section	.debug_str,"MS",%progbits,1
 1268      02006401 
 1268      00000201 
 1268      FB0E0D00 
 1268      01010101 
 1269              	.LASF28:
 1270 0000 6973725F 		.ascii	"isr_TC_GetPriority\000"
 1270      54435F47 
 1270      65745072 
 1270      696F7269 
 1270      747900
 1271              	.LASF19:
 1272 0013 72656733 		.ascii	"reg32\000"
 1272      3200
 1273              	.LASF37:
 1274 0019 4C45445F 		.ascii	"LED_Write\000"
 1274      57726974 
 1274      6500
 1275              	.LASF12:
 1276 0023 5F5F696E 		.ascii	"__int32_t\000"
 1276      7433325F 
 1276      7400
 1277              	.LASF30:
 1278 002d 6973725F 		.ascii	"isr_TC_Disable\000"
ARM GAS  C:\Users\cta10\AppData\Local\Temp\ccnykRGC.s 			page 31


 1278      54435F44 
 1278      69736162 
 1278      6C6500
 1279              	.LASF41:
 1280 003c 433A5C70 		.ascii	"C:\\psocProjects\\psoc student pack\\lab exercise\\"
 1280      736F6350 
 1280      726F6A65 
 1280      6374735C 
 1280      70736F63 
 1281 006b 70736F63 		.ascii	"psoc_intro\\lab3.cydsn\000"
 1281      5F696E74 
 1281      726F5C6C 
 1281      6162332E 
 1281      63796473 
 1282              	.LASF42:
 1283 0081 6973725F 		.ascii	"isr_TC_GetState\000"
 1283      54435F47 
 1283      65745374 
 1283      61746500 
 1284              	.LASF27:
 1285 0091 6973725F 		.ascii	"isr_TC_GetVector\000"
 1285      54435F47 
 1285      65745665 
 1285      63746F72 
 1285      00
 1286              	.LASF21:
 1287 00a2 6973725F 		.ascii	"isr_TC_Interrupt\000"
 1287      54435F49 
 1287      6E746572 
 1287      72757074 
 1287      00
 1288              	.LASF16:
 1289 00b3 666C6F61 		.ascii	"float\000"
 1289      7400
 1290              	.LASF33:
 1291 00b9 6973725F 		.ascii	"isr_TC_Stop\000"
 1291      54435F53 
 1291      746F7000 
 1292              	.LASF24:
 1293 00c5 6973725F 		.ascii	"isr_TC_SetPriority\000"
 1293      54435F53 
 1293      65745072 
 1293      696F7269 
 1293      747900
 1294              	.LASF4:
 1295 00d8 756E7369 		.ascii	"unsigned char\000"
 1295      676E6564 
 1295      20636861 
 1295      7200
 1296              	.LASF39:
 1297 00e6 474E5520 		.ascii	"GNU C11 5.4.1 20160609 (release) [ARM/embedded-5-br"
 1297      43313120 
 1297      352E342E 
 1297      31203230 
 1297      31363036 
 1298 0119 616E6368 		.ascii	"anch revision 237715] -mcpu=cortex-m3 -mthumb -g -O"
 1298      20726576 
ARM GAS  C:\Users\cta10\AppData\Local\Temp\ccnykRGC.s 			page 32


 1298      6973696F 
 1298      6E203233 
 1298      37373135 
 1299 014c 67202D66 		.ascii	"g -ffunction-sections -ffat-lto-objects\000"
 1299      66756E63 
 1299      74696F6E 
 1299      2D736563 
 1299      74696F6E 
 1300              	.LASF18:
 1301 0174 72656738 		.ascii	"reg8\000"
 1301      00
 1302              	.LASF35:
 1303 0179 6973725F 		.ascii	"isr_TC_ClearPending\000"
 1303      54435F43 
 1303      6C656172 
 1303      50656E64 
 1303      696E6700 
 1304              	.LASF32:
 1305 018d 6973725F 		.ascii	"isr_TC_StartEx\000"
 1305      54435F53 
 1305      74617274 
 1305      457800
 1306              	.LASF8:
 1307 019c 6C6F6E67 		.ascii	"long unsigned int\000"
 1307      20756E73 
 1307      69676E65 
 1307      6420696E 
 1307      7400
 1308              	.LASF6:
 1309 01ae 73686F72 		.ascii	"short unsigned int\000"
 1309      7420756E 
 1309      7369676E 
 1309      65642069 
 1309      6E7400
 1310              	.LASF36:
 1311 01c1 4C45445F 		.ascii	"LED_Read\000"
 1311      52656164 
 1311      00
 1312              	.LASF43:
 1313 01ca 49544D5F 		.ascii	"ITM_RxBuffer\000"
 1313      52784275 
 1313      66666572 
 1313      00
 1314              	.LASF34:
 1315 01d7 6973725F 		.ascii	"isr_TC_SetPending\000"
 1315      54435F53 
 1315      65745065 
 1315      6E64696E 
 1315      6700
 1316              	.LASF17:
 1317 01e9 646F7562 		.ascii	"double\000"
 1317      6C6500
 1318              	.LASF26:
 1319 01f0 7072696F 		.ascii	"priority\000"
 1319      72697479 
 1319      00
 1320              	.LASF15:
ARM GAS  C:\Users\cta10\AppData\Local\Temp\ccnykRGC.s 			page 33


 1321 01f9 75696E74 		.ascii	"uint32\000"
 1321      333200
 1322              	.LASF0:
 1323 0200 756E7369 		.ascii	"unsigned int\000"
 1323      676E6564 
 1323      20696E74 
 1323      00
 1324              	.LASF25:
 1325 020d 61646472 		.ascii	"address\000"
 1325      65737300 
 1326              	.LASF9:
 1327 0215 6C6F6E67 		.ascii	"long long unsigned int\000"
 1327      206C6F6E 
 1327      6720756E 
 1327      7369676E 
 1327      65642069 
 1328              	.LASF20:
 1329 022c 63796973 		.ascii	"cyisraddress\000"
 1329      72616464 
 1329      72657373 
 1329      00
 1330              	.LASF3:
 1331 0239 7369676E 		.ascii	"signed char\000"
 1331      65642063 
 1331      68617200 
 1332              	.LASF29:
 1333 0245 6973725F 		.ascii	"isr_TC_Enable\000"
 1333      54435F45 
 1333      6E61626C 
 1333      6500
 1334              	.LASF13:
 1335 0253 696E7433 		.ascii	"int32_t\000"
 1335      325F7400 
 1336              	.LASF10:
 1337 025b 73697A65 		.ascii	"sizetype\000"
 1337      74797065 
 1337      00
 1338              	.LASF1:
 1339 0264 6C6F6E67 		.ascii	"long long int\000"
 1339      206C6F6E 
 1339      6720696E 
 1339      7400
 1340              	.LASF40:
 1341 0272 47656E65 		.ascii	"Generated_Source\\PSoC5\\isr_TC.c\000"
 1341      72617465 
 1341      645F536F 
 1341      75726365 
 1341      5C50536F 
 1342              	.LASF11:
 1343 0292 63686172 		.ascii	"char\000"
 1343      00
 1344              	.LASF23:
 1345 0297 72616D56 		.ascii	"ramVectorTable\000"
 1345      6563746F 
 1345      72546162 
 1345      6C6500
 1346              	.LASF5:
ARM GAS  C:\Users\cta10\AppData\Local\Temp\ccnykRGC.s 			page 34


 1347 02a6 73686F72 		.ascii	"short int\000"
 1347      7420696E 
 1347      7400
 1348              	.LASF14:
 1349 02b0 75696E74 		.ascii	"uint8\000"
 1349      3800
 1350              	.LASF38:
 1351 02b6 54696D65 		.ascii	"Timer_1_ReadStatusRegister\000"
 1351      725F315F 
 1351      52656164 
 1351      53746174 
 1351      75735265 
 1352              	.LASF22:
 1353 02d1 6973725F 		.ascii	"isr_TC_SetVector\000"
 1353      54435F53 
 1353      65745665 
 1353      63746F72 
 1353      00
 1354              	.LASF7:
 1355 02e2 6C6F6E67 		.ascii	"long int\000"
 1355      20696E74 
 1355      00
 1356              	.LASF2:
 1357 02eb 6C6F6E67 		.ascii	"long double\000"
 1357      20646F75 
 1357      626C6500 
 1358              	.LASF31:
 1359 02f7 6973725F 		.ascii	"isr_TC_Start\000"
 1359      54435F53 
 1359      74617274 
 1359      00
 1360              		.ident	"GCC: (GNU Tools for ARM Embedded Processors) 5.4.1 20160609 (release) [ARM/embedded-5-bran
