Removed Pin From Net: NetName=NetC5_U_Light Detector CCT1_1 Pin=U2_U_Light Detector CCT1-2
Removed Pin From Net: NetName=VREF1 Pin=U2_U_Light Detector CCT1-3
Removed Pin From Net: NetName=NetC5_U_Light Detector CCT2_1 Pin=U2_U_Light Detector CCT2-2
Removed Pin From Net: NetName=VREF1 Pin=U2_U_Light Detector CCT2-3
Removed Pin From Net: NetName=NetC5_U_Light Detector CCT3_1 Pin=U2_U_Light Detector CCT3-2
Removed Pin From Net: NetName=VREF1 Pin=U2_U_Light Detector CCT3-3
Removed Pin From Net: NetName=NetC5_U_Light Detector CCT4_1 Pin=U2_U_Light Detector CCT4-2
Removed Pin From Net: NetName=VREF1 Pin=U2_U_Light Detector CCT4-3
Removed Pin From Net: NetName=NetC5_U_Light Detector CCT5_1 Pin=U2_U_Light Detector CCT5-2
Removed Pin From Net: NetName=VREF1 Pin=U2_U_Light Detector CCT5-3
Removed Pin From Net: NetName=NetC5_U_Light Detector CCT6_1 Pin=U2_U_Light Detector CCT6-2
Removed Pin From Net: NetName=VREF1 Pin=U2_U_Light Detector CCT6-3
Added Pin To Net: NetName=VREF1 Pin=U2_U_Light Detector CCT1-2
Added Pin To Net: NetName=NetC5_U_Light Detector CCT1_1 Pin=U2_U_Light Detector CCT1-3
Added Pin To Net: NetName=VREF1 Pin=U2_U_Light Detector CCT2-2
Added Pin To Net: NetName=NetC5_U_Light Detector CCT2_1 Pin=U2_U_Light Detector CCT2-3
Added Pin To Net: NetName=VREF1 Pin=U2_U_Light Detector CCT3-2
Added Pin To Net: NetName=NetC5_U_Light Detector CCT3_1 Pin=U2_U_Light Detector CCT3-3
Added Pin To Net: NetName=VREF1 Pin=U2_U_Light Detector CCT4-2
Added Pin To Net: NetName=NetC5_U_Light Detector CCT4_1 Pin=U2_U_Light Detector CCT4-3
Added Pin To Net: NetName=VREF1 Pin=U2_U_Light Detector CCT5-2
Added Pin To Net: NetName=NetC5_U_Light Detector CCT5_1 Pin=U2_U_Light Detector CCT5-3
Added Pin To Net: NetName=VREF1 Pin=U2_U_Light Detector CCT6-2
Added Pin To Net: NetName=NetC5_U_Light Detector CCT6_1 Pin=U2_U_Light Detector CCT6-3
Added Room: Name=U_Light Detector CCT1
Added Room: Name=U_Light Detector CCT2
Added Room: Name=U_Light Detector CCT3
Added Room: Name=U_Light Detector CCT4
Added Room: Name=U_Light Detector CCT5
Added Room: Name=U_Light Detector CCT6
