Added Component: Designator=Q2_LD1(0805 LED)
Added Component: Designator=Q2_LD2(0805 LED)
Added Component: Designator=Q2_LD3(0805 LED)
Added Component: Designator=Q2_LD4(0805 LED)
Added Component: Designator=Q2_LD5(0805 LED)
Added Component: Designator=Q2_LD6(0805 LED)
Added Pin To Net: NetName=+5V Pin=Q2_LD1-1
Added Pin To Net: NetName=NetC3_LD1_1 Pin=Q2_LD1-2
Added Pin To Net: NetName=+5V Pin=Q2_LD2-1
Added Pin To Net: NetName=NetC3_LD2_1 Pin=Q2_LD2-2
Added Pin To Net: NetName=+5V Pin=Q2_LD3-1
Added Pin To Net: NetName=NetC3_LD3_1 Pin=Q2_LD3-2
Added Pin To Net: NetName=+5V Pin=Q2_LD4-1
Added Pin To Net: NetName=NetC3_LD4_1 Pin=Q2_LD4-2
Added Pin To Net: NetName=+5V Pin=Q2_LD5-1
Added Pin To Net: NetName=NetC3_LD5_1 Pin=Q2_LD5-2
Added Pin To Net: NetName=+5V Pin=Q2_LD6-1
Added Pin To Net: NetName=NetC3_LD6_1 Pin=Q2_LD6-2
Added Member To Class: ClassName=LD1 Member=Component Q2_LD1 (Q2) VEMT3700
Added Member To Class: ClassName=LD2 Member=Component Q2_LD2 (Q2) VEMT3700
Added Member To Class: ClassName=LD3 Member=Component Q2_LD3 (Q2) VEMT3700
Added Member To Class: ClassName=LD4 Member=Component Q2_LD4 (Q2) VEMT3700
Added Member To Class: ClassName=LD5 Member=Component Q2_LD5 (Q2) VEMT3700
Added Member To Class: ClassName=LD6 Member=Component Q2_LD6 (Q2) VEMT3700
Added Room: Name=LD6
