Add object: Catastrophic failure
Add object: Catastrophic failure
Add object: Catastrophic failure
Add object: Catastrophic failure
Add object: Catastrophic failure
Add object: Catastrophic failure
Added Component: Designator=U1_LD1(ECE-SOIC8)
Add component (AddParameter): Name = "Assembly Method"; Value = "Surface Mount"; VariantName = "[No Variations]"
Add component (AddParameter): Name = "Category"; Value = "OpAmp"; VariantName = "[No Variations]"
Add component (AddParameter): Name = "Component Type"; Value = "SOIC18-TLC082"; VariantName = "[No Variations]"
Add component (AddParameter): Name = "Datasheet Link"; Value = "http://share.engineering.auckland.ac.nz/ece/ts/Student%20Documents/TLC082.pdf"; VariantName = "[No Variations]"
Add component (AddParameter): Name = "Item Type"; Value = "Item"; VariantName = "[No Variations]"
Add component (AddParameter): Name = "Manufactuer"; Value = "Texas Instruments"; VariantName = "[No Variations]"
Add component (AddParameter): Name = "Manufacturer-PN"; Value = "TLC082IDR"; VariantName = "[No Variations]"
Add component (AddParameter): Name = "Path"; Value = "ece/ts/Lists/Stock Inventory"; VariantName = "[No Variations]"
Add component (AddParameter): Name = "Size/Package"; Value = "SOIC 8"; VariantName = "[No Variations]"
Add component (AddParameter): Name = "Status"; Value = "Active"; VariantName = "[No Variations]"
Add component (AddParameter): Name = "Supplier1"; Value = "Digikey"; VariantName = "[No Variations]"
Add component (AddParameter): Name = "Supplier1-PN"; Value = "296-7271-6-ND"; VariantName = "[No Variations]"
Add component (AddParameter): Name = "UoA Stock#"; Value = "OPA000103"; VariantName = "[No Variations]"
Add component (AddParameter): Name = "Value"; Value = "TLC082"; VariantName = "[No Variations]"
Added Component: Designator=U1_LD2(ECE-SOIC8)
Add component (AddParameter): Name = "Assembly Method"; Value = "Surface Mount"; VariantName = "[No Variations]"
Add component (AddParameter): Name = "Category"; Value = "OpAmp"; VariantName = "[No Variations]"
Add component (AddParameter): Name = "Component Type"; Value = "SOIC18-TLC082"; VariantName = "[No Variations]"
Add component (AddParameter): Name = "Datasheet Link"; Value = "http://share.engineering.auckland.ac.nz/ece/ts/Student%20Documents/TLC082.pdf"; VariantName = "[No Variations]"
Add component (AddParameter): Name = "Item Type"; Value = "Item"; VariantName = "[No Variations]"
Add component (AddParameter): Name = "Manufactuer"; Value = "Texas Instruments"; VariantName = "[No Variations]"
Add component (AddParameter): Name = "Manufacturer-PN"; Value = "TLC082IDR"; VariantName = "[No Variations]"
Add component (AddParameter): Name = "Path"; Value = "ece/ts/Lists/Stock Inventory"; VariantName = "[No Variations]"
Add component (AddParameter): Name = "Size/Package"; Value = "SOIC 8"; VariantName = "[No Variations]"
Add component (AddParameter): Name = "Status"; Value = "Active"; VariantName = "[No Variations]"
Add component (AddParameter): Name = "Supplier1"; Value = "Digikey"; VariantName = "[No Variations]"
Add component (AddParameter): Name = "Supplier1-PN"; Value = "296-7271-6-ND"; VariantName = "[No Variations]"
Add component (AddParameter): Name = "UoA Stock#"; Value = "OPA000103"; VariantName = "[No Variations]"
Add component (AddParameter): Name = "Value"; Value = "TLC082"; VariantName = "[No Variations]"
Added Component: Designator=U1_LD3(ECE-SOIC8)
Add component (AddParameter): Name = "Assembly Method"; Value = "Surface Mount"; VariantName = "[No Variations]"
Add component (AddParameter): Name = "Category"; Value = "OpAmp"; VariantName = "[No Variations]"
Add component (AddParameter): Name = "Component Type"; Value = "SOIC18-TLC082"; VariantName = "[No Variations]"
Add component (AddParameter): Name = "Datasheet Link"; Value = "http://share.engineering.auckland.ac.nz/ece/ts/Student%20Documents/TLC082.pdf"; VariantName = "[No Variations]"
Add component (AddParameter): Name = "Item Type"; Value = "Item"; VariantName = "[No Variations]"
Add component (AddParameter): Name = "Manufactuer"; Value = "Texas Instruments"; VariantName = "[No Variations]"
Add component (AddParameter): Name = "Manufacturer-PN"; Value = "TLC082IDR"; VariantName = "[No Variations]"
Add component (AddParameter): Name = "Path"; Value = "ece/ts/Lists/Stock Inventory"; VariantName = "[No Variations]"
Add component (AddParameter): Name = "Size/Package"; Value = "SOIC 8"; VariantName = "[No Variations]"
Add component (AddParameter): Name = "Status"; Value = "Active"; VariantName = "[No Variations]"
Add component (AddParameter): Name = "Supplier1"; Value = "Digikey"; VariantName = "[No Variations]"
Add component (AddParameter): Name = "Supplier1-PN"; Value = "296-7271-6-ND"; VariantName = "[No Variations]"
Add component (AddParameter): Name = "UoA Stock#"; Value = "OPA000103"; VariantName = "[No Variations]"
Add component (AddParameter): Name = "Value"; Value = "TLC082"; VariantName = "[No Variations]"
Added Component: Designator=U1_LD4(ECE-SOIC8)
Add component (AddParameter): Name = "Assembly Method"; Value = "Surface Mount"; VariantName = "[No Variations]"
Add component (AddParameter): Name = "Category"; Value = "OpAmp"; VariantName = "[No Variations]"
Add component (AddParameter): Name = "Component Type"; Value = "SOIC18-TLC082"; VariantName = "[No Variations]"
Add component (AddParameter): Name = "Datasheet Link"; Value = "http://share.engineering.auckland.ac.nz/ece/ts/Student%20Documents/TLC082.pdf"; VariantName = "[No Variations]"
Add component (AddParameter): Name = "Item Type"; Value = "Item"; VariantName = "[No Variations]"
Add component (AddParameter): Name = "Manufactuer"; Value = "Texas Instruments"; VariantName = "[No Variations]"
Add component (AddParameter): Name = "Manufacturer-PN"; Value = "TLC082IDR"; VariantName = "[No Variations]"
Add component (AddParameter): Name = "Path"; Value = "ece/ts/Lists/Stock Inventory"; VariantName = "[No Variations]"
Add component (AddParameter): Name = "Size/Package"; Value = "SOIC 8"; VariantName = "[No Variations]"
Add component (AddParameter): Name = "Status"; Value = "Active"; VariantName = "[No Variations]"
Add component (AddParameter): Name = "Supplier1"; Value = "Digikey"; VariantName = "[No Variations]"
Add component (AddParameter): Name = "Supplier1-PN"; Value = "296-7271-6-ND"; VariantName = "[No Variations]"
Add component (AddParameter): Name = "UoA Stock#"; Value = "OPA000103"; VariantName = "[No Variations]"
Add component (AddParameter): Name = "Value"; Value = "TLC082"; VariantName = "[No Variations]"
Added Component: Designator=U1_LD5(ECE-SOIC8)
Add component (AddParameter): Name = "Assembly Method"; Value = "Surface Mount"; VariantName = "[No Variations]"
Add component (AddParameter): Name = "Category"; Value = "OpAmp"; VariantName = "[No Variations]"
Add component (AddParameter): Name = "Component Type"; Value = "SOIC18-TLC082"; VariantName = "[No Variations]"
Add component (AddParameter): Name = "Datasheet Link"; Value = "http://share.engineering.auckland.ac.nz/ece/ts/Student%20Documents/TLC082.pdf"; VariantName = "[No Variations]"
Add component (AddParameter): Name = "Item Type"; Value = "Item"; VariantName = "[No Variations]"
Add component (AddParameter): Name = "Manufactuer"; Value = "Texas Instruments"; VariantName = "[No Variations]"
Add component (AddParameter): Name = "Manufacturer-PN"; Value = "TLC082IDR"; VariantName = "[No Variations]"
Add component (AddParameter): Name = "Path"; Value = "ece/ts/Lists/Stock Inventory"; VariantName = "[No Variations]"
Add component (AddParameter): Name = "Size/Package"; Value = "SOIC 8"; VariantName = "[No Variations]"
Add component (AddParameter): Name = "Status"; Value = "Active"; VariantName = "[No Variations]"
Add component (AddParameter): Name = "Supplier1"; Value = "Digikey"; VariantName = "[No Variations]"
Add component (AddParameter): Name = "Supplier1-PN"; Value = "296-7271-6-ND"; VariantName = "[No Variations]"
Add component (AddParameter): Name = "UoA Stock#"; Value = "OPA000103"; VariantName = "[No Variations]"
Add component (AddParameter): Name = "Value"; Value = "TLC082"; VariantName = "[No Variations]"
Added Component: Designator=U1_LD6(ECE-SOIC8)
Add component (AddParameter): Name = "Assembly Method"; Value = "Surface Mount"; VariantName = "[No Variations]"
Add component (AddParameter): Name = "Category"; Value = "OpAmp"; VariantName = "[No Variations]"
Add component (AddParameter): Name = "Component Type"; Value = "SOIC18-TLC082"; VariantName = "[No Variations]"
Add component (AddParameter): Name = "Datasheet Link"; Value = "http://share.engineering.auckland.ac.nz/ece/ts/Student%20Documents/TLC082.pdf"; VariantName = "[No Variations]"
Add component (AddParameter): Name = "Item Type"; Value = "Item"; VariantName = "[No Variations]"
Add component (AddParameter): Name = "Manufactuer"; Value = "Texas Instruments"; VariantName = "[No Variations]"
Add component (AddParameter): Name = "Manufacturer-PN"; Value = "TLC082IDR"; VariantName = "[No Variations]"
Add component (AddParameter): Name = "Path"; Value = "ece/ts/Lists/Stock Inventory"; VariantName = "[No Variations]"
Add component (AddParameter): Name = "Size/Package"; Value = "SOIC 8"; VariantName = "[No Variations]"
Add component (AddParameter): Name = "Status"; Value = "Active"; VariantName = "[No Variations]"
Add component (AddParameter): Name = "Supplier1"; Value = "Digikey"; VariantName = "[No Variations]"
Add component (AddParameter): Name = "Supplier1-PN"; Value = "296-7271-6-ND"; VariantName = "[No Variations]"
Add component (AddParameter): Name = "UoA Stock#"; Value = "OPA000103"; VariantName = "[No Variations]"
Add component (AddParameter): Name = "Value"; Value = "TLC082"; VariantName = "[No Variations]"
Add Pin To Net: Unknown Pin: Pin D1_LD1-1
Add Pin To Net: Unknown Pin: Pin D1_LD1-2
Add Pin To Net: Unknown Pin: Pin D1_LD2-1
Add Pin To Net: Unknown Pin: Pin D1_LD2-2
Add Pin To Net: Unknown Pin: Pin D1_LD3-1
Add Pin To Net: Unknown Pin: Pin D1_LD3-2
Add Pin To Net: Unknown Pin: Pin D1_LD4-1
Add Pin To Net: Unknown Pin: Pin D1_LD4-2
Add Pin To Net: Unknown Pin: Pin D1_LD5-1
Add Pin To Net: Unknown Pin: Pin D1_LD5-2
Add Pin To Net: Unknown Pin: Pin D1_LD6-1
Add Pin To Net: Unknown Pin: Pin D1_LD6-2
Added Pin To Net: NetName=NetR5_LD1_1 Pin=U1_LD1-1
Added Pin To Net: NetName=VREF1 Pin=U1_LD1-2
Added Pin To Net: NetName=NetD1_LD1_2 Pin=U1_LD1-3
Added Pin To Net: NetName=GND Pin=U1_LD1-4
Added Pin To Net: NetName=NetC5_LD1_1 Pin=U1_LD1-5
Added Pin To Net: NetName=VREF1 Pin=U1_LD1-6
Added Pin To Net: NetName=OUTPUT1 Pin=U1_LD1-7
Added Pin To Net: NetName=+5V Pin=U1_LD1-8
Added Pin To Net: NetName=NetR5_LD2_1 Pin=U1_LD2-1
Added Pin To Net: NetName=VREF1 Pin=U1_LD2-2
Added Pin To Net: NetName=NetD1_LD2_2 Pin=U1_LD2-3
Added Pin To Net: NetName=GND Pin=U1_LD2-4
Added Pin To Net: NetName=NetC5_LD2_1 Pin=U1_LD2-5
Added Pin To Net: NetName=VREF1 Pin=U1_LD2-6
Added Pin To Net: NetName=OUTPUT2 Pin=U1_LD2-7
Added Pin To Net: NetName=+5V Pin=U1_LD2-8
Added Pin To Net: NetName=NetR5_LD3_1 Pin=U1_LD3-1
Added Pin To Net: NetName=VREF1 Pin=U1_LD3-2
Added Pin To Net: NetName=NetD1_LD3_2 Pin=U1_LD3-3
Added Pin To Net: NetName=GND Pin=U1_LD3-4
Added Pin To Net: NetName=NetC5_LD3_1 Pin=U1_LD3-5
Added Pin To Net: NetName=VREF1 Pin=U1_LD3-6
Added Pin To Net: NetName=OUTPUT3 Pin=U1_LD3-7
Added Pin To Net: NetName=+5V Pin=U1_LD3-8
Added Pin To Net: NetName=NetR5_LD4_1 Pin=U1_LD4-1
Added Pin To Net: NetName=VREF1 Pin=U1_LD4-2
Added Pin To Net: NetName=NetD1_LD4_2 Pin=U1_LD4-3
Added Pin To Net: NetName=GND Pin=U1_LD4-4
Added Pin To Net: NetName=NetC5_LD4_1 Pin=U1_LD4-5
Added Pin To Net: NetName=VREF1 Pin=U1_LD4-6
Added Pin To Net: NetName=OUTPUT4 Pin=U1_LD4-7
Added Pin To Net: NetName=+5V Pin=U1_LD4-8
Added Pin To Net: NetName=NetR5_LD5_1 Pin=U1_LD5-1
Added Pin To Net: NetName=VREF1 Pin=U1_LD5-2
Added Pin To Net: NetName=NetD1_LD5_2 Pin=U1_LD5-3
Added Pin To Net: NetName=GND Pin=U1_LD5-4
Added Pin To Net: NetName=NetC5_LD5_1 Pin=U1_LD5-5
Added Pin To Net: NetName=VREF1 Pin=U1_LD5-6
Added Pin To Net: NetName=OUTPUT5 Pin=U1_LD5-7
Added Pin To Net: NetName=+5V Pin=U1_LD5-8
Added Pin To Net: NetName=NetR5_LD6_1 Pin=U1_LD6-1
Added Pin To Net: NetName=VREF1 Pin=U1_LD6-2
Added Pin To Net: NetName=NetD1_LD6_2 Pin=U1_LD6-3
Added Pin To Net: NetName=GND Pin=U1_LD6-4
Added Pin To Net: NetName=NetC5_LD6_1 Pin=U1_LD6-5
Added Pin To Net: NetName=VREF1 Pin=U1_LD6-6
Added Pin To Net: NetName=OUTPUT6 Pin=U1_LD6-7
Added Pin To Net: NetName=+5V Pin=U1_LD6-8
Add Class Member: Failed to add class member : Component D1_LD1 (D1)
Add Class Member: Failed to add class member : Component D1_LD2 (D1)
Add Class Member: Failed to add class member : Component D1_LD3 (D1)
Add Class Member: Failed to add class member : Component D1_LD4 (D1)
Add Class Member: Failed to add class member : Component D1_LD5 (D1)
Add Class Member: Failed to add class member : Component D1_LD6 (D1)
Added Member To Class: ClassName=LD1 Member=Component U1_LD1 (U1A) TLC082
Added Member To Class: ClassName=LD2 Member=Component U1_LD2 (U1A) TLC082
Added Member To Class: ClassName=LD3 Member=Component U1_LD3 (U1A) TLC082
Added Member To Class: ClassName=LD4 Member=Component U1_LD4 (U1A) TLC082
Added Member To Class: ClassName=LD5 Member=Component U1_LD5 (U1A) TLC082
Added Member To Class: ClassName=LD6 Member=Component U1_LD6 (U1A) TLC082
