Added Component: Designator=C1(0805 CAP)
Add component (AddParameter): Name = "Value"; Value = ""; VariantName = "[No Variations]"
Added Component: Designator=C2_U_Light Detector CCT1(0805 CAP)
Add component (AddParameter): Name = "Value"; Value = ""; VariantName = "[No Variations]"
Added Component: Designator=C2_U_Light Detector CCT2(0805 CAP)
Add component (AddParameter): Name = "Value"; Value = ""; VariantName = "[No Variations]"
Added Component: Designator=C2_U_Light Detector CCT3(0805 CAP)
Add component (AddParameter): Name = "Value"; Value = ""; VariantName = "[No Variations]"
Added Component: Designator=C2_U_Light Detector CCT4(0805 CAP)
Add component (AddParameter): Name = "Value"; Value = ""; VariantName = "[No Variations]"
Added Component: Designator=C2_U_Light Detector CCT5(0805 CAP)
Add component (AddParameter): Name = "Value"; Value = ""; VariantName = "[No Variations]"
Added Component: Designator=C2_U_Light Detector CCT6(0805 CAP)
Add component (AddParameter): Name = "Value"; Value = ""; VariantName = "[No Variations]"
Added Component: Designator=C3_U_Light Detector CCT1(0805 CAP)
Add component (AddParameter): Name = "Value"; Value = ""; VariantName = "[No Variations]"
Added Component: Designator=C3_U_Light Detector CCT2(0805 CAP)
Add component (AddParameter): Name = "Value"; Value = ""; VariantName = "[No Variations]"
Added Component: Designator=C3_U_Light Detector CCT3(0805 CAP)
Add component (AddParameter): Name = "Value"; Value = ""; VariantName = "[No Variations]"
Added Component: Designator=C3_U_Light Detector CCT4(0805 CAP)
Add component (AddParameter): Name = "Value"; Value = ""; VariantName = "[No Variations]"
Added Component: Designator=C3_U_Light Detector CCT5(0805 CAP)
Add component (AddParameter): Name = "Value"; Value = ""; VariantName = "[No Variations]"
Added Component: Designator=C3_U_Light Detector CCT6(0805 CAP)
Add component (AddParameter): Name = "Value"; Value = ""; VariantName = "[No Variations]"
Added Component: Designator=C4_U_Light Detector CCT1(0805 CAP)
Add component (AddParameter): Name = "Value"; Value = ""; VariantName = "[No Variations]"
Added Component: Designator=C4_U_Light Detector CCT2(0805 CAP)
Add component (AddParameter): Name = "Value"; Value = ""; VariantName = "[No Variations]"
Added Component: Designator=C4_U_Light Detector CCT3(0805 CAP)
Add component (AddParameter): Name = "Value"; Value = ""; VariantName = "[No Variations]"
Added Component: Designator=C4_U_Light Detector CCT4(0805 CAP)
Add component (AddParameter): Name = "Value"; Value = ""; VariantName = "[No Variations]"
Added Component: Designator=C4_U_Light Detector CCT5(0805 CAP)
Add component (AddParameter): Name = "Value"; Value = ""; VariantName = "[No Variations]"
Added Component: Designator=C4_U_Light Detector CCT6(0805 CAP)
Add component (AddParameter): Name = "Value"; Value = ""; VariantName = "[No Variations]"
Added Component: Designator=C5_U_Light Detector CCT1(0805 CAP)
Add component (AddParameter): Name = "Value"; Value = ""; VariantName = "[No Variations]"
Added Component: Designator=C5_U_Light Detector CCT2(0805 CAP)
Add component (AddParameter): Name = "Value"; Value = ""; VariantName = "[No Variations]"
Added Component: Designator=C5_U_Light Detector CCT3(0805 CAP)
Add component (AddParameter): Name = "Value"; Value = ""; VariantName = "[No Variations]"
Added Component: Designator=C5_U_Light Detector CCT4(0805 CAP)
Add component (AddParameter): Name = "Value"; Value = ""; VariantName = "[No Variations]"
Added Component: Designator=C5_U_Light Detector CCT5(0805 CAP)
Add component (AddParameter): Name = "Value"; Value = ""; VariantName = "[No Variations]"
Added Component: Designator=C5_U_Light Detector CCT6(0805 CAP)
Add component (AddParameter): Name = "Value"; Value = ""; VariantName = "[No Variations]"
Added Component: Designator=C6_U_Light Detector CCT1(0805 CAP)
Add component (AddParameter): Name = "Value"; Value = ""; VariantName = "[No Variations]"
Added Component: Designator=C6_U_Light Detector CCT2(0805 CAP)
Add component (AddParameter): Name = "Value"; Value = ""; VariantName = "[No Variations]"
Added Component: Designator=C6_U_Light Detector CCT3(0805 CAP)
Add component (AddParameter): Name = "Value"; Value = ""; VariantName = "[No Variations]"
Added Component: Designator=C6_U_Light Detector CCT4(0805 CAP)
Add component (AddParameter): Name = "Value"; Value = ""; VariantName = "[No Variations]"
Added Component: Designator=C6_U_Light Detector CCT5(0805 CAP)
Add component (AddParameter): Name = "Value"; Value = ""; VariantName = "[No Variations]"
Added Component: Designator=C6_U_Light Detector CCT6(0805 CAP)
Add component (AddParameter): Name = "Value"; Value = ""; VariantName = "[No Variations]"
Added Component: Designator=D1_U_Light Detector CCT1(FP-SOD68-MFG)
Add component (AddParameter): Name = "RoHS Compliant"; Value = "Yes"; VariantName = "[No Variations]"
Added Component: Designator=D1_U_Light Detector CCT2(FP-SOD68-MFG)
Add component (AddParameter): Name = "RoHS Compliant"; Value = "Yes"; VariantName = "[No Variations]"
Added Component: Designator=D1_U_Light Detector CCT3(FP-SOD68-MFG)
Add component (AddParameter): Name = "RoHS Compliant"; Value = "Yes"; VariantName = "[No Variations]"
Added Component: Designator=D1_U_Light Detector CCT4(FP-SOD68-MFG)
Add component (AddParameter): Name = "RoHS Compliant"; Value = "Yes"; VariantName = "[No Variations]"
Added Component: Designator=D1_U_Light Detector CCT5(FP-SOD68-MFG)
Add component (AddParameter): Name = "RoHS Compliant"; Value = "Yes"; VariantName = "[No Variations]"
Added Component: Designator=D1_U_Light Detector CCT6(FP-SOD68-MFG)
Add component (AddParameter): Name = "RoHS Compliant"; Value = "Yes"; VariantName = "[No Variations]"
Added Component: Designator=D5(LED0.1/5MM)
Added Component: Designator=D6(LED0.1/5MM)
Added Component: Designator=D7(LED0.1/5MM)
Added Component: Designator=Q1_U_Light Detector CCT1(VEMT3700)
Added Component: Designator=Q1_U_Light Detector CCT2(VEMT3700)
Added Component: Designator=Q1_U_Light Detector CCT3(VEMT3700)
Added Component: Designator=Q1_U_Light Detector CCT4(VEMT3700)
Added Component: Designator=Q1_U_Light Detector CCT5(VEMT3700)
Added Component: Designator=Q1_U_Light Detector CCT6(VEMT3700)
Added Component: Designator=R2(0805 RES)
Add component (AddParameter): Name = "ComponentLink1Description"; Value = "https://nz.mouser.com/datasheet/2/315/AOA0000C304-1149620.pdf"; VariantName = "[No Variations]"
Add component (AddParameter): Name = "LatestRevisionDate"; Value = "17-Jul-2002"; VariantName = "[No Variations]"
Add component (AddParameter): Name = "LatestRevisionNote"; Value = "Re-released for DXP Platform."; VariantName = "[No Variations]"
Add component (AddParameter): Name = "PackageReference"; Value = "AXIAL-0.4"; VariantName = "[No Variations]"
Add component (AddParameter): Name = "Published"; Value = "8-Jun-2000"; VariantName = "[No Variations]"
Add component (AddParameter): Name = "Publisher"; Value = "Altium Limited"; VariantName = "[No Variations]"
Add component (AddParameter): Name = "Value"; Value = ""; VariantName = "[No Variations]"
Added Component: Designator=R3_U_Light Detector CCT1(0805 RES)
Add component (AddParameter): Name = "ComponentLink1Description"; Value = "https://nz.mouser.com/datasheet/2/315/AOA0000C304-1149620.pdf"; VariantName = "[No Variations]"
Add component (AddParameter): Name = "LatestRevisionDate"; Value = "17-Jul-2002"; VariantName = "[No Variations]"
Add component (AddParameter): Name = "LatestRevisionNote"; Value = "Re-released for DXP Platform."; VariantName = "[No Variations]"
Add component (AddParameter): Name = "PackageReference"; Value = "AXIAL-0.4"; VariantName = "[No Variations]"
Add component (AddParameter): Name = "Published"; Value = "8-Jun-2000"; VariantName = "[No Variations]"
Add component (AddParameter): Name = "Publisher"; Value = "Altium Limited"; VariantName = "[No Variations]"
Add component (AddParameter): Name = "Value"; Value = ""; VariantName = "[No Variations]"
Added Component: Designator=R3_U_Light Detector CCT2(0805 RES)
Add component (AddParameter): Name = "ComponentLink1Description"; Value = "https://nz.mouser.com/datasheet/2/315/AOA0000C304-1149620.pdf"; VariantName = "[No Variations]"
Add component (AddParameter): Name = "LatestRevisionDate"; Value = "17-Jul-2002"; VariantName = "[No Variations]"
Add component (AddParameter): Name = "LatestRevisionNote"; Value = "Re-released for DXP Platform."; VariantName = "[No Variations]"
Add component (AddParameter): Name = "PackageReference"; Value = "AXIAL-0.4"; VariantName = "[No Variations]"
Add component (AddParameter): Name = "Published"; Value = "8-Jun-2000"; VariantName = "[No Variations]"
Add component (AddParameter): Name = "Publisher"; Value = "Altium Limited"; VariantName = "[No Variations]"
Add component (AddParameter): Name = "Value"; Value = ""; VariantName = "[No Variations]"
Added Component: Designator=R3_U_Light Detector CCT3(0805 RES)
Add component (AddParameter): Name = "ComponentLink1Description"; Value = "https://nz.mouser.com/datasheet/2/315/AOA0000C304-1149620.pdf"; VariantName = "[No Variations]"
Add component (AddParameter): Name = "LatestRevisionDate"; Value = "17-Jul-2002"; VariantName = "[No Variations]"
Add component (AddParameter): Name = "LatestRevisionNote"; Value = "Re-released for DXP Platform."; VariantName = "[No Variations]"
Add component (AddParameter): Name = "PackageReference"; Value = "AXIAL-0.4"; VariantName = "[No Variations]"
Add component (AddParameter): Name = "Published"; Value = "8-Jun-2000"; VariantName = "[No Variations]"
Add component (AddParameter): Name = "Publisher"; Value = "Altium Limited"; VariantName = "[No Variations]"
Add component (AddParameter): Name = "Value"; Value = ""; VariantName = "[No Variations]"
Added Component: Designator=R3_U_Light Detector CCT4(0805 RES)
Add component (AddParameter): Name = "ComponentLink1Description"; Value = "https://nz.mouser.com/datasheet/2/315/AOA0000C304-1149620.pdf"; VariantName = "[No Variations]"
Add component (AddParameter): Name = "LatestRevisionDate"; Value = "17-Jul-2002"; VariantName = "[No Variations]"
Add component (AddParameter): Name = "LatestRevisionNote"; Value = "Re-released for DXP Platform."; VariantName = "[No Variations]"
Add component (AddParameter): Name = "PackageReference"; Value = "AXIAL-0.4"; VariantName = "[No Variations]"
Add component (AddParameter): Name = "Published"; Value = "8-Jun-2000"; VariantName = "[No Variations]"
Add component (AddParameter): Name = "Publisher"; Value = "Altium Limited"; VariantName = "[No Variations]"
Add component (AddParameter): Name = "Value"; Value = ""; VariantName = "[No Variations]"
Added Component: Designator=R3_U_Light Detector CCT5(0805 RES)
Add component (AddParameter): Name = "ComponentLink1Description"; Value = "https://nz.mouser.com/datasheet/2/315/AOA0000C304-1149620.pdf"; VariantName = "[No Variations]"
Add component (AddParameter): Name = "LatestRevisionDate"; Value = "17-Jul-2002"; VariantName = "[No Variations]"
Add component (AddParameter): Name = "LatestRevisionNote"; Value = "Re-released for DXP Platform."; VariantName = "[No Variations]"
Add component (AddParameter): Name = "PackageReference"; Value = "AXIAL-0.4"; VariantName = "[No Variations]"
Add component (AddParameter): Name = "Published"; Value = "8-Jun-2000"; VariantName = "[No Variations]"
Add component (AddParameter): Name = "Publisher"; Value = "Altium Limited"; VariantName = "[No Variations]"
Add component (AddParameter): Name = "Value"; Value = ""; VariantName = "[No Variations]"
Added Component: Designator=R3_U_Light Detector CCT6(0805 RES)
Add component (AddParameter): Name = "ComponentLink1Description"; Value = "https://nz.mouser.com/datasheet/2/315/AOA0000C304-1149620.pdf"; VariantName = "[No Variations]"
Add component (AddParameter): Name = "LatestRevisionDate"; Value = "17-Jul-2002"; VariantName = "[No Variations]"
Add component (AddParameter): Name = "LatestRevisionNote"; Value = "Re-released for DXP Platform."; VariantName = "[No Variations]"
Add component (AddParameter): Name = "PackageReference"; Value = "AXIAL-0.4"; VariantName = "[No Variations]"
Add component (AddParameter): Name = "Published"; Value = "8-Jun-2000"; VariantName = "[No Variations]"
Add component (AddParameter): Name = "Publisher"; Value = "Altium Limited"; VariantName = "[No Variations]"
Add component (AddParameter): Name = "Value"; Value = ""; VariantName = "[No Variations]"
Added Component: Designator=R4_U_Light Detector CCT1(0805 RES)
Add component (AddParameter): Name = "ComponentLink1Description"; Value = "https://nz.mouser.com/datasheet/2/315/AOA0000C304-1149620.pdf"; VariantName = "[No Variations]"
Add component (AddParameter): Name = "LatestRevisionDate"; Value = "17-Jul-2002"; VariantName = "[No Variations]"
Add component (AddParameter): Name = "LatestRevisionNote"; Value = "Re-released for DXP Platform."; VariantName = "[No Variations]"
Add component (AddParameter): Name = "PackageReference"; Value = "AXIAL-0.4"; VariantName = "[No Variations]"
Add component (AddParameter): Name = "Published"; Value = "8-Jun-2000"; VariantName = "[No Variations]"
Add component (AddParameter): Name = "Publisher"; Value = "Altium Limited"; VariantName = "[No Variations]"
Add component (AddParameter): Name = "Value"; Value = ""; VariantName = "[No Variations]"
Added Component: Designator=R4_U_Light Detector CCT2(0805 RES)
Add component (AddParameter): Name = "ComponentLink1Description"; Value = "https://nz.mouser.com/datasheet/2/315/AOA0000C304-1149620.pdf"; VariantName = "[No Variations]"
Add component (AddParameter): Name = "LatestRevisionDate"; Value = "17-Jul-2002"; VariantName = "[No Variations]"
Add component (AddParameter): Name = "LatestRevisionNote"; Value = "Re-released for DXP Platform."; VariantName = "[No Variations]"
Add component (AddParameter): Name = "PackageReference"; Value = "AXIAL-0.4"; VariantName = "[No Variations]"
Add component (AddParameter): Name = "Published"; Value = "8-Jun-2000"; VariantName = "[No Variations]"
Add component (AddParameter): Name = "Publisher"; Value = "Altium Limited"; VariantName = "[No Variations]"
Add component (AddParameter): Name = "Value"; Value = ""; VariantName = "[No Variations]"
Added Component: Designator=R4_U_Light Detector CCT3(0805 RES)
Add component (AddParameter): Name = "ComponentLink1Description"; Value = "https://nz.mouser.com/datasheet/2/315/AOA0000C304-1149620.pdf"; VariantName = "[No Variations]"
Add component (AddParameter): Name = "LatestRevisionDate"; Value = "17-Jul-2002"; VariantName = "[No Variations]"
Add component (AddParameter): Name = "LatestRevisionNote"; Value = "Re-released for DXP Platform."; VariantName = "[No Variations]"
Add component (AddParameter): Name = "PackageReference"; Value = "AXIAL-0.4"; VariantName = "[No Variations]"
Add component (AddParameter): Name = "Published"; Value = "8-Jun-2000"; VariantName = "[No Variations]"
Add component (AddParameter): Name = "Publisher"; Value = "Altium Limited"; VariantName = "[No Variations]"
Add component (AddParameter): Name = "Value"; Value = ""; VariantName = "[No Variations]"
Added Component: Designator=R4_U_Light Detector CCT4(0805 RES)
Add component (AddParameter): Name = "ComponentLink1Description"; Value = "https://nz.mouser.com/datasheet/2/315/AOA0000C304-1149620.pdf"; VariantName = "[No Variations]"
Add component (AddParameter): Name = "LatestRevisionDate"; Value = "17-Jul-2002"; VariantName = "[No Variations]"
Add component (AddParameter): Name = "LatestRevisionNote"; Value = "Re-released for DXP Platform."; VariantName = "[No Variations]"
Add component (AddParameter): Name = "PackageReference"; Value = "AXIAL-0.4"; VariantName = "[No Variations]"
Add component (AddParameter): Name = "Published"; Value = "8-Jun-2000"; VariantName = "[No Variations]"
Add component (AddParameter): Name = "Publisher"; Value = "Altium Limited"; VariantName = "[No Variations]"
Add component (AddParameter): Name = "Value"; Value = ""; VariantName = "[No Variations]"
Added Component: Designator=R4_U_Light Detector CCT5(0805 RES)
Add component (AddParameter): Name = "ComponentLink1Description"; Value = "https://nz.mouser.com/datasheet/2/315/AOA0000C304-1149620.pdf"; VariantName = "[No Variations]"
Add component (AddParameter): Name = "LatestRevisionDate"; Value = "17-Jul-2002"; VariantName = "[No Variations]"
Add component (AddParameter): Name = "LatestRevisionNote"; Value = "Re-released for DXP Platform."; VariantName = "[No Variations]"
Add component (AddParameter): Name = "PackageReference"; Value = "AXIAL-0.4"; VariantName = "[No Variations]"
Add component (AddParameter): Name = "Published"; Value = "8-Jun-2000"; VariantName = "[No Variations]"
Add component (AddParameter): Name = "Publisher"; Value = "Altium Limited"; VariantName = "[No Variations]"
Add component (AddParameter): Name = "Value"; Value = ""; VariantName = "[No Variations]"
Added Component: Designator=R4_U_Light Detector CCT6(0805 RES)
Add component (AddParameter): Name = "ComponentLink1Description"; Value = "https://nz.mouser.com/datasheet/2/315/AOA0000C304-1149620.pdf"; VariantName = "[No Variations]"
Add component (AddParameter): Name = "LatestRevisionDate"; Value = "17-Jul-2002"; VariantName = "[No Variations]"
Add component (AddParameter): Name = "LatestRevisionNote"; Value = "Re-released for DXP Platform."; VariantName = "[No Variations]"
Add component (AddParameter): Name = "PackageReference"; Value = "AXIAL-0.4"; VariantName = "[No Variations]"
Add component (AddParameter): Name = "Published"; Value = "8-Jun-2000"; VariantName = "[No Variations]"
Add component (AddParameter): Name = "Publisher"; Value = "Altium Limited"; VariantName = "[No Variations]"
Add component (AddParameter): Name = "Value"; Value = ""; VariantName = "[No Variations]"
Added Component: Designator=R5_U_Light Detector CCT1(0805 RES)
Add component (AddParameter): Name = "ComponentLink1Description"; Value = "https://nz.mouser.com/datasheet/2/315/AOA0000C304-1149620.pdf"; VariantName = "[No Variations]"
Add component (AddParameter): Name = "LatestRevisionDate"; Value = "17-Jul-2002"; VariantName = "[No Variations]"
Add component (AddParameter): Name = "LatestRevisionNote"; Value = "Re-released for DXP Platform."; VariantName = "[No Variations]"
Add component (AddParameter): Name = "PackageReference"; Value = "AXIAL-0.4"; VariantName = "[No Variations]"
Add component (AddParameter): Name = "Published"; Value = "8-Jun-2000"; VariantName = "[No Variations]"
Add component (AddParameter): Name = "Publisher"; Value = "Altium Limited"; VariantName = "[No Variations]"
Add component (AddParameter): Name = "Value"; Value = ""; VariantName = "[No Variations]"
Added Component: Designator=R5_U_Light Detector CCT2(0805 RES)
Add component (AddParameter): Name = "ComponentLink1Description"; Value = "https://nz.mouser.com/datasheet/2/315/AOA0000C304-1149620.pdf"; VariantName = "[No Variations]"
Add component (AddParameter): Name = "LatestRevisionDate"; Value = "17-Jul-2002"; VariantName = "[No Variations]"
Add component (AddParameter): Name = "LatestRevisionNote"; Value = "Re-released for DXP Platform."; VariantName = "[No Variations]"
Add component (AddParameter): Name = "PackageReference"; Value = "AXIAL-0.4"; VariantName = "[No Variations]"
Add component (AddParameter): Name = "Published"; Value = "8-Jun-2000"; VariantName = "[No Variations]"
Add component (AddParameter): Name = "Publisher"; Value = "Altium Limited"; VariantName = "[No Variations]"
Add component (AddParameter): Name = "Value"; Value = ""; VariantName = "[No Variations]"
Added Component: Designator=R5_U_Light Detector CCT3(0805 RES)
Add component (AddParameter): Name = "ComponentLink1Description"; Value = "https://nz.mouser.com/datasheet/2/315/AOA0000C304-1149620.pdf"; VariantName = "[No Variations]"
Add component (AddParameter): Name = "LatestRevisionDate"; Value = "17-Jul-2002"; VariantName = "[No Variations]"
Add component (AddParameter): Name = "LatestRevisionNote"; Value = "Re-released for DXP Platform."; VariantName = "[No Variations]"
Add component (AddParameter): Name = "PackageReference"; Value = "AXIAL-0.4"; VariantName = "[No Variations]"
Add component (AddParameter): Name = "Published"; Value = "8-Jun-2000"; VariantName = "[No Variations]"
Add component (AddParameter): Name = "Publisher"; Value = "Altium Limited"; VariantName = "[No Variations]"
Add component (AddParameter): Name = "Value"; Value = ""; VariantName = "[No Variations]"
Added Component: Designator=R5_U_Light Detector CCT4(0805 RES)
Add component (AddParameter): Name = "ComponentLink1Description"; Value = "https://nz.mouser.com/datasheet/2/315/AOA0000C304-1149620.pdf"; VariantName = "[No Variations]"
Add component (AddParameter): Name = "LatestRevisionDate"; Value = "17-Jul-2002"; VariantName = "[No Variations]"
Add component (AddParameter): Name = "LatestRevisionNote"; Value = "Re-released for DXP Platform."; VariantName = "[No Variations]"
Add component (AddParameter): Name = "PackageReference"; Value = "AXIAL-0.4"; VariantName = "[No Variations]"
Add component (AddParameter): Name = "Published"; Value = "8-Jun-2000"; VariantName = "[No Variations]"
Add component (AddParameter): Name = "Publisher"; Value = "Altium Limited"; VariantName = "[No Variations]"
Add component (AddParameter): Name = "Value"; Value = ""; VariantName = "[No Variations]"
Added Component: Designator=R5_U_Light Detector CCT5(0805 RES)
Add component (AddParameter): Name = "ComponentLink1Description"; Value = "https://nz.mouser.com/datasheet/2/315/AOA0000C304-1149620.pdf"; VariantName = "[No Variations]"
Add component (AddParameter): Name = "LatestRevisionDate"; Value = "17-Jul-2002"; VariantName = "[No Variations]"
Add component (AddParameter): Name = "LatestRevisionNote"; Value = "Re-released for DXP Platform."; VariantName = "[No Variations]"
Add component (AddParameter): Name = "PackageReference"; Value = "AXIAL-0.4"; VariantName = "[No Variations]"
Add component (AddParameter): Name = "Published"; Value = "8-Jun-2000"; VariantName = "[No Variations]"
Add component (AddParameter): Name = "Publisher"; Value = "Altium Limited"; VariantName = "[No Variations]"
Add component (AddParameter): Name = "Value"; Value = ""; VariantName = "[No Variations]"
Added Component: Designator=R5_U_Light Detector CCT6(0805 RES)
Add component (AddParameter): Name = "ComponentLink1Description"; Value = "https://nz.mouser.com/datasheet/2/315/AOA0000C304-1149620.pdf"; VariantName = "[No Variations]"
Add component (AddParameter): Name = "LatestRevisionDate"; Value = "17-Jul-2002"; VariantName = "[No Variations]"
Add component (AddParameter): Name = "LatestRevisionNote"; Value = "Re-released for DXP Platform."; VariantName = "[No Variations]"
Add component (AddParameter): Name = "PackageReference"; Value = "AXIAL-0.4"; VariantName = "[No Variations]"
Add component (AddParameter): Name = "Published"; Value = "8-Jun-2000"; VariantName = "[No Variations]"
Add component (AddParameter): Name = "Publisher"; Value = "Altium Limited"; VariantName = "[No Variations]"
Add component (AddParameter): Name = "Value"; Value = ""; VariantName = "[No Variations]"
Added Component: Designator=R6_U_Light Detector CCT1(0805 RES)
Add component (AddParameter): Name = "ComponentLink1Description"; Value = "https://nz.mouser.com/datasheet/2/315/AOA0000C304-1149620.pdf"; VariantName = "[No Variations]"
Add component (AddParameter): Name = "LatestRevisionDate"; Value = "17-Jul-2002"; VariantName = "[No Variations]"
Add component (AddParameter): Name = "LatestRevisionNote"; Value = "Re-released for DXP Platform."; VariantName = "[No Variations]"
Add component (AddParameter): Name = "PackageReference"; Value = "AXIAL-0.4"; VariantName = "[No Variations]"
Add component (AddParameter): Name = "Published"; Value = "8-Jun-2000"; VariantName = "[No Variations]"
Add component (AddParameter): Name = "Publisher"; Value = "Altium Limited"; VariantName = "[No Variations]"
Add component (AddParameter): Name = "Value"; Value = ""; VariantName = "[No Variations]"
Added Component: Designator=R6_U_Light Detector CCT2(0805 RES)
Add component (AddParameter): Name = "ComponentLink1Description"; Value = "https://nz.mouser.com/datasheet/2/315/AOA0000C304-1149620.pdf"; VariantName = "[No Variations]"
Add component (AddParameter): Name = "LatestRevisionDate"; Value = "17-Jul-2002"; VariantName = "[No Variations]"
Add component (AddParameter): Name = "LatestRevisionNote"; Value = "Re-released for DXP Platform."; VariantName = "[No Variations]"
Add component (AddParameter): Name = "PackageReference"; Value = "AXIAL-0.4"; VariantName = "[No Variations]"
Add component (AddParameter): Name = "Published"; Value = "8-Jun-2000"; VariantName = "[No Variations]"
Add component (AddParameter): Name = "Publisher"; Value = "Altium Limited"; VariantName = "[No Variations]"
Add component (AddParameter): Name = "Value"; Value = ""; VariantName = "[No Variations]"
Added Component: Designator=R6_U_Light Detector CCT3(0805 RES)
Add component (AddParameter): Name = "ComponentLink1Description"; Value = "https://nz.mouser.com/datasheet/2/315/AOA0000C304-1149620.pdf"; VariantName = "[No Variations]"
Add component (AddParameter): Name = "LatestRevisionDate"; Value = "17-Jul-2002"; VariantName = "[No Variations]"
Add component (AddParameter): Name = "LatestRevisionNote"; Value = "Re-released for DXP Platform."; VariantName = "[No Variations]"
Add component (AddParameter): Name = "PackageReference"; Value = "AXIAL-0.4"; VariantName = "[No Variations]"
Add component (AddParameter): Name = "Published"; Value = "8-Jun-2000"; VariantName = "[No Variations]"
Add component (AddParameter): Name = "Publisher"; Value = "Altium Limited"; VariantName = "[No Variations]"
Add component (AddParameter): Name = "Value"; Value = ""; VariantName = "[No Variations]"
Added Component: Designator=R6_U_Light Detector CCT4(0805 RES)
Add component (AddParameter): Name = "ComponentLink1Description"; Value = "https://nz.mouser.com/datasheet/2/315/AOA0000C304-1149620.pdf"; VariantName = "[No Variations]"
Add component (AddParameter): Name = "LatestRevisionDate"; Value = "17-Jul-2002"; VariantName = "[No Variations]"
Add component (AddParameter): Name = "LatestRevisionNote"; Value = "Re-released for DXP Platform."; VariantName = "[No Variations]"
Add component (AddParameter): Name = "PackageReference"; Value = "AXIAL-0.4"; VariantName = "[No Variations]"
Add component (AddParameter): Name = "Published"; Value = "8-Jun-2000"; VariantName = "[No Variations]"
Add component (AddParameter): Name = "Publisher"; Value = "Altium Limited"; VariantName = "[No Variations]"
Add component (AddParameter): Name = "Value"; Value = ""; VariantName = "[No Variations]"
Added Component: Designator=R6_U_Light Detector CCT5(0805 RES)
Add component (AddParameter): Name = "ComponentLink1Description"; Value = "https://nz.mouser.com/datasheet/2/315/AOA0000C304-1149620.pdf"; VariantName = "[No Variations]"
Add component (AddParameter): Name = "LatestRevisionDate"; Value = "17-Jul-2002"; VariantName = "[No Variations]"
Add component (AddParameter): Name = "LatestRevisionNote"; Value = "Re-released for DXP Platform."; VariantName = "[No Variations]"
Add component (AddParameter): Name = "PackageReference"; Value = "AXIAL-0.4"; VariantName = "[No Variations]"
Add component (AddParameter): Name = "Published"; Value = "8-Jun-2000"; VariantName = "[No Variations]"
Add component (AddParameter): Name = "Publisher"; Value = "Altium Limited"; VariantName = "[No Variations]"
Add component (AddParameter): Name = "Value"; Value = ""; VariantName = "[No Variations]"
Added Component: Designator=R6_U_Light Detector CCT6(0805 RES)
Add component (AddParameter): Name = "ComponentLink1Description"; Value = "https://nz.mouser.com/datasheet/2/315/AOA0000C304-1149620.pdf"; VariantName = "[No Variations]"
Add component (AddParameter): Name = "LatestRevisionDate"; Value = "17-Jul-2002"; VariantName = "[No Variations]"
Add component (AddParameter): Name = "LatestRevisionNote"; Value = "Re-released for DXP Platform."; VariantName = "[No Variations]"
Add component (AddParameter): Name = "PackageReference"; Value = "AXIAL-0.4"; VariantName = "[No Variations]"
Add component (AddParameter): Name = "Published"; Value = "8-Jun-2000"; VariantName = "[No Variations]"
Add component (AddParameter): Name = "Publisher"; Value = "Altium Limited"; VariantName = "[No Variations]"
Add component (AddParameter): Name = "Value"; Value = ""; VariantName = "[No Variations]"
Added Component: Designator=R7(0805 RES)
Add component (AddParameter): Name = "ComponentLink1Description"; Value = "https://nz.mouser.com/datasheet/2/315/AOA0000C304-1149620.pdf"; VariantName = "[No Variations]"
Add component (AddParameter): Name = "LatestRevisionDate"; Value = "17-Jul-2002"; VariantName = "[No Variations]"
Add component (AddParameter): Name = "LatestRevisionNote"; Value = "Re-released for DXP Platform."; VariantName = "[No Variations]"
Add component (AddParameter): Name = "PackageReference"; Value = "AXIAL-0.4"; VariantName = "[No Variations]"
Add component (AddParameter): Name = "Published"; Value = "8-Jun-2000"; VariantName = "[No Variations]"
Add component (AddParameter): Name = "Publisher"; Value = "Altium Limited"; VariantName = "[No Variations]"
Add component (AddParameter): Name = "Value"; Value = ""; VariantName = "[No Variations]"
Added Component: Designator=R8(0805 RES)
Add component (AddParameter): Name = "ComponentLink1Description"; Value = "https://nz.mouser.com/datasheet/2/315/AOA0000C304-1149620.pdf"; VariantName = "[No Variations]"
Add component (AddParameter): Name = "LatestRevisionDate"; Value = "17-Jul-2002"; VariantName = "[No Variations]"
Add component (AddParameter): Name = "LatestRevisionNote"; Value = "Re-released for DXP Platform."; VariantName = "[No Variations]"
Add component (AddParameter): Name = "PackageReference"; Value = "AXIAL-0.4"; VariantName = "[No Variations]"
Add component (AddParameter): Name = "Published"; Value = "8-Jun-2000"; VariantName = "[No Variations]"
Add component (AddParameter): Name = "Publisher"; Value = "Altium Limited"; VariantName = "[No Variations]"
Add component (AddParameter): Name = "Value"; Value = ""; VariantName = "[No Variations]"
Added Component: Designator=R9(0805 RES)
Add component (AddParameter): Name = "ComponentLink1Description"; Value = "https://nz.mouser.com/datasheet/2/315/AOA0000C304-1149620.pdf"; VariantName = "[No Variations]"
Add component (AddParameter): Name = "LatestRevisionDate"; Value = "17-Jul-2002"; VariantName = "[No Variations]"
Add component (AddParameter): Name = "LatestRevisionNote"; Value = "Re-released for DXP Platform."; VariantName = "[No Variations]"
Add component (AddParameter): Name = "PackageReference"; Value = "AXIAL-0.4"; VariantName = "[No Variations]"
Add component (AddParameter): Name = "Published"; Value = "8-Jun-2000"; VariantName = "[No Variations]"
Add component (AddParameter): Name = "Publisher"; Value = "Altium Limited"; VariantName = "[No Variations]"
Add component (AddParameter): Name = "Value"; Value = ""; VariantName = "[No Variations]"
Added Component: Designator=R10(0805 RES)
Add component (AddParameter): Name = "ComponentLink1Description"; Value = "https://nz.mouser.com/datasheet/2/315/AOA0000C304-1149620.pdf"; VariantName = "[No Variations]"
Add component (AddParameter): Name = "LatestRevisionDate"; Value = "17-Jul-2002"; VariantName = "[No Variations]"
Add component (AddParameter): Name = "LatestRevisionNote"; Value = "Re-released for DXP Platform."; VariantName = "[No Variations]"
Add component (AddParameter): Name = "PackageReference"; Value = "AXIAL-0.4"; VariantName = "[No Variations]"
Add component (AddParameter): Name = "Published"; Value = "8-Jun-2000"; VariantName = "[No Variations]"
Add component (AddParameter): Name = "Publisher"; Value = "Altium Limited"; VariantName = "[No Variations]"
Add component (AddParameter): Name = "Value"; Value = ""; VariantName = "[No Variations]"
Added Component: Designator=R11(0805 RES)
Add component (AddParameter): Name = "ComponentLink1Description"; Value = "https://nz.mouser.com/datasheet/2/315/AOA0000C304-1149620.pdf"; VariantName = "[No Variations]"
Add component (AddParameter): Name = "LatestRevisionDate"; Value = "17-Jul-2002"; VariantName = "[No Variations]"
Add component (AddParameter): Name = "LatestRevisionNote"; Value = "Re-released for DXP Platform."; VariantName = "[No Variations]"
Add component (AddParameter): Name = "PackageReference"; Value = "AXIAL-0.4"; VariantName = "[No Variations]"
Add component (AddParameter): Name = "Published"; Value = "8-Jun-2000"; VariantName = "[No Variations]"
Add component (AddParameter): Name = "Publisher"; Value = "Altium Limited"; VariantName = "[No Variations]"
Add component (AddParameter): Name = "Value"; Value = ""; VariantName = "[No Variations]"
Added Component: Designator=R12(0805 RES)
Add component (AddParameter): Name = "ComponentLink1Description"; Value = "https://nz.mouser.com/datasheet/2/315/AOA0000C304-1149620.pdf"; VariantName = "[No Variations]"
Add component (AddParameter): Name = "LatestRevisionDate"; Value = "17-Jul-2002"; VariantName = "[No Variations]"
Add component (AddParameter): Name = "LatestRevisionNote"; Value = "Re-released for DXP Platform."; VariantName = "[No Variations]"
Add component (AddParameter): Name = "PackageReference"; Value = "AXIAL-0.4"; VariantName = "[No Variations]"
Add component (AddParameter): Name = "Published"; Value = "8-Jun-2000"; VariantName = "[No Variations]"
Add component (AddParameter): Name = "Publisher"; Value = "Altium Limited"; VariantName = "[No Variations]"
Add component (AddParameter): Name = "Value"; Value = ""; VariantName = "[No Variations]"
Added Component: Designator=U1_U_Light Detector CCT1(SOIC-14)
Add component (AddParameter): Name = "ComponentLink1Description"; Value = "Manufacturer URL"; VariantName = "[No Variations]"
Add component (AddParameter): Name = "ComponentLink1URL"; Value = "http://www.onsemi.com/"; VariantName = "[No Variations]"
Add component (AddParameter): Name = "ComponentLink2Description"; Value = "Datasheet"; VariantName = "[No Variations]"
Add component (AddParameter): Name = "ComponentLink2URL"; Value = "http://www.onsemi.cn/pub_link/Collateral/LM324-D.PDF"; VariantName = "[No Variations]"
Add component (AddParameter): Name = "ComponentLink3Description"; Value = "Package Specification"; VariantName = "[No Variations]"
Add component (AddParameter): Name = "ComponentLink3URL"; Value = "http://www.onsemi.com/pub_link/Collateral/751A-03.PDF"; VariantName = "[No Variations]"
Add component (AddParameter): Name = "DatasheetVersion"; Value = "Rev. 25"; VariantName = "[No Variations]"
Add component (AddParameter): Name = "Manufacturer"; Value = "On Semiconductor"; VariantName = "[No Variations]"
Add component (AddParameter): Name = "Mounting Technology"; Value = "Surface Mount"; VariantName = "[No Variations]"
Add component (AddParameter): Name = "PackageDescription"; Value = "14-Pin Small Outline Integrated Circuit, Body 8.65 x 3.9 mm, Pitch 1.27 mm"; VariantName = "[No Variations]"
Add component (AddParameter): Name = "PackageReference"; Value = "SOIC-14-751A-03"; VariantName = "[No Variations]"
Add component (AddParameter): Name = "PackageVersion"; Value = "Rev. K, 05/2011"; VariantName = "[No Variations]"
Add component (AddParameter): Name = "Packing"; Value = "Tape and Reel"; VariantName = "[No Variations]"
Add component (AddParameter): Name = "PartNumber"; Value = "LM324DR2G"; VariantName = "[No Variations]"
Add component (AddParameter): Name = "RoHS"; Value = "TRUE"; VariantName = "[No Variations]"
Add component (AddParameter): Name = "VCC Max (V)"; Value = "32"; VariantName = "[No Variations]"
Add component (AddParameter): Name = "VCC Min (V)"; Value = "3"; VariantName = "[No Variations]"
Added Component: Designator=U1_U_Light Detector CCT2(SOIC-14)
Add component (AddParameter): Name = "ComponentLink1Description"; Value = "Manufacturer URL"; VariantName = "[No Variations]"
Add component (AddParameter): Name = "ComponentLink1URL"; Value = "http://www.onsemi.com/"; VariantName = "[No Variations]"
Add component (AddParameter): Name = "ComponentLink2Description"; Value = "Datasheet"; VariantName = "[No Variations]"
Add component (AddParameter): Name = "ComponentLink2URL"; Value = "http://www.onsemi.cn/pub_link/Collateral/LM324-D.PDF"; VariantName = "[No Variations]"
Add component (AddParameter): Name = "ComponentLink3Description"; Value = "Package Specification"; VariantName = "[No Variations]"
Add component (AddParameter): Name = "ComponentLink3URL"; Value = "http://www.onsemi.com/pub_link/Collateral/751A-03.PDF"; VariantName = "[No Variations]"
Add component (AddParameter): Name = "DatasheetVersion"; Value = "Rev. 25"; VariantName = "[No Variations]"
Add component (AddParameter): Name = "Manufacturer"; Value = "On Semiconductor"; VariantName = "[No Variations]"
Add component (AddParameter): Name = "Mounting Technology"; Value = "Surface Mount"; VariantName = "[No Variations]"
Add component (AddParameter): Name = "PackageDescription"; Value = "14-Pin Small Outline Integrated Circuit, Body 8.65 x 3.9 mm, Pitch 1.27 mm"; VariantName = "[No Variations]"
Add component (AddParameter): Name = "PackageReference"; Value = "SOIC-14-751A-03"; VariantName = "[No Variations]"
Add component (AddParameter): Name = "PackageVersion"; Value = "Rev. K, 05/2011"; VariantName = "[No Variations]"
Add component (AddParameter): Name = "Packing"; Value = "Tape and Reel"; VariantName = "[No Variations]"
Add component (AddParameter): Name = "PartNumber"; Value = "LM324DR2G"; VariantName = "[No Variations]"
Add component (AddParameter): Name = "RoHS"; Value = "TRUE"; VariantName = "[No Variations]"
Add component (AddParameter): Name = "VCC Max (V)"; Value = "32"; VariantName = "[No Variations]"
Add component (AddParameter): Name = "VCC Min (V)"; Value = "3"; VariantName = "[No Variations]"
Added Component: Designator=U1_U_Light Detector CCT3(SOIC-14)
Add component (AddParameter): Name = "ComponentLink1Description"; Value = "Manufacturer URL"; VariantName = "[No Variations]"
Add component (AddParameter): Name = "ComponentLink1URL"; Value = "http://www.onsemi.com/"; VariantName = "[No Variations]"
Add component (AddParameter): Name = "ComponentLink2Description"; Value = "Datasheet"; VariantName = "[No Variations]"
Add component (AddParameter): Name = "ComponentLink2URL"; Value = "http://www.onsemi.cn/pub_link/Collateral/LM324-D.PDF"; VariantName = "[No Variations]"
Add component (AddParameter): Name = "ComponentLink3Description"; Value = "Package Specification"; VariantName = "[No Variations]"
Add component (AddParameter): Name = "ComponentLink3URL"; Value = "http://www.onsemi.com/pub_link/Collateral/751A-03.PDF"; VariantName = "[No Variations]"
Add component (AddParameter): Name = "DatasheetVersion"; Value = "Rev. 25"; VariantName = "[No Variations]"
Add component (AddParameter): Name = "Manufacturer"; Value = "On Semiconductor"; VariantName = "[No Variations]"
Add component (AddParameter): Name = "Mounting Technology"; Value = "Surface Mount"; VariantName = "[No Variations]"
Add component (AddParameter): Name = "PackageDescription"; Value = "14-Pin Small Outline Integrated Circuit, Body 8.65 x 3.9 mm, Pitch 1.27 mm"; VariantName = "[No Variations]"
Add component (AddParameter): Name = "PackageReference"; Value = "SOIC-14-751A-03"; VariantName = "[No Variations]"
Add component (AddParameter): Name = "PackageVersion"; Value = "Rev. K, 05/2011"; VariantName = "[No Variations]"
Add component (AddParameter): Name = "Packing"; Value = "Tape and Reel"; VariantName = "[No Variations]"
Add component (AddParameter): Name = "PartNumber"; Value = "LM324DR2G"; VariantName = "[No Variations]"
Add component (AddParameter): Name = "RoHS"; Value = "TRUE"; VariantName = "[No Variations]"
Add component (AddParameter): Name = "VCC Max (V)"; Value = "32"; VariantName = "[No Variations]"
Add component (AddParameter): Name = "VCC Min (V)"; Value = "3"; VariantName = "[No Variations]"
Added Component: Designator=U1_U_Light Detector CCT4(SOIC-14)
Add component (AddParameter): Name = "ComponentLink1Description"; Value = "Manufacturer URL"; VariantName = "[No Variations]"
Add component (AddParameter): Name = "ComponentLink1URL"; Value = "http://www.onsemi.com/"; VariantName = "[No Variations]"
Add component (AddParameter): Name = "ComponentLink2Description"; Value = "Datasheet"; VariantName = "[No Variations]"
Add component (AddParameter): Name = "ComponentLink2URL"; Value = "http://www.onsemi.cn/pub_link/Collateral/LM324-D.PDF"; VariantName = "[No Variations]"
Add component (AddParameter): Name = "ComponentLink3Description"; Value = "Package Specification"; VariantName = "[No Variations]"
Add component (AddParameter): Name = "ComponentLink3URL"; Value = "http://www.onsemi.com/pub_link/Collateral/751A-03.PDF"; VariantName = "[No Variations]"
Add component (AddParameter): Name = "DatasheetVersion"; Value = "Rev. 25"; VariantName = "[No Variations]"
Add component (AddParameter): Name = "Manufacturer"; Value = "On Semiconductor"; VariantName = "[No Variations]"
Add component (AddParameter): Name = "Mounting Technology"; Value = "Surface Mount"; VariantName = "[No Variations]"
Add component (AddParameter): Name = "PackageDescription"; Value = "14-Pin Small Outline Integrated Circuit, Body 8.65 x 3.9 mm, Pitch 1.27 mm"; VariantName = "[No Variations]"
Add component (AddParameter): Name = "PackageReference"; Value = "SOIC-14-751A-03"; VariantName = "[No Variations]"
Add component (AddParameter): Name = "PackageVersion"; Value = "Rev. K, 05/2011"; VariantName = "[No Variations]"
Add component (AddParameter): Name = "Packing"; Value = "Tape and Reel"; VariantName = "[No Variations]"
Add component (AddParameter): Name = "PartNumber"; Value = "LM324DR2G"; VariantName = "[No Variations]"
Add component (AddParameter): Name = "RoHS"; Value = "TRUE"; VariantName = "[No Variations]"
Add component (AddParameter): Name = "VCC Max (V)"; Value = "32"; VariantName = "[No Variations]"
Add component (AddParameter): Name = "VCC Min (V)"; Value = "3"; VariantName = "[No Variations]"
Added Component: Designator=U1_U_Light Detector CCT5(SOIC-14)
Add component (AddParameter): Name = "ComponentLink1Description"; Value = "Manufacturer URL"; VariantName = "[No Variations]"
Add component (AddParameter): Name = "ComponentLink1URL"; Value = "http://www.onsemi.com/"; VariantName = "[No Variations]"
Add component (AddParameter): Name = "ComponentLink2Description"; Value = "Datasheet"; VariantName = "[No Variations]"
Add component (AddParameter): Name = "ComponentLink2URL"; Value = "http://www.onsemi.cn/pub_link/Collateral/LM324-D.PDF"; VariantName = "[No Variations]"
Add component (AddParameter): Name = "ComponentLink3Description"; Value = "Package Specification"; VariantName = "[No Variations]"
Add component (AddParameter): Name = "ComponentLink3URL"; Value = "http://www.onsemi.com/pub_link/Collateral/751A-03.PDF"; VariantName = "[No Variations]"
Add component (AddParameter): Name = "DatasheetVersion"; Value = "Rev. 25"; VariantName = "[No Variations]"
Add component (AddParameter): Name = "Manufacturer"; Value = "On Semiconductor"; VariantName = "[No Variations]"
Add component (AddParameter): Name = "Mounting Technology"; Value = "Surface Mount"; VariantName = "[No Variations]"
Add component (AddParameter): Name = "PackageDescription"; Value = "14-Pin Small Outline Integrated Circuit, Body 8.65 x 3.9 mm, Pitch 1.27 mm"; VariantName = "[No Variations]"
Add component (AddParameter): Name = "PackageReference"; Value = "SOIC-14-751A-03"; VariantName = "[No Variations]"
Add component (AddParameter): Name = "PackageVersion"; Value = "Rev. K, 05/2011"; VariantName = "[No Variations]"
Add component (AddParameter): Name = "Packing"; Value = "Tape and Reel"; VariantName = "[No Variations]"
Add component (AddParameter): Name = "PartNumber"; Value = "LM324DR2G"; VariantName = "[No Variations]"
Add component (AddParameter): Name = "RoHS"; Value = "TRUE"; VariantName = "[No Variations]"
Add component (AddParameter): Name = "VCC Max (V)"; Value = "32"; VariantName = "[No Variations]"
Add component (AddParameter): Name = "VCC Min (V)"; Value = "3"; VariantName = "[No Variations]"
Added Component: Designator=U1_U_Light Detector CCT6(SOIC-14)
Add component (AddParameter): Name = "ComponentLink1Description"; Value = "Manufacturer URL"; VariantName = "[No Variations]"
Add component (AddParameter): Name = "ComponentLink1URL"; Value = "http://www.onsemi.com/"; VariantName = "[No Variations]"
Add component (AddParameter): Name = "ComponentLink2Description"; Value = "Datasheet"; VariantName = "[No Variations]"
Add component (AddParameter): Name = "ComponentLink2URL"; Value = "http://www.onsemi.cn/pub_link/Collateral/LM324-D.PDF"; VariantName = "[No Variations]"
Add component (AddParameter): Name = "ComponentLink3Description"; Value = "Package Specification"; VariantName = "[No Variations]"
Add component (AddParameter): Name = "ComponentLink3URL"; Value = "http://www.onsemi.com/pub_link/Collateral/751A-03.PDF"; VariantName = "[No Variations]"
Add component (AddParameter): Name = "DatasheetVersion"; Value = "Rev. 25"; VariantName = "[No Variations]"
Add component (AddParameter): Name = "Manufacturer"; Value = "On Semiconductor"; VariantName = "[No Variations]"
Add component (AddParameter): Name = "Mounting Technology"; Value = "Surface Mount"; VariantName = "[No Variations]"
Add component (AddParameter): Name = "PackageDescription"; Value = "14-Pin Small Outline Integrated Circuit, Body 8.65 x 3.9 mm, Pitch 1.27 mm"; VariantName = "[No Variations]"
Add component (AddParameter): Name = "PackageReference"; Value = "SOIC-14-751A-03"; VariantName = "[No Variations]"
Add component (AddParameter): Name = "PackageVersion"; Value = "Rev. K, 05/2011"; VariantName = "[No Variations]"
Add component (AddParameter): Name = "Packing"; Value = "Tape and Reel"; VariantName = "[No Variations]"
Add component (AddParameter): Name = "PartNumber"; Value = "LM324DR2G"; VariantName = "[No Variations]"
Add component (AddParameter): Name = "RoHS"; Value = "TRUE"; VariantName = "[No Variations]"
Add component (AddParameter): Name = "VCC Max (V)"; Value = "32"; VariantName = "[No Variations]"
Add component (AddParameter): Name = "VCC Min (V)"; Value = "3"; VariantName = "[No Variations]"
Added Component: Designator=U2_U_Light Detector CCT1(FP-N0014A-MFG)
Add component (AddParameter): Name = "Case/Package"; Value = "PDIP"; VariantName = "[No Variations]"
Add component (AddParameter): Name = "Contact Plating"; Value = "Gold"; VariantName = "[No Variations]"
Add component (AddParameter): Name = "Dual Supply Voltage"; Value = "9V"; VariantName = "[No Variations]"
Add component (AddParameter): Name = "Height"; Value = "4.57mm"; VariantName = "[No Variations]"
Add component (AddParameter): Name = "Input Bias Current"; Value = "250nA"; VariantName = "[No Variations]"
Add component (AddParameter): Name = "Input Offset Voltage (Vos)"; Value = "5mV"; VariantName = "[No Variations]"
Add component (AddParameter): Name = "Lead Free"; Value = "Lead Free"; VariantName = "[No Variations]"
Add component (AddParameter): Name = "Length"; Value = "19.3mm"; VariantName = "[No Variations]"
Add component (AddParameter): Name = "Max Dual Supply Voltage"; Value = "15V"; VariantName = "[No Variations]"
Add component (AddParameter): Name = "Max Input Current"; Value = "250nA"; VariantName = "[No Variations]"
Add component (AddParameter): Name = "Max Operating Temperature"; Value = "70°C"; VariantName = "[No Variations]"
Add component (AddParameter): Name = "Max Power Dissipation"; Value = "1.05W"; VariantName = "[No Variations]"
Add component (AddParameter): Name = "Max Supply Current"; Value = "500uA"; VariantName = "[No Variations]"
Add component (AddParameter): Name = "Max Supply Voltage"; Value = "30V"; VariantName = "[No Variations]"
Add component (AddParameter): Name = "Min Dual Supply Voltage"; Value = "1V"; VariantName = "[No Variations]"
Add component (AddParameter): Name = "Min Operating Temperature"; Value = "0°C"; VariantName = "[No Variations]"
Add component (AddParameter): Name = "Min Supply Voltage"; Value = "2V"; VariantName = "[No Variations]"
Add component (AddParameter): Name = "Mount"; Value = "Through Hole"; VariantName = "[No Variations]"
Add component (AddParameter): Name = "Nominal Supply Current"; Value = "2mA"; VariantName = "[No Variations]"
Add component (AddParameter): Name = "Number of Channels"; Value = "4"; VariantName = "[No Variations]"
Add component (AddParameter): Name = "Number of Elements"; Value = "4"; VariantName = "[No Variations]"
Add component (AddParameter): Name = "Number of Pins"; Value = "14"; VariantName = "[No Variations]"
Add component (AddParameter): Name = "Output Current"; Value = "20mA"; VariantName = "[No Variations]"
Add component (AddParameter): Name = "Output Current per Channel"; Value = "6mA"; VariantName = "[No Variations]"
Add component (AddParameter): Name = "Output Type"; Value = "TTL"; VariantName = "[No Variations]"
Add component (AddParameter): Name = "Package Quantity"; Value = "25"; VariantName = "[No Variations]"
Add component (AddParameter): Name = "Packaging"; Value = "Rail/Tube"; VariantName = "[No Variations]"
Add component (AddParameter): Name = "Power Dissipation"; Value = "1.05kW"; VariantName = "[No Variations]"
Add component (AddParameter): Name = "Quiescent Current"; Value = "2.5mA"; VariantName = "[No Variations]"
Add component (AddParameter): Name = "Radiation Hardening"; Value = "No"; VariantName = "[No Variations]"
Add component (AddParameter): Name = "REACH SVHC"; Value = "No SVHC"; VariantName = "[No Variations]"
Add component (AddParameter): Name = "Response Time"; Value = "1.3us"; VariantName = "[No Variations]"
Add component (AddParameter): Name = "Voltage Gain"; Value = "106.02dB"; VariantName = "[No Variations]"
Add component (AddParameter): Name = "Weight"; Value = "0.032734oz"; VariantName = "[No Variations]"
Add component (AddParameter): Name = "Width"; Value = "6.35mm"; VariantName = "[No Variations]"
Added Component: Designator=U2_U_Light Detector CCT2(FP-N0014A-MFG)
Add component (AddParameter): Name = "Case/Package"; Value = "PDIP"; VariantName = "[No Variations]"
Add component (AddParameter): Name = "Contact Plating"; Value = "Gold"; VariantName = "[No Variations]"
Add component (AddParameter): Name = "Dual Supply Voltage"; Value = "9V"; VariantName = "[No Variations]"
Add component (AddParameter): Name = "Height"; Value = "4.57mm"; VariantName = "[No Variations]"
Add component (AddParameter): Name = "Input Bias Current"; Value = "250nA"; VariantName = "[No Variations]"
Add component (AddParameter): Name = "Input Offset Voltage (Vos)"; Value = "5mV"; VariantName = "[No Variations]"
Add component (AddParameter): Name = "Lead Free"; Value = "Lead Free"; VariantName = "[No Variations]"
Add component (AddParameter): Name = "Length"; Value = "19.3mm"; VariantName = "[No Variations]"
Add component (AddParameter): Name = "Max Dual Supply Voltage"; Value = "15V"; VariantName = "[No Variations]"
Add component (AddParameter): Name = "Max Input Current"; Value = "250nA"; VariantName = "[No Variations]"
Add component (AddParameter): Name = "Max Operating Temperature"; Value = "70°C"; VariantName = "[No Variations]"
Add component (AddParameter): Name = "Max Power Dissipation"; Value = "1.05W"; VariantName = "[No Variations]"
Add component (AddParameter): Name = "Max Supply Current"; Value = "500uA"; VariantName = "[No Variations]"
Add component (AddParameter): Name = "Max Supply Voltage"; Value = "30V"; VariantName = "[No Variations]"
Add component (AddParameter): Name = "Min Dual Supply Voltage"; Value = "1V"; VariantName = "[No Variations]"
Add component (AddParameter): Name = "Min Operating Temperature"; Value = "0°C"; VariantName = "[No Variations]"
Add component (AddParameter): Name = "Min Supply Voltage"; Value = "2V"; VariantName = "[No Variations]"
Add component (AddParameter): Name = "Mount"; Value = "Through Hole"; VariantName = "[No Variations]"
Add component (AddParameter): Name = "Nominal Supply Current"; Value = "2mA"; VariantName = "[No Variations]"
Add component (AddParameter): Name = "Number of Channels"; Value = "4"; VariantName = "[No Variations]"
Add component (AddParameter): Name = "Number of Elements"; Value = "4"; VariantName = "[No Variations]"
Add component (AddParameter): Name = "Number of Pins"; Value = "14"; VariantName = "[No Variations]"
Add component (AddParameter): Name = "Output Current"; Value = "20mA"; VariantName = "[No Variations]"
Add component (AddParameter): Name = "Output Current per Channel"; Value = "6mA"; VariantName = "[No Variations]"
Add component (AddParameter): Name = "Output Type"; Value = "TTL"; VariantName = "[No Variations]"
Add component (AddParameter): Name = "Package Quantity"; Value = "25"; VariantName = "[No Variations]"
Add component (AddParameter): Name = "Packaging"; Value = "Rail/Tube"; VariantName = "[No Variations]"
Add component (AddParameter): Name = "Power Dissipation"; Value = "1.05kW"; VariantName = "[No Variations]"
Add component (AddParameter): Name = "Quiescent Current"; Value = "2.5mA"; VariantName = "[No Variations]"
Add component (AddParameter): Name = "Radiation Hardening"; Value = "No"; VariantName = "[No Variations]"
Add component (AddParameter): Name = "REACH SVHC"; Value = "No SVHC"; VariantName = "[No Variations]"
Add component (AddParameter): Name = "Response Time"; Value = "1.3us"; VariantName = "[No Variations]"
Add component (AddParameter): Name = "Voltage Gain"; Value = "106.02dB"; VariantName = "[No Variations]"
Add component (AddParameter): Name = "Weight"; Value = "0.032734oz"; VariantName = "[No Variations]"
Add component (AddParameter): Name = "Width"; Value = "6.35mm"; VariantName = "[No Variations]"
Added Component: Designator=U2_U_Light Detector CCT3(FP-N0014A-MFG)
Add component (AddParameter): Name = "Case/Package"; Value = "PDIP"; VariantName = "[No Variations]"
Add component (AddParameter): Name = "Contact Plating"; Value = "Gold"; VariantName = "[No Variations]"
Add component (AddParameter): Name = "Dual Supply Voltage"; Value = "9V"; VariantName = "[No Variations]"
Add component (AddParameter): Name = "Height"; Value = "4.57mm"; VariantName = "[No Variations]"
Add component (AddParameter): Name = "Input Bias Current"; Value = "250nA"; VariantName = "[No Variations]"
Add component (AddParameter): Name = "Input Offset Voltage (Vos)"; Value = "5mV"; VariantName = "[No Variations]"
Add component (AddParameter): Name = "Lead Free"; Value = "Lead Free"; VariantName = "[No Variations]"
Add component (AddParameter): Name = "Length"; Value = "19.3mm"; VariantName = "[No Variations]"
Add component (AddParameter): Name = "Max Dual Supply Voltage"; Value = "15V"; VariantName = "[No Variations]"
Add component (AddParameter): Name = "Max Input Current"; Value = "250nA"; VariantName = "[No Variations]"
Add component (AddParameter): Name = "Max Operating Temperature"; Value = "70°C"; VariantName = "[No Variations]"
Add component (AddParameter): Name = "Max Power Dissipation"; Value = "1.05W"; VariantName = "[No Variations]"
Add component (AddParameter): Name = "Max Supply Current"; Value = "500uA"; VariantName = "[No Variations]"
Add component (AddParameter): Name = "Max Supply Voltage"; Value = "30V"; VariantName = "[No Variations]"
Add component (AddParameter): Name = "Min Dual Supply Voltage"; Value = "1V"; VariantName = "[No Variations]"
Add component (AddParameter): Name = "Min Operating Temperature"; Value = "0°C"; VariantName = "[No Variations]"
Add component (AddParameter): Name = "Min Supply Voltage"; Value = "2V"; VariantName = "[No Variations]"
Add component (AddParameter): Name = "Mount"; Value = "Through Hole"; VariantName = "[No Variations]"
Add component (AddParameter): Name = "Nominal Supply Current"; Value = "2mA"; VariantName = "[No Variations]"
Add component (AddParameter): Name = "Number of Channels"; Value = "4"; VariantName = "[No Variations]"
Add component (AddParameter): Name = "Number of Elements"; Value = "4"; VariantName = "[No Variations]"
Add component (AddParameter): Name = "Number of Pins"; Value = "14"; VariantName = "[No Variations]"
Add component (AddParameter): Name = "Output Current"; Value = "20mA"; VariantName = "[No Variations]"
Add component (AddParameter): Name = "Output Current per Channel"; Value = "6mA"; VariantName = "[No Variations]"
Add component (AddParameter): Name = "Output Type"; Value = "TTL"; VariantName = "[No Variations]"
Add component (AddParameter): Name = "Package Quantity"; Value = "25"; VariantName = "[No Variations]"
Add component (AddParameter): Name = "Packaging"; Value = "Rail/Tube"; VariantName = "[No Variations]"
Add component (AddParameter): Name = "Power Dissipation"; Value = "1.05kW"; VariantName = "[No Variations]"
Add component (AddParameter): Name = "Quiescent Current"; Value = "2.5mA"; VariantName = "[No Variations]"
Add component (AddParameter): Name = "Radiation Hardening"; Value = "No"; VariantName = "[No Variations]"
Add component (AddParameter): Name = "REACH SVHC"; Value = "No SVHC"; VariantName = "[No Variations]"
Add component (AddParameter): Name = "Response Time"; Value = "1.3us"; VariantName = "[No Variations]"
Add component (AddParameter): Name = "Voltage Gain"; Value = "106.02dB"; VariantName = "[No Variations]"
Add component (AddParameter): Name = "Weight"; Value = "0.032734oz"; VariantName = "[No Variations]"
Add component (AddParameter): Name = "Width"; Value = "6.35mm"; VariantName = "[No Variations]"
Added Component: Designator=U2_U_Light Detector CCT4(FP-N0014A-MFG)
Add component (AddParameter): Name = "Case/Package"; Value = "PDIP"; VariantName = "[No Variations]"
Add component (AddParameter): Name = "Contact Plating"; Value = "Gold"; VariantName = "[No Variations]"
Add component (AddParameter): Name = "Dual Supply Voltage"; Value = "9V"; VariantName = "[No Variations]"
Add component (AddParameter): Name = "Height"; Value = "4.57mm"; VariantName = "[No Variations]"
Add component (AddParameter): Name = "Input Bias Current"; Value = "250nA"; VariantName = "[No Variations]"
Add component (AddParameter): Name = "Input Offset Voltage (Vos)"; Value = "5mV"; VariantName = "[No Variations]"
Add component (AddParameter): Name = "Lead Free"; Value = "Lead Free"; VariantName = "[No Variations]"
Add component (AddParameter): Name = "Length"; Value = "19.3mm"; VariantName = "[No Variations]"
Add component (AddParameter): Name = "Max Dual Supply Voltage"; Value = "15V"; VariantName = "[No Variations]"
Add component (AddParameter): Name = "Max Input Current"; Value = "250nA"; VariantName = "[No Variations]"
Add component (AddParameter): Name = "Max Operating Temperature"; Value = "70°C"; VariantName = "[No Variations]"
Add component (AddParameter): Name = "Max Power Dissipation"; Value = "1.05W"; VariantName = "[No Variations]"
Add component (AddParameter): Name = "Max Supply Current"; Value = "500uA"; VariantName = "[No Variations]"
Add component (AddParameter): Name = "Max Supply Voltage"; Value = "30V"; VariantName = "[No Variations]"
Add component (AddParameter): Name = "Min Dual Supply Voltage"; Value = "1V"; VariantName = "[No Variations]"
Add component (AddParameter): Name = "Min Operating Temperature"; Value = "0°C"; VariantName = "[No Variations]"
Add component (AddParameter): Name = "Min Supply Voltage"; Value = "2V"; VariantName = "[No Variations]"
Add component (AddParameter): Name = "Mount"; Value = "Through Hole"; VariantName = "[No Variations]"
Add component (AddParameter): Name = "Nominal Supply Current"; Value = "2mA"; VariantName = "[No Variations]"
Add component (AddParameter): Name = "Number of Channels"; Value = "4"; VariantName = "[No Variations]"
Add component (AddParameter): Name = "Number of Elements"; Value = "4"; VariantName = "[No Variations]"
Add component (AddParameter): Name = "Number of Pins"; Value = "14"; VariantName = "[No Variations]"
Add component (AddParameter): Name = "Output Current"; Value = "20mA"; VariantName = "[No Variations]"
Add component (AddParameter): Name = "Output Current per Channel"; Value = "6mA"; VariantName = "[No Variations]"
Add component (AddParameter): Name = "Output Type"; Value = "TTL"; VariantName = "[No Variations]"
Add component (AddParameter): Name = "Package Quantity"; Value = "25"; VariantName = "[No Variations]"
Add component (AddParameter): Name = "Packaging"; Value = "Rail/Tube"; VariantName = "[No Variations]"
Add component (AddParameter): Name = "Power Dissipation"; Value = "1.05kW"; VariantName = "[No Variations]"
Add component (AddParameter): Name = "Quiescent Current"; Value = "2.5mA"; VariantName = "[No Variations]"
Add component (AddParameter): Name = "Radiation Hardening"; Value = "No"; VariantName = "[No Variations]"
Add component (AddParameter): Name = "REACH SVHC"; Value = "No SVHC"; VariantName = "[No Variations]"
Add component (AddParameter): Name = "Response Time"; Value = "1.3us"; VariantName = "[No Variations]"
Add component (AddParameter): Name = "Voltage Gain"; Value = "106.02dB"; VariantName = "[No Variations]"
Add component (AddParameter): Name = "Weight"; Value = "0.032734oz"; VariantName = "[No Variations]"
Add component (AddParameter): Name = "Width"; Value = "6.35mm"; VariantName = "[No Variations]"
Added Component: Designator=U2_U_Light Detector CCT5(FP-N0014A-MFG)
Add component (AddParameter): Name = "Case/Package"; Value = "PDIP"; VariantName = "[No Variations]"
Add component (AddParameter): Name = "Contact Plating"; Value = "Gold"; VariantName = "[No Variations]"
Add component (AddParameter): Name = "Dual Supply Voltage"; Value = "9V"; VariantName = "[No Variations]"
Add component (AddParameter): Name = "Height"; Value = "4.57mm"; VariantName = "[No Variations]"
Add component (AddParameter): Name = "Input Bias Current"; Value = "250nA"; VariantName = "[No Variations]"
Add component (AddParameter): Name = "Input Offset Voltage (Vos)"; Value = "5mV"; VariantName = "[No Variations]"
Add component (AddParameter): Name = "Lead Free"; Value = "Lead Free"; VariantName = "[No Variations]"
Add component (AddParameter): Name = "Length"; Value = "19.3mm"; VariantName = "[No Variations]"
Add component (AddParameter): Name = "Max Dual Supply Voltage"; Value = "15V"; VariantName = "[No Variations]"
Add component (AddParameter): Name = "Max Input Current"; Value = "250nA"; VariantName = "[No Variations]"
Add component (AddParameter): Name = "Max Operating Temperature"; Value = "70°C"; VariantName = "[No Variations]"
Add component (AddParameter): Name = "Max Power Dissipation"; Value = "1.05W"; VariantName = "[No Variations]"
Add component (AddParameter): Name = "Max Supply Current"; Value = "500uA"; VariantName = "[No Variations]"
Add component (AddParameter): Name = "Max Supply Voltage"; Value = "30V"; VariantName = "[No Variations]"
Add component (AddParameter): Name = "Min Dual Supply Voltage"; Value = "1V"; VariantName = "[No Variations]"
Add component (AddParameter): Name = "Min Operating Temperature"; Value = "0°C"; VariantName = "[No Variations]"
Add component (AddParameter): Name = "Min Supply Voltage"; Value = "2V"; VariantName = "[No Variations]"
Add component (AddParameter): Name = "Mount"; Value = "Through Hole"; VariantName = "[No Variations]"
Add component (AddParameter): Name = "Nominal Supply Current"; Value = "2mA"; VariantName = "[No Variations]"
Add component (AddParameter): Name = "Number of Channels"; Value = "4"; VariantName = "[No Variations]"
Add component (AddParameter): Name = "Number of Elements"; Value = "4"; VariantName = "[No Variations]"
Add component (AddParameter): Name = "Number of Pins"; Value = "14"; VariantName = "[No Variations]"
Add component (AddParameter): Name = "Output Current"; Value = "20mA"; VariantName = "[No Variations]"
Add component (AddParameter): Name = "Output Current per Channel"; Value = "6mA"; VariantName = "[No Variations]"
Add component (AddParameter): Name = "Output Type"; Value = "TTL"; VariantName = "[No Variations]"
Add component (AddParameter): Name = "Package Quantity"; Value = "25"; VariantName = "[No Variations]"
Add component (AddParameter): Name = "Packaging"; Value = "Rail/Tube"; VariantName = "[No Variations]"
Add component (AddParameter): Name = "Power Dissipation"; Value = "1.05kW"; VariantName = "[No Variations]"
Add component (AddParameter): Name = "Quiescent Current"; Value = "2.5mA"; VariantName = "[No Variations]"
Add component (AddParameter): Name = "Radiation Hardening"; Value = "No"; VariantName = "[No Variations]"
Add component (AddParameter): Name = "REACH SVHC"; Value = "No SVHC"; VariantName = "[No Variations]"
Add component (AddParameter): Name = "Response Time"; Value = "1.3us"; VariantName = "[No Variations]"
Add component (AddParameter): Name = "Voltage Gain"; Value = "106.02dB"; VariantName = "[No Variations]"
Add component (AddParameter): Name = "Weight"; Value = "0.032734oz"; VariantName = "[No Variations]"
Add component (AddParameter): Name = "Width"; Value = "6.35mm"; VariantName = "[No Variations]"
Added Component: Designator=U2_U_Light Detector CCT6(FP-N0014A-MFG)
Add component (AddParameter): Name = "Case/Package"; Value = "PDIP"; VariantName = "[No Variations]"
Add component (AddParameter): Name = "Contact Plating"; Value = "Gold"; VariantName = "[No Variations]"
Add component (AddParameter): Name = "Dual Supply Voltage"; Value = "9V"; VariantName = "[No Variations]"
Add component (AddParameter): Name = "Height"; Value = "4.57mm"; VariantName = "[No Variations]"
Add component (AddParameter): Name = "Input Bias Current"; Value = "250nA"; VariantName = "[No Variations]"
Add component (AddParameter): Name = "Input Offset Voltage (Vos)"; Value = "5mV"; VariantName = "[No Variations]"
Add component (AddParameter): Name = "Lead Free"; Value = "Lead Free"; VariantName = "[No Variations]"
Add component (AddParameter): Name = "Length"; Value = "19.3mm"; VariantName = "[No Variations]"
Add component (AddParameter): Name = "Max Dual Supply Voltage"; Value = "15V"; VariantName = "[No Variations]"
Add component (AddParameter): Name = "Max Input Current"; Value = "250nA"; VariantName = "[No Variations]"
Add component (AddParameter): Name = "Max Operating Temperature"; Value = "70°C"; VariantName = "[No Variations]"
Add component (AddParameter): Name = "Max Power Dissipation"; Value = "1.05W"; VariantName = "[No Variations]"
Add component (AddParameter): Name = "Max Supply Current"; Value = "500uA"; VariantName = "[No Variations]"
Add component (AddParameter): Name = "Max Supply Voltage"; Value = "30V"; VariantName = "[No Variations]"
Add component (AddParameter): Name = "Min Dual Supply Voltage"; Value = "1V"; VariantName = "[No Variations]"
Add component (AddParameter): Name = "Min Operating Temperature"; Value = "0°C"; VariantName = "[No Variations]"
Add component (AddParameter): Name = "Min Supply Voltage"; Value = "2V"; VariantName = "[No Variations]"
Add component (AddParameter): Name = "Mount"; Value = "Through Hole"; VariantName = "[No Variations]"
Add component (AddParameter): Name = "Nominal Supply Current"; Value = "2mA"; VariantName = "[No Variations]"
Add component (AddParameter): Name = "Number of Channels"; Value = "4"; VariantName = "[No Variations]"
Add component (AddParameter): Name = "Number of Elements"; Value = "4"; VariantName = "[No Variations]"
Add component (AddParameter): Name = "Number of Pins"; Value = "14"; VariantName = "[No Variations]"
Add component (AddParameter): Name = "Output Current"; Value = "20mA"; VariantName = "[No Variations]"
Add component (AddParameter): Name = "Output Current per Channel"; Value = "6mA"; VariantName = "[No Variations]"
Add component (AddParameter): Name = "Output Type"; Value = "TTL"; VariantName = "[No Variations]"
Add component (AddParameter): Name = "Package Quantity"; Value = "25"; VariantName = "[No Variations]"
Add component (AddParameter): Name = "Packaging"; Value = "Rail/Tube"; VariantName = "[No Variations]"
Add component (AddParameter): Name = "Power Dissipation"; Value = "1.05kW"; VariantName = "[No Variations]"
Add component (AddParameter): Name = "Quiescent Current"; Value = "2.5mA"; VariantName = "[No Variations]"
Add component (AddParameter): Name = "Radiation Hardening"; Value = "No"; VariantName = "[No Variations]"
Add component (AddParameter): Name = "REACH SVHC"; Value = "No SVHC"; VariantName = "[No Variations]"
Add component (AddParameter): Name = "Response Time"; Value = "1.3us"; VariantName = "[No Variations]"
Add component (AddParameter): Name = "Voltage Gain"; Value = "106.02dB"; VariantName = "[No Variations]"
Add component (AddParameter): Name = "Weight"; Value = "0.032734oz"; VariantName = "[No Variations]"
Add component (AddParameter): Name = "Width"; Value = "6.35mm"; VariantName = "[No Variations]"
Added Pin To Net: NetName=VREF1 Pin=C1-1
Added Pin To Net: NetName=GND Pin=C1-2
Added Pin To Net: NetName=+5V Pin=C2_U_Light Detector CCT1-1
Added Pin To Net: NetName=GND Pin=C2_U_Light Detector CCT1-2
Added Pin To Net: NetName=+5V Pin=C2_U_Light Detector CCT2-1
Added Pin To Net: NetName=GND Pin=C2_U_Light Detector CCT2-2
Added Pin To Net: NetName=+5V Pin=C2_U_Light Detector CCT3-1
Added Pin To Net: NetName=GND Pin=C2_U_Light Detector CCT3-2
Added Pin To Net: NetName=+5V Pin=C2_U_Light Detector CCT4-1
Added Pin To Net: NetName=GND Pin=C2_U_Light Detector CCT4-2
Added Pin To Net: NetName=+5V Pin=C2_U_Light Detector CCT5-1
Added Pin To Net: NetName=GND Pin=C2_U_Light Detector CCT5-2
Added Pin To Net: NetName=+5V Pin=C2_U_Light Detector CCT6-1
Added Pin To Net: NetName=GND Pin=C2_U_Light Detector CCT6-2
Added Pin To Net: NetName=NetC3_U_Light Detector CCT1_1 Pin=C3_U_Light Detector CCT1-1
Added Pin To Net: NetName=NetC3_U_Light Detector CCT1_2 Pin=C3_U_Light Detector CCT1-2
Added Pin To Net: NetName=NetC3_U_Light Detector CCT2_1 Pin=C3_U_Light Detector CCT2-1
Added Pin To Net: NetName=NetC3_U_Light Detector CCT2_2 Pin=C3_U_Light Detector CCT2-2
Added Pin To Net: NetName=NetC3_U_Light Detector CCT3_1 Pin=C3_U_Light Detector CCT3-1
Added Pin To Net: NetName=NetC3_U_Light Detector CCT3_2 Pin=C3_U_Light Detector CCT3-2
Added Pin To Net: NetName=NetC3_U_Light Detector CCT4_1 Pin=C3_U_Light Detector CCT4-1
Added Pin To Net: NetName=NetC3_U_Light Detector CCT4_2 Pin=C3_U_Light Detector CCT4-2
Added Pin To Net: NetName=NetC3_U_Light Detector CCT5_1 Pin=C3_U_Light Detector CCT5-1
Added Pin To Net: NetName=NetC3_U_Light Detector CCT5_2 Pin=C3_U_Light Detector CCT5-2
Added Pin To Net: NetName=NetC3_U_Light Detector CCT6_1 Pin=C3_U_Light Detector CCT6-1
Added Pin To Net: NetName=NetC3_U_Light Detector CCT6_2 Pin=C3_U_Light Detector CCT6-2
Added Pin To Net: NetName=+5V Pin=C4_U_Light Detector CCT1-1
Added Pin To Net: NetName=GND Pin=C4_U_Light Detector CCT1-2
Added Pin To Net: NetName=+5V Pin=C4_U_Light Detector CCT2-1
Added Pin To Net: NetName=GND Pin=C4_U_Light Detector CCT2-2
Added Pin To Net: NetName=+5V Pin=C4_U_Light Detector CCT3-1
Added Pin To Net: NetName=GND Pin=C4_U_Light Detector CCT3-2
Added Pin To Net: NetName=+5V Pin=C4_U_Light Detector CCT4-1
Added Pin To Net: NetName=GND Pin=C4_U_Light Detector CCT4-2
Added Pin To Net: NetName=+5V Pin=C4_U_Light Detector CCT5-1
Added Pin To Net: NetName=GND Pin=C4_U_Light Detector CCT5-2
Added Pin To Net: NetName=+5V Pin=C4_U_Light Detector CCT6-1
Added Pin To Net: NetName=GND Pin=C4_U_Light Detector CCT6-2
Added Pin To Net: NetName=NetC5_U_Light Detector CCT1_1 Pin=C5_U_Light Detector CCT1-1
Added Pin To Net: NetName=GND Pin=C5_U_Light Detector CCT1-2
Added Pin To Net: NetName=NetC5_U_Light Detector CCT2_1 Pin=C5_U_Light Detector CCT2-1
Added Pin To Net: NetName=GND Pin=C5_U_Light Detector CCT2-2
Added Pin To Net: NetName=NetC5_U_Light Detector CCT3_1 Pin=C5_U_Light Detector CCT3-1
Added Pin To Net: NetName=GND Pin=C5_U_Light Detector CCT3-2
Added Pin To Net: NetName=NetC5_U_Light Detector CCT4_1 Pin=C5_U_Light Detector CCT4-1
Added Pin To Net: NetName=GND Pin=C5_U_Light Detector CCT4-2
Added Pin To Net: NetName=NetC5_U_Light Detector CCT5_1 Pin=C5_U_Light Detector CCT5-1
Added Pin To Net: NetName=GND Pin=C5_U_Light Detector CCT5-2
Added Pin To Net: NetName=NetC5_U_Light Detector CCT6_1 Pin=C5_U_Light Detector CCT6-1
Added Pin To Net: NetName=GND Pin=C5_U_Light Detector CCT6-2
Added Pin To Net: NetName=+5V Pin=C6_U_Light Detector CCT1-1
Added Pin To Net: NetName=GND Pin=C6_U_Light Detector CCT1-2
Added Pin To Net: NetName=+5V Pin=C6_U_Light Detector CCT2-1
Added Pin To Net: NetName=GND Pin=C6_U_Light Detector CCT2-2
Added Pin To Net: NetName=+5V Pin=C6_U_Light Detector CCT3-1
Added Pin To Net: NetName=GND Pin=C6_U_Light Detector CCT3-2
Added Pin To Net: NetName=+5V Pin=C6_U_Light Detector CCT4-1
Added Pin To Net: NetName=GND Pin=C6_U_Light Detector CCT4-2
Added Pin To Net: NetName=+5V Pin=C6_U_Light Detector CCT5-1
Added Pin To Net: NetName=GND Pin=C6_U_Light Detector CCT5-2
Added Pin To Net: NetName=+5V Pin=C6_U_Light Detector CCT6-1
Added Pin To Net: NetName=GND Pin=C6_U_Light Detector CCT6-2
Added Pin To Net: NetName=NetD1_U_Light Detector CCT1_1 Pin=D1_U_Light Detector CCT1-1
Added Pin To Net: NetName=NetC3_U_Light Detector CCT1_2 Pin=D1_U_Light Detector CCT1-2
Added Pin To Net: NetName=NetD1_U_Light Detector CCT2_1 Pin=D1_U_Light Detector CCT2-1
Added Pin To Net: NetName=NetC3_U_Light Detector CCT2_2 Pin=D1_U_Light Detector CCT2-2
Added Pin To Net: NetName=NetD1_U_Light Detector CCT3_1 Pin=D1_U_Light Detector CCT3-1
Added Pin To Net: NetName=NetC3_U_Light Detector CCT3_2 Pin=D1_U_Light Detector CCT3-2
Added Pin To Net: NetName=NetD1_U_Light Detector CCT4_1 Pin=D1_U_Light Detector CCT4-1
Added Pin To Net: NetName=NetC3_U_Light Detector CCT4_2 Pin=D1_U_Light Detector CCT4-2
Added Pin To Net: NetName=NetD1_U_Light Detector CCT5_1 Pin=D1_U_Light Detector CCT5-1
Added Pin To Net: NetName=NetC3_U_Light Detector CCT5_2 Pin=D1_U_Light Detector CCT5-2
Added Pin To Net: NetName=NetD1_U_Light Detector CCT6_1 Pin=D1_U_Light Detector CCT6-1
Added Pin To Net: NetName=NetC3_U_Light Detector CCT6_2 Pin=D1_U_Light Detector CCT6-2
Added Pin To Net: NetName=NetD5_A Pin=D5-A
Added Pin To Net: NetName=GND Pin=D5-K
Added Pin To Net: NetName=NetD6_A Pin=D6-A
Added Pin To Net: NetName=GND Pin=D6-K
Added Pin To Net: NetName=NetD7_A Pin=D7-A
Added Pin To Net: NetName=GND Pin=D7-K
Added Pin To Net: NetName=+5V Pin=Q1_U_Light Detector CCT1-1
Added Pin To Net: NetName=NetC3_U_Light Detector CCT1_1 Pin=Q1_U_Light Detector CCT1-2
Added Pin To Net: NetName=+5V Pin=Q1_U_Light Detector CCT2-1
Added Pin To Net: NetName=NetC3_U_Light Detector CCT2_1 Pin=Q1_U_Light Detector CCT2-2
Added Pin To Net: NetName=+5V Pin=Q1_U_Light Detector CCT3-1
Added Pin To Net: NetName=NetC3_U_Light Detector CCT3_1 Pin=Q1_U_Light Detector CCT3-2
Added Pin To Net: NetName=+5V Pin=Q1_U_Light Detector CCT4-1
Added Pin To Net: NetName=NetC3_U_Light Detector CCT4_1 Pin=Q1_U_Light Detector CCT4-2
Added Pin To Net: NetName=+5V Pin=Q1_U_Light Detector CCT5-1
Added Pin To Net: NetName=NetC3_U_Light Detector CCT5_1 Pin=Q1_U_Light Detector CCT5-2
Added Pin To Net: NetName=+5V Pin=Q1_U_Light Detector CCT6-1
Added Pin To Net: NetName=NetC3_U_Light Detector CCT6_1 Pin=Q1_U_Light Detector CCT6-2
Added Pin To Net: NetName=GND Pin=R2-1
Added Pin To Net: NetName=VREF1 Pin=R2-2
Added Pin To Net: NetName=GND Pin=R3_U_Light Detector CCT1-1
Added Pin To Net: NetName=NetC3_U_Light Detector CCT1_1 Pin=R3_U_Light Detector CCT1-2
Added Pin To Net: NetName=GND Pin=R3_U_Light Detector CCT2-1
Added Pin To Net: NetName=NetC3_U_Light Detector CCT2_1 Pin=R3_U_Light Detector CCT2-2
Added Pin To Net: NetName=GND Pin=R3_U_Light Detector CCT3-1
Added Pin To Net: NetName=NetC3_U_Light Detector CCT3_1 Pin=R3_U_Light Detector CCT3-2
Added Pin To Net: NetName=GND Pin=R3_U_Light Detector CCT4-1
Added Pin To Net: NetName=NetC3_U_Light Detector CCT4_1 Pin=R3_U_Light Detector CCT4-2
Added Pin To Net: NetName=GND Pin=R3_U_Light Detector CCT5-1
Added Pin To Net: NetName=NetC3_U_Light Detector CCT5_1 Pin=R3_U_Light Detector CCT5-2
Added Pin To Net: NetName=GND Pin=R3_U_Light Detector CCT6-1
Added Pin To Net: NetName=NetC3_U_Light Detector CCT6_1 Pin=R3_U_Light Detector CCT6-2
Added Pin To Net: NetName=GND Pin=R4_U_Light Detector CCT1-1
Added Pin To Net: NetName=NetC3_U_Light Detector CCT1_2 Pin=R4_U_Light Detector CCT1-2
Added Pin To Net: NetName=GND Pin=R4_U_Light Detector CCT2-1
Added Pin To Net: NetName=NetC3_U_Light Detector CCT2_2 Pin=R4_U_Light Detector CCT2-2
Added Pin To Net: NetName=GND Pin=R4_U_Light Detector CCT3-1
Added Pin To Net: NetName=NetC3_U_Light Detector CCT3_2 Pin=R4_U_Light Detector CCT3-2
Added Pin To Net: NetName=GND Pin=R4_U_Light Detector CCT4-1
Added Pin To Net: NetName=NetC3_U_Light Detector CCT4_2 Pin=R4_U_Light Detector CCT4-2
Added Pin To Net: NetName=GND Pin=R4_U_Light Detector CCT5-1
Added Pin To Net: NetName=NetC3_U_Light Detector CCT5_2 Pin=R4_U_Light Detector CCT5-2
Added Pin To Net: NetName=GND Pin=R4_U_Light Detector CCT6-1
Added Pin To Net: NetName=NetC3_U_Light Detector CCT6_2 Pin=R4_U_Light Detector CCT6-2
Added Pin To Net: NetName=NetR5_U_Light Detector CCT1_1 Pin=R5_U_Light Detector CCT1-1
Added Pin To Net: NetName=NetC5_U_Light Detector CCT1_1 Pin=R5_U_Light Detector CCT1-2
Added Pin To Net: NetName=NetR5_U_Light Detector CCT2_1 Pin=R5_U_Light Detector CCT2-1
Added Pin To Net: NetName=NetC5_U_Light Detector CCT2_1 Pin=R5_U_Light Detector CCT2-2
Added Pin To Net: NetName=NetR5_U_Light Detector CCT3_1 Pin=R5_U_Light Detector CCT3-1
Added Pin To Net: NetName=NetC5_U_Light Detector CCT3_1 Pin=R5_U_Light Detector CCT3-2
Added Pin To Net: NetName=NetR5_U_Light Detector CCT4_1 Pin=R5_U_Light Detector CCT4-1
Added Pin To Net: NetName=NetC5_U_Light Detector CCT4_1 Pin=R5_U_Light Detector CCT4-2
Added Pin To Net: NetName=NetR5_U_Light Detector CCT5_1 Pin=R5_U_Light Detector CCT5-1
Added Pin To Net: NetName=NetC5_U_Light Detector CCT5_1 Pin=R5_U_Light Detector CCT5-2
Added Pin To Net: NetName=NetR5_U_Light Detector CCT6_1 Pin=R5_U_Light Detector CCT6-1
Added Pin To Net: NetName=NetC5_U_Light Detector CCT6_1 Pin=R5_U_Light Detector CCT6-2
Added Pin To Net: NetName=OUTPUT1 Pin=R6_U_Light Detector CCT1-1
Added Pin To Net: NetName=+5V Pin=R6_U_Light Detector CCT1-2
Added Pin To Net: NetName=OUTPUT2 Pin=R6_U_Light Detector CCT2-1
Added Pin To Net: NetName=+5V Pin=R6_U_Light Detector CCT2-2
Added Pin To Net: NetName=OUTPUT3 Pin=R6_U_Light Detector CCT3-1
Added Pin To Net: NetName=+5V Pin=R6_U_Light Detector CCT3-2
Added Pin To Net: NetName=OUTPUT4 Pin=R6_U_Light Detector CCT4-1
Added Pin To Net: NetName=+5V Pin=R6_U_Light Detector CCT4-2
Added Pin To Net: NetName=OUTPUT5 Pin=R6_U_Light Detector CCT5-1
Added Pin To Net: NetName=+5V Pin=R6_U_Light Detector CCT5-2
Added Pin To Net: NetName=OUTPUT6 Pin=R6_U_Light Detector CCT6-1
Added Pin To Net: NetName=+5V Pin=R6_U_Light Detector CCT6-2
Added Pin To Net: NetName=NetD2_A Pin=R7-1
Added Pin To Net: NetName=LED1 Pin=R7-2
Added Pin To Net: NetName=NetD3_A Pin=R8-1
Added Pin To Net: NetName=LED2 Pin=R8-2
Added Pin To Net: NetName=NetD4_A Pin=R9-1
Added Pin To Net: NetName=LED3 Pin=R9-2
Added Pin To Net: NetName=NetD5_A Pin=R10-1
Added Pin To Net: NetName=LED4 Pin=R10-2
Added Pin To Net: NetName=NetD6_A Pin=R11-1
Added Pin To Net: NetName=LED5 Pin=R11-2
Added Pin To Net: NetName=NetD7_A Pin=R12-1
Added Pin To Net: NetName=LED6 Pin=R12-2
Added Pin To Net: NetName=NetR5_U_Light Detector CCT1_1 Pin=U1_U_Light Detector CCT1-1
Added Pin To Net: NetName=VREF1 Pin=U1_U_Light Detector CCT1-2
Added Pin To Net: NetName=NetD1_U_Light Detector CCT1_1 Pin=U1_U_Light Detector CCT1-3
Added Pin To Net: NetName=+5V Pin=U1_U_Light Detector CCT1-4
Added Pin To Net: NetName=GND Pin=U1_U_Light Detector CCT1-11
Added Pin To Net: NetName=NetR5_U_Light Detector CCT2_1 Pin=U1_U_Light Detector CCT2-1
Added Pin To Net: NetName=VREF1 Pin=U1_U_Light Detector CCT2-2
Added Pin To Net: NetName=NetD1_U_Light Detector CCT2_1 Pin=U1_U_Light Detector CCT2-3
Added Pin To Net: NetName=+5V Pin=U1_U_Light Detector CCT2-4
Added Pin To Net: NetName=GND Pin=U1_U_Light Detector CCT2-11
Added Pin To Net: NetName=NetR5_U_Light Detector CCT3_1 Pin=U1_U_Light Detector CCT3-1
Added Pin To Net: NetName=VREF1 Pin=U1_U_Light Detector CCT3-2
Added Pin To Net: NetName=NetD1_U_Light Detector CCT3_1 Pin=U1_U_Light Detector CCT3-3
Added Pin To Net: NetName=+5V Pin=U1_U_Light Detector CCT3-4
Added Pin To Net: NetName=GND Pin=U1_U_Light Detector CCT3-11
Added Pin To Net: NetName=NetR5_U_Light Detector CCT4_1 Pin=U1_U_Light Detector CCT4-1
Added Pin To Net: NetName=VREF1 Pin=U1_U_Light Detector CCT4-2
Added Pin To Net: NetName=NetD1_U_Light Detector CCT4_1 Pin=U1_U_Light Detector CCT4-3
Added Pin To Net: NetName=+5V Pin=U1_U_Light Detector CCT4-4
Added Pin To Net: NetName=GND Pin=U1_U_Light Detector CCT4-11
Added Pin To Net: NetName=NetR5_U_Light Detector CCT5_1 Pin=U1_U_Light Detector CCT5-1
Added Pin To Net: NetName=VREF1 Pin=U1_U_Light Detector CCT5-2
Added Pin To Net: NetName=NetD1_U_Light Detector CCT5_1 Pin=U1_U_Light Detector CCT5-3
Added Pin To Net: NetName=+5V Pin=U1_U_Light Detector CCT5-4
Added Pin To Net: NetName=GND Pin=U1_U_Light Detector CCT5-11
Added Pin To Net: NetName=NetR5_U_Light Detector CCT6_1 Pin=U1_U_Light Detector CCT6-1
Added Pin To Net: NetName=VREF1 Pin=U1_U_Light Detector CCT6-2
Added Pin To Net: NetName=NetD1_U_Light Detector CCT6_1 Pin=U1_U_Light Detector CCT6-3
Added Pin To Net: NetName=+5V Pin=U1_U_Light Detector CCT6-4
Added Pin To Net: NetName=GND Pin=U1_U_Light Detector CCT6-11
Added Pin To Net: NetName=OUTPUT1 Pin=U2_U_Light Detector CCT1-1
Added Pin To Net: NetName=+5V Pin=U2_U_Light Detector CCT1-3
Added Pin To Net: NetName=VREF1 Pin=U2_U_Light Detector CCT1-6
Added Pin To Net: NetName=NetC5_U_Light Detector CCT1_1 Pin=U2_U_Light Detector CCT1-7
Added Pin To Net: NetName=GND Pin=U2_U_Light Detector CCT1-12
Added Pin To Net: NetName=OUTPUT2 Pin=U2_U_Light Detector CCT2-1
Added Pin To Net: NetName=+5V Pin=U2_U_Light Detector CCT2-3
Added Pin To Net: NetName=VREF1 Pin=U2_U_Light Detector CCT2-6
Added Pin To Net: NetName=NetC5_U_Light Detector CCT2_1 Pin=U2_U_Light Detector CCT2-7
Added Pin To Net: NetName=GND Pin=U2_U_Light Detector CCT2-12
Added Pin To Net: NetName=OUTPUT3 Pin=U2_U_Light Detector CCT3-1
Added Pin To Net: NetName=+5V Pin=U2_U_Light Detector CCT3-3
Added Pin To Net: NetName=VREF1 Pin=U2_U_Light Detector CCT3-6
Added Pin To Net: NetName=NetC5_U_Light Detector CCT3_1 Pin=U2_U_Light Detector CCT3-7
Added Pin To Net: NetName=GND Pin=U2_U_Light Detector CCT3-12
Added Pin To Net: NetName=OUTPUT4 Pin=U2_U_Light Detector CCT4-1
Added Pin To Net: NetName=+5V Pin=U2_U_Light Detector CCT4-3
Added Pin To Net: NetName=VREF1 Pin=U2_U_Light Detector CCT4-6
Added Pin To Net: NetName=NetC5_U_Light Detector CCT4_1 Pin=U2_U_Light Detector CCT4-7
Added Pin To Net: NetName=GND Pin=U2_U_Light Detector CCT4-12
Added Pin To Net: NetName=OUTPUT5 Pin=U2_U_Light Detector CCT5-1
Added Pin To Net: NetName=+5V Pin=U2_U_Light Detector CCT5-3
Added Pin To Net: NetName=VREF1 Pin=U2_U_Light Detector CCT5-6
Added Pin To Net: NetName=NetC5_U_Light Detector CCT5_1 Pin=U2_U_Light Detector CCT5-7
Added Pin To Net: NetName=GND Pin=U2_U_Light Detector CCT5-12
Added Pin To Net: NetName=OUTPUT6 Pin=U2_U_Light Detector CCT6-1
Added Pin To Net: NetName=+5V Pin=U2_U_Light Detector CCT6-3
Added Pin To Net: NetName=VREF1 Pin=U2_U_Light Detector CCT6-6
Added Pin To Net: NetName=NetC5_U_Light Detector CCT6_1 Pin=U2_U_Light Detector CCT6-7
Added Pin To Net: NetName=GND Pin=U2_U_Light Detector CCT6-12
Added Member To Class: ClassName=cs301_template Member=Component C1 100nf
Added Member To Class: ClassName=U_Light Detector CCT1 Member=Component C2_U_Light Detector CCT1 (C2) 100nf
Added Member To Class: ClassName=U_Light Detector CCT2 Member=Component C2_U_Light Detector CCT2 (C2) 100nf
Added Member To Class: ClassName=U_Light Detector CCT3 Member=Component C2_U_Light Detector CCT3 (C2) 100nf
Added Member To Class: ClassName=U_Light Detector CCT4 Member=Component C2_U_Light Detector CCT4 (C2) 100nf
Added Member To Class: ClassName=U_Light Detector CCT5 Member=Component C2_U_Light Detector CCT5 (C2) 100nf
Added Member To Class: ClassName=U_Light Detector CCT6 Member=Component C2_U_Light Detector CCT6 (C2) 100nf
Added Member To Class: ClassName=U_Light Detector CCT1 Member=Component C3_U_Light Detector CCT1 (C3) 150nf
Added Member To Class: ClassName=U_Light Detector CCT2 Member=Component C3_U_Light Detector CCT2 (C3) 150nf
Added Member To Class: ClassName=U_Light Detector CCT3 Member=Component C3_U_Light Detector CCT3 (C3) 150nf
Added Member To Class: ClassName=U_Light Detector CCT4 Member=Component C3_U_Light Detector CCT4 (C3) 150nf
Added Member To Class: ClassName=U_Light Detector CCT5 Member=Component C3_U_Light Detector CCT5 (C3) 150nf
Added Member To Class: ClassName=U_Light Detector CCT6 Member=Component C3_U_Light Detector CCT6 (C3) 150nf
Added Member To Class: ClassName=U_Light Detector CCT1 Member=Component C4_U_Light Detector CCT1 (C4) 100nf
Added Member To Class: ClassName=U_Light Detector CCT2 Member=Component C4_U_Light Detector CCT2 (C4) 100nf
Added Member To Class: ClassName=U_Light Detector CCT3 Member=Component C4_U_Light Detector CCT3 (C4) 100nf
Added Member To Class: ClassName=U_Light Detector CCT4 Member=Component C4_U_Light Detector CCT4 (C4) 100nf
Added Member To Class: ClassName=U_Light Detector CCT5 Member=Component C4_U_Light Detector CCT5 (C4) 100nf
Added Member To Class: ClassName=U_Light Detector CCT6 Member=Component C4_U_Light Detector CCT6 (C4) 100nf
Added Member To Class: ClassName=U_Light Detector CCT1 Member=Component C5_U_Light Detector CCT1 (C5) 150nf
Added Member To Class: ClassName=U_Light Detector CCT2 Member=Component C5_U_Light Detector CCT2 (C5) 150nf
Added Member To Class: ClassName=U_Light Detector CCT3 Member=Component C5_U_Light Detector CCT3 (C5) 150nf
Added Member To Class: ClassName=U_Light Detector CCT4 Member=Component C5_U_Light Detector CCT4 (C5) 150nf
Added Member To Class: ClassName=U_Light Detector CCT5 Member=Component C5_U_Light Detector CCT5 (C5) 150nf
Added Member To Class: ClassName=U_Light Detector CCT6 Member=Component C5_U_Light Detector CCT6 (C5) 150nf
Added Member To Class: ClassName=U_Light Detector CCT1 Member=Component C6_U_Light Detector CCT1 (C6) 100nf
Added Member To Class: ClassName=U_Light Detector CCT2 Member=Component C6_U_Light Detector CCT2 (C6) 100nf
Added Member To Class: ClassName=U_Light Detector CCT3 Member=Component C6_U_Light Detector CCT3 (C6) 100nf
Added Member To Class: ClassName=U_Light Detector CCT4 Member=Component C6_U_Light Detector CCT4 (C6) 100nf
Added Member To Class: ClassName=U_Light Detector CCT5 Member=Component C6_U_Light Detector CCT5 (C6) 100nf
Added Member To Class: ClassName=U_Light Detector CCT6 Member=Component C6_U_Light Detector CCT6 (C6) 100nf
Added Member To Class: ClassName=U_Light Detector CCT1 Member=Component D1_U_Light Detector CCT1 (D1)
Added Member To Class: ClassName=U_Light Detector CCT2 Member=Component D1_U_Light Detector CCT2 (D1)
Added Member To Class: ClassName=U_Light Detector CCT3 Member=Component D1_U_Light Detector CCT3 (D1)
Added Member To Class: ClassName=U_Light Detector CCT4 Member=Component D1_U_Light Detector CCT4 (D1)
Added Member To Class: ClassName=U_Light Detector CCT5 Member=Component D1_U_Light Detector CCT5 (D1)
Added Member To Class: ClassName=U_Light Detector CCT6 Member=Component D1_U_Light Detector CCT6 (D1)
Added Member To Class: ClassName=cs301_template Member=Component D5 LED
Added Member To Class: ClassName=cs301_template Member=Component D6 LED
Added Member To Class: ClassName=cs301_template Member=Component D7 LED
Added Member To Class: ClassName=U_Light Detector CCT1 Member=Component Q1_U_Light Detector CCT1 (Q1) VEMT3700
Added Member To Class: ClassName=U_Light Detector CCT2 Member=Component Q1_U_Light Detector CCT2 (Q1) VEMT3700
Added Member To Class: ClassName=U_Light Detector CCT3 Member=Component Q1_U_Light Detector CCT3 (Q1) VEMT3700
Added Member To Class: ClassName=U_Light Detector CCT4 Member=Component Q1_U_Light Detector CCT4 (Q1) VEMT3700
Added Member To Class: ClassName=U_Light Detector CCT5 Member=Component Q1_U_Light Detector CCT5 (Q1) VEMT3700
Added Member To Class: ClassName=U_Light Detector CCT6 Member=Component Q1_U_Light Detector CCT6 (Q1) VEMT3700
Added Member To Class: ClassName=cs301_template Member=Component R2 30k
Added Member To Class: ClassName=U_Light Detector CCT1 Member=Component R3_U_Light Detector CCT1 (R3) 47k
Added Member To Class: ClassName=U_Light Detector CCT2 Member=Component R3_U_Light Detector CCT2 (R3) 47k
Added Member To Class: ClassName=U_Light Detector CCT3 Member=Component R3_U_Light Detector CCT3 (R3) 47k
Added Member To Class: ClassName=U_Light Detector CCT4 Member=Component R3_U_Light Detector CCT4 (R3) 47k
Added Member To Class: ClassName=U_Light Detector CCT5 Member=Component R3_U_Light Detector CCT5 (R3) 47k
Added Member To Class: ClassName=U_Light Detector CCT6 Member=Component R3_U_Light Detector CCT6 (R3) 47k
Added Member To Class: ClassName=U_Light Detector CCT1 Member=Component R4_U_Light Detector CCT1 (R4) 100k
Added Member To Class: ClassName=U_Light Detector CCT2 Member=Component R4_U_Light Detector CCT2 (R4) 100k
Added Member To Class: ClassName=U_Light Detector CCT3 Member=Component R4_U_Light Detector CCT3 (R4) 100k
Added Member To Class: ClassName=U_Light Detector CCT4 Member=Component R4_U_Light Detector CCT4 (R4) 100k
Added Member To Class: ClassName=U_Light Detector CCT5 Member=Component R4_U_Light Detector CCT5 (R4) 100k
Added Member To Class: ClassName=U_Light Detector CCT6 Member=Component R4_U_Light Detector CCT6 (R4) 100k
Added Member To Class: ClassName=U_Light Detector CCT1 Member=Component R5_U_Light Detector CCT1 (R5) 100k
Added Member To Class: ClassName=U_Light Detector CCT2 Member=Component R5_U_Light Detector CCT2 (R5) 100k
Added Member To Class: ClassName=U_Light Detector CCT3 Member=Component R5_U_Light Detector CCT3 (R5) 100k
Added Member To Class: ClassName=U_Light Detector CCT4 Member=Component R5_U_Light Detector CCT4 (R5) 100k
Added Member To Class: ClassName=U_Light Detector CCT5 Member=Component R5_U_Light Detector CCT5 (R5) 100k
Added Member To Class: ClassName=U_Light Detector CCT6 Member=Component R5_U_Light Detector CCT6 (R5) 100k
Added Member To Class: ClassName=U_Light Detector CCT1 Member=Component R6_U_Light Detector CCT1 (R6) 100k
Added Member To Class: ClassName=U_Light Detector CCT2 Member=Component R6_U_Light Detector CCT2 (R6) 100k
Added Member To Class: ClassName=U_Light Detector CCT3 Member=Component R6_U_Light Detector CCT3 (R6) 100k
Added Member To Class: ClassName=U_Light Detector CCT4 Member=Component R6_U_Light Detector CCT4 (R6) 100k
Added Member To Class: ClassName=U_Light Detector CCT5 Member=Component R6_U_Light Detector CCT5 (R6) 100k
Added Member To Class: ClassName=U_Light Detector CCT6 Member=Component R6_U_Light Detector CCT6 (R6) 100k
Added Member To Class: ClassName=cs301_template Member=Component R7 RES1
Added Member To Class: ClassName=cs301_template Member=Component R8 RES2
Added Member To Class: ClassName=cs301_template Member=Component R9 RES3
Added Member To Class: ClassName=cs301_template Member=Component R10 RES4
Added Member To Class: ClassName=cs301_template Member=Component R11 RES5
Added Member To Class: ClassName=cs301_template Member=Component R12 RES6
Added Member To Class: ClassName=U_Light Detector CCT1 Member=Component U1_U_Light Detector CCT1 (U1A) LM324DR2G
Added Member To Class: ClassName=U_Light Detector CCT2 Member=Component U1_U_Light Detector CCT2 (U1A) LM324DR2G
Added Member To Class: ClassName=U_Light Detector CCT3 Member=Component U1_U_Light Detector CCT3 (U1A) LM324DR2G
Added Member To Class: ClassName=U_Light Detector CCT4 Member=Component U1_U_Light Detector CCT4 (U1A) LM324DR2G
Added Member To Class: ClassName=U_Light Detector CCT5 Member=Component U1_U_Light Detector CCT5 (U1A) LM324DR2G
Added Member To Class: ClassName=U_Light Detector CCT6 Member=Component U1_U_Light Detector CCT6 (U1A) LM324DR2G
Added Member To Class: ClassName=U_Light Detector CCT1 Member=Component U2_U_Light Detector CCT1 (U2A) LM339N
Added Member To Class: ClassName=U_Light Detector CCT2 Member=Component U2_U_Light Detector CCT2 (U2A) LM339N
Added Member To Class: ClassName=U_Light Detector CCT3 Member=Component U2_U_Light Detector CCT3 (U2A) LM339N
Added Member To Class: ClassName=U_Light Detector CCT4 Member=Component U2_U_Light Detector CCT4 (U2A) LM339N
Added Member To Class: ClassName=U_Light Detector CCT5 Member=Component U2_U_Light Detector CCT5 (U2A) LM339N
Added Member To Class: ClassName=U_Light Detector CCT6 Member=Component U2_U_Light Detector CCT6 (U2A) LM339N
