ARM GAS  C:\Users\cta10\AppData\Local\Temp\ccGOrgSL.s 			page 1


   1              		.syntax unified
   2              		.cpu cortex-m3
   3              		.fpu softvfp
   4              		.eabi_attribute 20, 1
   5              		.eabi_attribute 21, 1
   6              		.eabi_attribute 23, 3
   7              		.eabi_attribute 24, 1
   8              		.eabi_attribute 25, 1
   9              		.eabi_attribute 26, 1
  10              		.eabi_attribute 30, 1
  11              		.eabi_attribute 34, 1
  12              		.eabi_attribute 18, 4
  13              		.thumb
  14              		.syntax unified
  15              		.file	"main.c"
  16              		.text
  17              	.Ltext0:
  18              		.cfi_sections	.debug_frame
  19              		.section	.text.main,"ax",%progbits
  20              		.align	2
  21              		.global	main
  22              		.thumb
  23              		.thumb_func
  24              		.type	main, %function
  25              	main:
  26              	.LFB63:
  27              		.file 1 "main.c"
   1:main.c        **** 
   2:main.c        **** /* ========================================
   3:main.c        ****  * Laboratory Exercise 3
   4:main.c        ****  *
   5:main.c        ****  * Program timer to flash LED at 1Hz, use interrupts
   6:main.c        ****  *
   7:main.c        ****  * Copyright Univ of Auckland, 2016
   8:main.c        ****  * All Rights Reserved
   9:main.c        ****  * UNPUBLISHED, LICENSED SOFTWARE.
  10:main.c        ****  *
  11:main.c        ****  * CONFIDENTIAL AND PROPRIETARY INFORMATION
  12:main.c        ****  * WHICH IS THE PROPERTY OF Univ of Auckland.
  13:main.c        ****  *
  14:main.c        ****  * ========================================
  15:main.c        **** */
  16:main.c        **** #include <project.h>
  17:main.c        **** 
  18:main.c        **** int main()
  19:main.c        **** {
  28              		.loc 1 19 0
  29              		.cfi_startproc
  30              		@ Volatile: function does not return.
  31              		@ args = 0, pretend = 0, frame = 0
  32              		@ frame_needed = 0, uses_anonymous_args = 0
  33 0000 08B5     		push	{r3, lr}
  34              		.cfi_def_cfa_offset 8
  35              		.cfi_offset 3, -8
  36              		.cfi_offset 14, -4
  20:main.c        ****     CyGlobalIntEnable; /* Enable global interrupts. */
  37              		.loc 1 20 0
ARM GAS  C:\Users\cta10\AppData\Local\Temp\ccGOrgSL.s 			page 2


  38              		.syntax unified
  39              	@ 20 "main.c" 1
  40 0002 62B6     		CPSIE   i
  41              	@ 0 "" 2
  21:main.c        ****     isr_TC_Start();
  42              		.loc 1 21 0
  43              		.thumb
  44              		.syntax unified
  45 0004 FFF7FEFF 		bl	isr_TC_Start
  46              	.LVL0:
  22:main.c        ****     Timer_1_Start();
  47              		.loc 1 22 0
  48 0008 FFF7FEFF 		bl	Timer_1_Start
  49              	.LVL1:
  50              	.L2:
  51 000c FEE7     		b	.L2
  52              		.cfi_endproc
  53              	.LFE63:
  54              		.size	main, .-main
  55 000e 00BF     		.text
  56              	.Letext0:
  57              		.file 2 "c:\\program files (x86)\\cypress\\psoc creator\\4.4\\psoc creator\\import\\gnu\\arm\\5.4.
  58              		.file 3 "c:\\program files (x86)\\cypress\\psoc creator\\4.4\\psoc creator\\import\\gnu\\arm\\5.4.
  59              		.file 4 "Generated_Source\\PSoC5/isr_TC.h"
  60              		.file 5 "Generated_Source\\PSoC5/Timer_1.h"
  61              		.file 6 "Generated_Source\\PSoC5/core_cm3.h"
  62              		.section	.debug_info,"",%progbits
  63              	.Ldebug_info0:
  64 0000 F4000000 		.4byte	0xf4
  65 0004 0400     		.2byte	0x4
  66 0006 00000000 		.4byte	.Ldebug_abbrev0
  67 000a 04       		.byte	0x4
  68 000b 01       		.uleb128 0x1
  69 000c 87000000 		.4byte	.LASF18
  70 0010 0C       		.byte	0xc
  71 0011 73000000 		.4byte	.LASF19
  72 0015 2E000000 		.4byte	.LASF20
  73 0019 00000000 		.4byte	.Ldebug_ranges0+0
  74 001d 00000000 		.4byte	0
  75 0021 00000000 		.4byte	.Ldebug_line0
  76 0025 02       		.uleb128 0x2
  77 0026 01       		.byte	0x1
  78 0027 06       		.byte	0x6
  79 0028 7C010000 		.4byte	.LASF0
  80 002c 02       		.uleb128 0x2
  81 002d 01       		.byte	0x1
  82 002e 08       		.byte	0x8
  83 002f 4C010000 		.4byte	.LASF1
  84 0033 02       		.uleb128 0x2
  85 0034 02       		.byte	0x2
  86 0035 05       		.byte	0x5
  87 0036 A9010000 		.4byte	.LASF2
  88 003a 02       		.uleb128 0x2
  89 003b 02       		.byte	0x2
  90 003c 07       		.byte	0x7
  91 003d 0E000000 		.4byte	.LASF3
  92 0041 03       		.uleb128 0x3
ARM GAS  C:\Users\cta10\AppData\Local\Temp\ccGOrgSL.s 			page 3


  93 0042 94010000 		.4byte	.LASF9
  94 0046 02       		.byte	0x2
  95 0047 3F       		.byte	0x3f
  96 0048 4C000000 		.4byte	0x4c
  97 004c 02       		.uleb128 0x2
  98 004d 04       		.byte	0x4
  99 004e 05       		.byte	0x5
 100 004f 5F010000 		.4byte	.LASF4
 101 0053 02       		.uleb128 0x2
 102 0054 04       		.byte	0x4
 103 0055 07       		.byte	0x7
 104 0056 15010000 		.4byte	.LASF5
 105 005a 02       		.uleb128 0x2
 106 005b 08       		.byte	0x8
 107 005c 05       		.byte	0x5
 108 005d 00000000 		.4byte	.LASF6
 109 0061 02       		.uleb128 0x2
 110 0062 08       		.byte	0x8
 111 0063 07       		.byte	0x7
 112 0064 27010000 		.4byte	.LASF7
 113 0068 04       		.uleb128 0x4
 114 0069 04       		.byte	0x4
 115 006a 05       		.byte	0x5
 116 006b 696E7400 		.ascii	"int\000"
 117 006f 02       		.uleb128 0x2
 118 0070 04       		.byte	0x4
 119 0071 07       		.byte	0x7
 120 0072 21000000 		.4byte	.LASF8
 121 0076 03       		.uleb128 0x3
 122 0077 B3010000 		.4byte	.LASF10
 123 007b 03       		.byte	0x3
 124 007c 2C       		.byte	0x2c
 125 007d 41000000 		.4byte	0x41
 126 0081 02       		.uleb128 0x2
 127 0082 04       		.byte	0x4
 128 0083 04       		.byte	0x4
 129 0084 A3010000 		.4byte	.LASF11
 130 0088 02       		.uleb128 0x2
 131 0089 08       		.byte	0x8
 132 008a 04       		.byte	0x4
 133 008b 68010000 		.4byte	.LASF12
 134 008f 02       		.uleb128 0x2
 135 0090 01       		.byte	0x1
 136 0091 08       		.byte	0x8
 137 0092 5A010000 		.4byte	.LASF13
 138 0096 02       		.uleb128 0x2
 139 0097 08       		.byte	0x8
 140 0098 04       		.byte	0x4
 141 0099 88010000 		.4byte	.LASF14
 142 009d 02       		.uleb128 0x2
 143 009e 04       		.byte	0x4
 144 009f 07       		.byte	0x7
 145 00a0 BB010000 		.4byte	.LASF15
 146 00a4 05       		.uleb128 0x5
 147 00a5 9E010000 		.4byte	.LASF21
 148 00a9 01       		.byte	0x1
 149 00aa 12       		.byte	0x12
ARM GAS  C:\Users\cta10\AppData\Local\Temp\ccGOrgSL.s 			page 4


 150 00ab 68000000 		.4byte	0x68
 151 00af 00000000 		.4byte	.LFB63
 152 00b3 0E000000 		.4byte	.LFE63-.LFB63
 153 00b7 01       		.uleb128 0x1
 154 00b8 9C       		.byte	0x9c
 155 00b9 D0000000 		.4byte	0xd0
 156 00bd 06       		.uleb128 0x6
 157 00be 08000000 		.4byte	.LVL0
 158 00c2 E1000000 		.4byte	0xe1
 159 00c6 06       		.uleb128 0x6
 160 00c7 0C000000 		.4byte	.LVL1
 161 00cb EC000000 		.4byte	0xec
 162 00cf 00       		.byte	0
 163 00d0 07       		.uleb128 0x7
 164 00d1 6F010000 		.4byte	.LASF22
 165 00d5 06       		.byte	0x6
 166 00d6 1207     		.2byte	0x712
 167 00d8 DC000000 		.4byte	0xdc
 168 00dc 08       		.uleb128 0x8
 169 00dd 76000000 		.4byte	0x76
 170 00e1 09       		.uleb128 0x9
 171 00e2 7A000000 		.4byte	.LASF16
 172 00e6 7A000000 		.4byte	.LASF16
 173 00ea 04       		.byte	0x4
 174 00eb 17       		.byte	0x17
 175 00ec 09       		.uleb128 0x9
 176 00ed 3E010000 		.4byte	.LASF17
 177 00f1 3E010000 		.4byte	.LASF17
 178 00f5 05       		.byte	0x5
 179 00f6 5A       		.byte	0x5a
 180 00f7 00       		.byte	0
 181              		.section	.debug_abbrev,"",%progbits
 182              	.Ldebug_abbrev0:
 183 0000 01       		.uleb128 0x1
 184 0001 11       		.uleb128 0x11
 185 0002 01       		.byte	0x1
 186 0003 25       		.uleb128 0x25
 187 0004 0E       		.uleb128 0xe
 188 0005 13       		.uleb128 0x13
 189 0006 0B       		.uleb128 0xb
 190 0007 03       		.uleb128 0x3
 191 0008 0E       		.uleb128 0xe
 192 0009 1B       		.uleb128 0x1b
 193 000a 0E       		.uleb128 0xe
 194 000b 55       		.uleb128 0x55
 195 000c 17       		.uleb128 0x17
 196 000d 11       		.uleb128 0x11
 197 000e 01       		.uleb128 0x1
 198 000f 10       		.uleb128 0x10
 199 0010 17       		.uleb128 0x17
 200 0011 00       		.byte	0
 201 0012 00       		.byte	0
 202 0013 02       		.uleb128 0x2
 203 0014 24       		.uleb128 0x24
 204 0015 00       		.byte	0
 205 0016 0B       		.uleb128 0xb
 206 0017 0B       		.uleb128 0xb
ARM GAS  C:\Users\cta10\AppData\Local\Temp\ccGOrgSL.s 			page 5


 207 0018 3E       		.uleb128 0x3e
 208 0019 0B       		.uleb128 0xb
 209 001a 03       		.uleb128 0x3
 210 001b 0E       		.uleb128 0xe
 211 001c 00       		.byte	0
 212 001d 00       		.byte	0
 213 001e 03       		.uleb128 0x3
 214 001f 16       		.uleb128 0x16
 215 0020 00       		.byte	0
 216 0021 03       		.uleb128 0x3
 217 0022 0E       		.uleb128 0xe
 218 0023 3A       		.uleb128 0x3a
 219 0024 0B       		.uleb128 0xb
 220 0025 3B       		.uleb128 0x3b
 221 0026 0B       		.uleb128 0xb
 222 0027 49       		.uleb128 0x49
 223 0028 13       		.uleb128 0x13
 224 0029 00       		.byte	0
 225 002a 00       		.byte	0
 226 002b 04       		.uleb128 0x4
 227 002c 24       		.uleb128 0x24
 228 002d 00       		.byte	0
 229 002e 0B       		.uleb128 0xb
 230 002f 0B       		.uleb128 0xb
 231 0030 3E       		.uleb128 0x3e
 232 0031 0B       		.uleb128 0xb
 233 0032 03       		.uleb128 0x3
 234 0033 08       		.uleb128 0x8
 235 0034 00       		.byte	0
 236 0035 00       		.byte	0
 237 0036 05       		.uleb128 0x5
 238 0037 2E       		.uleb128 0x2e
 239 0038 01       		.byte	0x1
 240 0039 3F       		.uleb128 0x3f
 241 003a 19       		.uleb128 0x19
 242 003b 03       		.uleb128 0x3
 243 003c 0E       		.uleb128 0xe
 244 003d 3A       		.uleb128 0x3a
 245 003e 0B       		.uleb128 0xb
 246 003f 3B       		.uleb128 0x3b
 247 0040 0B       		.uleb128 0xb
 248 0041 49       		.uleb128 0x49
 249 0042 13       		.uleb128 0x13
 250 0043 8701     		.uleb128 0x87
 251 0045 19       		.uleb128 0x19
 252 0046 11       		.uleb128 0x11
 253 0047 01       		.uleb128 0x1
 254 0048 12       		.uleb128 0x12
 255 0049 06       		.uleb128 0x6
 256 004a 40       		.uleb128 0x40
 257 004b 18       		.uleb128 0x18
 258 004c 9742     		.uleb128 0x2117
 259 004e 19       		.uleb128 0x19
 260 004f 01       		.uleb128 0x1
 261 0050 13       		.uleb128 0x13
 262 0051 00       		.byte	0
 263 0052 00       		.byte	0
ARM GAS  C:\Users\cta10\AppData\Local\Temp\ccGOrgSL.s 			page 6


 264 0053 06       		.uleb128 0x6
 265 0054 898201   		.uleb128 0x4109
 266 0057 00       		.byte	0
 267 0058 11       		.uleb128 0x11
 268 0059 01       		.uleb128 0x1
 269 005a 31       		.uleb128 0x31
 270 005b 13       		.uleb128 0x13
 271 005c 00       		.byte	0
 272 005d 00       		.byte	0
 273 005e 07       		.uleb128 0x7
 274 005f 34       		.uleb128 0x34
 275 0060 00       		.byte	0
 276 0061 03       		.uleb128 0x3
 277 0062 0E       		.uleb128 0xe
 278 0063 3A       		.uleb128 0x3a
 279 0064 0B       		.uleb128 0xb
 280 0065 3B       		.uleb128 0x3b
 281 0066 05       		.uleb128 0x5
 282 0067 49       		.uleb128 0x49
 283 0068 13       		.uleb128 0x13
 284 0069 3F       		.uleb128 0x3f
 285 006a 19       		.uleb128 0x19
 286 006b 3C       		.uleb128 0x3c
 287 006c 19       		.uleb128 0x19
 288 006d 00       		.byte	0
 289 006e 00       		.byte	0
 290 006f 08       		.uleb128 0x8
 291 0070 35       		.uleb128 0x35
 292 0071 00       		.byte	0
 293 0072 49       		.uleb128 0x49
 294 0073 13       		.uleb128 0x13
 295 0074 00       		.byte	0
 296 0075 00       		.byte	0
 297 0076 09       		.uleb128 0x9
 298 0077 2E       		.uleb128 0x2e
 299 0078 00       		.byte	0
 300 0079 3F       		.uleb128 0x3f
 301 007a 19       		.uleb128 0x19
 302 007b 3C       		.uleb128 0x3c
 303 007c 19       		.uleb128 0x19
 304 007d 6E       		.uleb128 0x6e
 305 007e 0E       		.uleb128 0xe
 306 007f 03       		.uleb128 0x3
 307 0080 0E       		.uleb128 0xe
 308 0081 3A       		.uleb128 0x3a
 309 0082 0B       		.uleb128 0xb
 310 0083 3B       		.uleb128 0x3b
 311 0084 0B       		.uleb128 0xb
 312 0085 00       		.byte	0
 313 0086 00       		.byte	0
 314 0087 00       		.byte	0
 315              		.section	.debug_aranges,"",%progbits
 316 0000 1C000000 		.4byte	0x1c
 317 0004 0200     		.2byte	0x2
 318 0006 00000000 		.4byte	.Ldebug_info0
 319 000a 04       		.byte	0x4
 320 000b 00       		.byte	0
ARM GAS  C:\Users\cta10\AppData\Local\Temp\ccGOrgSL.s 			page 7


 321 000c 0000     		.2byte	0
 322 000e 0000     		.2byte	0
 323 0010 00000000 		.4byte	.LFB63
 324 0014 0E000000 		.4byte	.LFE63-.LFB63
 325 0018 00000000 		.4byte	0
 326 001c 00000000 		.4byte	0
 327              		.section	.debug_ranges,"",%progbits
 328              	.Ldebug_ranges0:
 329 0000 00000000 		.4byte	.LFB63
 330 0004 0E000000 		.4byte	.LFE63
 331 0008 00000000 		.4byte	0
 332 000c 00000000 		.4byte	0
 333              		.section	.debug_line,"",%progbits
 334              	.Ldebug_line0:
 335 0000 70010000 		.section	.debug_str,"MS",%progbits,1
 335      02005801 
 335      00000201 
 335      FB0E0D00 
 335      01010101 
 336              	.LASF6:
 337 0000 6C6F6E67 		.ascii	"long long int\000"
 337      206C6F6E 
 337      6720696E 
 337      7400
 338              	.LASF3:
 339 000e 73686F72 		.ascii	"short unsigned int\000"
 339      7420756E 
 339      7369676E 
 339      65642069 
 339      6E7400
 340              	.LASF8:
 341 0021 756E7369 		.ascii	"unsigned int\000"
 341      676E6564 
 341      20696E74 
 341      00
 342              	.LASF20:
 343 002e 433A5C70 		.ascii	"C:\\psocProjects\\psoc student pack\\lab exercise\\"
 343      736F6350 
 343      726F6A65 
 343      6374735C 
 343      70736F63 
 344 005d 70736F63 		.ascii	"psoc_intro\\lab3.cydsn\000"
 344      5F696E74 
 344      726F5C6C 
 344      6162332E 
 344      63796473 
 345              	.LASF19:
 346 0073 6D61696E 		.ascii	"main.c\000"
 346      2E6300
 347              	.LASF16:
 348 007a 6973725F 		.ascii	"isr_TC_Start\000"
 348      54435F53 
 348      74617274 
 348      00
 349              	.LASF18:
 350 0087 474E5520 		.ascii	"GNU C11 5.4.1 20160609 (release) [ARM/embedded-5-br"
 350      43313120 
ARM GAS  C:\Users\cta10\AppData\Local\Temp\ccGOrgSL.s 			page 8


 350      352E342E 
 350      31203230 
 350      31363036 
 351 00ba 616E6368 		.ascii	"anch revision 237715] -mcpu=cortex-m3 -mthumb -g -O"
 351      20726576 
 351      6973696F 
 351      6E203233 
 351      37373135 
 352 00ed 67202D66 		.ascii	"g -ffunction-sections -ffat-lto-objects\000"
 352      66756E63 
 352      74696F6E 
 352      2D736563 
 352      74696F6E 
 353              	.LASF5:
 354 0115 6C6F6E67 		.ascii	"long unsigned int\000"
 354      20756E73 
 354      69676E65 
 354      6420696E 
 354      7400
 355              	.LASF7:
 356 0127 6C6F6E67 		.ascii	"long long unsigned int\000"
 356      206C6F6E 
 356      6720756E 
 356      7369676E 
 356      65642069 
 357              	.LASF17:
 358 013e 54696D65 		.ascii	"Timer_1_Start\000"
 358      725F315F 
 358      53746172 
 358      7400
 359              	.LASF1:
 360 014c 756E7369 		.ascii	"unsigned char\000"
 360      676E6564 
 360      20636861 
 360      7200
 361              	.LASF13:
 362 015a 63686172 		.ascii	"char\000"
 362      00
 363              	.LASF4:
 364 015f 6C6F6E67 		.ascii	"long int\000"
 364      20696E74 
 364      00
 365              	.LASF12:
 366 0168 646F7562 		.ascii	"double\000"
 366      6C6500
 367              	.LASF22:
 368 016f 49544D5F 		.ascii	"ITM_RxBuffer\000"
 368      52784275 
 368      66666572 
 368      00
 369              	.LASF0:
 370 017c 7369676E 		.ascii	"signed char\000"
 370      65642063 
 370      68617200 
 371              	.LASF14:
 372 0188 6C6F6E67 		.ascii	"long double\000"
 372      20646F75 
ARM GAS  C:\Users\cta10\AppData\Local\Temp\ccGOrgSL.s 			page 9


 372      626C6500 
 373              	.LASF9:
 374 0194 5F5F696E 		.ascii	"__int32_t\000"
 374      7433325F 
 374      7400
 375              	.LASF21:
 376 019e 6D61696E 		.ascii	"main\000"
 376      00
 377              	.LASF11:
 378 01a3 666C6F61 		.ascii	"float\000"
 378      7400
 379              	.LASF2:
 380 01a9 73686F72 		.ascii	"short int\000"
 380      7420696E 
 380      7400
 381              	.LASF10:
 382 01b3 696E7433 		.ascii	"int32_t\000"
 382      325F7400 
 383              	.LASF15:
 384 01bb 73697A65 		.ascii	"sizetype\000"
 384      74797065 
 384      00
 385              		.ident	"GCC: (GNU Tools for ARM Embedded Processors) 5.4.1 20160609 (release) [ARM/embedded-5-bran
