ARM GAS  C:\Users\cta10\AppData\Local\Temp\ccN2Amyh.s 			page 1


   1              		.syntax unified
   2              		.cpu cortex-m3
   3              		.fpu softvfp
   4              		.eabi_attribute 20, 1
   5              		.eabi_attribute 21, 1
   6              		.eabi_attribute 23, 3
   7              		.eabi_attribute 24, 1
   8              		.eabi_attribute 25, 1
   9              		.eabi_attribute 26, 1
  10              		.eabi_attribute 30, 6
  11              		.eabi_attribute 34, 1
  12              		.eabi_attribute 18, 4
  13              		.thumb
  14              		.syntax unified
  15              		.file	"main.c"
  16              		.text
  17              	.Ltext0:
  18              		.cfi_sections	.debug_frame
  19              		.global	ts
  20              		.bss
  21              		.type	ts, %object
  22              		.size	ts, 1
  23              	ts:
  24 0000 00       		.space	1
  25              		.global	ts_enc
  26 0001 00       		.align	1
  27              		.type	ts_enc, %object
  28              		.size	ts_enc, 2
  29              	ts_enc:
  30 0002 0000     		.space	2
  31              		.global	ts_update
  32              		.align	1
  33              		.type	ts_update, %object
  34              		.size	ts_update, 2
  35              	ts_update:
  36 0004 0000     		.space	2
  37              		.global	ts_speed
  38              		.align	1
  39              		.type	ts_speed, %object
  40              		.size	ts_speed, 2
  41              	ts_speed:
  42 0006 0000     		.space	2
  43              		.global	ts_display
  44              		.align	1
  45              		.type	ts_display, %object
  46              		.size	ts_display, 2
  47              	ts_display:
  48 0008 0000     		.space	2
  49              		.global	flag_ts_enc
  50              		.type	flag_ts_enc, %object
  51              		.size	flag_ts_enc, 1
  52              	flag_ts_enc:
  53 000a 00       		.space	1
  54              		.global	flag_ts_update
  55              		.type	flag_ts_update, %object
  56              		.size	flag_ts_update, 1
  57              	flag_ts_update:
ARM GAS  C:\Users\cta10\AppData\Local\Temp\ccN2Amyh.s 			page 2


  58 000b 00       		.space	1
  59              		.global	flag_ts_speed
  60              		.type	flag_ts_speed, %object
  61              		.size	flag_ts_speed, 1
  62              	flag_ts_speed:
  63 000c 00       		.space	1
  64              		.global	flag_ts_display
  65              		.type	flag_ts_display, %object
  66              		.size	flag_ts_display, 1
  67              	flag_ts_display:
  68 000d 00       		.space	1
  69              		.global	flag_rx
  70              		.type	flag_rx, %object
  71              		.size	flag_rx, 1
  72              	flag_rx:
  73 000e 00       		.space	1
  74              		.global	flag_packet
  75              		.type	flag_packet, %object
  76              		.size	flag_packet, 1
  77              	flag_packet:
  78 000f 00       		.space	1
  79              		.global	flag_KB_string
  80              		.type	flag_KB_string, %object
  81              		.size	flag_KB_string, 1
  82              	flag_KB_string:
  83 0010 00       		.space	1
  84              		.global	dataready_flag
  85              		.type	dataready_flag, %object
  86              		.size	dataready_flag, 1
  87              	dataready_flag:
  88 0011 00       		.space	1
  89              		.global	flag_rf_transmission_active
  90              		.data
  91              		.type	flag_rf_transmission_active, %object
  92              		.size	flag_rf_transmission_active, 1
  93              	flag_rf_transmission_active:
  94 0000 0A       		.byte	10
  95              		.global	displaystring
  96 0001 000000   		.align	2
  97              		.type	displaystring, %object
  98              		.size	displaystring, 64
  99              	displaystring:
 100 0004 43533330 		.ascii	"CS301 2016\012\000"
 100      31203230 
 100      31360A00 
 101 0010 00000000 		.space	52
 101      00000000 
 101      00000000 
 101      00000000 
 101      00000000 
 102              		.comm	line,64,4
 103              		.comm	entry,64,4
 104              		.comm	usbBuffer,64,4
 105              		.comm	system_state,32,4
 106              		.section	.rodata
 107              		.align	2
 108              	.LC0:
ARM GAS  C:\Users\cta10\AppData\Local\Temp\ccN2Amyh.s 			page 3


 109 0000 4F555431 		.ascii	"OUT1=%d\015\012\000"
 109      3D25640D 
 109      0A00
 110              		.section	.text.main,"ax",%progbits
 111              		.align	2
 112              		.global	main
 113              		.thumb
 114              		.thumb_func
 115              		.type	main, %function
 116              	main:
 117              	.LFB64:
 118              		.file 1 "main.c"
   1:main.c        **** /* ========================================
   2:main.c        ****  * Fully working code: 
   3:main.c        ****  * PWM      : 
   4:main.c        ****  * Encoder  : 
   5:main.c        ****  * ADC      :
   6:main.c        ****  * USB      : port displays speed and position.
   7:main.c        ****  * CMD: "PW xx"
   8:main.c        ****  * Copyright Univ of Auckland, 2016
   9:main.c        ****  * All Rights Reserved
  10:main.c        ****  * UNPUBLISHED, LICENSED SOFTWARE.
  11:main.c        ****  *
  12:main.c        ****  * CONFIDENTIAL AND PROPRIETARY INFORMATION
  13:main.c        ****  * WHICH IS THE PROPERTY OF Univ of Auckland.
  14:main.c        ****  *
  15:main.c        ****  * ========================================
  16:main.c        **** */
  17:main.c        **** #include <stdio.h>
  18:main.c        **** #include <string.h>
  19:main.c        **** #include <stdlib.h>
  20:main.c        **** #include <project.h>
  21:main.c        **** //* ========================================
  22:main.c        **** #include "defines.h"
  23:main.c        **** #include "vars.h"
  24:main.c        **** #include "isr_eoc2.h"
  25:main.c        **** //* ========================================
  26:main.c        **** void usbPutString(char *s);
  27:main.c        **** void usbPutChar(char c);
  28:main.c        **** void handle_usb();
  29:main.c        **** //* ========================================
  30:main.c        **** extern uint8_t sample_flag;
  31:main.c        **** 
  32:main.c        **** 
  33:main.c        **** 
  34:main.c        **** 
  35:main.c        **** int main()
  36:main.c        **** {
 119              		.loc 1 36 0
 120              		.cfi_startproc
 121              		@ args = 0, pretend = 0, frame = 16
 122              		@ frame_needed = 1, uses_anonymous_args = 0
 123 0000 80B5     		push	{r7, lr}
 124              		.cfi_def_cfa_offset 8
 125              		.cfi_offset 7, -8
 126              		.cfi_offset 14, -4
 127 0002 84B0     		sub	sp, sp, #16
ARM GAS  C:\Users\cta10\AppData\Local\Temp\ccN2Amyh.s 			page 4


 128              		.cfi_def_cfa_offset 24
 129 0004 00AF     		add	r7, sp, #0
 130              		.cfi_def_cfa_register 7
  37:main.c        ****     
  38:main.c        **** 
  39:main.c        **** // --------------------------------    
  40:main.c        **** // ----- INITIALIZATIONS ----------
  41:main.c        ****     CYGlobalIntEnable;
 131              		.loc 1 41 0
 132              		.syntax unified
 133              	@ 41 "main.c" 1
 134 0006 62B6     		CPSIE   i
 135              	@ 0 "" 2
  42:main.c        ****     //PWM_1_Start();
  43:main.c        ****     //PWM_2_Start();
  44:main.c        ****     //isr_eoc2_Start();
  45:main.c        ****     //ADC_SAR_1_Start();
  46:main.c        ****     //VDAC_Start();
  47:main.c        ****     
  48:main.c        **** 
  49:main.c        **** // ------USB SETUP ----------------    
  50:main.c        **** #ifdef USE_USB    
  51:main.c        ****     USBUART_Start(0,USBUART_5V_OPERATION);
 136              		.loc 1 51 0
 137              		.thumb
 138              		.syntax unified
 139 0008 0121     		movs	r1, #1
 140 000a 0020     		movs	r0, #0
 141 000c FFF7FEFF 		bl	USBUART_Start
  52:main.c        **** #endif        
  53:main.c        ****         
  54:main.c        ****     RF_BT_SELECT_Write(0);
 142              		.loc 1 54 0
 143 0010 0020     		movs	r0, #0
 144 0012 FFF7FEFF 		bl	RF_BT_SELECT_Write
  55:main.c        **** 
  56:main.c        ****     usbPutString(displaystring);
 145              		.loc 1 56 0
 146 0016 1148     		ldr	r0, .L4
 147 0018 FFF7FEFF 		bl	usbPutString
  57:main.c        ****     Timer_TS_Start();
 148              		.loc 1 57 0
 149 001c FFF7FEFF 		bl	Timer_TS_Start
 150              	.L3:
 151              	.LBB2:
  58:main.c        ****     for(;;)
  59:main.c        ****     {
  60:main.c        ****         /* Place your application code here. */
  61:main.c        ****         handle_usb();
 152              		.loc 1 61 0
 153 0020 FFF7FEFF 		bl	handle_usb
  62:main.c        ****         if (flag_KB_string == 1)
 154              		.loc 1 62 0
 155 0024 0E4B     		ldr	r3, .L4+4
 156 0026 1B78     		ldrb	r3, [r3]	@ zero_extendqisi2
 157 0028 012B     		cmp	r3, #1
 158 002a 05D1     		bne	.L2
ARM GAS  C:\Users\cta10\AppData\Local\Temp\ccN2Amyh.s 			page 5


  63:main.c        ****         {
  64:main.c        ****             usbPutString(line);
 159              		.loc 1 64 0
 160 002c 0D48     		ldr	r0, .L4+8
 161 002e FFF7FEFF 		bl	usbPutString
  65:main.c        ****             flag_KB_string = 0;
 162              		.loc 1 65 0
 163 0032 0B4B     		ldr	r3, .L4+4
 164 0034 0022     		movs	r2, #0
 165 0036 1A70     		strb	r2, [r3]
 166              	.L2:
  66:main.c        ****         }
  67:main.c        ****         //if (sample_flag){
  68:main.c        ****             //uint8 adc_val = ADC_SAR_1_GetResult8();
  69:main.c        ****             //VDAC_SetValue(adc_val);
  70:main.c        ****             //sample_flag = 0;
  71:main.c        ****         //}
  72:main.c        ****                 // --- minimal OUT1 read + print ---
  73:main.c        ****         char buf[16];
  74:main.c        ****         sprintf(buf, "OUT1=%d\r\n", OUT1_Read());
 167              		.loc 1 74 0
 168 0038 FFF7FEFF 		bl	OUT1_Read
 169 003c 0346     		mov	r3, r0
 170 003e 1A46     		mov	r2, r3
 171 0040 3B46     		mov	r3, r7
 172 0042 0949     		ldr	r1, .L4+12
 173 0044 1846     		mov	r0, r3
 174 0046 FFF7FEFF 		bl	sprintf
  75:main.c        ****         usbPutString(buf);
 175              		.loc 1 75 0
 176 004a 3B46     		mov	r3, r7
 177 004c 1846     		mov	r0, r3
 178 004e FFF7FEFF 		bl	usbPutString
  76:main.c        ****         // ---------------------------------
  77:main.c        **** 
  78:main.c        ****         CyDelay(100); // add a small delay to avoid flooding USB terminal
 179              		.loc 1 78 0
 180 0052 6420     		movs	r0, #100
 181 0054 FFF7FEFF 		bl	CyDelay
 182              	.LBE2:
  79:main.c        ****         
  80:main.c        ****     }   
 183              		.loc 1 80 0
 184 0058 E2E7     		b	.L3
 185              	.L5:
 186 005a 00BF     		.align	2
 187              	.L4:
 188 005c 00000000 		.word	displaystring
 189 0060 00000000 		.word	flag_KB_string
 190 0064 00000000 		.word	line
 191 0068 00000000 		.word	.LC0
 192              		.cfi_endproc
 193              	.LFE64:
 194              		.size	main, .-main
 195              		.section	.text.usbPutString,"ax",%progbits
 196              		.align	2
 197              		.global	usbPutString
ARM GAS  C:\Users\cta10\AppData\Local\Temp\ccN2Amyh.s 			page 6


 198              		.thumb
 199              		.thumb_func
 200              		.type	usbPutString, %function
 201              	usbPutString:
 202              	.LFB65:
  81:main.c        **** }
  82:main.c        **** //* ========================================
  83:main.c        **** void usbPutString(char *s)
  84:main.c        **** {
 203              		.loc 1 84 0
 204              		.cfi_startproc
 205              		@ args = 0, pretend = 0, frame = 8
 206              		@ frame_needed = 1, uses_anonymous_args = 0
 207 0000 80B5     		push	{r7, lr}
 208              		.cfi_def_cfa_offset 8
 209              		.cfi_offset 7, -8
 210              		.cfi_offset 14, -4
 211 0002 82B0     		sub	sp, sp, #8
 212              		.cfi_def_cfa_offset 16
 213 0004 00AF     		add	r7, sp, #0
 214              		.cfi_def_cfa_register 7
 215 0006 7860     		str	r0, [r7, #4]
  85:main.c        **** // !! Assumes that *s is a string with allocated space >=64 chars     
  86:main.c        **** //  Since USB implementation retricts data packets to 64 chars, this function truncates the
  87:main.c        **** //  length to 62 char (63rd char is a '!')
  88:main.c        **** 
  89:main.c        **** #ifdef USE_USB     
  90:main.c        ****     while (USBUART_CDCIsReady() == 0);
 216              		.loc 1 90 0
 217 0008 00BF     		nop
 218              	.L7:
 219              		.loc 1 90 0 is_stmt 0 discriminator 1
 220 000a FFF7FEFF 		bl	USBUART_CDCIsReady
 221 000e 0346     		mov	r3, r0
 222 0010 002B     		cmp	r3, #0
 223 0012 FAD0     		beq	.L7
  91:main.c        ****     s[63]='\0';
 224              		.loc 1 91 0 is_stmt 1
 225 0014 7B68     		ldr	r3, [r7, #4]
 226 0016 3F33     		adds	r3, r3, #63
 227 0018 0022     		movs	r2, #0
 228 001a 1A70     		strb	r2, [r3]
  92:main.c        ****     s[62]='!';
 229              		.loc 1 92 0
 230 001c 7B68     		ldr	r3, [r7, #4]
 231 001e 3E33     		adds	r3, r3, #62
 232 0020 2122     		movs	r2, #33
 233 0022 1A70     		strb	r2, [r3]
  93:main.c        ****     USBUART_PutData((uint8*)s,strlen(s));
 234              		.loc 1 93 0
 235 0024 7868     		ldr	r0, [r7, #4]
 236 0026 FFF7FEFF 		bl	strlen
 237 002a 0346     		mov	r3, r0
 238 002c 9BB2     		uxth	r3, r3
 239 002e 1946     		mov	r1, r3
 240 0030 7868     		ldr	r0, [r7, #4]
 241 0032 FFF7FEFF 		bl	USBUART_PutData
ARM GAS  C:\Users\cta10\AppData\Local\Temp\ccN2Amyh.s 			page 7


  94:main.c        **** #endif
  95:main.c        **** }
 242              		.loc 1 95 0
 243 0036 00BF     		nop
 244 0038 0837     		adds	r7, r7, #8
 245              		.cfi_def_cfa_offset 8
 246 003a BD46     		mov	sp, r7
 247              		.cfi_def_cfa_register 13
 248              		@ sp needed
 249 003c 80BD     		pop	{r7, pc}
 250              		.cfi_endproc
 251              	.LFE65:
 252              		.size	usbPutString, .-usbPutString
 253 003e 00BF     		.section	.text.usbPutChar,"ax",%progbits
 254              		.align	2
 255              		.global	usbPutChar
 256              		.thumb
 257              		.thumb_func
 258              		.type	usbPutChar, %function
 259              	usbPutChar:
 260              	.LFB66:
  96:main.c        **** //* ========================================
  97:main.c        **** void usbPutChar(char c)
  98:main.c        **** {
 261              		.loc 1 98 0
 262              		.cfi_startproc
 263              		@ args = 0, pretend = 0, frame = 8
 264              		@ frame_needed = 1, uses_anonymous_args = 0
 265 0000 80B5     		push	{r7, lr}
 266              		.cfi_def_cfa_offset 8
 267              		.cfi_offset 7, -8
 268              		.cfi_offset 14, -4
 269 0002 82B0     		sub	sp, sp, #8
 270              		.cfi_def_cfa_offset 16
 271 0004 00AF     		add	r7, sp, #0
 272              		.cfi_def_cfa_register 7
 273 0006 0346     		mov	r3, r0
 274 0008 FB71     		strb	r3, [r7, #7]
  99:main.c        **** #ifdef USE_USB     
 100:main.c        ****     while (USBUART_CDCIsReady() == 0);
 275              		.loc 1 100 0
 276 000a 00BF     		nop
 277              	.L9:
 278              		.loc 1 100 0 is_stmt 0 discriminator 1
 279 000c FFF7FEFF 		bl	USBUART_CDCIsReady
 280 0010 0346     		mov	r3, r0
 281 0012 002B     		cmp	r3, #0
 282 0014 FAD0     		beq	.L9
 101:main.c        ****     USBUART_PutChar(c);
 283              		.loc 1 101 0 is_stmt 1
 284 0016 FB79     		ldrb	r3, [r7, #7]	@ zero_extendqisi2
 285 0018 1846     		mov	r0, r3
 286 001a FFF7FEFF 		bl	USBUART_PutChar
 102:main.c        **** #endif    
 103:main.c        **** }
 287              		.loc 1 103 0
 288 001e 00BF     		nop
ARM GAS  C:\Users\cta10\AppData\Local\Temp\ccN2Amyh.s 			page 8


 289 0020 0837     		adds	r7, r7, #8
 290              		.cfi_def_cfa_offset 8
 291 0022 BD46     		mov	sp, r7
 292              		.cfi_def_cfa_register 13
 293              		@ sp needed
 294 0024 80BD     		pop	{r7, pc}
 295              		.cfi_endproc
 296              	.LFE66:
 297              		.size	usbPutChar, .-usbPutChar
 298 0026 00BF     		.section	.text.handle_usb,"ax",%progbits
 299              		.align	2
 300              		.global	handle_usb
 301              		.thumb
 302              		.thumb_func
 303              		.type	handle_usb, %function
 304              	handle_usb:
 305              	.LFB67:
 104:main.c        **** //* ========================================
 105:main.c        **** void handle_usb()
 106:main.c        **** {
 306              		.loc 1 106 0
 307              		.cfi_startproc
 308              		@ args = 0, pretend = 0, frame = 8
 309              		@ frame_needed = 1, uses_anonymous_args = 0
 310 0000 80B5     		push	{r7, lr}
 311              		.cfi_def_cfa_offset 8
 312              		.cfi_offset 7, -8
 313              		.cfi_offset 14, -4
 314 0002 82B0     		sub	sp, sp, #8
 315              		.cfi_def_cfa_offset 16
 316 0004 00AF     		add	r7, sp, #0
 317              		.cfi_def_cfa_register 7
 107:main.c        ****     // handles input at terminal, echos it back to the terminal
 108:main.c        ****     // turn echo OFF, key emulation: only CR
 109:main.c        ****     // entered string is made available in 'line' and 'flag_KB_string' is set
 110:main.c        ****     
 111:main.c        ****     static uint8 usbStarted = FALSE;
 112:main.c        ****     static uint16 usbBufCount = 0;
 113:main.c        ****     uint8 c; 
 114:main.c        ****     
 115:main.c        **** 
 116:main.c        ****     if (!usbStarted)
 318              		.loc 1 116 0
 319 0006 2B4B     		ldr	r3, .L20
 320 0008 1B78     		ldrb	r3, [r3]	@ zero_extendqisi2
 321 000a 002B     		cmp	r3, #0
 322 000c 0AD1     		bne	.L11
 117:main.c        ****     {
 118:main.c        ****         if (USBUART_GetConfiguration())
 323              		.loc 1 118 0
 324 000e FFF7FEFF 		bl	USBUART_GetConfiguration
 325 0012 0346     		mov	r3, r0
 326 0014 002B     		cmp	r3, #0
 327 0016 49D0     		beq	.L19
 119:main.c        ****         {
 120:main.c        ****             USBUART_CDC_Init();
 328              		.loc 1 120 0
ARM GAS  C:\Users\cta10\AppData\Local\Temp\ccN2Amyh.s 			page 9


 329 0018 FFF7FEFF 		bl	USBUART_CDC_Init
 121:main.c        ****             usbStarted = TRUE;
 330              		.loc 1 121 0
 331 001c 254B     		ldr	r3, .L20
 332 001e 0122     		movs	r2, #1
 333 0020 1A70     		strb	r2, [r3]
 122:main.c        ****         }
 123:main.c        ****     }
 124:main.c        ****     else
 125:main.c        ****     {
 126:main.c        ****         if (USBUART_DataIsReady() != 0)
 127:main.c        ****         {  
 128:main.c        ****             c = USBUART_GetChar();
 129:main.c        **** 
 130:main.c        ****             if ((c == 13) || (c == 10))
 131:main.c        ****             {
 132:main.c        **** //                if (usbBufCount > 0)
 133:main.c        ****                 {
 134:main.c        ****                     entry[usbBufCount]= '\0';
 135:main.c        ****                     strcpy(line,entry);
 136:main.c        ****                     usbBufCount = 0;
 137:main.c        ****                     flag_KB_string = 1;
 138:main.c        ****                 }
 139:main.c        ****             }
 140:main.c        ****             else 
 141:main.c        ****             {
 142:main.c        ****                 if (((c == CHAR_BACKSP) || (c == CHAR_DEL) ) && (usbBufCount > 0) )
 143:main.c        ****                     usbBufCount--;
 144:main.c        ****                 else
 145:main.c        ****                 {
 146:main.c        ****                     if (usbBufCount > (BUF_SIZE-2) ) // one less else strtok triggers a crash
 147:main.c        ****                     {
 148:main.c        ****                        USBUART_PutChar('!');        
 149:main.c        ****                     }
 150:main.c        ****                     else
 151:main.c        ****                         entry[usbBufCount++] = c;  
 152:main.c        ****                 }  
 153:main.c        ****             }
 154:main.c        ****         }
 155:main.c        ****     }    
 156:main.c        **** }
 334              		.loc 1 156 0
 335 0022 43E0     		b	.L19
 336              	.L11:
 126:main.c        ****         {  
 337              		.loc 1 126 0
 338 0024 FFF7FEFF 		bl	USBUART_DataIsReady
 339 0028 0346     		mov	r3, r0
 340 002a 002B     		cmp	r3, #0
 341 002c 3ED0     		beq	.L19
 128:main.c        **** 
 342              		.loc 1 128 0
 343 002e FFF7FEFF 		bl	USBUART_GetChar
 344 0032 0346     		mov	r3, r0
 345 0034 FB71     		strb	r3, [r7, #7]
 130:main.c        ****             {
 346              		.loc 1 130 0
ARM GAS  C:\Users\cta10\AppData\Local\Temp\ccN2Amyh.s 			page 10


 347 0036 FB79     		ldrb	r3, [r7, #7]	@ zero_extendqisi2
 348 0038 0D2B     		cmp	r3, #13
 349 003a 02D0     		beq	.L14
 130:main.c        ****             {
 350              		.loc 1 130 0 is_stmt 0 discriminator 1
 351 003c FB79     		ldrb	r3, [r7, #7]	@ zero_extendqisi2
 352 003e 0A2B     		cmp	r3, #10
 353 0040 10D1     		bne	.L15
 354              	.L14:
 134:main.c        ****                     strcpy(line,entry);
 355              		.loc 1 134 0 is_stmt 1
 356 0042 1D4B     		ldr	r3, .L20+4
 357 0044 1B88     		ldrh	r3, [r3]
 358 0046 1A46     		mov	r2, r3
 359 0048 1C4B     		ldr	r3, .L20+8
 360 004a 0021     		movs	r1, #0
 361 004c 9954     		strb	r1, [r3, r2]
 135:main.c        ****                     usbBufCount = 0;
 362              		.loc 1 135 0
 363 004e 1B49     		ldr	r1, .L20+8
 364 0050 1B48     		ldr	r0, .L20+12
 365 0052 FFF7FEFF 		bl	strcpy
 136:main.c        ****                     flag_KB_string = 1;
 366              		.loc 1 136 0
 367 0056 184B     		ldr	r3, .L20+4
 368 0058 0022     		movs	r2, #0
 369 005a 1A80     		strh	r2, [r3]	@ movhi
 137:main.c        ****                 }
 370              		.loc 1 137 0
 371 005c 194B     		ldr	r3, .L20+16
 372 005e 0122     		movs	r2, #1
 373 0060 1A70     		strb	r2, [r3]
 374 0062 23E0     		b	.L13
 375              	.L15:
 142:main.c        ****                     usbBufCount--;
 376              		.loc 1 142 0
 377 0064 FB79     		ldrb	r3, [r7, #7]	@ zero_extendqisi2
 378 0066 082B     		cmp	r3, #8
 379 0068 02D0     		beq	.L16
 142:main.c        ****                     usbBufCount--;
 380              		.loc 1 142 0 is_stmt 0 discriminator 2
 381 006a FB79     		ldrb	r3, [r7, #7]	@ zero_extendqisi2
 382 006c 7F2B     		cmp	r3, #127
 383 006e 0AD1     		bne	.L17
 384              	.L16:
 142:main.c        ****                     usbBufCount--;
 385              		.loc 1 142 0 discriminator 3
 386 0070 114B     		ldr	r3, .L20+4
 387 0072 1B88     		ldrh	r3, [r3]
 388 0074 002B     		cmp	r3, #0
 389 0076 06D0     		beq	.L17
 143:main.c        ****                 else
 390              		.loc 1 143 0 is_stmt 1
 391 0078 0F4B     		ldr	r3, .L20+4
 392 007a 1B88     		ldrh	r3, [r3]
 393 007c 013B     		subs	r3, r3, #1
 394 007e 9AB2     		uxth	r2, r3
ARM GAS  C:\Users\cta10\AppData\Local\Temp\ccN2Amyh.s 			page 11


 395 0080 0D4B     		ldr	r3, .L20+4
 396 0082 1A80     		strh	r2, [r3]	@ movhi
 397 0084 12E0     		b	.L13
 398              	.L17:
 146:main.c        ****                     {
 399              		.loc 1 146 0
 400 0086 0C4B     		ldr	r3, .L20+4
 401 0088 1B88     		ldrh	r3, [r3]
 402 008a 3E2B     		cmp	r3, #62
 403 008c 03D9     		bls	.L18
 148:main.c        ****                     }
 404              		.loc 1 148 0
 405 008e 2120     		movs	r0, #33
 406 0090 FFF7FEFF 		bl	USBUART_PutChar
 407              		.loc 1 156 0
 408 0094 0AE0     		b	.L19
 409              	.L18:
 151:main.c        ****                 }  
 410              		.loc 1 151 0
 411 0096 084B     		ldr	r3, .L20+4
 412 0098 1B88     		ldrh	r3, [r3]
 413 009a 5A1C     		adds	r2, r3, #1
 414 009c 91B2     		uxth	r1, r2
 415 009e 064A     		ldr	r2, .L20+4
 416 00a0 1180     		strh	r1, [r2]	@ movhi
 417 00a2 1946     		mov	r1, r3
 418 00a4 054A     		ldr	r2, .L20+8
 419 00a6 FB79     		ldrb	r3, [r7, #7]
 420 00a8 5354     		strb	r3, [r2, r1]
 421              		.loc 1 156 0
 422 00aa FFE7     		b	.L19
 423              	.L13:
 424              	.L19:
 425 00ac 00BF     		nop
 426 00ae 0837     		adds	r7, r7, #8
 427              		.cfi_def_cfa_offset 8
 428 00b0 BD46     		mov	sp, r7
 429              		.cfi_def_cfa_register 13
 430              		@ sp needed
 431 00b2 80BD     		pop	{r7, pc}
 432              	.L21:
 433              		.align	2
 434              	.L20:
 435 00b4 12000000 		.word	usbStarted.8324
 436 00b8 14000000 		.word	usbBufCount.8325
 437 00bc 00000000 		.word	entry
 438 00c0 00000000 		.word	line
 439 00c4 00000000 		.word	flag_KB_string
 440              		.cfi_endproc
 441              	.LFE67:
 442              		.size	handle_usb, .-handle_usb
 443              		.bss
 444              	usbStarted.8324:
 445 0012 00       		.space	1
 446 0013 00       		.align	1
 447              	usbBufCount.8325:
 448 0014 0000     		.space	2
ARM GAS  C:\Users\cta10\AppData\Local\Temp\ccN2Amyh.s 			page 12


 449              		.text
 450              	.Letext0:
 451              		.file 2 "c:\\program files (x86)\\cypress\\psoc creator\\4.4\\psoc creator\\import\\gnu\\arm\\5.4.
 452              		.file 3 "c:\\program files (x86)\\cypress\\psoc creator\\4.4\\psoc creator\\import\\gnu\\arm\\5.4.
 453              		.file 4 "Generated_Source\\PSoC5/cytypes.h"
 454              		.file 5 "vars.h"
 455              		.file 6 "Generated_Source\\PSoC5/core_cm3.h"
 456              		.section	.debug_info,"",%progbits
 457              	.Ldebug_info0:
 458 0000 ED030000 		.4byte	0x3ed
 459 0004 0400     		.2byte	0x4
 460 0006 00000000 		.4byte	.Ldebug_abbrev0
 461 000a 04       		.byte	0x4
 462 000b 01       		.uleb128 0x1
 463 000c 65000000 		.4byte	.LASF61
 464 0010 0C       		.byte	0xc
 465 0011 C7020000 		.4byte	.LASF62
 466 0015 23010000 		.4byte	.LASF63
 467 0019 00000000 		.4byte	.Ldebug_ranges0+0
 468 001d 00000000 		.4byte	0
 469 0021 00000000 		.4byte	.Ldebug_line0
 470 0025 02       		.uleb128 0x2
 471 0026 01       		.byte	0x1
 472 0027 06       		.byte	0x6
 473 0028 0A020000 		.4byte	.LASF0
 474 002c 02       		.uleb128 0x2
 475 002d 01       		.byte	0x1
 476 002e 08       		.byte	0x8
 477 002f E4010000 		.4byte	.LASF1
 478 0033 02       		.uleb128 0x2
 479 0034 02       		.byte	0x2
 480 0035 05       		.byte	0x5
 481 0036 3B000000 		.4byte	.LASF2
 482 003a 02       		.uleb128 0x2
 483 003b 02       		.byte	0x2
 484 003c 07       		.byte	0x7
 485 003d 66020000 		.4byte	.LASF3
 486 0041 03       		.uleb128 0x3
 487 0042 00030000 		.4byte	.LASF12
 488 0046 02       		.byte	0x2
 489 0047 3F       		.byte	0x3f
 490 0048 4C000000 		.4byte	0x4c
 491 004c 02       		.uleb128 0x2
 492 004d 04       		.byte	0x4
 493 004e 05       		.byte	0x5
 494 004f B1010000 		.4byte	.LASF4
 495 0053 02       		.uleb128 0x2
 496 0054 04       		.byte	0x4
 497 0055 07       		.byte	0x7
 498 0056 CE020000 		.4byte	.LASF5
 499 005a 02       		.uleb128 0x2
 500 005b 08       		.byte	0x8
 501 005c 05       		.byte	0x5
 502 005d 65010000 		.4byte	.LASF6
 503 0061 02       		.uleb128 0x2
 504 0062 08       		.byte	0x8
 505 0063 07       		.byte	0x7
ARM GAS  C:\Users\cta10\AppData\Local\Temp\ccN2Amyh.s 			page 13


 506 0064 16020000 		.4byte	.LASF7
 507 0068 04       		.uleb128 0x4
 508 0069 04       		.byte	0x4
 509 006a 05       		.byte	0x5
 510 006b 696E7400 		.ascii	"int\000"
 511 006f 02       		.uleb128 0x2
 512 0070 04       		.byte	0x4
 513 0071 07       		.byte	0x7
 514 0072 2D020000 		.4byte	.LASF8
 515 0076 02       		.uleb128 0x2
 516 0077 08       		.byte	0x8
 517 0078 04       		.byte	0x4
 518 0079 D8010000 		.4byte	.LASF9
 519 007d 02       		.uleb128 0x2
 520 007e 04       		.byte	0x4
 521 007f 07       		.byte	0x7
 522 0080 52000000 		.4byte	.LASF10
 523 0084 05       		.uleb128 0x5
 524 0085 04       		.byte	0x4
 525 0086 8A000000 		.4byte	0x8a
 526 008a 02       		.uleb128 0x2
 527 008b 01       		.byte	0x1
 528 008c 08       		.byte	0x8
 529 008d 83020000 		.4byte	.LASF11
 530 0091 03       		.uleb128 0x3
 531 0092 93020000 		.4byte	.LASF13
 532 0096 03       		.byte	0x3
 533 0097 2C       		.byte	0x2c
 534 0098 41000000 		.4byte	0x41
 535 009c 06       		.uleb128 0x6
 536 009d 0B010000 		.4byte	.LASF14
 537 00a1 04       		.byte	0x4
 538 00a2 E901     		.2byte	0x1e9
 539 00a4 2C000000 		.4byte	0x2c
 540 00a8 06       		.uleb128 0x6
 541 00a9 F8000000 		.4byte	.LASF15
 542 00ad 04       		.byte	0x4
 543 00ae EA01     		.2byte	0x1ea
 544 00b0 3A000000 		.4byte	0x3a
 545 00b4 06       		.uleb128 0x6
 546 00b5 80010000 		.4byte	.LASF16
 547 00b9 04       		.byte	0x4
 548 00ba EC01     		.2byte	0x1ec
 549 00bc 25000000 		.4byte	0x25
 550 00c0 06       		.uleb128 0x6
 551 00c1 05010000 		.4byte	.LASF17
 552 00c5 04       		.byte	0x4
 553 00c6 ED01     		.2byte	0x1ed
 554 00c8 33000000 		.4byte	0x33
 555 00cc 02       		.uleb128 0x2
 556 00cd 04       		.byte	0x4
 557 00ce 04       		.byte	0x4
 558 00cf 5F010000 		.4byte	.LASF18
 559 00d3 02       		.uleb128 0x2
 560 00d4 08       		.byte	0x8
 561 00d5 04       		.byte	0x4
 562 00d6 12000000 		.4byte	.LASF19
ARM GAS  C:\Users\cta10\AppData\Local\Temp\ccN2Amyh.s 			page 14


 563 00da 07       		.uleb128 0x7
 564 00db 79020000 		.4byte	.LASF64
 565 00df 20       		.byte	0x20
 566 00e0 05       		.byte	0x5
 567 00e1 2B       		.byte	0x2b
 568 00e2 B3010000 		.4byte	0x1b3
 569 00e6 08       		.uleb128 0x8
 570 00e7 66030000 		.4byte	.LASF20
 571 00eb 05       		.byte	0x5
 572 00ec 2C       		.byte	0x2c
 573 00ed B4000000 		.4byte	0xb4
 574 00f1 00       		.byte	0
 575 00f2 08       		.uleb128 0x8
 576 00f3 FF000000 		.4byte	.LASF21
 577 00f7 05       		.byte	0x5
 578 00f8 2D       		.byte	0x2d
 579 00f9 9C000000 		.4byte	0x9c
 580 00fd 01       		.byte	0x1
 581 00fe 08       		.uleb128 0x8
 582 00ff 88020000 		.4byte	.LASF22
 583 0103 05       		.byte	0x5
 584 0104 2E       		.byte	0x2e
 585 0105 C0000000 		.4byte	0xc0
 586 0109 02       		.byte	0x2
 587 010a 08       		.uleb128 0x8
 588 010b 4E030000 		.4byte	.LASF23
 589 010f 05       		.byte	0x5
 590 0110 2F       		.byte	0x2f
 591 0111 C0000000 		.4byte	0xc0
 592 0115 04       		.byte	0x4
 593 0116 08       		.uleb128 0x8
 594 0117 6B030000 		.4byte	.LASF24
 595 011b 05       		.byte	0x5
 596 011c 30       		.byte	0x30
 597 011d C0000000 		.4byte	0xc0
 598 0121 06       		.byte	0x6
 599 0122 08       		.uleb128 0x8
 600 0123 A9010000 		.4byte	.LASF25
 601 0127 05       		.byte	0x5
 602 0128 31       		.byte	0x31
 603 0129 C0000000 		.4byte	0xc0
 604 012d 08       		.byte	0x8
 605 012e 08       		.uleb128 0x8
 606 012f 0A030000 		.4byte	.LASF26
 607 0133 05       		.byte	0x5
 608 0134 32       		.byte	0x32
 609 0135 C0000000 		.4byte	0xc0
 610 0139 0A       		.byte	0xa
 611 013a 08       		.uleb128 0x8
 612 013b F2010000 		.4byte	.LASF27
 613 013f 05       		.byte	0x5
 614 0140 33       		.byte	0x33
 615 0141 C0000000 		.4byte	0xc0
 616 0145 0C       		.byte	0xc
 617 0146 08       		.uleb128 0x8
 618 0147 9C010000 		.4byte	.LASF28
 619 014b 05       		.byte	0x5
ARM GAS  C:\Users\cta10\AppData\Local\Temp\ccN2Amyh.s 			page 15


 620 014c 34       		.byte	0x34
 621 014d C0000000 		.4byte	0xc0
 622 0151 0E       		.byte	0xe
 623 0152 08       		.uleb128 0x8
 624 0153 5E020000 		.4byte	.LASF29
 625 0157 05       		.byte	0x5
 626 0158 35       		.byte	0x35
 627 0159 C0000000 		.4byte	0xc0
 628 015d 10       		.byte	0x10
 629 015e 08       		.uleb128 0x8
 630 015f 9B020000 		.4byte	.LASF30
 631 0163 05       		.byte	0x5
 632 0164 36       		.byte	0x36
 633 0165 C0000000 		.4byte	0xc0
 634 0169 12       		.byte	0x12
 635 016a 08       		.uleb128 0x8
 636 016b B0020000 		.4byte	.LASF31
 637 016f 05       		.byte	0x5
 638 0170 37       		.byte	0x37
 639 0171 C0000000 		.4byte	0xc0
 640 0175 14       		.byte	0x14
 641 0176 08       		.uleb128 0x8
 642 0177 11010000 		.4byte	.LASF32
 643 017b 05       		.byte	0x5
 644 017c 38       		.byte	0x38
 645 017d C0000000 		.4byte	0xc0
 646 0181 16       		.byte	0x16
 647 0182 08       		.uleb128 0x8
 648 0183 33000000 		.4byte	.LASF33
 649 0187 05       		.byte	0x5
 650 0188 39       		.byte	0x39
 651 0189 C0000000 		.4byte	0xc0
 652 018d 18       		.byte	0x18
 653 018e 08       		.uleb128 0x8
 654 018f 94010000 		.4byte	.LASF34
 655 0193 05       		.byte	0x5
 656 0194 3A       		.byte	0x3a
 657 0195 C0000000 		.4byte	0xc0
 658 0199 1A       		.byte	0x1a
 659 019a 08       		.uleb128 0x8
 660 019b 55020000 		.4byte	.LASF35
 661 019f 05       		.byte	0x5
 662 01a0 3B       		.byte	0x3b
 663 01a1 C0000000 		.4byte	0xc0
 664 01a5 1C       		.byte	0x1c
 665 01a6 08       		.uleb128 0x8
 666 01a7 A3020000 		.4byte	.LASF36
 667 01ab 05       		.byte	0x5
 668 01ac 3C       		.byte	0x3c
 669 01ad C0000000 		.4byte	0xc0
 670 01b1 1E       		.byte	0x1e
 671 01b2 00       		.byte	0
 672 01b3 09       		.uleb128 0x9
 673 01b4 F3000000 		.4byte	.LASF37
 674 01b8 01       		.byte	0x1
 675 01b9 23       		.byte	0x23
 676 01ba 68000000 		.4byte	0x68
ARM GAS  C:\Users\cta10\AppData\Local\Temp\ccN2Amyh.s 			page 16


 677 01be 00000000 		.4byte	.LFB64
 678 01c2 6C000000 		.4byte	.LFE64-.LFB64
 679 01c6 01       		.uleb128 0x1
 680 01c7 9C       		.byte	0x9c
 681 01c8 E5010000 		.4byte	0x1e5
 682 01cc 0A       		.uleb128 0xa
 683 01cd 20000000 		.4byte	.LBB2
 684 01d1 38000000 		.4byte	.LBE2-.LBB2
 685 01d5 0B       		.uleb128 0xb
 686 01d6 62756600 		.ascii	"buf\000"
 687 01da 01       		.byte	0x1
 688 01db 49       		.byte	0x49
 689 01dc E5010000 		.4byte	0x1e5
 690 01e0 02       		.uleb128 0x2
 691 01e1 91       		.byte	0x91
 692 01e2 68       		.sleb128 -24
 693 01e3 00       		.byte	0
 694 01e4 00       		.byte	0
 695 01e5 0C       		.uleb128 0xc
 696 01e6 8A000000 		.4byte	0x8a
 697 01ea F5010000 		.4byte	0x1f5
 698 01ee 0D       		.uleb128 0xd
 699 01ef 7D000000 		.4byte	0x7d
 700 01f3 0F       		.byte	0xf
 701 01f4 00       		.byte	0
 702 01f5 0E       		.uleb128 0xe
 703 01f6 73010000 		.4byte	.LASF38
 704 01fa 01       		.byte	0x1
 705 01fb 53       		.byte	0x53
 706 01fc 00000000 		.4byte	.LFB65
 707 0200 3E000000 		.4byte	.LFE65-.LFB65
 708 0204 01       		.uleb128 0x1
 709 0205 9C       		.byte	0x9c
 710 0206 17020000 		.4byte	0x217
 711 020a 0F       		.uleb128 0xf
 712 020b 7300     		.ascii	"s\000"
 713 020d 01       		.byte	0x1
 714 020e 53       		.byte	0x53
 715 020f 84000000 		.4byte	0x84
 716 0213 02       		.uleb128 0x2
 717 0214 91       		.byte	0x91
 718 0215 74       		.sleb128 -12
 719 0216 00       		.byte	0
 720 0217 0E       		.uleb128 0xe
 721 0218 00000000 		.4byte	.LASF39
 722 021c 01       		.byte	0x1
 723 021d 61       		.byte	0x61
 724 021e 00000000 		.4byte	.LFB66
 725 0222 26000000 		.4byte	.LFE66-.LFB66
 726 0226 01       		.uleb128 0x1
 727 0227 9C       		.byte	0x9c
 728 0228 39020000 		.4byte	0x239
 729 022c 0F       		.uleb128 0xf
 730 022d 6300     		.ascii	"c\000"
 731 022f 01       		.byte	0x1
 732 0230 61       		.byte	0x61
 733 0231 8A000000 		.4byte	0x8a
ARM GAS  C:\Users\cta10\AppData\Local\Temp\ccN2Amyh.s 			page 17


 734 0235 02       		.uleb128 0x2
 735 0236 91       		.byte	0x91
 736 0237 77       		.sleb128 -9
 737 0238 00       		.byte	0
 738 0239 10       		.uleb128 0x10
 739 023a 27030000 		.4byte	.LASF65
 740 023e 01       		.byte	0x1
 741 023f 69       		.byte	0x69
 742 0240 00000000 		.4byte	.LFB67
 743 0244 C8000000 		.4byte	.LFE67-.LFB67
 744 0248 01       		.uleb128 0x1
 745 0249 9C       		.byte	0x9c
 746 024a 7D020000 		.4byte	0x27d
 747 024e 11       		.uleb128 0x11
 748 024f E0020000 		.4byte	.LASF40
 749 0253 01       		.byte	0x1
 750 0254 6F       		.byte	0x6f
 751 0255 9C000000 		.4byte	0x9c
 752 0259 05       		.uleb128 0x5
 753 025a 03       		.byte	0x3
 754 025b 12000000 		.4byte	usbStarted.8324
 755 025f 11       		.uleb128 0x11
 756 0260 49020000 		.4byte	.LASF41
 757 0264 01       		.byte	0x1
 758 0265 70       		.byte	0x70
 759 0266 A8000000 		.4byte	0xa8
 760 026a 05       		.uleb128 0x5
 761 026b 03       		.byte	0x3
 762 026c 14000000 		.4byte	usbBufCount.8325
 763 0270 0B       		.uleb128 0xb
 764 0271 6300     		.ascii	"c\000"
 765 0273 01       		.byte	0x1
 766 0274 71       		.byte	0x71
 767 0275 9C000000 		.4byte	0x9c
 768 0279 02       		.uleb128 0x2
 769 027a 91       		.byte	0x91
 770 027b 77       		.sleb128 -9
 771 027c 00       		.byte	0
 772 027d 12       		.uleb128 0x12
 773 027e 59030000 		.4byte	.LASF42
 774 0282 06       		.byte	0x6
 775 0283 1207     		.2byte	0x712
 776 0285 89020000 		.4byte	0x289
 777 0289 13       		.uleb128 0x13
 778 028a 91000000 		.4byte	0x91
 779 028e 14       		.uleb128 0x14
 780 028f 747300   		.ascii	"ts\000"
 781 0292 05       		.byte	0x5
 782 0293 12       		.byte	0x12
 783 0294 9C000000 		.4byte	0x9c
 784 0298 05       		.uleb128 0x5
 785 0299 03       		.byte	0x3
 786 029a 00000000 		.4byte	ts
 787 029e 15       		.uleb128 0x15
 788 029f 0B000000 		.4byte	.LASF43
 789 02a3 05       		.byte	0x5
 790 02a4 13       		.byte	0x13
ARM GAS  C:\Users\cta10\AppData\Local\Temp\ccN2Amyh.s 			page 18


 791 02a5 A8000000 		.4byte	0xa8
 792 02a9 05       		.uleb128 0x5
 793 02aa 03       		.byte	0x3
 794 02ab 00000000 		.4byte	ts_enc
 795 02af 15       		.uleb128 0x15
 796 02b0 1D030000 		.4byte	.LASF44
 797 02b4 05       		.byte	0x5
 798 02b5 14       		.byte	0x14
 799 02b6 A8000000 		.4byte	0xa8
 800 02ba 05       		.uleb128 0x5
 801 02bb 03       		.byte	0x3
 802 02bc 00000000 		.4byte	ts_update
 803 02c0 15       		.uleb128 0x15
 804 02c1 EB020000 		.4byte	.LASF45
 805 02c5 05       		.byte	0x5
 806 02c6 15       		.byte	0x15
 807 02c7 A8000000 		.4byte	0xa8
 808 02cb 05       		.uleb128 0x5
 809 02cc 03       		.byte	0x3
 810 02cd 00000000 		.4byte	ts_speed
 811 02d1 15       		.uleb128 0x15
 812 02d2 12030000 		.4byte	.LASF46
 813 02d6 05       		.byte	0x5
 814 02d7 16       		.byte	0x16
 815 02d8 A8000000 		.4byte	0xa8
 816 02dc 05       		.uleb128 0x5
 817 02dd 03       		.byte	0x3
 818 02de 00000000 		.4byte	ts_display
 819 02e2 15       		.uleb128 0x15
 820 02e3 F4020000 		.4byte	.LASF47
 821 02e7 05       		.byte	0x5
 822 02e8 18       		.byte	0x18
 823 02e9 9C000000 		.4byte	0x9c
 824 02ed 05       		.uleb128 0x5
 825 02ee 03       		.byte	0x3
 826 02ef 00000000 		.4byte	flag_ts_enc
 827 02f3 15       		.uleb128 0x15
 828 02f4 85010000 		.4byte	.LASF48
 829 02f8 05       		.byte	0x5
 830 02f9 19       		.byte	0x19
 831 02fa 9C000000 		.4byte	0x9c
 832 02fe 05       		.uleb128 0x5
 833 02ff 03       		.byte	0x3
 834 0300 00000000 		.4byte	flag_ts_update
 835 0304 15       		.uleb128 0x15
 836 0305 25000000 		.4byte	.LASF49
 837 0309 05       		.byte	0x5
 838 030a 1A       		.byte	0x1a
 839 030b 9C000000 		.4byte	0x9c
 840 030f 05       		.uleb128 0x5
 841 0310 03       		.byte	0x3
 842 0311 00000000 		.4byte	flag_ts_speed
 843 0315 15       		.uleb128 0x15
 844 0316 BA010000 		.4byte	.LASF50
 845 031a 05       		.byte	0x5
 846 031b 1B       		.byte	0x1b
 847 031c 9C000000 		.4byte	0x9c
ARM GAS  C:\Users\cta10\AppData\Local\Temp\ccN2Amyh.s 			page 19


 848 0320 05       		.uleb128 0x5
 849 0321 03       		.byte	0x3
 850 0322 00000000 		.4byte	flag_ts_display
 851 0326 15       		.uleb128 0x15
 852 0327 CA010000 		.4byte	.LASF51
 853 032b 05       		.byte	0x5
 854 032c 1E       		.byte	0x1e
 855 032d 9C000000 		.4byte	0x9c
 856 0331 05       		.uleb128 0x5
 857 0332 03       		.byte	0x3
 858 0333 00000000 		.4byte	flag_rx
 859 0337 15       		.uleb128 0x15
 860 0338 19000000 		.4byte	.LASF52
 861 033c 05       		.byte	0x5
 862 033d 1F       		.byte	0x1f
 863 033e 9C000000 		.4byte	0x9c
 864 0342 05       		.uleb128 0x5
 865 0343 03       		.byte	0x3
 866 0344 00000000 		.4byte	flag_packet
 867 0348 15       		.uleb128 0x15
 868 0349 3A020000 		.4byte	.LASF53
 869 034d 05       		.byte	0x5
 870 034e 20       		.byte	0x20
 871 034f 9C000000 		.4byte	0x9c
 872 0353 05       		.uleb128 0x5
 873 0354 03       		.byte	0x3
 874 0355 00000000 		.4byte	flag_KB_string
 875 0359 15       		.uleb128 0x15
 876 035a FB010000 		.4byte	.LASF54
 877 035e 05       		.byte	0x5
 878 035f 22       		.byte	0x22
 879 0360 9C000000 		.4byte	0x9c
 880 0364 05       		.uleb128 0x5
 881 0365 03       		.byte	0x3
 882 0366 00000000 		.4byte	dataready_flag
 883 036a 15       		.uleb128 0x15
 884 036b 32030000 		.4byte	.LASF55
 885 036f 05       		.byte	0x5
 886 0370 24       		.byte	0x24
 887 0371 9C000000 		.4byte	0x9c
 888 0375 05       		.uleb128 0x5
 889 0376 03       		.byte	0x3
 890 0377 00000000 		.4byte	flag_rf_transmission_active
 891 037b 0C       		.uleb128 0xc
 892 037c 8A000000 		.4byte	0x8a
 893 0380 8B030000 		.4byte	0x38b
 894 0384 0D       		.uleb128 0xd
 895 0385 7D000000 		.4byte	0x7d
 896 0389 3F       		.byte	0x3f
 897 038a 00       		.byte	0
 898 038b 15       		.uleb128 0x15
 899 038c B9020000 		.4byte	.LASF56
 900 0390 05       		.byte	0x5
 901 0391 27       		.byte	0x27
 902 0392 7B030000 		.4byte	0x37b
 903 0396 05       		.uleb128 0x5
 904 0397 03       		.byte	0x3
ARM GAS  C:\Users\cta10\AppData\Local\Temp\ccN2Amyh.s 			page 20


 905 0398 00000000 		.4byte	displaystring
 906 039c 15       		.uleb128 0x15
 907 039d 1E010000 		.4byte	.LASF57
 908 03a1 05       		.byte	0x5
 909 03a2 28       		.byte	0x28
 910 03a3 7B030000 		.4byte	0x37b
 911 03a7 05       		.uleb128 0x5
 912 03a8 03       		.byte	0x3
 913 03a9 00000000 		.4byte	line
 914 03ad 15       		.uleb128 0x15
 915 03ae D2010000 		.4byte	.LASF58
 916 03b2 05       		.byte	0x5
 917 03b3 28       		.byte	0x28
 918 03b4 7B030000 		.4byte	0x37b
 919 03b8 05       		.uleb128 0x5
 920 03b9 03       		.byte	0x3
 921 03ba 00000000 		.4byte	entry
 922 03be 0C       		.uleb128 0xc
 923 03bf 9C000000 		.4byte	0x9c
 924 03c3 CE030000 		.4byte	0x3ce
 925 03c7 0D       		.uleb128 0xd
 926 03c8 7D000000 		.4byte	0x7d
 927 03cc 3F       		.byte	0x3f
 928 03cd 00       		.byte	0
 929 03ce 15       		.uleb128 0x15
 930 03cf 5B000000 		.4byte	.LASF59
 931 03d3 05       		.byte	0x5
 932 03d4 29       		.byte	0x29
 933 03d5 BE030000 		.4byte	0x3be
 934 03d9 05       		.uleb128 0x5
 935 03da 03       		.byte	0x3
 936 03db 00000000 		.4byte	usbBuffer
 937 03df 15       		.uleb128 0x15
 938 03e0 45000000 		.4byte	.LASF60
 939 03e4 05       		.byte	0x5
 940 03e5 3E       		.byte	0x3e
 941 03e6 DA000000 		.4byte	0xda
 942 03ea 05       		.uleb128 0x5
 943 03eb 03       		.byte	0x3
 944 03ec 00000000 		.4byte	system_state
 945 03f0 00       		.byte	0
 946              		.section	.debug_abbrev,"",%progbits
 947              	.Ldebug_abbrev0:
 948 0000 01       		.uleb128 0x1
 949 0001 11       		.uleb128 0x11
 950 0002 01       		.byte	0x1
 951 0003 25       		.uleb128 0x25
 952 0004 0E       		.uleb128 0xe
 953 0005 13       		.uleb128 0x13
 954 0006 0B       		.uleb128 0xb
 955 0007 03       		.uleb128 0x3
 956 0008 0E       		.uleb128 0xe
 957 0009 1B       		.uleb128 0x1b
 958 000a 0E       		.uleb128 0xe
 959 000b 55       		.uleb128 0x55
 960 000c 17       		.uleb128 0x17
 961 000d 11       		.uleb128 0x11
ARM GAS  C:\Users\cta10\AppData\Local\Temp\ccN2Amyh.s 			page 21


 962 000e 01       		.uleb128 0x1
 963 000f 10       		.uleb128 0x10
 964 0010 17       		.uleb128 0x17
 965 0011 00       		.byte	0
 966 0012 00       		.byte	0
 967 0013 02       		.uleb128 0x2
 968 0014 24       		.uleb128 0x24
 969 0015 00       		.byte	0
 970 0016 0B       		.uleb128 0xb
 971 0017 0B       		.uleb128 0xb
 972 0018 3E       		.uleb128 0x3e
 973 0019 0B       		.uleb128 0xb
 974 001a 03       		.uleb128 0x3
 975 001b 0E       		.uleb128 0xe
 976 001c 00       		.byte	0
 977 001d 00       		.byte	0
 978 001e 03       		.uleb128 0x3
 979 001f 16       		.uleb128 0x16
 980 0020 00       		.byte	0
 981 0021 03       		.uleb128 0x3
 982 0022 0E       		.uleb128 0xe
 983 0023 3A       		.uleb128 0x3a
 984 0024 0B       		.uleb128 0xb
 985 0025 3B       		.uleb128 0x3b
 986 0026 0B       		.uleb128 0xb
 987 0027 49       		.uleb128 0x49
 988 0028 13       		.uleb128 0x13
 989 0029 00       		.byte	0
 990 002a 00       		.byte	0
 991 002b 04       		.uleb128 0x4
 992 002c 24       		.uleb128 0x24
 993 002d 00       		.byte	0
 994 002e 0B       		.uleb128 0xb
 995 002f 0B       		.uleb128 0xb
 996 0030 3E       		.uleb128 0x3e
 997 0031 0B       		.uleb128 0xb
 998 0032 03       		.uleb128 0x3
 999 0033 08       		.uleb128 0x8
 1000 0034 00       		.byte	0
 1001 0035 00       		.byte	0
 1002 0036 05       		.uleb128 0x5
 1003 0037 0F       		.uleb128 0xf
 1004 0038 00       		.byte	0
 1005 0039 0B       		.uleb128 0xb
 1006 003a 0B       		.uleb128 0xb
 1007 003b 49       		.uleb128 0x49
 1008 003c 13       		.uleb128 0x13
 1009 003d 00       		.byte	0
 1010 003e 00       		.byte	0
 1011 003f 06       		.uleb128 0x6
 1012 0040 16       		.uleb128 0x16
 1013 0041 00       		.byte	0
 1014 0042 03       		.uleb128 0x3
 1015 0043 0E       		.uleb128 0xe
 1016 0044 3A       		.uleb128 0x3a
 1017 0045 0B       		.uleb128 0xb
 1018 0046 3B       		.uleb128 0x3b
ARM GAS  C:\Users\cta10\AppData\Local\Temp\ccN2Amyh.s 			page 22


 1019 0047 05       		.uleb128 0x5
 1020 0048 49       		.uleb128 0x49
 1021 0049 13       		.uleb128 0x13
 1022 004a 00       		.byte	0
 1023 004b 00       		.byte	0
 1024 004c 07       		.uleb128 0x7
 1025 004d 13       		.uleb128 0x13
 1026 004e 01       		.byte	0x1
 1027 004f 03       		.uleb128 0x3
 1028 0050 0E       		.uleb128 0xe
 1029 0051 0B       		.uleb128 0xb
 1030 0052 0B       		.uleb128 0xb
 1031 0053 3A       		.uleb128 0x3a
 1032 0054 0B       		.uleb128 0xb
 1033 0055 3B       		.uleb128 0x3b
 1034 0056 0B       		.uleb128 0xb
 1035 0057 01       		.uleb128 0x1
 1036 0058 13       		.uleb128 0x13
 1037 0059 00       		.byte	0
 1038 005a 00       		.byte	0
 1039 005b 08       		.uleb128 0x8
 1040 005c 0D       		.uleb128 0xd
 1041 005d 00       		.byte	0
 1042 005e 03       		.uleb128 0x3
 1043 005f 0E       		.uleb128 0xe
 1044 0060 3A       		.uleb128 0x3a
 1045 0061 0B       		.uleb128 0xb
 1046 0062 3B       		.uleb128 0x3b
 1047 0063 0B       		.uleb128 0xb
 1048 0064 49       		.uleb128 0x49
 1049 0065 13       		.uleb128 0x13
 1050 0066 38       		.uleb128 0x38
 1051 0067 0B       		.uleb128 0xb
 1052 0068 00       		.byte	0
 1053 0069 00       		.byte	0
 1054 006a 09       		.uleb128 0x9
 1055 006b 2E       		.uleb128 0x2e
 1056 006c 01       		.byte	0x1
 1057 006d 3F       		.uleb128 0x3f
 1058 006e 19       		.uleb128 0x19
 1059 006f 03       		.uleb128 0x3
 1060 0070 0E       		.uleb128 0xe
 1061 0071 3A       		.uleb128 0x3a
 1062 0072 0B       		.uleb128 0xb
 1063 0073 3B       		.uleb128 0x3b
 1064 0074 0B       		.uleb128 0xb
 1065 0075 49       		.uleb128 0x49
 1066 0076 13       		.uleb128 0x13
 1067 0077 11       		.uleb128 0x11
 1068 0078 01       		.uleb128 0x1
 1069 0079 12       		.uleb128 0x12
 1070 007a 06       		.uleb128 0x6
 1071 007b 40       		.uleb128 0x40
 1072 007c 18       		.uleb128 0x18
 1073 007d 9642     		.uleb128 0x2116
 1074 007f 19       		.uleb128 0x19
 1075 0080 01       		.uleb128 0x1
ARM GAS  C:\Users\cta10\AppData\Local\Temp\ccN2Amyh.s 			page 23


 1076 0081 13       		.uleb128 0x13
 1077 0082 00       		.byte	0
 1078 0083 00       		.byte	0
 1079 0084 0A       		.uleb128 0xa
 1080 0085 0B       		.uleb128 0xb
 1081 0086 01       		.byte	0x1
 1082 0087 11       		.uleb128 0x11
 1083 0088 01       		.uleb128 0x1
 1084 0089 12       		.uleb128 0x12
 1085 008a 06       		.uleb128 0x6
 1086 008b 00       		.byte	0
 1087 008c 00       		.byte	0
 1088 008d 0B       		.uleb128 0xb
 1089 008e 34       		.uleb128 0x34
 1090 008f 00       		.byte	0
 1091 0090 03       		.uleb128 0x3
 1092 0091 08       		.uleb128 0x8
 1093 0092 3A       		.uleb128 0x3a
 1094 0093 0B       		.uleb128 0xb
 1095 0094 3B       		.uleb128 0x3b
 1096 0095 0B       		.uleb128 0xb
 1097 0096 49       		.uleb128 0x49
 1098 0097 13       		.uleb128 0x13
 1099 0098 02       		.uleb128 0x2
 1100 0099 18       		.uleb128 0x18
 1101 009a 00       		.byte	0
 1102 009b 00       		.byte	0
 1103 009c 0C       		.uleb128 0xc
 1104 009d 01       		.uleb128 0x1
 1105 009e 01       		.byte	0x1
 1106 009f 49       		.uleb128 0x49
 1107 00a0 13       		.uleb128 0x13
 1108 00a1 01       		.uleb128 0x1
 1109 00a2 13       		.uleb128 0x13
 1110 00a3 00       		.byte	0
 1111 00a4 00       		.byte	0
 1112 00a5 0D       		.uleb128 0xd
 1113 00a6 21       		.uleb128 0x21
 1114 00a7 00       		.byte	0
 1115 00a8 49       		.uleb128 0x49
 1116 00a9 13       		.uleb128 0x13
 1117 00aa 2F       		.uleb128 0x2f
 1118 00ab 0B       		.uleb128 0xb
 1119 00ac 00       		.byte	0
 1120 00ad 00       		.byte	0
 1121 00ae 0E       		.uleb128 0xe
 1122 00af 2E       		.uleb128 0x2e
 1123 00b0 01       		.byte	0x1
 1124 00b1 3F       		.uleb128 0x3f
 1125 00b2 19       		.uleb128 0x19
 1126 00b3 03       		.uleb128 0x3
 1127 00b4 0E       		.uleb128 0xe
 1128 00b5 3A       		.uleb128 0x3a
 1129 00b6 0B       		.uleb128 0xb
 1130 00b7 3B       		.uleb128 0x3b
 1131 00b8 0B       		.uleb128 0xb
 1132 00b9 27       		.uleb128 0x27
ARM GAS  C:\Users\cta10\AppData\Local\Temp\ccN2Amyh.s 			page 24


 1133 00ba 19       		.uleb128 0x19
 1134 00bb 11       		.uleb128 0x11
 1135 00bc 01       		.uleb128 0x1
 1136 00bd 12       		.uleb128 0x12
 1137 00be 06       		.uleb128 0x6
 1138 00bf 40       		.uleb128 0x40
 1139 00c0 18       		.uleb128 0x18
 1140 00c1 9642     		.uleb128 0x2116
 1141 00c3 19       		.uleb128 0x19
 1142 00c4 01       		.uleb128 0x1
 1143 00c5 13       		.uleb128 0x13
 1144 00c6 00       		.byte	0
 1145 00c7 00       		.byte	0
 1146 00c8 0F       		.uleb128 0xf
 1147 00c9 05       		.uleb128 0x5
 1148 00ca 00       		.byte	0
 1149 00cb 03       		.uleb128 0x3
 1150 00cc 08       		.uleb128 0x8
 1151 00cd 3A       		.uleb128 0x3a
 1152 00ce 0B       		.uleb128 0xb
 1153 00cf 3B       		.uleb128 0x3b
 1154 00d0 0B       		.uleb128 0xb
 1155 00d1 49       		.uleb128 0x49
 1156 00d2 13       		.uleb128 0x13
 1157 00d3 02       		.uleb128 0x2
 1158 00d4 18       		.uleb128 0x18
 1159 00d5 00       		.byte	0
 1160 00d6 00       		.byte	0
 1161 00d7 10       		.uleb128 0x10
 1162 00d8 2E       		.uleb128 0x2e
 1163 00d9 01       		.byte	0x1
 1164 00da 3F       		.uleb128 0x3f
 1165 00db 19       		.uleb128 0x19
 1166 00dc 03       		.uleb128 0x3
 1167 00dd 0E       		.uleb128 0xe
 1168 00de 3A       		.uleb128 0x3a
 1169 00df 0B       		.uleb128 0xb
 1170 00e0 3B       		.uleb128 0x3b
 1171 00e1 0B       		.uleb128 0xb
 1172 00e2 11       		.uleb128 0x11
 1173 00e3 01       		.uleb128 0x1
 1174 00e4 12       		.uleb128 0x12
 1175 00e5 06       		.uleb128 0x6
 1176 00e6 40       		.uleb128 0x40
 1177 00e7 18       		.uleb128 0x18
 1178 00e8 9642     		.uleb128 0x2116
 1179 00ea 19       		.uleb128 0x19
 1180 00eb 01       		.uleb128 0x1
 1181 00ec 13       		.uleb128 0x13
 1182 00ed 00       		.byte	0
 1183 00ee 00       		.byte	0
 1184 00ef 11       		.uleb128 0x11
 1185 00f0 34       		.uleb128 0x34
 1186 00f1 00       		.byte	0
 1187 00f2 03       		.uleb128 0x3
 1188 00f3 0E       		.uleb128 0xe
 1189 00f4 3A       		.uleb128 0x3a
ARM GAS  C:\Users\cta10\AppData\Local\Temp\ccN2Amyh.s 			page 25


 1190 00f5 0B       		.uleb128 0xb
 1191 00f6 3B       		.uleb128 0x3b
 1192 00f7 0B       		.uleb128 0xb
 1193 00f8 49       		.uleb128 0x49
 1194 00f9 13       		.uleb128 0x13
 1195 00fa 02       		.uleb128 0x2
 1196 00fb 18       		.uleb128 0x18
 1197 00fc 00       		.byte	0
 1198 00fd 00       		.byte	0
 1199 00fe 12       		.uleb128 0x12
 1200 00ff 34       		.uleb128 0x34
 1201 0100 00       		.byte	0
 1202 0101 03       		.uleb128 0x3
 1203 0102 0E       		.uleb128 0xe
 1204 0103 3A       		.uleb128 0x3a
 1205 0104 0B       		.uleb128 0xb
 1206 0105 3B       		.uleb128 0x3b
 1207 0106 05       		.uleb128 0x5
 1208 0107 49       		.uleb128 0x49
 1209 0108 13       		.uleb128 0x13
 1210 0109 3F       		.uleb128 0x3f
 1211 010a 19       		.uleb128 0x19
 1212 010b 3C       		.uleb128 0x3c
 1213 010c 19       		.uleb128 0x19
 1214 010d 00       		.byte	0
 1215 010e 00       		.byte	0
 1216 010f 13       		.uleb128 0x13
 1217 0110 35       		.uleb128 0x35
 1218 0111 00       		.byte	0
 1219 0112 49       		.uleb128 0x49
 1220 0113 13       		.uleb128 0x13
 1221 0114 00       		.byte	0
 1222 0115 00       		.byte	0
 1223 0116 14       		.uleb128 0x14
 1224 0117 34       		.uleb128 0x34
 1225 0118 00       		.byte	0
 1226 0119 03       		.uleb128 0x3
 1227 011a 08       		.uleb128 0x8
 1228 011b 3A       		.uleb128 0x3a
 1229 011c 0B       		.uleb128 0xb
 1230 011d 3B       		.uleb128 0x3b
 1231 011e 0B       		.uleb128 0xb
 1232 011f 49       		.uleb128 0x49
 1233 0120 13       		.uleb128 0x13
 1234 0121 3F       		.uleb128 0x3f
 1235 0122 19       		.uleb128 0x19
 1236 0123 02       		.uleb128 0x2
 1237 0124 18       		.uleb128 0x18
 1238 0125 00       		.byte	0
 1239 0126 00       		.byte	0
 1240 0127 15       		.uleb128 0x15
 1241 0128 34       		.uleb128 0x34
 1242 0129 00       		.byte	0
 1243 012a 03       		.uleb128 0x3
 1244 012b 0E       		.uleb128 0xe
 1245 012c 3A       		.uleb128 0x3a
 1246 012d 0B       		.uleb128 0xb
ARM GAS  C:\Users\cta10\AppData\Local\Temp\ccN2Amyh.s 			page 26


 1247 012e 3B       		.uleb128 0x3b
 1248 012f 0B       		.uleb128 0xb
 1249 0130 49       		.uleb128 0x49
 1250 0131 13       		.uleb128 0x13
 1251 0132 3F       		.uleb128 0x3f
 1252 0133 19       		.uleb128 0x19
 1253 0134 02       		.uleb128 0x2
 1254 0135 18       		.uleb128 0x18
 1255 0136 00       		.byte	0
 1256 0137 00       		.byte	0
 1257 0138 00       		.byte	0
 1258              		.section	.debug_aranges,"",%progbits
 1259 0000 34000000 		.4byte	0x34
 1260 0004 0200     		.2byte	0x2
 1261 0006 00000000 		.4byte	.Ldebug_info0
 1262 000a 04       		.byte	0x4
 1263 000b 00       		.byte	0
 1264 000c 0000     		.2byte	0
 1265 000e 0000     		.2byte	0
 1266 0010 00000000 		.4byte	.LFB64
 1267 0014 6C000000 		.4byte	.LFE64-.LFB64
 1268 0018 00000000 		.4byte	.LFB65
 1269 001c 3E000000 		.4byte	.LFE65-.LFB65
 1270 0020 00000000 		.4byte	.LFB66
 1271 0024 26000000 		.4byte	.LFE66-.LFB66
 1272 0028 00000000 		.4byte	.LFB67
 1273 002c C8000000 		.4byte	.LFE67-.LFB67
 1274 0030 00000000 		.4byte	0
 1275 0034 00000000 		.4byte	0
 1276              		.section	.debug_ranges,"",%progbits
 1277              	.Ldebug_ranges0:
 1278 0000 00000000 		.4byte	.LFB64
 1279 0004 6C000000 		.4byte	.LFE64
 1280 0008 00000000 		.4byte	.LFB65
 1281 000c 3E000000 		.4byte	.LFE65
 1282 0010 00000000 		.4byte	.LFB66
 1283 0014 26000000 		.4byte	.LFE66
 1284 0018 00000000 		.4byte	.LFB67
 1285 001c C8000000 		.4byte	.LFE67
 1286 0020 00000000 		.4byte	0
 1287 0024 00000000 		.4byte	0
 1288              		.section	.debug_line,"",%progbits
 1289              	.Ldebug_line0:
 1290 0000 EE010000 		.section	.debug_str,"MS",%progbits,1
 1290      02005601 
 1290      00000201 
 1290      FB0E0D00 
 1290      01010101 
 1291              	.LASF39:
 1292 0000 75736250 		.ascii	"usbPutChar\000"
 1292      75744368 
 1292      617200
 1293              	.LASF43:
 1294 000b 74735F65 		.ascii	"ts_enc\000"
 1294      6E6300
 1295              	.LASF19:
 1296 0012 646F7562 		.ascii	"double\000"
ARM GAS  C:\Users\cta10\AppData\Local\Temp\ccN2Amyh.s 			page 27


 1296      6C6500
 1297              	.LASF52:
 1298 0019 666C6167 		.ascii	"flag_packet\000"
 1298      5F706163 
 1298      6B657400 
 1299              	.LASF49:
 1300 0025 666C6167 		.ascii	"flag_ts_speed\000"
 1300      5F74735F 
 1300      73706565 
 1300      6400
 1301              	.LASF33:
 1302 0033 67325F78 		.ascii	"g2_xpos\000"
 1302      706F7300 
 1303              	.LASF2:
 1304 003b 73686F72 		.ascii	"short int\000"
 1304      7420696E 
 1304      7400
 1305              	.LASF60:
 1306 0045 73797374 		.ascii	"system_state\000"
 1306      656D5F73 
 1306      74617465 
 1306      00
 1307              	.LASF10:
 1308 0052 73697A65 		.ascii	"sizetype\000"
 1308      74797065 
 1308      00
 1309              	.LASF59:
 1310 005b 75736242 		.ascii	"usbBuffer\000"
 1310      75666665 
 1310      7200
 1311              	.LASF61:
 1312 0065 474E5520 		.ascii	"GNU C11 5.4.1 20160609 (release) [ARM/embedded-5-br"
 1312      43313120 
 1312      352E342E 
 1312      31203230 
 1312      31363036 
 1313 0098 616E6368 		.ascii	"anch revision 237715] -mcpu=cortex-m3 -mthumb -g -O"
 1313      20726576 
 1313      6973696F 
 1313      6E203233 
 1313      37373135 
 1314 00cb 30202D66 		.ascii	"0 -ffunction-sections -ffat-lto-objects\000"
 1314      66756E63 
 1314      74696F6E 
 1314      2D736563 
 1314      74696F6E 
 1315              	.LASF37:
 1316 00f3 6D61696E 		.ascii	"main\000"
 1316      00
 1317              	.LASF15:
 1318 00f8 75696E74 		.ascii	"uint16\000"
 1318      313600
 1319              	.LASF21:
 1320 00ff 696E6465 		.ascii	"index\000"
 1320      7800
 1321              	.LASF17:
 1322 0105 696E7431 		.ascii	"int16\000"
ARM GAS  C:\Users\cta10\AppData\Local\Temp\ccN2Amyh.s 			page 28


 1322      3600
 1323              	.LASF14:
 1324 010b 75696E74 		.ascii	"uint8\000"
 1324      3800
 1325              	.LASF32:
 1326 0111 67315F64 		.ascii	"g1_direction\000"
 1326      69726563 
 1326      74696F6E 
 1326      00
 1327              	.LASF57:
 1328 011e 6C696E65 		.ascii	"line\000"
 1328      00
 1329              	.LASF63:
 1330 0123 433A5C4C 		.ascii	"C:\\LocalProject\\301MotorCar\\psoc firmware\\CS301"
 1330      6F63616C 
 1330      50726F6A 
 1330      6563745C 
 1330      3330314D 
 1331 0152 5F436C61 		.ascii	"_Class.cydsn\000"
 1331      73732E63 
 1331      7964736E 
 1331      00
 1332              	.LASF18:
 1333 015f 666C6F61 		.ascii	"float\000"
 1333      7400
 1334              	.LASF6:
 1335 0165 6C6F6E67 		.ascii	"long long int\000"
 1335      206C6F6E 
 1335      6720696E 
 1335      7400
 1336              	.LASF38:
 1337 0173 75736250 		.ascii	"usbPutString\000"
 1337      75745374 
 1337      72696E67 
 1337      00
 1338              	.LASF16:
 1339 0180 696E7438 		.ascii	"int8\000"
 1339      00
 1340              	.LASF48:
 1341 0185 666C6167 		.ascii	"flag_ts_update\000"
 1341      5F74735F 
 1341      75706461 
 1341      746500
 1342              	.LASF34:
 1343 0194 67325F79 		.ascii	"g2_ypos\000"
 1343      706F7300 
 1344              	.LASF28:
 1345 019c 67305F64 		.ascii	"g0_direction\000"
 1345      69726563 
 1345      74696F6E 
 1345      00
 1346              	.LASF25:
 1347 01a9 67305F78 		.ascii	"g0_xpos\000"
 1347      706F7300 
 1348              	.LASF4:
 1349 01b1 6C6F6E67 		.ascii	"long int\000"
 1349      20696E74 
ARM GAS  C:\Users\cta10\AppData\Local\Temp\ccN2Amyh.s 			page 29


 1349      00
 1350              	.LASF50:
 1351 01ba 666C6167 		.ascii	"flag_ts_display\000"
 1351      5F74735F 
 1351      64697370 
 1351      6C617900 
 1352              	.LASF51:
 1353 01ca 666C6167 		.ascii	"flag_rx\000"
 1353      5F727800 
 1354              	.LASF58:
 1355 01d2 656E7472 		.ascii	"entry\000"
 1355      7900
 1356              	.LASF9:
 1357 01d8 6C6F6E67 		.ascii	"long double\000"
 1357      20646F75 
 1357      626C6500 
 1358              	.LASF1:
 1359 01e4 756E7369 		.ascii	"unsigned char\000"
 1359      676E6564 
 1359      20636861 
 1359      7200
 1360              	.LASF27:
 1361 01f2 67305F73 		.ascii	"g0_speed\000"
 1361      70656564 
 1361      00
 1362              	.LASF54:
 1363 01fb 64617461 		.ascii	"dataready_flag\000"
 1363      72656164 
 1363      795F666C 
 1363      616700
 1364              	.LASF0:
 1365 020a 7369676E 		.ascii	"signed char\000"
 1365      65642063 
 1365      68617200 
 1366              	.LASF7:
 1367 0216 6C6F6E67 		.ascii	"long long unsigned int\000"
 1367      206C6F6E 
 1367      6720756E 
 1367      7369676E 
 1367      65642069 
 1368              	.LASF8:
 1369 022d 756E7369 		.ascii	"unsigned int\000"
 1369      676E6564 
 1369      20696E74 
 1369      00
 1370              	.LASF53:
 1371 023a 666C6167 		.ascii	"flag_KB_string\000"
 1371      5F4B425F 
 1371      73747269 
 1371      6E6700
 1372              	.LASF41:
 1373 0249 75736242 		.ascii	"usbBufCount\000"
 1373      7566436F 
 1373      756E7400 
 1374              	.LASF35:
 1375 0255 67325F73 		.ascii	"g2_speed\000"
 1375      70656564 
ARM GAS  C:\Users\cta10\AppData\Local\Temp\ccN2Amyh.s 			page 30


 1375      00
 1376              	.LASF29:
 1377 025e 67315F78 		.ascii	"g1_xpos\000"
 1377      706F7300 
 1378              	.LASF3:
 1379 0266 73686F72 		.ascii	"short unsigned int\000"
 1379      7420756E 
 1379      7369676E 
 1379      65642069 
 1379      6E7400
 1380              	.LASF64:
 1381 0279 64617461 		.ascii	"data_main\000"
 1381      5F6D6169 
 1381      6E00
 1382              	.LASF11:
 1383 0283 63686172 		.ascii	"char\000"
 1383      00
 1384              	.LASF22:
 1385 0288 726F626F 		.ascii	"robot_xpos\000"
 1385      745F7870 
 1385      6F7300
 1386              	.LASF13:
 1387 0293 696E7433 		.ascii	"int32_t\000"
 1387      325F7400 
 1388              	.LASF30:
 1389 029b 67315F79 		.ascii	"g1_ypos\000"
 1389      706F7300 
 1390              	.LASF36:
 1391 02a3 67325F64 		.ascii	"g2_direction\000"
 1391      69726563 
 1391      74696F6E 
 1391      00
 1392              	.LASF31:
 1393 02b0 67315F73 		.ascii	"g1_speed\000"
 1393      70656564 
 1393      00
 1394              	.LASF56:
 1395 02b9 64697370 		.ascii	"displaystring\000"
 1395      6C617973 
 1395      7472696E 
 1395      6700
 1396              	.LASF62:
 1397 02c7 6D61696E 		.ascii	"main.c\000"
 1397      2E6300
 1398              	.LASF5:
 1399 02ce 6C6F6E67 		.ascii	"long unsigned int\000"
 1399      20756E73 
 1399      69676E65 
 1399      6420696E 
 1399      7400
 1400              	.LASF40:
 1401 02e0 75736253 		.ascii	"usbStarted\000"
 1401      74617274 
 1401      656400
 1402              	.LASF45:
 1403 02eb 74735F73 		.ascii	"ts_speed\000"
 1403      70656564 
ARM GAS  C:\Users\cta10\AppData\Local\Temp\ccN2Amyh.s 			page 31


 1403      00
 1404              	.LASF47:
 1405 02f4 666C6167 		.ascii	"flag_ts_enc\000"
 1405      5F74735F 
 1405      656E6300 
 1406              	.LASF12:
 1407 0300 5F5F696E 		.ascii	"__int32_t\000"
 1407      7433325F 
 1407      7400
 1408              	.LASF26:
 1409 030a 67305F79 		.ascii	"g0_ypos\000"
 1409      706F7300 
 1410              	.LASF46:
 1411 0312 74735F64 		.ascii	"ts_display\000"
 1411      6973706C 
 1411      617900
 1412              	.LASF44:
 1413 031d 74735F75 		.ascii	"ts_update\000"
 1413      70646174 
 1413      6500
 1414              	.LASF65:
 1415 0327 68616E64 		.ascii	"handle_usb\000"
 1415      6C655F75 
 1415      736200
 1416              	.LASF55:
 1417 0332 666C6167 		.ascii	"flag_rf_transmission_active\000"
 1417      5F72665F 
 1417      7472616E 
 1417      736D6973 
 1417      73696F6E 
 1418              	.LASF23:
 1419 034e 726F626F 		.ascii	"robot_ypos\000"
 1419      745F7970 
 1419      6F7300
 1420              	.LASF42:
 1421 0359 49544D5F 		.ascii	"ITM_RxBuffer\000"
 1421      52784275 
 1421      66666572 
 1421      00
 1422              	.LASF20:
 1423 0366 72737369 		.ascii	"rssi\000"
 1423      00
 1424              	.LASF24:
 1425 036b 726F626F 		.ascii	"robot_orientation\000"
 1425      745F6F72 
 1425      69656E74 
 1425      6174696F 
 1425      6E00
 1426              		.ident	"GCC: (GNU Tools for ARM Embedded Processors) 5.4.1 20160609 (release) [ARM/embedded-5-bran
