Added Component: Designator=C1(0805 CAP)
Add component (AddParameter): Name = "Value"; Value = ""; VariantName = "[No Variations]"
Added Component: Designator=C2_U_Light Detector CCT1(0805 CAP)
Add component (AddParameter): Name = "Value"; Value = ""; VariantName = "[No Variations]"
Added Component: Designator=C2_U_Light Detector CCT2(0805 CAP)
Add component (AddParameter): Name = "Value"; Value = ""; VariantName = "[No Variations]"
Added Component: Designator=C2_U_Light Detector CCT3(0805 CAP)
Add component (AddParameter): Name = "Value"; Value = ""; VariantName = "[No Variations]"
Added Component: Designator=C2_U_Light Detector CCT4(0805 CAP)
Add component (AddParameter): Name = "Value"; Value = ""; VariantName = "[No Variations]"
Added Component: Designator=C2_U_Light Detector CCT5(0805 CAP)
Add component (AddParameter): Name = "Value"; Value = ""; VariantName = "[No Variations]"
Added Component: Designator=C2_U_Light Detector CCT6(0805 CAP)
Add component (AddParameter): Name = "Value"; Value = ""; VariantName = "[No Variations]"
Added Component: Designator=C3_U_Light Detector CCT1(0805 CAP)
Add component (AddParameter): Name = "Value"; Value = ""; VariantName = "[No Variations]"
Added Component: Designator=C3_U_Light Detector CCT2(0805 CAP)
Add component (AddParameter): Name = "Value"; Value = ""; VariantName = "[No Variations]"
Added Component: Designator=C3_U_Light Detector CCT3(0805 CAP)
Add component (AddParameter): Name = "Value"; Value = ""; VariantName = "[No Variations]"
Added Component: Designator=C3_U_Light Detector CCT4(0805 CAP)
Add component (AddParameter): Name = "Value"; Value = ""; VariantName = "[No Variations]"
Added Component: Designator=C3_U_Light Detector CCT5(0805 CAP)
Add component (AddParameter): Name = "Value"; Value = ""; VariantName = "[No Variations]"
Added Component: Designator=C3_U_Light Detector CCT6(0805 CAP)
Add component (AddParameter): Name = "Value"; Value = ""; VariantName = "[No Variations]"
Added Component: Designator=C4_U_Light Detector CCT1(0805 CAP)
Add component (AddParameter): Name = "Value"; Value = ""; VariantName = "[No Variations]"
Added Component: Designator=C4_U_Light Detector CCT2(0805 CAP)
Add component (AddParameter): Name = "Value"; Value = ""; VariantName = "[No Variations]"
Added Component: Designator=C4_U_Light Detector CCT3(0805 CAP)
Add component (AddParameter): Name = "Value"; Value = ""; VariantName = "[No Variations]"
Added Component: Designator=C4_U_Light Detector CCT4(0805 CAP)
Add component (AddParameter): Name = "Value"; Value = ""; VariantName = "[No Variations]"
Added Component: Designator=C4_U_Light Detector CCT5(0805 CAP)
Add component (AddParameter): Name = "Value"; Value = ""; VariantName = "[No Variations]"
Added Component: Designator=C4_U_Light Detector CCT6(0805 CAP)
Add component (AddParameter): Name = "Value"; Value = ""; VariantName = "[No Variations]"
Added Component: Designator=C5_U_Light Detector CCT1(0805 CAP)
Add component (AddParameter): Name = "Value"; Value = ""; VariantName = "[No Variations]"
Added Component: Designator=C5_U_Light Detector CCT2(0805 CAP)
Add component (AddParameter): Name = "Value"; Value = ""; VariantName = "[No Variations]"
Added Component: Designator=C5_U_Light Detector CCT3(0805 CAP)
Add component (AddParameter): Name = "Value"; Value = ""; VariantName = "[No Variations]"
Added Component: Designator=C5_U_Light Detector CCT4(0805 CAP)
Add component (AddParameter): Name = "Value"; Value = ""; VariantName = "[No Variations]"
Added Component: Designator=C5_U_Light Detector CCT5(0805 CAP)
Add component (AddParameter): Name = "Value"; Value = ""; VariantName = "[No Variations]"
Added Component: Designator=C5_U_Light Detector CCT6(0805 CAP)
Add component (AddParameter): Name = "Value"; Value = ""; VariantName = "[No Variations]"
Added Component: Designator=C6(CAP POL 8x5.4mm SMT)
Add component (AddParameter): Name = "Applications"; Value = "General Purpose"; VariantName = "[No Variations]"
Add component (AddParameter): Name = "Capacitance 1"; Value = "22 µF"; VariantName = "[No Variations]"
Add component (AddParameter): Name = "Category"; Value = "Capacitors"; VariantName = "[No Variations]"
Add component (AddParameter): Name = "ComponentLink1Description"; Value = "http://nichicon-us.com/english/products/pdfs/e-uwx.pdf"; VariantName = "[No Variations]"
Add component (AddParameter): Name = "ComponentLink1URL"; Value = "http://nichicon-us.com/english/products/pdfs/e-uwx.pdf"; VariantName = "[No Variations]"
Add component (AddParameter): Name = "ESR (Equivalent Series Resistance)"; Value = "-"; VariantName = "[No Variations]"
Add component (AddParameter): Name = "Height - Seated (Max)"; Value = "0.213" (5.40mm)"; VariantName = "[No Variations]"
Add component (AddParameter): Name = "Lead Spacing"; Value = "-"; VariantName = "[No Variations]"
Add component (AddParameter): Name = "Lifetime @ Temp."; Value = "2000 Hrs @ 85°C"; VariantName = "[No Variations]"
Add component (AddParameter): Name = "Manufacturer"; Value = "Nichicon"; VariantName = "[No Variations]"
Add component (AddParameter): Name = "Manufacturer Part Number"; Value = "UWX1V220MCL1GB"; VariantName = "[No Variations]"
Add component (AddParameter): Name = "Mounting Type"; Value = "Surface Mount"; VariantName = "[No Variations]"
Add component (AddParameter): Name = "Operating Temperature"; Value = "-40°C ~ 85°C"; VariantName = "[No Variations]"
Add component (AddParameter): Name = "Package / Case"; Value = "Radial, Can - SMD"; VariantName = "[No Variations]"
Add component (AddParameter): Name = "Packaging"; Value = "Cut Tape (CT)"; VariantName = "[No Variations]"
Add component (AddParameter): Name = "Part Status"; Value = "Active"; VariantName = "[No Variations]"
Add component (AddParameter): Name = "Polarization"; Value = "Polar"; VariantName = "[No Variations]"
Add component (AddParameter): Name = "Pricing 1"; Value = "1=0.59, 10=0.406, 100=0.2304, 500=0.16268 (NZD)"; VariantName = "[No Variations]"
Add component (AddParameter): Name = "Ratings"; Value = "-"; VariantName = "[No Variations]"
Add component (AddParameter): Name = "Revision"; Value = "July-2002: Re-released for DXP Platform."; VariantName = "[No Variations]"
Add component (AddParameter): Name = "RoHS"; Value = "RoHS Compliant"; VariantName = "[No Variations]"
Add component (AddParameter): Name = "Size / Dimension"; Value = "0.248" Dia (6.30mm)"; VariantName = "[No Variations]"
Add component (AddParameter): Name = "Stock 1"; Value = "680"; VariantName = "[No Variations]"
Add component (AddParameter): Name = "Supplier 1"; Value = "Digi-Key"; VariantName = "[No Variations]"
Add component (AddParameter): Name = "Supplier Part Number 1"; Value = "493-2136-1-ND"; VariantName = "[No Variations]"
Add component (AddParameter): Name = "Surface Mount Land Size"; Value = "0.260" L x 0.260" W (6.60mm x 6.60mm)"; VariantName = "[No Variations]"
Add component (AddParameter): Name = "Tolerance"; Value = "±20%"; VariantName = "[No Variations]"
Add component (AddParameter): Name = "Value"; Value = ""; VariantName = "[No Variations]"
Added Component: Designator=D1_U_Light Detector CCT1(FP-SOD68-MFG)
Add component (AddParameter): Name = "RoHS Compliant"; Value = "Yes"; VariantName = "[No Variations]"
Added Component: Designator=D1_U_Light Detector CCT2(FP-SOD68-MFG)
Add component (AddParameter): Name = "RoHS Compliant"; Value = "Yes"; VariantName = "[No Variations]"
Added Component: Designator=D1_U_Light Detector CCT3(FP-SOD68-MFG)
Add component (AddParameter): Name = "RoHS Compliant"; Value = "Yes"; VariantName = "[No Variations]"
Added Component: Designator=D1_U_Light Detector CCT4(FP-SOD68-MFG)
Add component (AddParameter): Name = "RoHS Compliant"; Value = "Yes"; VariantName = "[No Variations]"
Added Component: Designator=D1_U_Light Detector CCT5(FP-SOD68-MFG)
Add component (AddParameter): Name = "RoHS Compliant"; Value = "Yes"; VariantName = "[No Variations]"
Added Component: Designator=D1_U_Light Detector CCT6(FP-SOD68-MFG)
Add component (AddParameter): Name = "RoHS Compliant"; Value = "Yes"; VariantName = "[No Variations]"
Added Component: Designator=D5(LED0.1/5MM)
Added Component: Designator=D6(LED0.1/5MM)
Added Component: Designator=D7(LED0.1/5MM)
Added Component: Designator=D8(LED0.1/5MM)
Added Component: Designator=D9(LED0.1/5MM)
Added Component: Designator=D10(LED0.1/5MM)
Added Component: Designator=Q1_U_Light Detector CCT1(VEMT3700)
Added Component: Designator=Q1_U_Light Detector CCT2(VEMT3700)
Added Component: Designator=Q1_U_Light Detector CCT3(VEMT3700)
Added Component: Designator=Q1_U_Light Detector CCT4(VEMT3700)
Added Component: Designator=Q1_U_Light Detector CCT5(VEMT3700)
Added Component: Designator=Q1_U_Light Detector CCT6(VEMT3700)
Added Component: Designator=R1(0805 RES)
Add component (AddParameter): Name = "ComponentLink1Description"; Value = "https://nz.mouser.com/datasheet/2/315/AOA0000C304-1149620.pdf"; VariantName = "[No Variations]"
Add component (AddParameter): Name = "LatestRevisionDate"; Value = "17-Jul-2002"; VariantName = "[No Variations]"
Add component (AddParameter): Name = "LatestRevisionNote"; Value = "Re-released for DXP Platform."; VariantName = "[No Variations]"
Add component (AddParameter): Name = "PackageReference"; Value = "AXIAL-0.4"; VariantName = "[No Variations]"
Add component (AddParameter): Name = "Published"; Value = "8-Jun-2000"; VariantName = "[No Variations]"
Add component (AddParameter): Name = "Publisher"; Value = "Altium Limited"; VariantName = "[No Variations]"
Add component (AddParameter): Name = "Value"; Value = ""; VariantName = "[No Variations]"
Added Component: Designator=R2(0805 RES)
Add component (AddParameter): Name = "ComponentLink1Description"; Value = "https://nz.mouser.com/datasheet/2/315/AOA0000C304-1149620.pdf"; VariantName = "[No Variations]"
Add component (AddParameter): Name = "LatestRevisionDate"; Value = "17-Jul-2002"; VariantName = "[No Variations]"
Add component (AddParameter): Name = "LatestRevisionNote"; Value = "Re-released for DXP Platform."; VariantName = "[No Variations]"
Add component (AddParameter): Name = "PackageReference"; Value = "AXIAL-0.4"; VariantName = "[No Variations]"
Add component (AddParameter): Name = "Published"; Value = "8-Jun-2000"; VariantName = "[No Variations]"
Add component (AddParameter): Name = "Publisher"; Value = "Altium Limited"; VariantName = "[No Variations]"
Add component (AddParameter): Name = "Value"; Value = ""; VariantName = "[No Variations]"
Added Component: Designator=R3_U_Light Detector CCT1(0805 RES)
Add component (AddParameter): Name = "ComponentLink1Description"; Value = "https://nz.mouser.com/datasheet/2/315/AOA0000C304-1149620.pdf"; VariantName = "[No Variations]"
Add component (AddParameter): Name = "LatestRevisionDate"; Value = "17-Jul-2002"; VariantName = "[No Variations]"
Add component (AddParameter): Name = "LatestRevisionNote"; Value = "Re-released for DXP Platform."; VariantName = "[No Variations]"
Add component (AddParameter): Name = "PackageReference"; Value = "AXIAL-0.4"; VariantName = "[No Variations]"
Add component (AddParameter): Name = "Published"; Value = "8-Jun-2000"; VariantName = "[No Variations]"
Add component (AddParameter): Name = "Publisher"; Value = "Altium Limited"; VariantName = "[No Variations]"
Add component (AddParameter): Name = "Value"; Value = ""; VariantName = "[No Variations]"
Added Component: Designator=R3_U_Light Detector CCT2(0805 RES)
Add component (AddParameter): Name = "ComponentLink1Description"; Value = "https://nz.mouser.com/datasheet/2/315/AOA0000C304-1149620.pdf"; VariantName = "[No Variations]"
Add component (AddParameter): Name = "LatestRevisionDate"; Value = "17-Jul-2002"; VariantName = "[No Variations]"
Add component (AddParameter): Name = "LatestRevisionNote"; Value = "Re-released for DXP Platform."; VariantName = "[No Variations]"
Add component (AddParameter): Name = "PackageReference"; Value = "AXIAL-0.4"; VariantName = "[No Variations]"
Add component (AddParameter): Name = "Published"; Value = "8-Jun-2000"; VariantName = "[No Variations]"
Add component (AddParameter): Name = "Publisher"; Value = "Altium Limited"; VariantName = "[No Variations]"
Add component (AddParameter): Name = "Value"; Value = ""; VariantName = "[No Variations]"
Added Component: Designator=R3_U_Light Detector CCT3(0805 RES)
Add component (AddParameter): Name = "ComponentLink1Description"; Value = "https://nz.mouser.com/datasheet/2/315/AOA0000C304-1149620.pdf"; VariantName = "[No Variations]"
Add component (AddParameter): Name = "LatestRevisionDate"; Value = "17-Jul-2002"; VariantName = "[No Variations]"
Add component (AddParameter): Name = "LatestRevisionNote"; Value = "Re-released for DXP Platform."; VariantName = "[No Variations]"
Add component (AddParameter): Name = "PackageReference"; Value = "AXIAL-0.4"; VariantName = "[No Variations]"
Add component (AddParameter): Name = "Published"; Value = "8-Jun-2000"; VariantName = "[No Variations]"
Add component (AddParameter): Name = "Publisher"; Value = "Altium Limited"; VariantName = "[No Variations]"
Add component (AddParameter): Name = "Value"; Value = ""; VariantName = "[No Variations]"
Added Component: Designator=R3_U_Light Detector CCT4(0805 RES)
Add component (AddParameter): Name = "ComponentLink1Description"; Value = "https://nz.mouser.com/datasheet/2/315/AOA0000C304-1149620.pdf"; VariantName = "[No Variations]"
Add component (AddParameter): Name = "LatestRevisionDate"; Value = "17-Jul-2002"; VariantName = "[No Variations]"
Add component (AddParameter): Name = "LatestRevisionNote"; Value = "Re-released for DXP Platform."; VariantName = "[No Variations]"
Add component (AddParameter): Name = "PackageReference"; Value = "AXIAL-0.4"; VariantName = "[No Variations]"
Add component (AddParameter): Name = "Published"; Value = "8-Jun-2000"; VariantName = "[No Variations]"
Add component (AddParameter): Name = "Publisher"; Value = "Altium Limited"; VariantName = "[No Variations]"
Add component (AddParameter): Name = "Value"; Value = ""; VariantName = "[No Variations]"
Added Component: Designator=R3_U_Light Detector CCT5(0805 RES)
Add component (AddParameter): Name = "ComponentLink1Description"; Value = "https://nz.mouser.com/datasheet/2/315/AOA0000C304-1149620.pdf"; VariantName = "[No Variations]"
Add component (AddParameter): Name = "LatestRevisionDate"; Value = "17-Jul-2002"; VariantName = "[No Variations]"
Add component (AddParameter): Name = "LatestRevisionNote"; Value = "Re-released for DXP Platform."; VariantName = "[No Variations]"
Add component (AddParameter): Name = "PackageReference"; Value = "AXIAL-0.4"; VariantName = "[No Variations]"
Add component (AddParameter): Name = "Published"; Value = "8-Jun-2000"; VariantName = "[No Variations]"
Add component (AddParameter): Name = "Publisher"; Value = "Altium Limited"; VariantName = "[No Variations]"
Add component (AddParameter): Name = "Value"; Value = ""; VariantName = "[No Variations]"
Added Component: Designator=R3_U_Light Detector CCT6(0805 RES)
Add component (AddParameter): Name = "ComponentLink1Description"; Value = "https://nz.mouser.com/datasheet/2/315/AOA0000C304-1149620.pdf"; VariantName = "[No Variations]"
Add component (AddParameter): Name = "LatestRevisionDate"; Value = "17-Jul-2002"; VariantName = "[No Variations]"
Add component (AddParameter): Name = "LatestRevisionNote"; Value = "Re-released for DXP Platform."; VariantName = "[No Variations]"
Add component (AddParameter): Name = "PackageReference"; Value = "AXIAL-0.4"; VariantName = "[No Variations]"
Add component (AddParameter): Name = "Published"; Value = "8-Jun-2000"; VariantName = "[No Variations]"
Add component (AddParameter): Name = "Publisher"; Value = "Altium Limited"; VariantName = "[No Variations]"
Add component (AddParameter): Name = "Value"; Value = ""; VariantName = "[No Variations]"
Added Component: Designator=R4_U_Light Detector CCT1(0805 RES)
Add component (AddParameter): Name = "ComponentLink1Description"; Value = "https://nz.mouser.com/datasheet/2/315/AOA0000C304-1149620.pdf"; VariantName = "[No Variations]"
Add component (AddParameter): Name = "LatestRevisionDate"; Value = "17-Jul-2002"; VariantName = "[No Variations]"
Add component (AddParameter): Name = "LatestRevisionNote"; Value = "Re-released for DXP Platform."; VariantName = "[No Variations]"
Add component (AddParameter): Name = "PackageReference"; Value = "AXIAL-0.4"; VariantName = "[No Variations]"
Add component (AddParameter): Name = "Published"; Value = "8-Jun-2000"; VariantName = "[No Variations]"
Add component (AddParameter): Name = "Publisher"; Value = "Altium Limited"; VariantName = "[No Variations]"
Add component (AddParameter): Name = "Value"; Value = ""; VariantName = "[No Variations]"
Added Component: Designator=R4_U_Light Detector CCT2(0805 RES)
Add component (AddParameter): Name = "ComponentLink1Description"; Value = "https://nz.mouser.com/datasheet/2/315/AOA0000C304-1149620.pdf"; VariantName = "[No Variations]"
Add component (AddParameter): Name = "LatestRevisionDate"; Value = "17-Jul-2002"; VariantName = "[No Variations]"
Add component (AddParameter): Name = "LatestRevisionNote"; Value = "Re-released for DXP Platform."; VariantName = "[No Variations]"
Add component (AddParameter): Name = "PackageReference"; Value = "AXIAL-0.4"; VariantName = "[No Variations]"
Add component (AddParameter): Name = "Published"; Value = "8-Jun-2000"; VariantName = "[No Variations]"
Add component (AddParameter): Name = "Publisher"; Value = "Altium Limited"; VariantName = "[No Variations]"
Add component (AddParameter): Name = "Value"; Value = ""; VariantName = "[No Variations]"
Added Component: Designator=R4_U_Light Detector CCT3(0805 RES)
Add component (AddParameter): Name = "ComponentLink1Description"; Value = "https://nz.mouser.com/datasheet/2/315/AOA0000C304-1149620.pdf"; VariantName = "[No Variations]"
Add component (AddParameter): Name = "LatestRevisionDate"; Value = "17-Jul-2002"; VariantName = "[No Variations]"
Add component (AddParameter): Name = "LatestRevisionNote"; Value = "Re-released for DXP Platform."; VariantName = "[No Variations]"
Add component (AddParameter): Name = "PackageReference"; Value = "AXIAL-0.4"; VariantName = "[No Variations]"
Add component (AddParameter): Name = "Published"; Value = "8-Jun-2000"; VariantName = "[No Variations]"
Add component (AddParameter): Name = "Publisher"; Value = "Altium Limited"; VariantName = "[No Variations]"
Add component (AddParameter): Name = "Value"; Value = ""; VariantName = "[No Variations]"
Added Component: Designator=R4_U_Light Detector CCT4(0805 RES)
Add component (AddParameter): Name = "ComponentLink1Description"; Value = "https://nz.mouser.com/datasheet/2/315/AOA0000C304-1149620.pdf"; VariantName = "[No Variations]"
Add component (AddParameter): Name = "LatestRevisionDate"; Value = "17-Jul-2002"; VariantName = "[No Variations]"
Add component (AddParameter): Name = "LatestRevisionNote"; Value = "Re-released for DXP Platform."; VariantName = "[No Variations]"
Add component (AddParameter): Name = "PackageReference"; Value = "AXIAL-0.4"; VariantName = "[No Variations]"
Add component (AddParameter): Name = "Published"; Value = "8-Jun-2000"; VariantName = "[No Variations]"
Add component (AddParameter): Name = "Publisher"; Value = "Altium Limited"; VariantName = "[No Variations]"
Add component (AddParameter): Name = "Value"; Value = ""; VariantName = "[No Variations]"
Added Component: Designator=R4_U_Light Detector CCT5(0805 RES)
Add component (AddParameter): Name = "ComponentLink1Description"; Value = "https://nz.mouser.com/datasheet/2/315/AOA0000C304-1149620.pdf"; VariantName = "[No Variations]"
Add component (AddParameter): Name = "LatestRevisionDate"; Value = "17-Jul-2002"; VariantName = "[No Variations]"
Add component (AddParameter): Name = "LatestRevisionNote"; Value = "Re-released for DXP Platform."; VariantName = "[No Variations]"
Add component (AddParameter): Name = "PackageReference"; Value = "AXIAL-0.4"; VariantName = "[No Variations]"
Add component (AddParameter): Name = "Published"; Value = "8-Jun-2000"; VariantName = "[No Variations]"
Add component (AddParameter): Name = "Publisher"; Value = "Altium Limited"; VariantName = "[No Variations]"
Add component (AddParameter): Name = "Value"; Value = ""; VariantName = "[No Variations]"
Added Component: Designator=R4_U_Light Detector CCT6(0805 RES)
Add component (AddParameter): Name = "ComponentLink1Description"; Value = "https://nz.mouser.com/datasheet/2/315/AOA0000C304-1149620.pdf"; VariantName = "[No Variations]"
Add component (AddParameter): Name = "LatestRevisionDate"; Value = "17-Jul-2002"; VariantName = "[No Variations]"
Add component (AddParameter): Name = "LatestRevisionNote"; Value = "Re-released for DXP Platform."; VariantName = "[No Variations]"
Add component (AddParameter): Name = "PackageReference"; Value = "AXIAL-0.4"; VariantName = "[No Variations]"
Add component (AddParameter): Name = "Published"; Value = "8-Jun-2000"; VariantName = "[No Variations]"
Add component (AddParameter): Name = "Publisher"; Value = "Altium Limited"; VariantName = "[No Variations]"
Add component (AddParameter): Name = "Value"; Value = ""; VariantName = "[No Variations]"
Added Component: Designator=R5_U_Light Detector CCT1(0805 RES)
Add component (AddParameter): Name = "ComponentLink1Description"; Value = "https://nz.mouser.com/datasheet/2/315/AOA0000C304-1149620.pdf"; VariantName = "[No Variations]"
Add component (AddParameter): Name = "LatestRevisionDate"; Value = "17-Jul-2002"; VariantName = "[No Variations]"
Add component (AddParameter): Name = "LatestRevisionNote"; Value = "Re-released for DXP Platform."; VariantName = "[No Variations]"
Add component (AddParameter): Name = "PackageReference"; Value = "AXIAL-0.4"; VariantName = "[No Variations]"
Add component (AddParameter): Name = "Published"; Value = "8-Jun-2000"; VariantName = "[No Variations]"
Add component (AddParameter): Name = "Publisher"; Value = "Altium Limited"; VariantName = "[No Variations]"
Add component (AddParameter): Name = "Value"; Value = ""; VariantName = "[No Variations]"
Added Component: Designator=R5_U_Light Detector CCT2(0805 RES)
Add component (AddParameter): Name = "ComponentLink1Description"; Value = "https://nz.mouser.com/datasheet/2/315/AOA0000C304-1149620.pdf"; VariantName = "[No Variations]"
Add component (AddParameter): Name = "LatestRevisionDate"; Value = "17-Jul-2002"; VariantName = "[No Variations]"
Add component (AddParameter): Name = "LatestRevisionNote"; Value = "Re-released for DXP Platform."; VariantName = "[No Variations]"
Add component (AddParameter): Name = "PackageReference"; Value = "AXIAL-0.4"; VariantName = "[No Variations]"
Add component (AddParameter): Name = "Published"; Value = "8-Jun-2000"; VariantName = "[No Variations]"
Add component (AddParameter): Name = "Publisher"; Value = "Altium Limited"; VariantName = "[No Variations]"
Add component (AddParameter): Name = "Value"; Value = ""; VariantName = "[No Variations]"
Added Component: Designator=R5_U_Light Detector CCT3(0805 RES)
Add component (AddParameter): Name = "ComponentLink1Description"; Value = "https://nz.mouser.com/datasheet/2/315/AOA0000C304-1149620.pdf"; VariantName = "[No Variations]"
Add component (AddParameter): Name = "LatestRevisionDate"; Value = "17-Jul-2002"; VariantName = "[No Variations]"
Add component (AddParameter): Name = "LatestRevisionNote"; Value = "Re-released for DXP Platform."; VariantName = "[No Variations]"
Add component (AddParameter): Name = "PackageReference"; Value = "AXIAL-0.4"; VariantName = "[No Variations]"
Add component (AddParameter): Name = "Published"; Value = "8-Jun-2000"; VariantName = "[No Variations]"
Add component (AddParameter): Name = "Publisher"; Value = "Altium Limited"; VariantName = "[No Variations]"
Add component (AddParameter): Name = "Value"; Value = ""; VariantName = "[No Variations]"
Added Component: Designator=R5_U_Light Detector CCT4(0805 RES)
Add component (AddParameter): Name = "ComponentLink1Description"; Value = "https://nz.mouser.com/datasheet/2/315/AOA0000C304-1149620.pdf"; VariantName = "[No Variations]"
Add component (AddParameter): Name = "LatestRevisionDate"; Value = "17-Jul-2002"; VariantName = "[No Variations]"
Add component (AddParameter): Name = "LatestRevisionNote"; Value = "Re-released for DXP Platform."; VariantName = "[No Variations]"
Add component (AddParameter): Name = "PackageReference"; Value = "AXIAL-0.4"; VariantName = "[No Variations]"
Add component (AddParameter): Name = "Published"; Value = "8-Jun-2000"; VariantName = "[No Variations]"
Add component (AddParameter): Name = "Publisher"; Value = "Altium Limited"; VariantName = "[No Variations]"
Add component (AddParameter): Name = "Value"; Value = ""; VariantName = "[No Variations]"
Added Component: Designator=R5_U_Light Detector CCT5(0805 RES)
Add component (AddParameter): Name = "ComponentLink1Description"; Value = "https://nz.mouser.com/datasheet/2/315/AOA0000C304-1149620.pdf"; VariantName = "[No Variations]"
Add component (AddParameter): Name = "LatestRevisionDate"; Value = "17-Jul-2002"; VariantName = "[No Variations]"
Add component (AddParameter): Name = "LatestRevisionNote"; Value = "Re-released for DXP Platform."; VariantName = "[No Variations]"
Add component (AddParameter): Name = "PackageReference"; Value = "AXIAL-0.4"; VariantName = "[No Variations]"
Add component (AddParameter): Name = "Published"; Value = "8-Jun-2000"; VariantName = "[No Variations]"
Add component (AddParameter): Name = "Publisher"; Value = "Altium Limited"; VariantName = "[No Variations]"
Add component (AddParameter): Name = "Value"; Value = ""; VariantName = "[No Variations]"
Added Component: Designator=R5_U_Light Detector CCT6(0805 RES)
Add component (AddParameter): Name = "ComponentLink1Description"; Value = "https://nz.mouser.com/datasheet/2/315/AOA0000C304-1149620.pdf"; VariantName = "[No Variations]"
Add component (AddParameter): Name = "LatestRevisionDate"; Value = "17-Jul-2002"; VariantName = "[No Variations]"
Add component (AddParameter): Name = "LatestRevisionNote"; Value = "Re-released for DXP Platform."; VariantName = "[No Variations]"
Add component (AddParameter): Name = "PackageReference"; Value = "AXIAL-0.4"; VariantName = "[No Variations]"
Add component (AddParameter): Name = "Published"; Value = "8-Jun-2000"; VariantName = "[No Variations]"
Add component (AddParameter): Name = "Publisher"; Value = "Altium Limited"; VariantName = "[No Variations]"
Add component (AddParameter): Name = "Value"; Value = ""; VariantName = "[No Variations]"
Added Component: Designator=R6(0805 RES)
Add component (AddParameter): Name = "ComponentLink1Description"; Value = "https://nz.mouser.com/datasheet/2/315/AOA0000C304-1149620.pdf"; VariantName = "[No Variations]"
Add component (AddParameter): Name = "LatestRevisionDate"; Value = "17-Jul-2002"; VariantName = "[No Variations]"
Add component (AddParameter): Name = "LatestRevisionNote"; Value = "Re-released for DXP Platform."; VariantName = "[No Variations]"
Add component (AddParameter): Name = "PackageReference"; Value = "AXIAL-0.4"; VariantName = "[No Variations]"
Add component (AddParameter): Name = "Published"; Value = "8-Jun-2000"; VariantName = "[No Variations]"
Add component (AddParameter): Name = "Publisher"; Value = "Altium Limited"; VariantName = "[No Variations]"
Add component (AddParameter): Name = "Value"; Value = ""; VariantName = "[No Variations]"
Added Component: Designator=R7(0805 RES)
Add component (AddParameter): Name = "ComponentLink1Description"; Value = "https://nz.mouser.com/datasheet/2/315/AOA0000C304-1149620.pdf"; VariantName = "[No Variations]"
Add component (AddParameter): Name = "LatestRevisionDate"; Value = "17-Jul-2002"; VariantName = "[No Variations]"
Add component (AddParameter): Name = "LatestRevisionNote"; Value = "Re-released for DXP Platform."; VariantName = "[No Variations]"
Add component (AddParameter): Name = "PackageReference"; Value = "AXIAL-0.4"; VariantName = "[No Variations]"
Add component (AddParameter): Name = "Published"; Value = "8-Jun-2000"; VariantName = "[No Variations]"
Add component (AddParameter): Name = "Publisher"; Value = "Altium Limited"; VariantName = "[No Variations]"
Add component (AddParameter): Name = "Value"; Value = ""; VariantName = "[No Variations]"
Added Component: Designator=R8(0805 RES)
Add component (AddParameter): Name = "ComponentLink1Description"; Value = "https://nz.mouser.com/datasheet/2/315/AOA0000C304-1149620.pdf"; VariantName = "[No Variations]"
Add component (AddParameter): Name = "LatestRevisionDate"; Value = "17-Jul-2002"; VariantName = "[No Variations]"
Add component (AddParameter): Name = "LatestRevisionNote"; Value = "Re-released for DXP Platform."; VariantName = "[No Variations]"
Add component (AddParameter): Name = "PackageReference"; Value = "AXIAL-0.4"; VariantName = "[No Variations]"
Add component (AddParameter): Name = "Published"; Value = "8-Jun-2000"; VariantName = "[No Variations]"
Add component (AddParameter): Name = "Publisher"; Value = "Altium Limited"; VariantName = "[No Variations]"
Add component (AddParameter): Name = "Value"; Value = ""; VariantName = "[No Variations]"
Added Component: Designator=R9(0805 RES)
Add component (AddParameter): Name = "ComponentLink1Description"; Value = "https://nz.mouser.com/datasheet/2/315/AOA0000C304-1149620.pdf"; VariantName = "[No Variations]"
Add component (AddParameter): Name = "LatestRevisionDate"; Value = "17-Jul-2002"; VariantName = "[No Variations]"
Add component (AddParameter): Name = "LatestRevisionNote"; Value = "Re-released for DXP Platform."; VariantName = "[No Variations]"
Add component (AddParameter): Name = "PackageReference"; Value = "AXIAL-0.4"; VariantName = "[No Variations]"
Add component (AddParameter): Name = "Published"; Value = "8-Jun-2000"; VariantName = "[No Variations]"
Add component (AddParameter): Name = "Publisher"; Value = "Altium Limited"; VariantName = "[No Variations]"
Add component (AddParameter): Name = "Value"; Value = ""; VariantName = "[No Variations]"
Added Component: Designator=R10(0805 RES)
Add component (AddParameter): Name = "ComponentLink1Description"; Value = "https://nz.mouser.com/datasheet/2/315/AOA0000C304-1149620.pdf"; VariantName = "[No Variations]"
Add component (AddParameter): Name = "LatestRevisionDate"; Value = "17-Jul-2002"; VariantName = "[No Variations]"
Add component (AddParameter): Name = "LatestRevisionNote"; Value = "Re-released for DXP Platform."; VariantName = "[No Variations]"
Add component (AddParameter): Name = "PackageReference"; Value = "AXIAL-0.4"; VariantName = "[No Variations]"
Add component (AddParameter): Name = "Published"; Value = "8-Jun-2000"; VariantName = "[No Variations]"
Add component (AddParameter): Name = "Publisher"; Value = "Altium Limited"; VariantName = "[No Variations]"
Add component (AddParameter): Name = "Value"; Value = ""; VariantName = "[No Variations]"
Added Component: Designator=R11(0805 RES)
Add component (AddParameter): Name = "ComponentLink1Description"; Value = "https://nz.mouser.com/datasheet/2/315/AOA0000C304-1149620.pdf"; VariantName = "[No Variations]"
Add component (AddParameter): Name = "LatestRevisionDate"; Value = "17-Jul-2002"; VariantName = "[No Variations]"
Add component (AddParameter): Name = "LatestRevisionNote"; Value = "Re-released for DXP Platform."; VariantName = "[No Variations]"
Add component (AddParameter): Name = "PackageReference"; Value = "AXIAL-0.4"; VariantName = "[No Variations]"
Add component (AddParameter): Name = "Published"; Value = "8-Jun-2000"; VariantName = "[No Variations]"
Add component (AddParameter): Name = "Publisher"; Value = "Altium Limited"; VariantName = "[No Variations]"
Add component (AddParameter): Name = "Value"; Value = ""; VariantName = "[No Variations]"
Added Component: Designator=R12(0805 RES)
Add component (AddParameter): Name = "ComponentLink1Description"; Value = "https://nz.mouser.com/datasheet/2/315/AOA0000C304-1149620.pdf"; VariantName = "[No Variations]"
Add component (AddParameter): Name = "LatestRevisionDate"; Value = "17-Jul-2002"; VariantName = "[No Variations]"
Add component (AddParameter): Name = "LatestRevisionNote"; Value = "Re-released for DXP Platform."; VariantName = "[No Variations]"
Add component (AddParameter): Name = "PackageReference"; Value = "AXIAL-0.4"; VariantName = "[No Variations]"
Add component (AddParameter): Name = "Published"; Value = "8-Jun-2000"; VariantName = "[No Variations]"
Add component (AddParameter): Name = "Publisher"; Value = "Altium Limited"; VariantName = "[No Variations]"
Add component (AddParameter): Name = "Value"; Value = ""; VariantName = "[No Variations]"
Added Component: Designator=R13(0805 RES)
Add component (AddParameter): Name = "ComponentLink1Description"; Value = "https://nz.mouser.com/datasheet/2/315/AOA0000C304-1149620.pdf"; VariantName = "[No Variations]"
Add component (AddParameter): Name = "LatestRevisionDate"; Value = "17-Jul-2002"; VariantName = "[No Variations]"
Add component (AddParameter): Name = "LatestRevisionNote"; Value = "Re-released for DXP Platform."; VariantName = "[No Variations]"
Add component (AddParameter): Name = "PackageReference"; Value = "AXIAL-0.4"; VariantName = "[No Variations]"
Add component (AddParameter): Name = "Published"; Value = "8-Jun-2000"; VariantName = "[No Variations]"
Add component (AddParameter): Name = "Publisher"; Value = "Altium Limited"; VariantName = "[No Variations]"
Add component (AddParameter): Name = "Value"; Value = ""; VariantName = "[No Variations]"
Added Component: Designator=R14(0805 RES)
Add component (AddParameter): Name = "ComponentLink1Description"; Value = "https://nz.mouser.com/datasheet/2/315/AOA0000C304-1149620.pdf"; VariantName = "[No Variations]"
Add component (AddParameter): Name = "LatestRevisionDate"; Value = "17-Jul-2002"; VariantName = "[No Variations]"
Add component (AddParameter): Name = "LatestRevisionNote"; Value = "Re-released for DXP Platform."; VariantName = "[No Variations]"
Add component (AddParameter): Name = "PackageReference"; Value = "AXIAL-0.4"; VariantName = "[No Variations]"
Add component (AddParameter): Name = "Published"; Value = "8-Jun-2000"; VariantName = "[No Variations]"
Add component (AddParameter): Name = "Publisher"; Value = "Altium Limited"; VariantName = "[No Variations]"
Add component (AddParameter): Name = "Value"; Value = ""; VariantName = "[No Variations]"
Added Component: Designator=R15(0805 RES)
Add component (AddParameter): Name = "ComponentLink1Description"; Value = "https://nz.mouser.com/datasheet/2/315/AOA0000C304-1149620.pdf"; VariantName = "[No Variations]"
Add component (AddParameter): Name = "LatestRevisionDate"; Value = "17-Jul-2002"; VariantName = "[No Variations]"
Add component (AddParameter): Name = "LatestRevisionNote"; Value = "Re-released for DXP Platform."; VariantName = "[No Variations]"
Add component (AddParameter): Name = "PackageReference"; Value = "AXIAL-0.4"; VariantName = "[No Variations]"
Add component (AddParameter): Name = "Published"; Value = "8-Jun-2000"; VariantName = "[No Variations]"
Add component (AddParameter): Name = "Publisher"; Value = "Altium Limited"; VariantName = "[No Variations]"
Add component (AddParameter): Name = "Value"; Value = ""; VariantName = "[No Variations]"
Added Component: Designator=S1(SW-SPDT)
Added Component: Designator=S2(SW-PB)
Added Component: Designator=U1_U_Light Detector CCT1(ECE-SOIC8)
Add component (AddParameter): Name = "Assembly Method"; Value = "Surface Mount"; VariantName = "[No Variations]"
Add component (AddParameter): Name = "Category"; Value = "OpAmp"; VariantName = "[No Variations]"
Add component (AddParameter): Name = "Component Type"; Value = "SOIC18-TLC082"; VariantName = "[No Variations]"
Add component (AddParameter): Name = "Datasheet Link"; Value = "http://share.engineering.auckland.ac.nz/ece/ts/Student%20Documents/TLC082.pdf"; VariantName = "[No Variations]"
Add component (AddParameter): Name = "Item Type"; Value = "Item"; VariantName = "[No Variations]"
Add component (AddParameter): Name = "Manufactuer"; Value = "Texas Instruments"; VariantName = "[No Variations]"
Add component (AddParameter): Name = "Manufacturer-PN"; Value = "TLC082IDR"; VariantName = "[No Variations]"
Add component (AddParameter): Name = "Path"; Value = "ece/ts/Lists/Stock Inventory"; VariantName = "[No Variations]"
Add component (AddParameter): Name = "Size/Package"; Value = "SOIC 8"; VariantName = "[No Variations]"
Add component (AddParameter): Name = "Status"; Value = "Active"; VariantName = "[No Variations]"
Add component (AddParameter): Name = "Supplier1"; Value = "Digikey"; VariantName = "[No Variations]"
Add component (AddParameter): Name = "Supplier1-PN"; Value = "296-7271-6-ND"; VariantName = "[No Variations]"
Add component (AddParameter): Name = "UoA Stock#"; Value = "OPA000103"; VariantName = "[No Variations]"
Add component (AddParameter): Name = "Value"; Value = "TLC082"; VariantName = "[No Variations]"
Added Component: Designator=U1_U_Light Detector CCT2(ECE-SOIC8)
Add component (AddParameter): Name = "Assembly Method"; Value = "Surface Mount"; VariantName = "[No Variations]"
Add component (AddParameter): Name = "Category"; Value = "OpAmp"; VariantName = "[No Variations]"
Add component (AddParameter): Name = "Component Type"; Value = "SOIC18-TLC082"; VariantName = "[No Variations]"
Add component (AddParameter): Name = "Datasheet Link"; Value = "http://share.engineering.auckland.ac.nz/ece/ts/Student%20Documents/TLC082.pdf"; VariantName = "[No Variations]"
Add component (AddParameter): Name = "Item Type"; Value = "Item"; VariantName = "[No Variations]"
Add component (AddParameter): Name = "Manufactuer"; Value = "Texas Instruments"; VariantName = "[No Variations]"
Add component (AddParameter): Name = "Manufacturer-PN"; Value = "TLC082IDR"; VariantName = "[No Variations]"
Add component (AddParameter): Name = "Path"; Value = "ece/ts/Lists/Stock Inventory"; VariantName = "[No Variations]"
Add component (AddParameter): Name = "Size/Package"; Value = "SOIC 8"; VariantName = "[No Variations]"
Add component (AddParameter): Name = "Status"; Value = "Active"; VariantName = "[No Variations]"
Add component (AddParameter): Name = "Supplier1"; Value = "Digikey"; VariantName = "[No Variations]"
Add component (AddParameter): Name = "Supplier1-PN"; Value = "296-7271-6-ND"; VariantName = "[No Variations]"
Add component (AddParameter): Name = "UoA Stock#"; Value = "OPA000103"; VariantName = "[No Variations]"
Add component (AddParameter): Name = "Value"; Value = "TLC082"; VariantName = "[No Variations]"
Added Component: Designator=U1_U_Light Detector CCT3(ECE-SOIC8)
Add component (AddParameter): Name = "Assembly Method"; Value = "Surface Mount"; VariantName = "[No Variations]"
Add component (AddParameter): Name = "Category"; Value = "OpAmp"; VariantName = "[No Variations]"
Add component (AddParameter): Name = "Component Type"; Value = "SOIC18-TLC082"; VariantName = "[No Variations]"
Add component (AddParameter): Name = "Datasheet Link"; Value = "http://share.engineering.auckland.ac.nz/ece/ts/Student%20Documents/TLC082.pdf"; VariantName = "[No Variations]"
Add component (AddParameter): Name = "Item Type"; Value = "Item"; VariantName = "[No Variations]"
Add component (AddParameter): Name = "Manufactuer"; Value = "Texas Instruments"; VariantName = "[No Variations]"
Add component (AddParameter): Name = "Manufacturer-PN"; Value = "TLC082IDR"; VariantName = "[No Variations]"
Add component (AddParameter): Name = "Path"; Value = "ece/ts/Lists/Stock Inventory"; VariantName = "[No Variations]"
Add component (AddParameter): Name = "Size/Package"; Value = "SOIC 8"; VariantName = "[No Variations]"
Add component (AddParameter): Name = "Status"; Value = "Active"; VariantName = "[No Variations]"
Add component (AddParameter): Name = "Supplier1"; Value = "Digikey"; VariantName = "[No Variations]"
Add component (AddParameter): Name = "Supplier1-PN"; Value = "296-7271-6-ND"; VariantName = "[No Variations]"
Add component (AddParameter): Name = "UoA Stock#"; Value = "OPA000103"; VariantName = "[No Variations]"
Add component (AddParameter): Name = "Value"; Value = "TLC082"; VariantName = "[No Variations]"
Added Component: Designator=U1_U_Light Detector CCT4(ECE-SOIC8)
Add component (AddParameter): Name = "Assembly Method"; Value = "Surface Mount"; VariantName = "[No Variations]"
Add component (AddParameter): Name = "Category"; Value = "OpAmp"; VariantName = "[No Variations]"
Add component (AddParameter): Name = "Component Type"; Value = "SOIC18-TLC082"; VariantName = "[No Variations]"
Add component (AddParameter): Name = "Datasheet Link"; Value = "http://share.engineering.auckland.ac.nz/ece/ts/Student%20Documents/TLC082.pdf"; VariantName = "[No Variations]"
Add component (AddParameter): Name = "Item Type"; Value = "Item"; VariantName = "[No Variations]"
Add component (AddParameter): Name = "Manufactuer"; Value = "Texas Instruments"; VariantName = "[No Variations]"
Add component (AddParameter): Name = "Manufacturer-PN"; Value = "TLC082IDR"; VariantName = "[No Variations]"
Add component (AddParameter): Name = "Path"; Value = "ece/ts/Lists/Stock Inventory"; VariantName = "[No Variations]"
Add component (AddParameter): Name = "Size/Package"; Value = "SOIC 8"; VariantName = "[No Variations]"
Add component (AddParameter): Name = "Status"; Value = "Active"; VariantName = "[No Variations]"
Add component (AddParameter): Name = "Supplier1"; Value = "Digikey"; VariantName = "[No Variations]"
Add component (AddParameter): Name = "Supplier1-PN"; Value = "296-7271-6-ND"; VariantName = "[No Variations]"
Add component (AddParameter): Name = "UoA Stock#"; Value = "OPA000103"; VariantName = "[No Variations]"
Add component (AddParameter): Name = "Value"; Value = "TLC082"; VariantName = "[No Variations]"
Added Component: Designator=U1_U_Light Detector CCT5(ECE-SOIC8)
Add component (AddParameter): Name = "Assembly Method"; Value = "Surface Mount"; VariantName = "[No Variations]"
Add component (AddParameter): Name = "Category"; Value = "OpAmp"; VariantName = "[No Variations]"
Add component (AddParameter): Name = "Component Type"; Value = "SOIC18-TLC082"; VariantName = "[No Variations]"
Add component (AddParameter): Name = "Datasheet Link"; Value = "http://share.engineering.auckland.ac.nz/ece/ts/Student%20Documents/TLC082.pdf"; VariantName = "[No Variations]"
Add component (AddParameter): Name = "Item Type"; Value = "Item"; VariantName = "[No Variations]"
Add component (AddParameter): Name = "Manufactuer"; Value = "Texas Instruments"; VariantName = "[No Variations]"
Add component (AddParameter): Name = "Manufacturer-PN"; Value = "TLC082IDR"; VariantName = "[No Variations]"
Add component (AddParameter): Name = "Path"; Value = "ece/ts/Lists/Stock Inventory"; VariantName = "[No Variations]"
Add component (AddParameter): Name = "Size/Package"; Value = "SOIC 8"; VariantName = "[No Variations]"
Add component (AddParameter): Name = "Status"; Value = "Active"; VariantName = "[No Variations]"
Add component (AddParameter): Name = "Supplier1"; Value = "Digikey"; VariantName = "[No Variations]"
Add component (AddParameter): Name = "Supplier1-PN"; Value = "296-7271-6-ND"; VariantName = "[No Variations]"
Add component (AddParameter): Name = "UoA Stock#"; Value = "OPA000103"; VariantName = "[No Variations]"
Add component (AddParameter): Name = "Value"; Value = "TLC082"; VariantName = "[No Variations]"
Added Component: Designator=U1_U_Light Detector CCT6(ECE-SOIC8)
Add component (AddParameter): Name = "Assembly Method"; Value = "Surface Mount"; VariantName = "[No Variations]"
Add component (AddParameter): Name = "Category"; Value = "OpAmp"; VariantName = "[No Variations]"
Add component (AddParameter): Name = "Component Type"; Value = "SOIC18-TLC082"; VariantName = "[No Variations]"
Add component (AddParameter): Name = "Datasheet Link"; Value = "http://share.engineering.auckland.ac.nz/ece/ts/Student%20Documents/TLC082.pdf"; VariantName = "[No Variations]"
Add component (AddParameter): Name = "Item Type"; Value = "Item"; VariantName = "[No Variations]"
Add component (AddParameter): Name = "Manufactuer"; Value = "Texas Instruments"; VariantName = "[No Variations]"
Add component (AddParameter): Name = "Manufacturer-PN"; Value = "TLC082IDR"; VariantName = "[No Variations]"
Add component (AddParameter): Name = "Path"; Value = "ece/ts/Lists/Stock Inventory"; VariantName = "[No Variations]"
Add component (AddParameter): Name = "Size/Package"; Value = "SOIC 8"; VariantName = "[No Variations]"
Add component (AddParameter): Name = "Status"; Value = "Active"; VariantName = "[No Variations]"
Add component (AddParameter): Name = "Supplier1"; Value = "Digikey"; VariantName = "[No Variations]"
Add component (AddParameter): Name = "Supplier1-PN"; Value = "296-7271-6-ND"; VariantName = "[No Variations]"
Add component (AddParameter): Name = "UoA Stock#"; Value = "OPA000103"; VariantName = "[No Variations]"
Add component (AddParameter): Name = "Value"; Value = "TLC082"; VariantName = "[No Variations]"
Added Pin To Net: NetName=VREF1 Pin=C1-1
Added Pin To Net: NetName=GND Pin=C1-2
Added Pin To Net: NetName=+5V Pin=C2_U_Light Detector CCT1-1
Added Pin To Net: NetName=GND Pin=C2_U_Light Detector CCT1-2
Added Pin To Net: NetName=+5V Pin=C2_U_Light Detector CCT2-1
Added Pin To Net: NetName=GND Pin=C2_U_Light Detector CCT2-2
Added Pin To Net: NetName=+5V Pin=C2_U_Light Detector CCT3-1
Added Pin To Net: NetName=GND Pin=C2_U_Light Detector CCT3-2
Added Pin To Net: NetName=+5V Pin=C2_U_Light Detector CCT4-1
Added Pin To Net: NetName=GND Pin=C2_U_Light Detector CCT4-2
Added Pin To Net: NetName=+5V Pin=C2_U_Light Detector CCT5-1
Added Pin To Net: NetName=GND Pin=C2_U_Light Detector CCT5-2
Added Pin To Net: NetName=+5V Pin=C2_U_Light Detector CCT6-1
Added Pin To Net: NetName=GND Pin=C2_U_Light Detector CCT6-2
Added Pin To Net: NetName=NetC3_U_Light Detector CCT1_1 Pin=C3_U_Light Detector CCT1-1
Added Pin To Net: NetName=NetC3_U_Light Detector CCT1_2 Pin=C3_U_Light Detector CCT1-2
Added Pin To Net: NetName=NetC3_U_Light Detector CCT2_1 Pin=C3_U_Light Detector CCT2-1
Added Pin To Net: NetName=NetC3_U_Light Detector CCT2_2 Pin=C3_U_Light Detector CCT2-2
Added Pin To Net: NetName=NetC3_U_Light Detector CCT3_1 Pin=C3_U_Light Detector CCT3-1
Added Pin To Net: NetName=NetC3_U_Light Detector CCT3_2 Pin=C3_U_Light Detector CCT3-2
Added Pin To Net: NetName=NetC3_U_Light Detector CCT4_1 Pin=C3_U_Light Detector CCT4-1
Added Pin To Net: NetName=NetC3_U_Light Detector CCT4_2 Pin=C3_U_Light Detector CCT4-2
Added Pin To Net: NetName=NetC3_U_Light Detector CCT5_1 Pin=C3_U_Light Detector CCT5-1
Added Pin To Net: NetName=NetC3_U_Light Detector CCT5_2 Pin=C3_U_Light Detector CCT5-2
Added Pin To Net: NetName=NetC3_U_Light Detector CCT6_1 Pin=C3_U_Light Detector CCT6-1
Added Pin To Net: NetName=NetC3_U_Light Detector CCT6_2 Pin=C3_U_Light Detector CCT6-2
Added Pin To Net: NetName=+5V Pin=C4_U_Light Detector CCT1-1
Added Pin To Net: NetName=GND Pin=C4_U_Light Detector CCT1-2
Added Pin To Net: NetName=+5V Pin=C4_U_Light Detector CCT2-1
Added Pin To Net: NetName=GND Pin=C4_U_Light Detector CCT2-2
Added Pin To Net: NetName=+5V Pin=C4_U_Light Detector CCT3-1
Added Pin To Net: NetName=GND Pin=C4_U_Light Detector CCT3-2
Added Pin To Net: NetName=+5V Pin=C4_U_Light Detector CCT4-1
Added Pin To Net: NetName=GND Pin=C4_U_Light Detector CCT4-2
Added Pin To Net: NetName=+5V Pin=C4_U_Light Detector CCT5-1
Added Pin To Net: NetName=GND Pin=C4_U_Light Detector CCT5-2
Added Pin To Net: NetName=+5V Pin=C4_U_Light Detector CCT6-1
Added Pin To Net: NetName=GND Pin=C4_U_Light Detector CCT6-2
Added Pin To Net: NetName=NetC5_U_Light Detector CCT1_1 Pin=C5_U_Light Detector CCT1-1
Added Pin To Net: NetName=GND Pin=C5_U_Light Detector CCT1-2
Added Pin To Net: NetName=NetC5_U_Light Detector CCT2_1 Pin=C5_U_Light Detector CCT2-1
Added Pin To Net: NetName=GND Pin=C5_U_Light Detector CCT2-2
Added Pin To Net: NetName=NetC5_U_Light Detector CCT3_1 Pin=C5_U_Light Detector CCT3-1
Added Pin To Net: NetName=GND Pin=C5_U_Light Detector CCT3-2
Added Pin To Net: NetName=NetC5_U_Light Detector CCT4_1 Pin=C5_U_Light Detector CCT4-1
Added Pin To Net: NetName=GND Pin=C5_U_Light Detector CCT4-2
Added Pin To Net: NetName=NetC5_U_Light Detector CCT5_1 Pin=C5_U_Light Detector CCT5-1
Added Pin To Net: NetName=GND Pin=C5_U_Light Detector CCT5-2
Added Pin To Net: NetName=NetC5_U_Light Detector CCT6_1 Pin=C5_U_Light Detector CCT6-1
Added Pin To Net: NetName=GND Pin=C5_U_Light Detector CCT6-2
Added Pin To Net: NetName=+5V Pin=C6-1
Added Pin To Net: NetName=GND Pin=C6-2
Added Pin To Net: NetName=NetD1_U_Light Detector CCT1_1 Pin=D1_U_Light Detector CCT1-1
Added Pin To Net: NetName=NetC3_U_Light Detector CCT1_2 Pin=D1_U_Light Detector CCT1-2
Added Pin To Net: NetName=NetD1_U_Light Detector CCT2_1 Pin=D1_U_Light Detector CCT2-1
Added Pin To Net: NetName=NetC3_U_Light Detector CCT2_2 Pin=D1_U_Light Detector CCT2-2
Added Pin To Net: NetName=NetD1_U_Light Detector CCT3_1 Pin=D1_U_Light Detector CCT3-1
Added Pin To Net: NetName=NetC3_U_Light Detector CCT3_2 Pin=D1_U_Light Detector CCT3-2
Added Pin To Net: NetName=NetD1_U_Light Detector CCT4_1 Pin=D1_U_Light Detector CCT4-1
Added Pin To Net: NetName=NetC3_U_Light Detector CCT4_2 Pin=D1_U_Light Detector CCT4-2
Added Pin To Net: NetName=NetD1_U_Light Detector CCT5_1 Pin=D1_U_Light Detector CCT5-1
Added Pin To Net: NetName=NetC3_U_Light Detector CCT5_2 Pin=D1_U_Light Detector CCT5-2
Added Pin To Net: NetName=NetD1_U_Light Detector CCT6_1 Pin=D1_U_Light Detector CCT6-1
Added Pin To Net: NetName=NetC3_U_Light Detector CCT6_2 Pin=D1_U_Light Detector CCT6-2
Added Pin To Net: NetName=NetD5_A Pin=D5-A
Added Pin To Net: NetName=GND Pin=D5-K
Added Pin To Net: NetName=NetD6_A Pin=D6-A
Added Pin To Net: NetName=GND Pin=D6-K
Added Pin To Net: NetName=NetD7_A Pin=D7-A
Added Pin To Net: NetName=GND Pin=D7-K
Added Pin To Net: NetName=GND Pin=D8-K
Added Pin To Net: NetName=GND Pin=D9-K
Added Pin To Net: NetName=GND Pin=D10-K
Added Pin To Net: NetName=+5V Pin=Q1_U_Light Detector CCT1-1
Added Pin To Net: NetName=NetC3_U_Light Detector CCT1_1 Pin=Q1_U_Light Detector CCT1-2
Added Pin To Net: NetName=+5V Pin=Q1_U_Light Detector CCT2-1
Added Pin To Net: NetName=NetC3_U_Light Detector CCT2_1 Pin=Q1_U_Light Detector CCT2-2
Added Pin To Net: NetName=+5V Pin=Q1_U_Light Detector CCT3-1
Added Pin To Net: NetName=NetC3_U_Light Detector CCT3_1 Pin=Q1_U_Light Detector CCT3-2
Added Pin To Net: NetName=+5V Pin=Q1_U_Light Detector CCT4-1
Added Pin To Net: NetName=NetC3_U_Light Detector CCT4_1 Pin=Q1_U_Light Detector CCT4-2
Added Pin To Net: NetName=+5V Pin=Q1_U_Light Detector CCT5-1
Added Pin To Net: NetName=NetC3_U_Light Detector CCT5_1 Pin=Q1_U_Light Detector CCT5-2
Added Pin To Net: NetName=+5V Pin=Q1_U_Light Detector CCT6-1
Added Pin To Net: NetName=NetC3_U_Light Detector CCT6_1 Pin=Q1_U_Light Detector CCT6-2
Added Pin To Net: NetName=VREF1 Pin=R1-1
Added Pin To Net: NetName=+5V Pin=R1-2
Added Pin To Net: NetName=GND Pin=R2-1
Added Pin To Net: NetName=VREF1 Pin=R2-2
Added Pin To Net: NetName=GND Pin=R3_U_Light Detector CCT1-1
Added Pin To Net: NetName=NetC3_U_Light Detector CCT1_1 Pin=R3_U_Light Detector CCT1-2
Added Pin To Net: NetName=GND Pin=R3_U_Light Detector CCT2-1
Added Pin To Net: NetName=NetC3_U_Light Detector CCT2_1 Pin=R3_U_Light Detector CCT2-2
Added Pin To Net: NetName=GND Pin=R3_U_Light Detector CCT3-1
Added Pin To Net: NetName=NetC3_U_Light Detector CCT3_1 Pin=R3_U_Light Detector CCT3-2
Added Pin To Net: NetName=GND Pin=R3_U_Light Detector CCT4-1
Added Pin To Net: NetName=NetC3_U_Light Detector CCT4_1 Pin=R3_U_Light Detector CCT4-2
Added Pin To Net: NetName=GND Pin=R3_U_Light Detector CCT5-1
Added Pin To Net: NetName=NetC3_U_Light Detector CCT5_1 Pin=R3_U_Light Detector CCT5-2
Added Pin To Net: NetName=GND Pin=R3_U_Light Detector CCT6-1
Added Pin To Net: NetName=NetC3_U_Light Detector CCT6_1 Pin=R3_U_Light Detector CCT6-2
Added Pin To Net: NetName=GND Pin=R4_U_Light Detector CCT1-1
Added Pin To Net: NetName=NetC3_U_Light Detector CCT1_2 Pin=R4_U_Light Detector CCT1-2
Added Pin To Net: NetName=GND Pin=R4_U_Light Detector CCT2-1
Added Pin To Net: NetName=NetC3_U_Light Detector CCT2_2 Pin=R4_U_Light Detector CCT2-2
Added Pin To Net: NetName=GND Pin=R4_U_Light Detector CCT3-1
Added Pin To Net: NetName=NetC3_U_Light Detector CCT3_2 Pin=R4_U_Light Detector CCT3-2
Added Pin To Net: NetName=GND Pin=R4_U_Light Detector CCT4-1
Added Pin To Net: NetName=NetC3_U_Light Detector CCT4_2 Pin=R4_U_Light Detector CCT4-2
Added Pin To Net: NetName=GND Pin=R4_U_Light Detector CCT5-1
Added Pin To Net: NetName=NetC3_U_Light Detector CCT5_2 Pin=R4_U_Light Detector CCT5-2
Added Pin To Net: NetName=GND Pin=R4_U_Light Detector CCT6-1
Added Pin To Net: NetName=NetC3_U_Light Detector CCT6_2 Pin=R4_U_Light Detector CCT6-2
Added Pin To Net: NetName=NetR5_U_Light Detector CCT1_1 Pin=R5_U_Light Detector CCT1-1
Added Pin To Net: NetName=NetC5_U_Light Detector CCT1_1 Pin=R5_U_Light Detector CCT1-2
Added Pin To Net: NetName=NetR5_U_Light Detector CCT2_1 Pin=R5_U_Light Detector CCT2-1
Added Pin To Net: NetName=NetC5_U_Light Detector CCT2_1 Pin=R5_U_Light Detector CCT2-2
Added Pin To Net: NetName=NetR5_U_Light Detector CCT3_1 Pin=R5_U_Light Detector CCT3-1
Added Pin To Net: NetName=NetC5_U_Light Detector CCT3_1 Pin=R5_U_Light Detector CCT3-2
Added Pin To Net: NetName=NetR5_U_Light Detector CCT4_1 Pin=R5_U_Light Detector CCT4-1
Added Pin To Net: NetName=NetC5_U_Light Detector CCT4_1 Pin=R5_U_Light Detector CCT4-2
Added Pin To Net: NetName=NetR5_U_Light Detector CCT5_1 Pin=R5_U_Light Detector CCT5-1
Added Pin To Net: NetName=NetC5_U_Light Detector CCT5_1 Pin=R5_U_Light Detector CCT5-2
Added Pin To Net: NetName=NetR5_U_Light Detector CCT6_1 Pin=R5_U_Light Detector CCT6-1
Added Pin To Net: NetName=NetC5_U_Light Detector CCT6_1 Pin=R5_U_Light Detector CCT6-2
Added Pin To Net: NetName=LED4 Pin=R6-2
Added Pin To Net: NetName=NetD2_A Pin=R7-1
Added Pin To Net: NetName=NetD3_A Pin=R8-1
Added Pin To Net: NetName=NetD4_A Pin=R9-1
Added Pin To Net: NetName=NetD5_A Pin=R10-1
Added Pin To Net: NetName=LED1 Pin=R10-2
Added Pin To Net: NetName=NetD6_A Pin=R11-1
Added Pin To Net: NetName=LED2 Pin=R11-2
Added Pin To Net: NetName=NetD7_A Pin=R12-1
Added Pin To Net: NetName=LED3 Pin=R12-2
Added Pin To Net: NetName=LED5 Pin=R13-2
Added Pin To Net: NetName=LED6 Pin=R14-2
Added Pin To Net: NetName=+5V Pin=R15-1
Added Pin To Net: NetName=+5V Pin=S1-1
Added Pin To Net: NetName=GND Pin=S1-3
Added Pin To Net: NetName=GND Pin=S2-2
Added Pin To Net: NetName=GND Pin=S2-2
Added Pin To Net: NetName=NetR5_U_Light Detector CCT1_1 Pin=U1_U_Light Detector CCT1-1
Added Pin To Net: NetName=VREF1 Pin=U1_U_Light Detector CCT1-2
Added Pin To Net: NetName=NetD1_U_Light Detector CCT1_1 Pin=U1_U_Light Detector CCT1-3
Added Pin To Net: NetName=GND Pin=U1_U_Light Detector CCT1-4
Added Pin To Net: NetName=NetC5_U_Light Detector CCT1_1 Pin=U1_U_Light Detector CCT1-5
Added Pin To Net: NetName=VREF1 Pin=U1_U_Light Detector CCT1-6
Added Pin To Net: NetName=OUTPUT1 Pin=U1_U_Light Detector CCT1-7
Added Pin To Net: NetName=+5V Pin=U1_U_Light Detector CCT1-8
Added Pin To Net: NetName=NetR5_U_Light Detector CCT2_1 Pin=U1_U_Light Detector CCT2-1
Added Pin To Net: NetName=VREF1 Pin=U1_U_Light Detector CCT2-2
Added Pin To Net: NetName=NetD1_U_Light Detector CCT2_1 Pin=U1_U_Light Detector CCT2-3
Added Pin To Net: NetName=GND Pin=U1_U_Light Detector CCT2-4
Added Pin To Net: NetName=NetC5_U_Light Detector CCT2_1 Pin=U1_U_Light Detector CCT2-5
Added Pin To Net: NetName=VREF1 Pin=U1_U_Light Detector CCT2-6
Added Pin To Net: NetName=OUTPUT2 Pin=U1_U_Light Detector CCT2-7
Added Pin To Net: NetName=+5V Pin=U1_U_Light Detector CCT2-8
Added Pin To Net: NetName=NetR5_U_Light Detector CCT3_1 Pin=U1_U_Light Detector CCT3-1
Added Pin To Net: NetName=VREF1 Pin=U1_U_Light Detector CCT3-2
Added Pin To Net: NetName=NetD1_U_Light Detector CCT3_1 Pin=U1_U_Light Detector CCT3-3
Added Pin To Net: NetName=GND Pin=U1_U_Light Detector CCT3-4
Added Pin To Net: NetName=NetC5_U_Light Detector CCT3_1 Pin=U1_U_Light Detector CCT3-5
Added Pin To Net: NetName=VREF1 Pin=U1_U_Light Detector CCT3-6
Added Pin To Net: NetName=OUTPUT3 Pin=U1_U_Light Detector CCT3-7
Added Pin To Net: NetName=+5V Pin=U1_U_Light Detector CCT3-8
Added Pin To Net: NetName=NetR5_U_Light Detector CCT4_1 Pin=U1_U_Light Detector CCT4-1
Added Pin To Net: NetName=VREF1 Pin=U1_U_Light Detector CCT4-2
Added Pin To Net: NetName=NetD1_U_Light Detector CCT4_1 Pin=U1_U_Light Detector CCT4-3
Added Pin To Net: NetName=GND Pin=U1_U_Light Detector CCT4-4
Added Pin To Net: NetName=NetC5_U_Light Detector CCT4_1 Pin=U1_U_Light Detector CCT4-5
Added Pin To Net: NetName=VREF1 Pin=U1_U_Light Detector CCT4-6
Added Pin To Net: NetName=OUTPUT4 Pin=U1_U_Light Detector CCT4-7
Added Pin To Net: NetName=+5V Pin=U1_U_Light Detector CCT4-8
Added Pin To Net: NetName=NetR5_U_Light Detector CCT5_1 Pin=U1_U_Light Detector CCT5-1
Added Pin To Net: NetName=VREF1 Pin=U1_U_Light Detector CCT5-2
Added Pin To Net: NetName=NetD1_U_Light Detector CCT5_1 Pin=U1_U_Light Detector CCT5-3
Added Pin To Net: NetName=GND Pin=U1_U_Light Detector CCT5-4
Added Pin To Net: NetName=NetC5_U_Light Detector CCT5_1 Pin=U1_U_Light Detector CCT5-5
Added Pin To Net: NetName=VREF1 Pin=U1_U_Light Detector CCT5-6
Added Pin To Net: NetName=OUTPUT5 Pin=U1_U_Light Detector CCT5-7
Added Pin To Net: NetName=+5V Pin=U1_U_Light Detector CCT5-8
Added Pin To Net: NetName=NetR5_U_Light Detector CCT6_1 Pin=U1_U_Light Detector CCT6-1
Added Pin To Net: NetName=VREF1 Pin=U1_U_Light Detector CCT6-2
Added Pin To Net: NetName=NetD1_U_Light Detector CCT6_1 Pin=U1_U_Light Detector CCT6-3
Added Pin To Net: NetName=GND Pin=U1_U_Light Detector CCT6-4
Added Pin To Net: NetName=NetC5_U_Light Detector CCT6_1 Pin=U1_U_Light Detector CCT6-5
Added Pin To Net: NetName=VREF1 Pin=U1_U_Light Detector CCT6-6
Added Pin To Net: NetName=OUTPUT6 Pin=U1_U_Light Detector CCT6-7
Added Pin To Net: NetName=+5V Pin=U1_U_Light Detector CCT6-8
Added Pin To Net: NetName=NetD8_A Pin=D8-A
Added Pin To Net: NetName=NetD8_A Pin=R6-1
Added Net: Name=NetD8_A
Added Pin To Net: NetName=NetD9_A Pin=D9-A
Added Pin To Net: NetName=NetD9_A Pin=R13-1
Added Net: Name=NetD9_A
Added Pin To Net: NetName=NetD10_A Pin=D10-A
Added Pin To Net: NetName=NetD10_A Pin=R14-1
Added Net: Name=NetD10_A
Added Pin To Net: NetName=NetR7_2 Pin=R7-2
Added Pin To Net: NetName=NetR7_2 Pin=R8-2
Added Pin To Net: NetName=NetR7_2 Pin=R9-2
Added Pin To Net: NetName=NetR7_2 Pin=S1-2
Added Net: Name=NetR7_2
Added Pin To Net: NetName=PUSH_BUTTON Pin=P2-1
Added Pin To Net: NetName=PUSH_BUTTON Pin=R15-2
Added Pin To Net: NetName=PUSH_BUTTON Pin=S2-1
Added Pin To Net: NetName=PUSH_BUTTON Pin=S2-1
Added Net: Name=PUSH_BUTTON
Added Member To Class: ClassName=cs301_template Member=Component C1 100nf
Added Member To Class: ClassName=U_Light Detector CCT1 Member=Component C2_U_Light Detector CCT1 (C2) 100nf
Added Member To Class: ClassName=U_Light Detector CCT2 Member=Component C2_U_Light Detector CCT2 (C2) 100nf
Added Member To Class: ClassName=U_Light Detector CCT3 Member=Component C2_U_Light Detector CCT3 (C2) 100nf
Added Member To Class: ClassName=U_Light Detector CCT4 Member=Component C2_U_Light Detector CCT4 (C2) 100nf
Added Member To Class: ClassName=U_Light Detector CCT5 Member=Component C2_U_Light Detector CCT5 (C2) 100nf
Added Member To Class: ClassName=U_Light Detector CCT6 Member=Component C2_U_Light Detector CCT6 (C2) 100nf
Added Member To Class: ClassName=U_Light Detector CCT1 Member=Component C3_U_Light Detector CCT1 (C3) 150nf
Added Member To Class: ClassName=U_Light Detector CCT2 Member=Component C3_U_Light Detector CCT2 (C3) 150nf
Added Member To Class: ClassName=U_Light Detector CCT3 Member=Component C3_U_Light Detector CCT3 (C3) 150nf
Added Member To Class: ClassName=U_Light Detector CCT4 Member=Component C3_U_Light Detector CCT4 (C3) 150nf
Added Member To Class: ClassName=U_Light Detector CCT5 Member=Component C3_U_Light Detector CCT5 (C3) 150nf
Added Member To Class: ClassName=U_Light Detector CCT6 Member=Component C3_U_Light Detector CCT6 (C3) 150nf
Added Member To Class: ClassName=U_Light Detector CCT1 Member=Component C4_U_Light Detector CCT1 (C4) 100nf
Added Member To Class: ClassName=U_Light Detector CCT2 Member=Component C4_U_Light Detector CCT2 (C4) 100nf
Added Member To Class: ClassName=U_Light Detector CCT3 Member=Component C4_U_Light Detector CCT3 (C4) 100nf
Added Member To Class: ClassName=U_Light Detector CCT4 Member=Component C4_U_Light Detector CCT4 (C4) 100nf
Added Member To Class: ClassName=U_Light Detector CCT5 Member=Component C4_U_Light Detector CCT5 (C4) 100nf
Added Member To Class: ClassName=U_Light Detector CCT6 Member=Component C4_U_Light Detector CCT6 (C4) 100nf
Added Member To Class: ClassName=U_Light Detector CCT1 Member=Component C5_U_Light Detector CCT1 (C5) 150nf
Added Member To Class: ClassName=U_Light Detector CCT2 Member=Component C5_U_Light Detector CCT2 (C5) 150nf
Added Member To Class: ClassName=U_Light Detector CCT3 Member=Component C5_U_Light Detector CCT3 (C5) 150nf
Added Member To Class: ClassName=U_Light Detector CCT4 Member=Component C5_U_Light Detector CCT4 (C5) 150nf
Added Member To Class: ClassName=U_Light Detector CCT5 Member=Component C5_U_Light Detector CCT5 (C5) 150nf
Added Member To Class: ClassName=U_Light Detector CCT6 Member=Component C5_U_Light Detector CCT6 (C5) 150nf
Added Member To Class: ClassName=cs301_template Member=Component C6 *
Added Member To Class: ClassName=U_Light Detector CCT1 Member=Component D1_U_Light Detector CCT1 (D1)
Added Member To Class: ClassName=U_Light Detector CCT2 Member=Component D1_U_Light Detector CCT2 (D1)
Added Member To Class: ClassName=U_Light Detector CCT3 Member=Component D1_U_Light Detector CCT3 (D1)
Added Member To Class: ClassName=U_Light Detector CCT4 Member=Component D1_U_Light Detector CCT4 (D1)
Added Member To Class: ClassName=U_Light Detector CCT5 Member=Component D1_U_Light Detector CCT5 (D1)
Added Member To Class: ClassName=U_Light Detector CCT6 Member=Component D1_U_Light Detector CCT6 (D1)
Added Member To Class: ClassName=cs301_template Member=Component D5 LED
Added Member To Class: ClassName=cs301_template Member=Component D6 LED
Added Member To Class: ClassName=cs301_template Member=Component D7 LED
Added Member To Class: ClassName=cs301_template Member=Component D8 LED
Added Member To Class: ClassName=cs301_template Member=Component D9 LED
Added Member To Class: ClassName=cs301_template Member=Component D10 LED
Added Member To Class: ClassName=U_Light Detector CCT1 Member=Component Q1_U_Light Detector CCT1 (Q1) VEMT3700
Added Member To Class: ClassName=U_Light Detector CCT2 Member=Component Q1_U_Light Detector CCT2 (Q1) VEMT3700
Added Member To Class: ClassName=U_Light Detector CCT3 Member=Component Q1_U_Light Detector CCT3 (Q1) VEMT3700
Added Member To Class: ClassName=U_Light Detector CCT4 Member=Component Q1_U_Light Detector CCT4 (Q1) VEMT3700
Added Member To Class: ClassName=U_Light Detector CCT5 Member=Component Q1_U_Light Detector CCT5 (Q1) VEMT3700
Added Member To Class: ClassName=U_Light Detector CCT6 Member=Component Q1_U_Light Detector CCT6 (Q1) VEMT3700
Added Member To Class: ClassName=cs301_template Member=Component R1 270k
Added Member To Class: ClassName=cs301_template Member=Component R2 30k
Added Member To Class: ClassName=U_Light Detector CCT1 Member=Component R3_U_Light Detector CCT1 (R3) 47k
Added Member To Class: ClassName=U_Light Detector CCT2 Member=Component R3_U_Light Detector CCT2 (R3) 47k
Added Member To Class: ClassName=U_Light Detector CCT3 Member=Component R3_U_Light Detector CCT3 (R3) 47k
Added Member To Class: ClassName=U_Light Detector CCT4 Member=Component R3_U_Light Detector CCT4 (R3) 47k
Added Member To Class: ClassName=U_Light Detector CCT5 Member=Component R3_U_Light Detector CCT5 (R3) 47k
Added Member To Class: ClassName=U_Light Detector CCT6 Member=Component R3_U_Light Detector CCT6 (R3) 47k
Added Member To Class: ClassName=U_Light Detector CCT1 Member=Component R4_U_Light Detector CCT1 (R4) 100k
Added Member To Class: ClassName=U_Light Detector CCT2 Member=Component R4_U_Light Detector CCT2 (R4) 100k
Added Member To Class: ClassName=U_Light Detector CCT3 Member=Component R4_U_Light Detector CCT3 (R4) 100k
Added Member To Class: ClassName=U_Light Detector CCT4 Member=Component R4_U_Light Detector CCT4 (R4) 100k
Added Member To Class: ClassName=U_Light Detector CCT5 Member=Component R4_U_Light Detector CCT5 (R4) 100k
Added Member To Class: ClassName=U_Light Detector CCT6 Member=Component R4_U_Light Detector CCT6 (R4) 100k
Added Member To Class: ClassName=U_Light Detector CCT1 Member=Component R5_U_Light Detector CCT1 (R5) 100k
Added Member To Class: ClassName=U_Light Detector CCT2 Member=Component R5_U_Light Detector CCT2 (R5) 100k
Added Member To Class: ClassName=U_Light Detector CCT3 Member=Component R5_U_Light Detector CCT3 (R5) 100k
Added Member To Class: ClassName=U_Light Detector CCT4 Member=Component R5_U_Light Detector CCT4 (R5) 100k
Added Member To Class: ClassName=U_Light Detector CCT5 Member=Component R5_U_Light Detector CCT5 (R5) 100k
Added Member To Class: ClassName=U_Light Detector CCT6 Member=Component R5_U_Light Detector CCT6 (R5) 100k
Added Member To Class: ClassName=cs301_template Member=Component R6 RES4
Added Member To Class: ClassName=cs301_template Member=Component R7 RES1
Added Member To Class: ClassName=cs301_template Member=Component R8 RES2
Added Member To Class: ClassName=cs301_template Member=Component R9 RES3
Added Member To Class: ClassName=cs301_template Member=Component R10 RES4
Added Member To Class: ClassName=cs301_template Member=Component R11 RES5
Added Member To Class: ClassName=cs301_template Member=Component R12 RES6
Added Member To Class: ClassName=cs301_template Member=Component R13 RES5
Added Member To Class: ClassName=cs301_template Member=Component R14 RES6
Added Member To Class: ClassName=cs301_template Member=Component R15 *
Added Member To Class: ClassName=cs301_template Member=Component S1 SW-SPDT
Added Member To Class: ClassName=cs301_template Member=Component S2 SW-PB
Added Member To Class: ClassName=U_Light Detector CCT1 Member=Component U1_U_Light Detector CCT1 (U1A) TLC082
Added Member To Class: ClassName=U_Light Detector CCT2 Member=Component U1_U_Light Detector CCT2 (U1A) TLC082
Added Member To Class: ClassName=U_Light Detector CCT3 Member=Component U1_U_Light Detector CCT3 (U1A) TLC082
Added Member To Class: ClassName=U_Light Detector CCT4 Member=Component U1_U_Light Detector CCT4 (U1A) TLC082
Added Member To Class: ClassName=U_Light Detector CCT5 Member=Component U1_U_Light Detector CCT5 (U1A) TLC082
Added Member To Class: ClassName=U_Light Detector CCT6 Member=Component U1_U_Light Detector CCT6 (U1A) TLC082
Added Room: Name=U_Light Detector CCT1
Added Room: Name=U_Light Detector CCT2
Added Room: Name=U_Light Detector CCT3
Added Room: Name=U_Light Detector CCT4
Added Room: Name=U_Light Detector CCT5
Added Room: Name=U_Light Detector CCT6
