Removed Pin From Net: NetName=LED1 Pin=R7-2
Removed Pin From Net: NetName=LED2 Pin=R8-2
Removed Pin From Net: NetName=LED3 Pin=R9-2
Removed Pin From Net: NetName=LED4 Pin=R10-2
Removed Pin From Net: NetName=LED5 Pin=R11-2
Removed Pin From Net: NetName=LED6 Pin=R12-2
Removed Pin From Net: NetName=+5V Pin=U2_U_Light Detector CCT1-3
Removed Pin From Net: NetName=VREF1 Pin=U2_U_Light Detector CCT1-6
Removed Pin From Net: NetName=NetC5_U_Light Detector CCT1_1 Pin=U2_U_Light Detector CCT1-7
Removed Pin From Net: NetName=GND Pin=U2_U_Light Detector CCT1-12
Removed Pin From Net: NetName=+5V Pin=U2_U_Light Detector CCT2-3
Removed Pin From Net: NetName=VREF1 Pin=U2_U_Light Detector CCT2-6
Removed Pin From Net: NetName=NetC5_U_Light Detector CCT2_1 Pin=U2_U_Light Detector CCT2-7
Removed Pin From Net: NetName=GND Pin=U2_U_Light Detector CCT2-12
Removed Pin From Net: NetName=+5V Pin=U2_U_Light Detector CCT3-3
Removed Pin From Net: NetName=VREF1 Pin=U2_U_Light Detector CCT3-6
Removed Pin From Net: NetName=NetC5_U_Light Detector CCT3_1 Pin=U2_U_Light Detector CCT3-7
Removed Pin From Net: NetName=GND Pin=U2_U_Light Detector CCT3-12
Removed Pin From Net: NetName=+5V Pin=U2_U_Light Detector CCT4-3
Removed Pin From Net: NetName=VREF1 Pin=U2_U_Light Detector CCT4-6
Removed Pin From Net: NetName=NetC5_U_Light Detector CCT4_1 Pin=U2_U_Light Detector CCT4-7
Removed Pin From Net: NetName=GND Pin=U2_U_Light Detector CCT4-12
Removed Pin From Net: NetName=+5V Pin=U2_U_Light Detector CCT5-3
Removed Pin From Net: NetName=VREF1 Pin=U2_U_Light Detector CCT5-6
Removed Pin From Net: NetName=NetC5_U_Light Detector CCT5_1 Pin=U2_U_Light Detector CCT5-7
Removed Pin From Net: NetName=GND Pin=U2_U_Light Detector CCT5-12
Removed Pin From Net: NetName=+5V Pin=U2_U_Light Detector CCT6-3
Removed Pin From Net: NetName=VREF1 Pin=U2_U_Light Detector CCT6-6
Removed Pin From Net: NetName=NetC5_U_Light Detector CCT6_1 Pin=U2_U_Light Detector CCT6-7
Removed Pin From Net: NetName=GND Pin=U2_U_Light Detector CCT6-12
Change Component Footprint: Designator=U2_U_Light Detector CCT1 Old Footprint=FP-N0014A-MFG New Footprint=P0008A
Change Component Footprint: Designator=U2_U_Light Detector CCT2 Old Footprint=FP-N0014A-MFG New Footprint=P0008A
Change Component Footprint: Designator=U2_U_Light Detector CCT3 Old Footprint=FP-N0014A-MFG New Footprint=P0008A
Change Component Footprint: Designator=U2_U_Light Detector CCT4 Old Footprint=FP-N0014A-MFG New Footprint=P0008A
Change Component Footprint: Designator=U2_U_Light Detector CCT5 Old Footprint=FP-N0014A-MFG New Footprint=P0008A
Change Component Footprint: Designator=U2_U_Light Detector CCT6 Old Footprint=FP-N0014A-MFG New Footprint=P0008A
Change Component Comment : Designator=U2_U_Light Detector CCT1 Old Comment=LM339N New Comment=LM393N
Change Component Comment : Designator=U2_U_Light Detector CCT2 Old Comment=LM339N New Comment=LM393N
Change Component Comment : Designator=U2_U_Light Detector CCT3 Old Comment=LM339N New Comment=LM393N
Change Component Comment : Designator=U2_U_Light Detector CCT4 Old Comment=LM339N New Comment=LM393N
Change Component Comment : Designator=U2_U_Light Detector CCT5 Old Comment=LM339N New Comment=LM393N
Change Component Comment : Designator=U2_U_Light Detector CCT6 Old Comment=LM339N New Comment=LM393N
Change Managed Component Library Link : Designator=U2_U_Light Detector CCT1 Old VaultGUID=B7D15EC3-160A-466F-A46C-7801FE6295A7 New VaultGUID= Old ItemGUID=B7C7BF6C-FF04-446B-A5E7-16C9DD0E1811 New ItemGUID= Old RevisionGUID=46CFC743-04A3-4DBF-A9E5-0C272F569ED4 New RevisionGUID=
Change Managed Component Library Link : Designator=U2_U_Light Detector CCT2 Old VaultGUID=B7D15EC3-160A-466F-A46C-7801FE6295A7 New VaultGUID= Old ItemGUID=B7C7BF6C-FF04-446B-A5E7-16C9DD0E1811 New ItemGUID= Old RevisionGUID=46CFC743-04A3-4DBF-A9E5-0C272F569ED4 New RevisionGUID=
Change Managed Component Library Link : Designator=U2_U_Light Detector CCT3 Old VaultGUID=B7D15EC3-160A-466F-A46C-7801FE6295A7 New VaultGUID= Old ItemGUID=B7C7BF6C-FF04-446B-A5E7-16C9DD0E1811 New ItemGUID= Old RevisionGUID=46CFC743-04A3-4DBF-A9E5-0C272F569ED4 New RevisionGUID=
Change Managed Component Library Link : Designator=U2_U_Light Detector CCT4 Old VaultGUID=B7D15EC3-160A-466F-A46C-7801FE6295A7 New VaultGUID= Old ItemGUID=B7C7BF6C-FF04-446B-A5E7-16C9DD0E1811 New ItemGUID= Old RevisionGUID=46CFC743-04A3-4DBF-A9E5-0C272F569ED4 New RevisionGUID=
Change Managed Component Library Link : Designator=U2_U_Light Detector CCT5 Old VaultGUID=B7D15EC3-160A-466F-A46C-7801FE6295A7 New VaultGUID= Old ItemGUID=B7C7BF6C-FF04-446B-A5E7-16C9DD0E1811 New ItemGUID= Old RevisionGUID=46CFC743-04A3-4DBF-A9E5-0C272F569ED4 New RevisionGUID=
Change Managed Component Library Link : Designator=U2_U_Light Detector CCT6 Old VaultGUID=B7D15EC3-160A-466F-A46C-7801FE6295A7 New VaultGUID= Old ItemGUID=B7C7BF6C-FF04-446B-A5E7-16C9DD0E1811 New ItemGUID= Old RevisionGUID=46CFC743-04A3-4DBF-A9E5-0C272F569ED4 New RevisionGUID=
Change component parameters: Designator = "U2_U_Light Detector CCT1" ("U2"); Footprint = "FP-N0014A-MFG"; UniqueID = "\1UNTHQXON\OCYCMNLB" ("\1UNTHQXON\OCYCMNLB")
Change component parameters (AddParameter): Name = "Code_IPC"; Value = ""; VariantName = "[No Variations]"
Change component parameters (AddParameter): Name = "Code_JEDEC"; Value = "MS-001-BA"; VariantName = "[No Variations]"
Change component parameters (AddParameter): Name = "Code_JEITA"; Value = ""; VariantName = "[No Variations]"
Change component parameters (AddParameter): Name = "ComponentLink1Description"; Value = "Datasheet URL"; VariantName = "[No Variations]"
Change component parameters (AddParameter): Name = "ComponentLink1URL"; Value = "http://www.ti.com/general/docs/lit/getliterature.tsp?genericPartNumber=LM393-N&fileType=pdf"; VariantName = "[No Variations]"
Change component parameters (AddParameter): Name = "CompType"; Value = "Amplifiers"; VariantName = "[No Variations]"
Change component parameters (AddParameter): Name = "High-Reliability"; Value = ""; VariantName = "[No Variations]"
Change component parameters (AddParameter): Name = "Manufacturer"; Value = "Texas Instruments"; VariantName = "[No Variations]"
Change component parameters (AddParameter): Name = "Package Reference"; Value = "P0008A"; VariantName = "[No Variations]"
Change component parameters (AddParameter): Name = "PackageDescription"; Value = "MDIP, .365 x .250 x .130in, 8 Lead, .100in Pitch"; VariantName = "[No Variations]"
Change component parameters (AddParameter): Name = "PackageTopMarking"; Value = "NSUZXYTTE#*LM*393N"; VariantName = "[No Variations]"
Change component parameters (AddParameter): Name = "PartNumber"; Value = ""; VariantName = "[No Variations]"
Change component parameters (AddParameter): Name = "PinCount"; Value = "8"; VariantName = "[No Variations]"
Change component parameters (AddParameter): Name = "PowerWise"; Value = "N"; VariantName = "[No Variations]"
Change component parameters (AddParameter): Name = "RoHS"; Value = "N"; VariantName = "[No Variations]"
Change component parameters: Designator = "U2_U_Light Detector CCT2" ("U2"); Footprint = "FP-N0014A-MFG"; UniqueID = "\2UNTHQXON\OCYCMNLB" ("\2UNTHQXON\OCYCMNLB")
Change component parameters (AddParameter): Name = "Code_IPC"; Value = ""; VariantName = "[No Variations]"
Change component parameters (AddParameter): Name = "Code_JEDEC"; Value = "MS-001-BA"; VariantName = "[No Variations]"
Change component parameters (AddParameter): Name = "Code_JEITA"; Value = ""; VariantName = "[No Variations]"
Change component parameters (AddParameter): Name = "ComponentLink1Description"; Value = "Datasheet URL"; VariantName = "[No Variations]"
Change component parameters (AddParameter): Name = "ComponentLink1URL"; Value = "http://www.ti.com/general/docs/lit/getliterature.tsp?genericPartNumber=LM393-N&fileType=pdf"; VariantName = "[No Variations]"
Change component parameters (AddParameter): Name = "CompType"; Value = "Amplifiers"; VariantName = "[No Variations]"
Change component parameters (AddParameter): Name = "High-Reliability"; Value = ""; VariantName = "[No Variations]"
Change component parameters (AddParameter): Name = "Manufacturer"; Value = "Texas Instruments"; VariantName = "[No Variations]"
Change component parameters (AddParameter): Name = "Package Reference"; Value = "P0008A"; VariantName = "[No Variations]"
Change component parameters (AddParameter): Name = "PackageDescription"; Value = "MDIP, .365 x .250 x .130in, 8 Lead, .100in Pitch"; VariantName = "[No Variations]"
Change component parameters (AddParameter): Name = "PackageTopMarking"; Value = "NSUZXYTTE#*LM*393N"; VariantName = "[No Variations]"
Change component parameters (AddParameter): Name = "PartNumber"; Value = ""; VariantName = "[No Variations]"
Change component parameters (AddParameter): Name = "PinCount"; Value = "8"; VariantName = "[No Variations]"
Change component parameters (AddParameter): Name = "PowerWise"; Value = "N"; VariantName = "[No Variations]"
Change component parameters (AddParameter): Name = "RoHS"; Value = "N"; VariantName = "[No Variations]"
Change component parameters: Designator = "U2_U_Light Detector CCT3" ("U2"); Footprint = "FP-N0014A-MFG"; UniqueID = "\3UNTHQXON\OCYCMNLB" ("\3UNTHQXON\OCYCMNLB")
Change component parameters (AddParameter): Name = "Code_IPC"; Value = ""; VariantName = "[No Variations]"
Change component parameters (AddParameter): Name = "Code_JEDEC"; Value = "MS-001-BA"; VariantName = "[No Variations]"
Change component parameters (AddParameter): Name = "Code_JEITA"; Value = ""; VariantName = "[No Variations]"
Change component parameters (AddParameter): Name = "ComponentLink1Description"; Value = "Datasheet URL"; VariantName = "[No Variations]"
Change component parameters (AddParameter): Name = "ComponentLink1URL"; Value = "http://www.ti.com/general/docs/lit/getliterature.tsp?genericPartNumber=LM393-N&fileType=pdf"; VariantName = "[No Variations]"
Change component parameters (AddParameter): Name = "CompType"; Value = "Amplifiers"; VariantName = "[No Variations]"
Change component parameters (AddParameter): Name = "High-Reliability"; Value = ""; VariantName = "[No Variations]"
Change component parameters (AddParameter): Name = "Manufacturer"; Value = "Texas Instruments"; VariantName = "[No Variations]"
Change component parameters (AddParameter): Name = "Package Reference"; Value = "P0008A"; VariantName = "[No Variations]"
Change component parameters (AddParameter): Name = "PackageDescription"; Value = "MDIP, .365 x .250 x .130in, 8 Lead, .100in Pitch"; VariantName = "[No Variations]"
Change component parameters (AddParameter): Name = "PackageTopMarking"; Value = "NSUZXYTTE#*LM*393N"; VariantName = "[No Variations]"
Change component parameters (AddParameter): Name = "PartNumber"; Value = ""; VariantName = "[No Variations]"
Change component parameters (AddParameter): Name = "PinCount"; Value = "8"; VariantName = "[No Variations]"
Change component parameters (AddParameter): Name = "PowerWise"; Value = "N"; VariantName = "[No Variations]"
Change component parameters (AddParameter): Name = "RoHS"; Value = "N"; VariantName = "[No Variations]"
Change component parameters: Designator = "U2_U_Light Detector CCT4" ("U2"); Footprint = "FP-N0014A-MFG"; UniqueID = "\4UNTHQXON\OCYCMNLB" ("\4UNTHQXON\OCYCMNLB")
Change component parameters (AddParameter): Name = "Code_IPC"; Value = ""; VariantName = "[No Variations]"
Change component parameters (AddParameter): Name = "Code_JEDEC"; Value = "MS-001-BA"; VariantName = "[No Variations]"
Change component parameters (AddParameter): Name = "Code_JEITA"; Value = ""; VariantName = "[No Variations]"
Change component parameters (AddParameter): Name = "ComponentLink1Description"; Value = "Datasheet URL"; VariantName = "[No Variations]"
Change component parameters (AddParameter): Name = "ComponentLink1URL"; Value = "http://www.ti.com/general/docs/lit/getliterature.tsp?genericPartNumber=LM393-N&fileType=pdf"; VariantName = "[No Variations]"
Change component parameters (AddParameter): Name = "CompType"; Value = "Amplifiers"; VariantName = "[No Variations]"
Change component parameters (AddParameter): Name = "High-Reliability"; Value = ""; VariantName = "[No Variations]"
Change component parameters (AddParameter): Name = "Manufacturer"; Value = "Texas Instruments"; VariantName = "[No Variations]"
Change component parameters (AddParameter): Name = "Package Reference"; Value = "P0008A"; VariantName = "[No Variations]"
Change component parameters (AddParameter): Name = "PackageDescription"; Value = "MDIP, .365 x .250 x .130in, 8 Lead, .100in Pitch"; VariantName = "[No Variations]"
Change component parameters (AddParameter): Name = "PackageTopMarking"; Value = "NSUZXYTTE#*LM*393N"; VariantName = "[No Variations]"
Change component parameters (AddParameter): Name = "PartNumber"; Value = ""; VariantName = "[No Variations]"
Change component parameters (AddParameter): Name = "PinCount"; Value = "8"; VariantName = "[No Variations]"
Change component parameters (AddParameter): Name = "PowerWise"; Value = "N"; VariantName = "[No Variations]"
Change component parameters (AddParameter): Name = "RoHS"; Value = "N"; VariantName = "[No Variations]"
Change component parameters: Designator = "U2_U_Light Detector CCT5" ("U2"); Footprint = "FP-N0014A-MFG"; UniqueID = "\5UNTHQXON\OCYCMNLB" ("\5UNTHQXON\OCYCMNLB")
Change component parameters (AddParameter): Name = "Code_IPC"; Value = ""; VariantName = "[No Variations]"
Change component parameters (AddParameter): Name = "Code_JEDEC"; Value = "MS-001-BA"; VariantName = "[No Variations]"
Change component parameters (AddParameter): Name = "Code_JEITA"; Value = ""; VariantName = "[No Variations]"
Change component parameters (AddParameter): Name = "ComponentLink1Description"; Value = "Datasheet URL"; VariantName = "[No Variations]"
Change component parameters (AddParameter): Name = "ComponentLink1URL"; Value = "http://www.ti.com/general/docs/lit/getliterature.tsp?genericPartNumber=LM393-N&fileType=pdf"; VariantName = "[No Variations]"
Change component parameters (AddParameter): Name = "CompType"; Value = "Amplifiers"; VariantName = "[No Variations]"
Change component parameters (AddParameter): Name = "High-Reliability"; Value = ""; VariantName = "[No Variations]"
Change component parameters (AddParameter): Name = "Manufacturer"; Value = "Texas Instruments"; VariantName = "[No Variations]"
Change component parameters (AddParameter): Name = "Package Reference"; Value = "P0008A"; VariantName = "[No Variations]"
Change component parameters (AddParameter): Name = "PackageDescription"; Value = "MDIP, .365 x .250 x .130in, 8 Lead, .100in Pitch"; VariantName = "[No Variations]"
Change component parameters (AddParameter): Name = "PackageTopMarking"; Value = "NSUZXYTTE#*LM*393N"; VariantName = "[No Variations]"
Change component parameters (AddParameter): Name = "PartNumber"; Value = ""; VariantName = "[No Variations]"
Change component parameters (AddParameter): Name = "PinCount"; Value = "8"; VariantName = "[No Variations]"
Change component parameters (AddParameter): Name = "PowerWise"; Value = "N"; VariantName = "[No Variations]"
Change component parameters (AddParameter): Name = "RoHS"; Value = "N"; VariantName = "[No Variations]"
Change component parameters: Designator = "U2_U_Light Detector CCT6" ("U2"); Footprint = "FP-N0014A-MFG"; UniqueID = "\6UNTHQXON\OCYCMNLB" ("\6UNTHQXON\OCYCMNLB")
Change component parameters (AddParameter): Name = "Code_IPC"; Value = ""; VariantName = "[No Variations]"
Change component parameters (AddParameter): Name = "Code_JEDEC"; Value = "MS-001-BA"; VariantName = "[No Variations]"
Change component parameters (AddParameter): Name = "Code_JEITA"; Value = ""; VariantName = "[No Variations]"
Change component parameters (AddParameter): Name = "ComponentLink1Description"; Value = "Datasheet URL"; VariantName = "[No Variations]"
Change component parameters (AddParameter): Name = "ComponentLink1URL"; Value = "http://www.ti.com/general/docs/lit/getliterature.tsp?genericPartNumber=LM393-N&fileType=pdf"; VariantName = "[No Variations]"
Change component parameters (AddParameter): Name = "CompType"; Value = "Amplifiers"; VariantName = "[No Variations]"
Change component parameters (AddParameter): Name = "High-Reliability"; Value = ""; VariantName = "[No Variations]"
Change component parameters (AddParameter): Name = "Manufacturer"; Value = "Texas Instruments"; VariantName = "[No Variations]"
Change component parameters (AddParameter): Name = "Package Reference"; Value = "P0008A"; VariantName = "[No Variations]"
Change component parameters (AddParameter): Name = "PackageDescription"; Value = "MDIP, .365 x .250 x .130in, 8 Lead, .100in Pitch"; VariantName = "[No Variations]"
Change component parameters (AddParameter): Name = "PackageTopMarking"; Value = "NSUZXYTTE#*LM*393N"; VariantName = "[No Variations]"
Change component parameters (AddParameter): Name = "PartNumber"; Value = ""; VariantName = "[No Variations]"
Change component parameters (AddParameter): Name = "PinCount"; Value = "8"; VariantName = "[No Variations]"
Change component parameters (AddParameter): Name = "PowerWise"; Value = "N"; VariantName = "[No Variations]"
Change component parameters (AddParameter): Name = "RoHS"; Value = "N"; VariantName = "[No Variations]"
Added Pin To Net: NetName=VREF1 Pin=U2_U_Light Detector CCT1-2
Added Pin To Net: NetName=NetC5_U_Light Detector CCT1_1 Pin=U2_U_Light Detector CCT1-3
Added Pin To Net: NetName=+5V Pin=U2_U_Light Detector CCT1-4
Added Pin To Net: NetName=GND Pin=U2_U_Light Detector CCT1-8
Added Pin To Net: NetName=VREF1 Pin=U2_U_Light Detector CCT2-2
Added Pin To Net: NetName=NetC5_U_Light Detector CCT2_1 Pin=U2_U_Light Detector CCT2-3
Added Pin To Net: NetName=+5V Pin=U2_U_Light Detector CCT2-4
Added Pin To Net: NetName=GND Pin=U2_U_Light Detector CCT2-8
Added Pin To Net: NetName=VREF1 Pin=U2_U_Light Detector CCT3-2
Added Pin To Net: NetName=NetC5_U_Light Detector CCT3_1 Pin=U2_U_Light Detector CCT3-3
Added Pin To Net: NetName=+5V Pin=U2_U_Light Detector CCT3-4
Added Pin To Net: NetName=GND Pin=U2_U_Light Detector CCT3-8
Added Pin To Net: NetName=VREF1 Pin=U2_U_Light Detector CCT4-2
Added Pin To Net: NetName=NetC5_U_Light Detector CCT4_1 Pin=U2_U_Light Detector CCT4-3
Added Pin To Net: NetName=+5V Pin=U2_U_Light Detector CCT4-4
Added Pin To Net: NetName=GND Pin=U2_U_Light Detector CCT4-8
Added Pin To Net: NetName=VREF1 Pin=U2_U_Light Detector CCT5-2
Added Pin To Net: NetName=NetC5_U_Light Detector CCT5_1 Pin=U2_U_Light Detector CCT5-3
Added Pin To Net: NetName=+5V Pin=U2_U_Light Detector CCT5-4
Added Pin To Net: NetName=GND Pin=U2_U_Light Detector CCT5-8
Added Pin To Net: NetName=VREF1 Pin=U2_U_Light Detector CCT6-2
Added Pin To Net: NetName=NetC5_U_Light Detector CCT6_1 Pin=U2_U_Light Detector CCT6-3
Added Pin To Net: NetName=+5V Pin=U2_U_Light Detector CCT6-4
Added Pin To Net: NetName=GND Pin=U2_U_Light Detector CCT6-8
