Added Component: Designator=C2_LD6(0805 CAP)
Add component (AddParameter): Name = "Value"; Value = ""; VariantName = "[No Variations]"
Added Component: Designator=C3_LD6(0805 CAP)
Add component (AddParameter): Name = "Value"; Value = ""; VariantName = "[No Variations]"
Added Component: Designator=C4_LD6(0805 CAP)
Add component (AddParameter): Name = "Value"; Value = ""; VariantName = "[No Variations]"
Added Component: Designator=C5_LD6(0805 CAP)
Add component (AddParameter): Name = "Value"; Value = ""; VariantName = "[No Variations]"
Add object: Catastrophic failure
Added Component: Designator=Q1_LD6(0805 LED)
Added Component: Designator=R3_LD6(0805 RES)
Add component (AddParameter): Name = "ComponentLink1Description"; Value = "https://nz.mouser.com/datasheet/2/315/AOA0000C304-1149620.pdf"; VariantName = "[No Variations]"
Add component (AddParameter): Name = "LatestRevisionDate"; Value = "17-Jul-2002"; VariantName = "[No Variations]"
Add component (AddParameter): Name = "LatestRevisionNote"; Value = "Re-released for DXP Platform."; VariantName = "[No Variations]"
Add component (AddParameter): Name = "PackageReference"; Value = "AXIAL-0.4"; VariantName = "[No Variations]"
Add component (AddParameter): Name = "Published"; Value = "8-Jun-2000"; VariantName = "[No Variations]"
Add component (AddParameter): Name = "Publisher"; Value = "Altium Limited"; VariantName = "[No Variations]"
Add component (AddParameter): Name = "Value"; Value = ""; VariantName = "[No Variations]"
Added Component: Designator=R4_LD6(0805 RES)
Add component (AddParameter): Name = "ComponentLink1Description"; Value = "https://nz.mouser.com/datasheet/2/315/AOA0000C304-1149620.pdf"; VariantName = "[No Variations]"
Add component (AddParameter): Name = "LatestRevisionDate"; Value = "17-Jul-2002"; VariantName = "[No Variations]"
Add component (AddParameter): Name = "LatestRevisionNote"; Value = "Re-released for DXP Platform."; VariantName = "[No Variations]"
Add component (AddParameter): Name = "PackageReference"; Value = "AXIAL-0.4"; VariantName = "[No Variations]"
Add component (AddParameter): Name = "Published"; Value = "8-Jun-2000"; VariantName = "[No Variations]"
Add component (AddParameter): Name = "Publisher"; Value = "Altium Limited"; VariantName = "[No Variations]"
Add component (AddParameter): Name = "Value"; Value = ""; VariantName = "[No Variations]"
Added Component: Designator=R5_LD6(0805 RES)
Add component (AddParameter): Name = "ComponentLink1Description"; Value = "https://nz.mouser.com/datasheet/2/315/AOA0000C304-1149620.pdf"; VariantName = "[No Variations]"
Add component (AddParameter): Name = "LatestRevisionDate"; Value = "17-Jul-2002"; VariantName = "[No Variations]"
Add component (AddParameter): Name = "LatestRevisionNote"; Value = "Re-released for DXP Platform."; VariantName = "[No Variations]"
Add component (AddParameter): Name = "PackageReference"; Value = "AXIAL-0.4"; VariantName = "[No Variations]"
Add component (AddParameter): Name = "Published"; Value = "8-Jun-2000"; VariantName = "[No Variations]"
Add component (AddParameter): Name = "Publisher"; Value = "Altium Limited"; VariantName = "[No Variations]"
Add component (AddParameter): Name = "Value"; Value = ""; VariantName = "[No Variations]"
Add object: Catastrophic failure
Added Pin To Net: NetName=+5V Pin=C2_LD6-1
Added Pin To Net: NetName=GND Pin=C2_LD6-2
Added Pin To Net: NetName=NetC3_LD6_1 Pin=C3_LD6-1
Added Pin To Net: NetName=NetC3_LD6_2 Pin=C3_LD6-2
Added Pin To Net: NetName=+5V Pin=C4_LD6-1
Added Pin To Net: NetName=GND Pin=C4_LD6-2
Added Pin To Net: NetName=NetC5_LD6_1 Pin=C5_LD6-1
Added Pin To Net: NetName=GND Pin=C5_LD6-2
Add Pin To Net: Unknown Pin: Pin D1_LD6-1
Add Pin To Net: Unknown Pin: Pin D1_LD6-2
Added Pin To Net: NetName=+5V Pin=Q1_LD6-1
Added Pin To Net: NetName=NetC3_LD6_1 Pin=Q1_LD6-2
Added Pin To Net: NetName=GND Pin=R3_LD6-1
Added Pin To Net: NetName=NetC3_LD6_1 Pin=R3_LD6-2
Added Pin To Net: NetName=GND Pin=R4_LD6-1
Added Pin To Net: NetName=NetC3_LD6_2 Pin=R4_LD6-2
Added Pin To Net: NetName=NetR5_LD6_1 Pin=R5_LD6-1
Added Pin To Net: NetName=NetC5_LD6_1 Pin=R5_LD6-2
Add Pin To Net: Unknown Pin: Pin U1_LD6-1
Add Pin To Net: Unknown Pin: Pin U1_LD6-2
Add Pin To Net: Unknown Pin: Pin U1_LD6-3
Add Pin To Net: Unknown Pin: Pin U1_LD6-4
Add Pin To Net: Unknown Pin: Pin U1_LD6-5
Add Pin To Net: Unknown Pin: Pin U1_LD6-6
Add Pin To Net: Unknown Pin: Pin U1_LD6-7
Add Pin To Net: Unknown Pin: Pin U1_LD6-8
Added Member To Class: ClassName=LD6 Member=Component C2_LD6 (C2) 100nf
Added Member To Class: ClassName=LD6 Member=Component C3_LD6 (C3) 150nf
Added Member To Class: ClassName=LD6 Member=Component C4_LD6 (C4) 100nf
Added Member To Class: ClassName=LD6 Member=Component C5_LD6 (C5) 150nf
Add Class Member: Failed to add class member : Component D1_LD6 (D1)
Added Member To Class: ClassName=LD6 Member=Component Q1_LD6 (Q1) VEMT3700
Added Member To Class: ClassName=LD6 Member=Component R3_LD6 (R3) 47k
Added Member To Class: ClassName=LD6 Member=Component R4_LD6 (R4) 100k
Added Member To Class: ClassName=LD6 Member=Component R5_LD6 (R5) 100k
Add Class Member: Failed to add class member : Component U1_LD6 (U1A) TLC082
