Added Component: Designator=C1(0805 CAP)
Add component (AddParameter): Name = "Value"; Value = ""; VariantName = "[No Variations]"
Added Component: Designator=C2_LD1(0805 CAP)
Add component (AddParameter): Name = "Value"; Value = ""; VariantName = "[No Variations]"
Added Component: Designator=C2_LD2(0805 CAP)
Add component (AddParameter): Name = "Value"; Value = ""; VariantName = "[No Variations]"
Added Component: Designator=C2_LD3(0805 CAP)
Add component (AddParameter): Name = "Value"; Value = ""; VariantName = "[No Variations]"
Added Component: Designator=C2_LD4(0805 CAP)
Add component (AddParameter): Name = "Value"; Value = ""; VariantName = "[No Variations]"
Added Component: Designator=C2_LD5(0805 CAP)
Add component (AddParameter): Name = "Value"; Value = ""; VariantName = "[No Variations]"
Added Component: Designator=C3_LD1(0805 CAP)
Add component (AddParameter): Name = "Value"; Value = ""; VariantName = "[No Variations]"
Added Component: Designator=C3_LD2(0805 CAP)
Add component (AddParameter): Name = "Value"; Value = ""; VariantName = "[No Variations]"
Added Component: Designator=C3_LD3(0805 CAP)
Add component (AddParameter): Name = "Value"; Value = ""; VariantName = "[No Variations]"
Added Component: Designator=C3_LD4(0805 CAP)
Add component (AddParameter): Name = "Value"; Value = ""; VariantName = "[No Variations]"
Added Component: Designator=C3_LD5(0805 CAP)
Add component (AddParameter): Name = "Value"; Value = ""; VariantName = "[No Variations]"
Added Component: Designator=C4_LD1(0805 CAP)
Add component (AddParameter): Name = "Value"; Value = ""; VariantName = "[No Variations]"
Added Component: Designator=C4_LD2(0805 CAP)
Add component (AddParameter): Name = "Value"; Value = ""; VariantName = "[No Variations]"
Added Component: Designator=C4_LD3(0805 CAP)
Add component (AddParameter): Name = "Value"; Value = ""; VariantName = "[No Variations]"
Added Component: Designator=C4_LD4(0805 CAP)
Add component (AddParameter): Name = "Value"; Value = ""; VariantName = "[No Variations]"
Added Component: Designator=C4_LD5(0805 CAP)
Add component (AddParameter): Name = "Value"; Value = ""; VariantName = "[No Variations]"
Added Component: Designator=C5_LD1(0805 CAP)
Add component (AddParameter): Name = "Value"; Value = ""; VariantName = "[No Variations]"
Added Component: Designator=C5_LD2(0805 CAP)
Add component (AddParameter): Name = "Value"; Value = ""; VariantName = "[No Variations]"
Added Component: Designator=C5_LD3(0805 CAP)
Add component (AddParameter): Name = "Value"; Value = ""; VariantName = "[No Variations]"
Added Component: Designator=C5_LD4(0805 CAP)
Add component (AddParameter): Name = "Value"; Value = ""; VariantName = "[No Variations]"
Added Component: Designator=C5_LD5(0805 CAP)
Add component (AddParameter): Name = "Value"; Value = ""; VariantName = "[No Variations]"
Added Component: Designator=D1_LD1(FP-SOD68-MFG)
Add component (AddParameter): Name = "RoHS Compliant"; Value = "Yes"; VariantName = "[No Variations]"
Added Component: Designator=D1_LD2(FP-SOD68-MFG)
Add component (AddParameter): Name = "RoHS Compliant"; Value = "Yes"; VariantName = "[No Variations]"
Added Component: Designator=D1_LD3(FP-SOD68-MFG)
Add component (AddParameter): Name = "RoHS Compliant"; Value = "Yes"; VariantName = "[No Variations]"
Added Component: Designator=D1_LD4(FP-SOD68-MFG)
Add component (AddParameter): Name = "RoHS Compliant"; Value = "Yes"; VariantName = "[No Variations]"
Added Component: Designator=D1_LD5(FP-SOD68-MFG)
Add component (AddParameter): Name = "RoHS Compliant"; Value = "Yes"; VariantName = "[No Variations]"
Added Component: Designator=Q1_LD1(VEMT3700)
Added Component: Designator=Q1_LD2(VEMT3700)
Added Component: Designator=Q1_LD3(VEMT3700)
Added Component: Designator=Q1_LD4(VEMT3700)
Added Component: Designator=Q1_LD5(VEMT3700)
Added Component: Designator=R1(0805 RES)
Add component (AddParameter): Name = "ComponentLink1Description"; Value = "https://nz.mouser.com/datasheet/2/315/AOA0000C304-1149620.pdf"; VariantName = "[No Variations]"
Add component (AddParameter): Name = "LatestRevisionDate"; Value = "17-Jul-2002"; VariantName = "[No Variations]"
Add component (AddParameter): Name = "LatestRevisionNote"; Value = "Re-released for DXP Platform."; VariantName = "[No Variations]"
Add component (AddParameter): Name = "PackageReference"; Value = "AXIAL-0.4"; VariantName = "[No Variations]"
Add component (AddParameter): Name = "Published"; Value = "8-Jun-2000"; VariantName = "[No Variations]"
Add component (AddParameter): Name = "Publisher"; Value = "Altium Limited"; VariantName = "[No Variations]"
Add component (AddParameter): Name = "Value"; Value = ""; VariantName = "[No Variations]"
Added Component: Designator=R2(0805 RES)
Add component (AddParameter): Name = "ComponentLink1Description"; Value = "https://nz.mouser.com/datasheet/2/315/AOA0000C304-1149620.pdf"; VariantName = "[No Variations]"
Add component (AddParameter): Name = "LatestRevisionDate"; Value = "17-Jul-2002"; VariantName = "[No Variations]"
Add component (AddParameter): Name = "LatestRevisionNote"; Value = "Re-released for DXP Platform."; VariantName = "[No Variations]"
Add component (AddParameter): Name = "PackageReference"; Value = "AXIAL-0.4"; VariantName = "[No Variations]"
Add component (AddParameter): Name = "Published"; Value = "8-Jun-2000"; VariantName = "[No Variations]"
Add component (AddParameter): Name = "Publisher"; Value = "Altium Limited"; VariantName = "[No Variations]"
Add component (AddParameter): Name = "Value"; Value = ""; VariantName = "[No Variations]"
Added Component: Designator=R3_LD1(0805 RES)
Add component (AddParameter): Name = "ComponentLink1Description"; Value = "https://nz.mouser.com/datasheet/2/315/AOA0000C304-1149620.pdf"; VariantName = "[No Variations]"
Add component (AddParameter): Name = "LatestRevisionDate"; Value = "17-Jul-2002"; VariantName = "[No Variations]"
Add component (AddParameter): Name = "LatestRevisionNote"; Value = "Re-released for DXP Platform."; VariantName = "[No Variations]"
Add component (AddParameter): Name = "PackageReference"; Value = "AXIAL-0.4"; VariantName = "[No Variations]"
Add component (AddParameter): Name = "Published"; Value = "8-Jun-2000"; VariantName = "[No Variations]"
Add component (AddParameter): Name = "Publisher"; Value = "Altium Limited"; VariantName = "[No Variations]"
Add component (AddParameter): Name = "Value"; Value = ""; VariantName = "[No Variations]"
Added Component: Designator=R3_LD2(0805 RES)
Add component (AddParameter): Name = "ComponentLink1Description"; Value = "https://nz.mouser.com/datasheet/2/315/AOA0000C304-1149620.pdf"; VariantName = "[No Variations]"
Add component (AddParameter): Name = "LatestRevisionDate"; Value = "17-Jul-2002"; VariantName = "[No Variations]"
Add component (AddParameter): Name = "LatestRevisionNote"; Value = "Re-released for DXP Platform."; VariantName = "[No Variations]"
Add component (AddParameter): Name = "PackageReference"; Value = "AXIAL-0.4"; VariantName = "[No Variations]"
Add component (AddParameter): Name = "Published"; Value = "8-Jun-2000"; VariantName = "[No Variations]"
Add component (AddParameter): Name = "Publisher"; Value = "Altium Limited"; VariantName = "[No Variations]"
Add component (AddParameter): Name = "Value"; Value = ""; VariantName = "[No Variations]"
Added Component: Designator=R3_LD3(0805 RES)
Add component (AddParameter): Name = "ComponentLink1Description"; Value = "https://nz.mouser.com/datasheet/2/315/AOA0000C304-1149620.pdf"; VariantName = "[No Variations]"
Add component (AddParameter): Name = "LatestRevisionDate"; Value = "17-Jul-2002"; VariantName = "[No Variations]"
Add component (AddParameter): Name = "LatestRevisionNote"; Value = "Re-released for DXP Platform."; VariantName = "[No Variations]"
Add component (AddParameter): Name = "PackageReference"; Value = "AXIAL-0.4"; VariantName = "[No Variations]"
Add component (AddParameter): Name = "Published"; Value = "8-Jun-2000"; VariantName = "[No Variations]"
Add component (AddParameter): Name = "Publisher"; Value = "Altium Limited"; VariantName = "[No Variations]"
Add component (AddParameter): Name = "Value"; Value = ""; VariantName = "[No Variations]"
Added Component: Designator=R3_LD4(0805 RES)
Add component (AddParameter): Name = "ComponentLink1Description"; Value = "https://nz.mouser.com/datasheet/2/315/AOA0000C304-1149620.pdf"; VariantName = "[No Variations]"
Add component (AddParameter): Name = "LatestRevisionDate"; Value = "17-Jul-2002"; VariantName = "[No Variations]"
Add component (AddParameter): Name = "LatestRevisionNote"; Value = "Re-released for DXP Platform."; VariantName = "[No Variations]"
Add component (AddParameter): Name = "PackageReference"; Value = "AXIAL-0.4"; VariantName = "[No Variations]"
Add component (AddParameter): Name = "Published"; Value = "8-Jun-2000"; VariantName = "[No Variations]"
Add component (AddParameter): Name = "Publisher"; Value = "Altium Limited"; VariantName = "[No Variations]"
Add component (AddParameter): Name = "Value"; Value = ""; VariantName = "[No Variations]"
Added Component: Designator=R3_LD5(0805 RES)
Add component (AddParameter): Name = "ComponentLink1Description"; Value = "https://nz.mouser.com/datasheet/2/315/AOA0000C304-1149620.pdf"; VariantName = "[No Variations]"
Add component (AddParameter): Name = "LatestRevisionDate"; Value = "17-Jul-2002"; VariantName = "[No Variations]"
Add component (AddParameter): Name = "LatestRevisionNote"; Value = "Re-released for DXP Platform."; VariantName = "[No Variations]"
Add component (AddParameter): Name = "PackageReference"; Value = "AXIAL-0.4"; VariantName = "[No Variations]"
Add component (AddParameter): Name = "Published"; Value = "8-Jun-2000"; VariantName = "[No Variations]"
Add component (AddParameter): Name = "Publisher"; Value = "Altium Limited"; VariantName = "[No Variations]"
Add component (AddParameter): Name = "Value"; Value = ""; VariantName = "[No Variations]"
Added Component: Designator=R4_LD1(0805 RES)
Add component (AddParameter): Name = "ComponentLink1Description"; Value = "https://nz.mouser.com/datasheet/2/315/AOA0000C304-1149620.pdf"; VariantName = "[No Variations]"
Add component (AddParameter): Name = "LatestRevisionDate"; Value = "17-Jul-2002"; VariantName = "[No Variations]"
Add component (AddParameter): Name = "LatestRevisionNote"; Value = "Re-released for DXP Platform."; VariantName = "[No Variations]"
Add component (AddParameter): Name = "PackageReference"; Value = "AXIAL-0.4"; VariantName = "[No Variations]"
Add component (AddParameter): Name = "Published"; Value = "8-Jun-2000"; VariantName = "[No Variations]"
Add component (AddParameter): Name = "Publisher"; Value = "Altium Limited"; VariantName = "[No Variations]"
Add component (AddParameter): Name = "Value"; Value = ""; VariantName = "[No Variations]"
Added Component: Designator=R4_LD2(0805 RES)
Add component (AddParameter): Name = "ComponentLink1Description"; Value = "https://nz.mouser.com/datasheet/2/315/AOA0000C304-1149620.pdf"; VariantName = "[No Variations]"
Add component (AddParameter): Name = "LatestRevisionDate"; Value = "17-Jul-2002"; VariantName = "[No Variations]"
Add component (AddParameter): Name = "LatestRevisionNote"; Value = "Re-released for DXP Platform."; VariantName = "[No Variations]"
Add component (AddParameter): Name = "PackageReference"; Value = "AXIAL-0.4"; VariantName = "[No Variations]"
Add component (AddParameter): Name = "Published"; Value = "8-Jun-2000"; VariantName = "[No Variations]"
Add component (AddParameter): Name = "Publisher"; Value = "Altium Limited"; VariantName = "[No Variations]"
Add component (AddParameter): Name = "Value"; Value = ""; VariantName = "[No Variations]"
Added Component: Designator=R4_LD3(0805 RES)
Add component (AddParameter): Name = "ComponentLink1Description"; Value = "https://nz.mouser.com/datasheet/2/315/AOA0000C304-1149620.pdf"; VariantName = "[No Variations]"
Add component (AddParameter): Name = "LatestRevisionDate"; Value = "17-Jul-2002"; VariantName = "[No Variations]"
Add component (AddParameter): Name = "LatestRevisionNote"; Value = "Re-released for DXP Platform."; VariantName = "[No Variations]"
Add component (AddParameter): Name = "PackageReference"; Value = "AXIAL-0.4"; VariantName = "[No Variations]"
Add component (AddParameter): Name = "Published"; Value = "8-Jun-2000"; VariantName = "[No Variations]"
Add component (AddParameter): Name = "Publisher"; Value = "Altium Limited"; VariantName = "[No Variations]"
Add component (AddParameter): Name = "Value"; Value = ""; VariantName = "[No Variations]"
Added Component: Designator=R4_LD4(0805 RES)
Add component (AddParameter): Name = "ComponentLink1Description"; Value = "https://nz.mouser.com/datasheet/2/315/AOA0000C304-1149620.pdf"; VariantName = "[No Variations]"
Add component (AddParameter): Name = "LatestRevisionDate"; Value = "17-Jul-2002"; VariantName = "[No Variations]"
Add component (AddParameter): Name = "LatestRevisionNote"; Value = "Re-released for DXP Platform."; VariantName = "[No Variations]"
Add component (AddParameter): Name = "PackageReference"; Value = "AXIAL-0.4"; VariantName = "[No Variations]"
Add component (AddParameter): Name = "Published"; Value = "8-Jun-2000"; VariantName = "[No Variations]"
Add component (AddParameter): Name = "Publisher"; Value = "Altium Limited"; VariantName = "[No Variations]"
Add component (AddParameter): Name = "Value"; Value = ""; VariantName = "[No Variations]"
Added Component: Designator=R4_LD5(0805 RES)
Add component (AddParameter): Name = "ComponentLink1Description"; Value = "https://nz.mouser.com/datasheet/2/315/AOA0000C304-1149620.pdf"; VariantName = "[No Variations]"
Add component (AddParameter): Name = "LatestRevisionDate"; Value = "17-Jul-2002"; VariantName = "[No Variations]"
Add component (AddParameter): Name = "LatestRevisionNote"; Value = "Re-released for DXP Platform."; VariantName = "[No Variations]"
Add component (AddParameter): Name = "PackageReference"; Value = "AXIAL-0.4"; VariantName = "[No Variations]"
Add component (AddParameter): Name = "Published"; Value = "8-Jun-2000"; VariantName = "[No Variations]"
Add component (AddParameter): Name = "Publisher"; Value = "Altium Limited"; VariantName = "[No Variations]"
Add component (AddParameter): Name = "Value"; Value = ""; VariantName = "[No Variations]"
Added Component: Designator=R5_LD1(0805 RES)
Add component (AddParameter): Name = "ComponentLink1Description"; Value = "https://nz.mouser.com/datasheet/2/315/AOA0000C304-1149620.pdf"; VariantName = "[No Variations]"
Add component (AddParameter): Name = "LatestRevisionDate"; Value = "17-Jul-2002"; VariantName = "[No Variations]"
Add component (AddParameter): Name = "LatestRevisionNote"; Value = "Re-released for DXP Platform."; VariantName = "[No Variations]"
Add component (AddParameter): Name = "PackageReference"; Value = "AXIAL-0.4"; VariantName = "[No Variations]"
Add component (AddParameter): Name = "Published"; Value = "8-Jun-2000"; VariantName = "[No Variations]"
Add component (AddParameter): Name = "Publisher"; Value = "Altium Limited"; VariantName = "[No Variations]"
Add component (AddParameter): Name = "Value"; Value = ""; VariantName = "[No Variations]"
Added Component: Designator=R5_LD2(0805 RES)
Add component (AddParameter): Name = "ComponentLink1Description"; Value = "https://nz.mouser.com/datasheet/2/315/AOA0000C304-1149620.pdf"; VariantName = "[No Variations]"
Add component (AddParameter): Name = "LatestRevisionDate"; Value = "17-Jul-2002"; VariantName = "[No Variations]"
Add component (AddParameter): Name = "LatestRevisionNote"; Value = "Re-released for DXP Platform."; VariantName = "[No Variations]"
Add component (AddParameter): Name = "PackageReference"; Value = "AXIAL-0.4"; VariantName = "[No Variations]"
Add component (AddParameter): Name = "Published"; Value = "8-Jun-2000"; VariantName = "[No Variations]"
Add component (AddParameter): Name = "Publisher"; Value = "Altium Limited"; VariantName = "[No Variations]"
Add component (AddParameter): Name = "Value"; Value = ""; VariantName = "[No Variations]"
Added Component: Designator=R5_LD3(0805 RES)
Add component (AddParameter): Name = "ComponentLink1Description"; Value = "https://nz.mouser.com/datasheet/2/315/AOA0000C304-1149620.pdf"; VariantName = "[No Variations]"
Add component (AddParameter): Name = "LatestRevisionDate"; Value = "17-Jul-2002"; VariantName = "[No Variations]"
Add component (AddParameter): Name = "LatestRevisionNote"; Value = "Re-released for DXP Platform."; VariantName = "[No Variations]"
Add component (AddParameter): Name = "PackageReference"; Value = "AXIAL-0.4"; VariantName = "[No Variations]"
Add component (AddParameter): Name = "Published"; Value = "8-Jun-2000"; VariantName = "[No Variations]"
Add component (AddParameter): Name = "Publisher"; Value = "Altium Limited"; VariantName = "[No Variations]"
Add component (AddParameter): Name = "Value"; Value = ""; VariantName = "[No Variations]"
Added Component: Designator=R5_LD4(0805 RES)
Add component (AddParameter): Name = "ComponentLink1Description"; Value = "https://nz.mouser.com/datasheet/2/315/AOA0000C304-1149620.pdf"; VariantName = "[No Variations]"
Add component (AddParameter): Name = "LatestRevisionDate"; Value = "17-Jul-2002"; VariantName = "[No Variations]"
Add component (AddParameter): Name = "LatestRevisionNote"; Value = "Re-released for DXP Platform."; VariantName = "[No Variations]"
Add component (AddParameter): Name = "PackageReference"; Value = "AXIAL-0.4"; VariantName = "[No Variations]"
Add component (AddParameter): Name = "Published"; Value = "8-Jun-2000"; VariantName = "[No Variations]"
Add component (AddParameter): Name = "Publisher"; Value = "Altium Limited"; VariantName = "[No Variations]"
Add component (AddParameter): Name = "Value"; Value = ""; VariantName = "[No Variations]"
Added Component: Designator=R5_LD5(0805 RES)
Add component (AddParameter): Name = "ComponentLink1Description"; Value = "https://nz.mouser.com/datasheet/2/315/AOA0000C304-1149620.pdf"; VariantName = "[No Variations]"
Add component (AddParameter): Name = "LatestRevisionDate"; Value = "17-Jul-2002"; VariantName = "[No Variations]"
Add component (AddParameter): Name = "LatestRevisionNote"; Value = "Re-released for DXP Platform."; VariantName = "[No Variations]"
Add component (AddParameter): Name = "PackageReference"; Value = "AXIAL-0.4"; VariantName = "[No Variations]"
Add component (AddParameter): Name = "Published"; Value = "8-Jun-2000"; VariantName = "[No Variations]"
Add component (AddParameter): Name = "Publisher"; Value = "Altium Limited"; VariantName = "[No Variations]"
Add component (AddParameter): Name = "Value"; Value = ""; VariantName = "[No Variations]"
Added Component: Designator=R6(0805 RES)
Add component (AddParameter): Name = "ComponentLink1Description"; Value = "https://nz.mouser.com/datasheet/2/315/AOA0000C304-1149620.pdf"; VariantName = "[No Variations]"
Add component (AddParameter): Name = "LatestRevisionDate"; Value = "17-Jul-2002"; VariantName = "[No Variations]"
Add component (AddParameter): Name = "LatestRevisionNote"; Value = "Re-released for DXP Platform."; VariantName = "[No Variations]"
Add component (AddParameter): Name = "PackageReference"; Value = "AXIAL-0.4"; VariantName = "[No Variations]"
Add component (AddParameter): Name = "Published"; Value = "8-Jun-2000"; VariantName = "[No Variations]"
Add component (AddParameter): Name = "Publisher"; Value = "Altium Limited"; VariantName = "[No Variations]"
Add component (AddParameter): Name = "Value"; Value = ""; VariantName = "[No Variations]"
Added Component: Designator=R7(0805 RES)
Add component (AddParameter): Name = "ComponentLink1Description"; Value = "https://nz.mouser.com/datasheet/2/315/AOA0000C304-1149620.pdf"; VariantName = "[No Variations]"
Add component (AddParameter): Name = "LatestRevisionDate"; Value = "17-Jul-2002"; VariantName = "[No Variations]"
Add component (AddParameter): Name = "LatestRevisionNote"; Value = "Re-released for DXP Platform."; VariantName = "[No Variations]"
Add component (AddParameter): Name = "PackageReference"; Value = "AXIAL-0.4"; VariantName = "[No Variations]"
Add component (AddParameter): Name = "Published"; Value = "8-Jun-2000"; VariantName = "[No Variations]"
Add component (AddParameter): Name = "Publisher"; Value = "Altium Limited"; VariantName = "[No Variations]"
Add component (AddParameter): Name = "Value"; Value = ""; VariantName = "[No Variations]"
Added Component: Designator=R8(0805 RES)
Add component (AddParameter): Name = "ComponentLink1Description"; Value = "https://nz.mouser.com/datasheet/2/315/AOA0000C304-1149620.pdf"; VariantName = "[No Variations]"
Add component (AddParameter): Name = "LatestRevisionDate"; Value = "17-Jul-2002"; VariantName = "[No Variations]"
Add component (AddParameter): Name = "LatestRevisionNote"; Value = "Re-released for DXP Platform."; VariantName = "[No Variations]"
Add component (AddParameter): Name = "PackageReference"; Value = "AXIAL-0.4"; VariantName = "[No Variations]"
Add component (AddParameter): Name = "Published"; Value = "8-Jun-2000"; VariantName = "[No Variations]"
Add component (AddParameter): Name = "Publisher"; Value = "Altium Limited"; VariantName = "[No Variations]"
Add component (AddParameter): Name = "Value"; Value = ""; VariantName = "[No Variations]"
Added Component: Designator=R9(0805 RES)
Add component (AddParameter): Name = "ComponentLink1Description"; Value = "https://nz.mouser.com/datasheet/2/315/AOA0000C304-1149620.pdf"; VariantName = "[No Variations]"
Add component (AddParameter): Name = "LatestRevisionDate"; Value = "17-Jul-2002"; VariantName = "[No Variations]"
Add component (AddParameter): Name = "LatestRevisionNote"; Value = "Re-released for DXP Platform."; VariantName = "[No Variations]"
Add component (AddParameter): Name = "PackageReference"; Value = "AXIAL-0.4"; VariantName = "[No Variations]"
Add component (AddParameter): Name = "Published"; Value = "8-Jun-2000"; VariantName = "[No Variations]"
Add component (AddParameter): Name = "Publisher"; Value = "Altium Limited"; VariantName = "[No Variations]"
Add component (AddParameter): Name = "Value"; Value = ""; VariantName = "[No Variations]"
Added Component: Designator=R10(0805 RES)
Add component (AddParameter): Name = "ComponentLink1Description"; Value = "https://nz.mouser.com/datasheet/2/315/AOA0000C304-1149620.pdf"; VariantName = "[No Variations]"
Add component (AddParameter): Name = "LatestRevisionDate"; Value = "17-Jul-2002"; VariantName = "[No Variations]"
Add component (AddParameter): Name = "LatestRevisionNote"; Value = "Re-released for DXP Platform."; VariantName = "[No Variations]"
Add component (AddParameter): Name = "PackageReference"; Value = "AXIAL-0.4"; VariantName = "[No Variations]"
Add component (AddParameter): Name = "Published"; Value = "8-Jun-2000"; VariantName = "[No Variations]"
Add component (AddParameter): Name = "Publisher"; Value = "Altium Limited"; VariantName = "[No Variations]"
Add component (AddParameter): Name = "Value"; Value = ""; VariantName = "[No Variations]"
Added Component: Designator=R11(0805 RES)
Add component (AddParameter): Name = "ComponentLink1Description"; Value = "https://nz.mouser.com/datasheet/2/315/AOA0000C304-1149620.pdf"; VariantName = "[No Variations]"
Add component (AddParameter): Name = "LatestRevisionDate"; Value = "17-Jul-2002"; VariantName = "[No Variations]"
Add component (AddParameter): Name = "LatestRevisionNote"; Value = "Re-released for DXP Platform."; VariantName = "[No Variations]"
Add component (AddParameter): Name = "PackageReference"; Value = "AXIAL-0.4"; VariantName = "[No Variations]"
Add component (AddParameter): Name = "Published"; Value = "8-Jun-2000"; VariantName = "[No Variations]"
Add component (AddParameter): Name = "Publisher"; Value = "Altium Limited"; VariantName = "[No Variations]"
Add component (AddParameter): Name = "Value"; Value = ""; VariantName = "[No Variations]"
Added Component: Designator=R12(0805 RES)
Add component (AddParameter): Name = "ComponentLink1Description"; Value = "https://nz.mouser.com/datasheet/2/315/AOA0000C304-1149620.pdf"; VariantName = "[No Variations]"
Add component (AddParameter): Name = "LatestRevisionDate"; Value = "17-Jul-2002"; VariantName = "[No Variations]"
Add component (AddParameter): Name = "LatestRevisionNote"; Value = "Re-released for DXP Platform."; VariantName = "[No Variations]"
Add component (AddParameter): Name = "PackageReference"; Value = "AXIAL-0.4"; VariantName = "[No Variations]"
Add component (AddParameter): Name = "Published"; Value = "8-Jun-2000"; VariantName = "[No Variations]"
Add component (AddParameter): Name = "Publisher"; Value = "Altium Limited"; VariantName = "[No Variations]"
Add component (AddParameter): Name = "Value"; Value = ""; VariantName = "[No Variations]"
Added Component: Designator=R13(0805 RES)
Add component (AddParameter): Name = "ComponentLink1Description"; Value = "https://nz.mouser.com/datasheet/2/315/AOA0000C304-1149620.pdf"; VariantName = "[No Variations]"
Add component (AddParameter): Name = "LatestRevisionDate"; Value = "17-Jul-2002"; VariantName = "[No Variations]"
Add component (AddParameter): Name = "LatestRevisionNote"; Value = "Re-released for DXP Platform."; VariantName = "[No Variations]"
Add component (AddParameter): Name = "PackageReference"; Value = "AXIAL-0.4"; VariantName = "[No Variations]"
Add component (AddParameter): Name = "Published"; Value = "8-Jun-2000"; VariantName = "[No Variations]"
Add component (AddParameter): Name = "Publisher"; Value = "Altium Limited"; VariantName = "[No Variations]"
Add component (AddParameter): Name = "Value"; Value = ""; VariantName = "[No Variations]"
Added Component: Designator=R14(0805 RES)
Add component (AddParameter): Name = "ComponentLink1Description"; Value = "https://nz.mouser.com/datasheet/2/315/AOA0000C304-1149620.pdf"; VariantName = "[No Variations]"
Add component (AddParameter): Name = "LatestRevisionDate"; Value = "17-Jul-2002"; VariantName = "[No Variations]"
Add component (AddParameter): Name = "LatestRevisionNote"; Value = "Re-released for DXP Platform."; VariantName = "[No Variations]"
Add component (AddParameter): Name = "PackageReference"; Value = "AXIAL-0.4"; VariantName = "[No Variations]"
Add component (AddParameter): Name = "Published"; Value = "8-Jun-2000"; VariantName = "[No Variations]"
Add component (AddParameter): Name = "Publisher"; Value = "Altium Limited"; VariantName = "[No Variations]"
Add component (AddParameter): Name = "Value"; Value = ""; VariantName = "[No Variations]"
Added Component: Designator=R15(0805 RES)
Add component (AddParameter): Name = "ComponentLink1Description"; Value = "https://nz.mouser.com/datasheet/2/315/AOA0000C304-1149620.pdf"; VariantName = "[No Variations]"
Add component (AddParameter): Name = "LatestRevisionDate"; Value = "17-Jul-2002"; VariantName = "[No Variations]"
Add component (AddParameter): Name = "LatestRevisionNote"; Value = "Re-released for DXP Platform."; VariantName = "[No Variations]"
Add component (AddParameter): Name = "PackageReference"; Value = "AXIAL-0.4"; VariantName = "[No Variations]"
Add component (AddParameter): Name = "Published"; Value = "8-Jun-2000"; VariantName = "[No Variations]"
Add component (AddParameter): Name = "Publisher"; Value = "Altium Limited"; VariantName = "[No Variations]"
Add component (AddParameter): Name = "Value"; Value = ""; VariantName = "[No Variations]"
Added Component: Designator=U1_LD1(ECE-SOIC8)
Add component (AddParameter): Name = "Assembly Method"; Value = "Surface Mount"; VariantName = "[No Variations]"
Add component (AddParameter): Name = "Category"; Value = "OpAmp"; VariantName = "[No Variations]"
Add component (AddParameter): Name = "Component Type"; Value = "SOIC18-TLC082"; VariantName = "[No Variations]"
Add component (AddParameter): Name = "Datasheet Link"; Value = "http://share.engineering.auckland.ac.nz/ece/ts/Student%20Documents/TLC082.pdf"; VariantName = "[No Variations]"
Add component (AddParameter): Name = "Item Type"; Value = "Item"; VariantName = "[No Variations]"
Add component (AddParameter): Name = "Manufactuer"; Value = "Texas Instruments"; VariantName = "[No Variations]"
Add component (AddParameter): Name = "Manufacturer-PN"; Value = "TLC082IDR"; VariantName = "[No Variations]"
Add component (AddParameter): Name = "Path"; Value = "ece/ts/Lists/Stock Inventory"; VariantName = "[No Variations]"
Add component (AddParameter): Name = "Size/Package"; Value = "SOIC 8"; VariantName = "[No Variations]"
Add component (AddParameter): Name = "Status"; Value = "Active"; VariantName = "[No Variations]"
Add component (AddParameter): Name = "Supplier1"; Value = "Digikey"; VariantName = "[No Variations]"
Add component (AddParameter): Name = "Supplier1-PN"; Value = "296-7271-6-ND"; VariantName = "[No Variations]"
Add component (AddParameter): Name = "UoA Stock#"; Value = "OPA000103"; VariantName = "[No Variations]"
Add component (AddParameter): Name = "Value"; Value = "TLC082"; VariantName = "[No Variations]"
Added Component: Designator=U1_LD2(ECE-SOIC8)
Add component (AddParameter): Name = "Assembly Method"; Value = "Surface Mount"; VariantName = "[No Variations]"
Add component (AddParameter): Name = "Category"; Value = "OpAmp"; VariantName = "[No Variations]"
Add component (AddParameter): Name = "Component Type"; Value = "SOIC18-TLC082"; VariantName = "[No Variations]"
Add component (AddParameter): Name = "Datasheet Link"; Value = "http://share.engineering.auckland.ac.nz/ece/ts/Student%20Documents/TLC082.pdf"; VariantName = "[No Variations]"
Add component (AddParameter): Name = "Item Type"; Value = "Item"; VariantName = "[No Variations]"
Add component (AddParameter): Name = "Manufactuer"; Value = "Texas Instruments"; VariantName = "[No Variations]"
Add component (AddParameter): Name = "Manufacturer-PN"; Value = "TLC082IDR"; VariantName = "[No Variations]"
Add component (AddParameter): Name = "Path"; Value = "ece/ts/Lists/Stock Inventory"; VariantName = "[No Variations]"
Add component (AddParameter): Name = "Size/Package"; Value = "SOIC 8"; VariantName = "[No Variations]"
Add component (AddParameter): Name = "Status"; Value = "Active"; VariantName = "[No Variations]"
Add component (AddParameter): Name = "Supplier1"; Value = "Digikey"; VariantName = "[No Variations]"
Add component (AddParameter): Name = "Supplier1-PN"; Value = "296-7271-6-ND"; VariantName = "[No Variations]"
Add component (AddParameter): Name = "UoA Stock#"; Value = "OPA000103"; VariantName = "[No Variations]"
Add component (AddParameter): Name = "Value"; Value = "TLC082"; VariantName = "[No Variations]"
Added Component: Designator=U1_LD3(ECE-SOIC8)
Add component (AddParameter): Name = "Assembly Method"; Value = "Surface Mount"; VariantName = "[No Variations]"
Add component (AddParameter): Name = "Category"; Value = "OpAmp"; VariantName = "[No Variations]"
Add component (AddParameter): Name = "Component Type"; Value = "SOIC18-TLC082"; VariantName = "[No Variations]"
Add component (AddParameter): Name = "Datasheet Link"; Value = "http://share.engineering.auckland.ac.nz/ece/ts/Student%20Documents/TLC082.pdf"; VariantName = "[No Variations]"
Add component (AddParameter): Name = "Item Type"; Value = "Item"; VariantName = "[No Variations]"
Add component (AddParameter): Name = "Manufactuer"; Value = "Texas Instruments"; VariantName = "[No Variations]"
Add component (AddParameter): Name = "Manufacturer-PN"; Value = "TLC082IDR"; VariantName = "[No Variations]"
Add component (AddParameter): Name = "Path"; Value = "ece/ts/Lists/Stock Inventory"; VariantName = "[No Variations]"
Add component (AddParameter): Name = "Size/Package"; Value = "SOIC 8"; VariantName = "[No Variations]"
Add component (AddParameter): Name = "Status"; Value = "Active"; VariantName = "[No Variations]"
Add component (AddParameter): Name = "Supplier1"; Value = "Digikey"; VariantName = "[No Variations]"
Add component (AddParameter): Name = "Supplier1-PN"; Value = "296-7271-6-ND"; VariantName = "[No Variations]"
Add component (AddParameter): Name = "UoA Stock#"; Value = "OPA000103"; VariantName = "[No Variations]"
Add component (AddParameter): Name = "Value"; Value = "TLC082"; VariantName = "[No Variations]"
Added Component: Designator=U1_LD4(ECE-SOIC8)
Add component (AddParameter): Name = "Assembly Method"; Value = "Surface Mount"; VariantName = "[No Variations]"
Add component (AddParameter): Name = "Category"; Value = "OpAmp"; VariantName = "[No Variations]"
Add component (AddParameter): Name = "Component Type"; Value = "SOIC18-TLC082"; VariantName = "[No Variations]"
Add component (AddParameter): Name = "Datasheet Link"; Value = "http://share.engineering.auckland.ac.nz/ece/ts/Student%20Documents/TLC082.pdf"; VariantName = "[No Variations]"
Add component (AddParameter): Name = "Item Type"; Value = "Item"; VariantName = "[No Variations]"
Add component (AddParameter): Name = "Manufactuer"; Value = "Texas Instruments"; VariantName = "[No Variations]"
Add component (AddParameter): Name = "Manufacturer-PN"; Value = "TLC082IDR"; VariantName = "[No Variations]"
Add component (AddParameter): Name = "Path"; Value = "ece/ts/Lists/Stock Inventory"; VariantName = "[No Variations]"
Add component (AddParameter): Name = "Size/Package"; Value = "SOIC 8"; VariantName = "[No Variations]"
Add component (AddParameter): Name = "Status"; Value = "Active"; VariantName = "[No Variations]"
Add component (AddParameter): Name = "Supplier1"; Value = "Digikey"; VariantName = "[No Variations]"
Add component (AddParameter): Name = "Supplier1-PN"; Value = "296-7271-6-ND"; VariantName = "[No Variations]"
Add component (AddParameter): Name = "UoA Stock#"; Value = "OPA000103"; VariantName = "[No Variations]"
Add component (AddParameter): Name = "Value"; Value = "TLC082"; VariantName = "[No Variations]"
Added Component: Designator=U1_LD5(ECE-SOIC8)
Add component (AddParameter): Name = "Assembly Method"; Value = "Surface Mount"; VariantName = "[No Variations]"
Add component (AddParameter): Name = "Category"; Value = "OpAmp"; VariantName = "[No Variations]"
Add component (AddParameter): Name = "Component Type"; Value = "SOIC18-TLC082"; VariantName = "[No Variations]"
Add component (AddParameter): Name = "Datasheet Link"; Value = "http://share.engineering.auckland.ac.nz/ece/ts/Student%20Documents/TLC082.pdf"; VariantName = "[No Variations]"
Add component (AddParameter): Name = "Item Type"; Value = "Item"; VariantName = "[No Variations]"
Add component (AddParameter): Name = "Manufactuer"; Value = "Texas Instruments"; VariantName = "[No Variations]"
Add component (AddParameter): Name = "Manufacturer-PN"; Value = "TLC082IDR"; VariantName = "[No Variations]"
Add component (AddParameter): Name = "Path"; Value = "ece/ts/Lists/Stock Inventory"; VariantName = "[No Variations]"
Add component (AddParameter): Name = "Size/Package"; Value = "SOIC 8"; VariantName = "[No Variations]"
Add component (AddParameter): Name = "Status"; Value = "Active"; VariantName = "[No Variations]"
Add component (AddParameter): Name = "Supplier1"; Value = "Digikey"; VariantName = "[No Variations]"
Add component (AddParameter): Name = "Supplier1-PN"; Value = "296-7271-6-ND"; VariantName = "[No Variations]"
Add component (AddParameter): Name = "UoA Stock#"; Value = "OPA000103"; VariantName = "[No Variations]"
Add component (AddParameter): Name = "Value"; Value = "TLC082"; VariantName = "[No Variations]"
Added Pin To Net: NetName=VREF1 Pin=C1-1
Added Pin To Net: NetName=GND Pin=C1-2
Added Pin To Net: NetName=+5V Pin=C2_LD1-1
Added Pin To Net: NetName=GND Pin=C2_LD1-2
Added Pin To Net: NetName=+5V Pin=C2_LD2-1
Added Pin To Net: NetName=GND Pin=C2_LD2-2
Added Pin To Net: NetName=+5V Pin=C2_LD3-1
Added Pin To Net: NetName=GND Pin=C2_LD3-2
Added Pin To Net: NetName=+5V Pin=C2_LD4-1
Added Pin To Net: NetName=GND Pin=C2_LD4-2
Added Pin To Net: NetName=+5V Pin=C2_LD5-1
Added Pin To Net: NetName=GND Pin=C2_LD5-2
Added Pin To Net: NetName=NetC3_LD1_1 Pin=C3_LD1-1
Added Pin To Net: NetName=NetC3_LD1_2 Pin=C3_LD1-2
Added Pin To Net: NetName=NetC3_LD2_1 Pin=C3_LD2-1
Added Pin To Net: NetName=NetC3_LD2_2 Pin=C3_LD2-2
Added Pin To Net: NetName=NetC3_LD3_1 Pin=C3_LD3-1
Added Pin To Net: NetName=NetC3_LD3_2 Pin=C3_LD3-2
Added Pin To Net: NetName=NetC3_LD4_1 Pin=C3_LD4-1
Added Pin To Net: NetName=NetC3_LD4_2 Pin=C3_LD4-2
Added Pin To Net: NetName=NetC3_LD5_1 Pin=C3_LD5-1
Added Pin To Net: NetName=NetC3_LD5_2 Pin=C3_LD5-2
Added Pin To Net: NetName=+5V Pin=C4_LD1-1
Added Pin To Net: NetName=GND Pin=C4_LD1-2
Added Pin To Net: NetName=+5V Pin=C4_LD2-1
Added Pin To Net: NetName=GND Pin=C4_LD2-2
Added Pin To Net: NetName=+5V Pin=C4_LD3-1
Added Pin To Net: NetName=GND Pin=C4_LD3-2
Added Pin To Net: NetName=+5V Pin=C4_LD4-1
Added Pin To Net: NetName=GND Pin=C4_LD4-2
Added Pin To Net: NetName=+5V Pin=C4_LD5-1
Added Pin To Net: NetName=GND Pin=C4_LD5-2
Added Pin To Net: NetName=NetC5_LD1_1 Pin=C5_LD1-1
Added Pin To Net: NetName=GND Pin=C5_LD1-2
Added Pin To Net: NetName=NetC5_LD2_1 Pin=C5_LD2-1
Added Pin To Net: NetName=GND Pin=C5_LD2-2
Added Pin To Net: NetName=NetC5_LD3_1 Pin=C5_LD3-1
Added Pin To Net: NetName=GND Pin=C5_LD3-2
Added Pin To Net: NetName=NetC5_LD4_1 Pin=C5_LD4-1
Added Pin To Net: NetName=GND Pin=C5_LD4-2
Added Pin To Net: NetName=NetC5_LD5_1 Pin=C5_LD5-1
Added Pin To Net: NetName=GND Pin=C5_LD5-2
Added Pin To Net: NetName=NetD1_LD1_1 Pin=D1_LD1-1
Added Pin To Net: NetName=NetC3_LD1_2 Pin=D1_LD1-2
Added Pin To Net: NetName=NetD1_LD2_1 Pin=D1_LD2-1
Added Pin To Net: NetName=NetC3_LD2_2 Pin=D1_LD2-2
Added Pin To Net: NetName=NetD1_LD3_1 Pin=D1_LD3-1
Added Pin To Net: NetName=NetC3_LD3_2 Pin=D1_LD3-2
Added Pin To Net: NetName=NetD1_LD4_1 Pin=D1_LD4-1
Added Pin To Net: NetName=NetC3_LD4_2 Pin=D1_LD4-2
Added Pin To Net: NetName=NetD1_LD5_1 Pin=D1_LD5-1
Added Pin To Net: NetName=NetC3_LD5_2 Pin=D1_LD5-2
Added Pin To Net: NetName=+5V Pin=Q1_LD1-1
Added Pin To Net: NetName=NetC3_LD1_1 Pin=Q1_LD1-2
Added Pin To Net: NetName=+5V Pin=Q1_LD2-1
Added Pin To Net: NetName=NetC3_LD2_1 Pin=Q1_LD2-2
Added Pin To Net: NetName=+5V Pin=Q1_LD3-1
Added Pin To Net: NetName=NetC3_LD3_1 Pin=Q1_LD3-2
Added Pin To Net: NetName=+5V Pin=Q1_LD4-1
Added Pin To Net: NetName=NetC3_LD4_1 Pin=Q1_LD4-2
Added Pin To Net: NetName=+5V Pin=Q1_LD5-1
Added Pin To Net: NetName=NetC3_LD5_1 Pin=Q1_LD5-2
Added Pin To Net: NetName=VREF1 Pin=R1-1
Added Pin To Net: NetName=+5V Pin=R1-2
Added Pin To Net: NetName=GND Pin=R2-1
Added Pin To Net: NetName=VREF1 Pin=R2-2
Added Pin To Net: NetName=GND Pin=R3_LD1-1
Added Pin To Net: NetName=NetC3_LD1_1 Pin=R3_LD1-2
Added Pin To Net: NetName=GND Pin=R3_LD2-1
Added Pin To Net: NetName=NetC3_LD2_1 Pin=R3_LD2-2
Added Pin To Net: NetName=GND Pin=R3_LD3-1
Added Pin To Net: NetName=NetC3_LD3_1 Pin=R3_LD3-2
Added Pin To Net: NetName=GND Pin=R3_LD4-1
Added Pin To Net: NetName=NetC3_LD4_1 Pin=R3_LD4-2
Added Pin To Net: NetName=GND Pin=R3_LD5-1
Added Pin To Net: NetName=NetC3_LD5_1 Pin=R3_LD5-2
Added Pin To Net: NetName=GND Pin=R4_LD1-1
Added Pin To Net: NetName=NetC3_LD1_2 Pin=R4_LD1-2
Added Pin To Net: NetName=GND Pin=R4_LD2-1
Added Pin To Net: NetName=NetC3_LD2_2 Pin=R4_LD2-2
Added Pin To Net: NetName=GND Pin=R4_LD3-1
Added Pin To Net: NetName=NetC3_LD3_2 Pin=R4_LD3-2
Added Pin To Net: NetName=GND Pin=R4_LD4-1
Added Pin To Net: NetName=NetC3_LD4_2 Pin=R4_LD4-2
Added Pin To Net: NetName=GND Pin=R4_LD5-1
Added Pin To Net: NetName=NetC3_LD5_2 Pin=R4_LD5-2
Added Pin To Net: NetName=NetR5_LD1_1 Pin=R5_LD1-1
Added Pin To Net: NetName=NetC5_LD1_1 Pin=R5_LD1-2
Added Pin To Net: NetName=NetR5_LD2_1 Pin=R5_LD2-1
Added Pin To Net: NetName=NetC5_LD2_1 Pin=R5_LD2-2
Added Pin To Net: NetName=NetR5_LD3_1 Pin=R5_LD3-1
Added Pin To Net: NetName=NetC5_LD3_1 Pin=R5_LD3-2
Added Pin To Net: NetName=NetR5_LD4_1 Pin=R5_LD4-1
Added Pin To Net: NetName=NetC5_LD4_1 Pin=R5_LD4-2
Added Pin To Net: NetName=NetR5_LD5_1 Pin=R5_LD5-1
Added Pin To Net: NetName=NetC5_LD5_1 Pin=R5_LD5-2
Added Pin To Net: NetName=NetD8_A Pin=R6-1
Added Pin To Net: NetName=LED4 Pin=R6-2
Added Pin To Net: NetName=NetD2_A Pin=R7-1
Added Pin To Net: NetName=NetR7_2 Pin=R7-2
Added Pin To Net: NetName=NetD3_A Pin=R8-1
Added Pin To Net: NetName=NetR7_2 Pin=R8-2
Added Pin To Net: NetName=NetD4_A Pin=R9-1
Added Pin To Net: NetName=NetR7_2 Pin=R9-2
Added Pin To Net: NetName=NetD5_A Pin=R10-1
Added Pin To Net: NetName=LED1 Pin=R10-2
Added Pin To Net: NetName=NetD6_A Pin=R11-1
Added Pin To Net: NetName=LED2 Pin=R11-2
Added Pin To Net: NetName=NetD7_A Pin=R12-1
Added Pin To Net: NetName=LED3 Pin=R12-2
Added Pin To Net: NetName=NetD9_A Pin=R13-1
Added Pin To Net: NetName=LED5 Pin=R13-2
Added Pin To Net: NetName=NetD10_A Pin=R14-1
Added Pin To Net: NetName=LED6 Pin=R14-2
Added Pin To Net: NetName=+5V Pin=R15-1
Added Pin To Net: NetName=PUSH_BUTTON Pin=R15-2
Added Pin To Net: NetName=NetR5_LD1_1 Pin=U1_LD1-1
Added Pin To Net: NetName=VREF1 Pin=U1_LD1-2
Added Pin To Net: NetName=NetD1_LD1_1 Pin=U1_LD1-3
Added Pin To Net: NetName=GND Pin=U1_LD1-4
Added Pin To Net: NetName=NetC5_LD1_1 Pin=U1_LD1-5
Added Pin To Net: NetName=VREF1 Pin=U1_LD1-6
Added Pin To Net: NetName=OUTPUT1 Pin=U1_LD1-7
Added Pin To Net: NetName=+5V Pin=U1_LD1-8
Added Pin To Net: NetName=NetR5_LD2_1 Pin=U1_LD2-1
Added Pin To Net: NetName=VREF1 Pin=U1_LD2-2
Added Pin To Net: NetName=NetD1_LD2_1 Pin=U1_LD2-3
Added Pin To Net: NetName=GND Pin=U1_LD2-4
Added Pin To Net: NetName=NetC5_LD2_1 Pin=U1_LD2-5
Added Pin To Net: NetName=VREF1 Pin=U1_LD2-6
Added Pin To Net: NetName=OUTPUT2 Pin=U1_LD2-7
Added Pin To Net: NetName=+5V Pin=U1_LD2-8
Added Pin To Net: NetName=NetR5_LD3_1 Pin=U1_LD3-1
Added Pin To Net: NetName=VREF1 Pin=U1_LD3-2
Added Pin To Net: NetName=NetD1_LD3_1 Pin=U1_LD3-3
Added Pin To Net: NetName=GND Pin=U1_LD3-4
Added Pin To Net: NetName=NetC5_LD3_1 Pin=U1_LD3-5
Added Pin To Net: NetName=VREF1 Pin=U1_LD3-6
Added Pin To Net: NetName=OUTPUT3 Pin=U1_LD3-7
Added Pin To Net: NetName=+5V Pin=U1_LD3-8
Added Pin To Net: NetName=NetR5_LD4_1 Pin=U1_LD4-1
Added Pin To Net: NetName=VREF1 Pin=U1_LD4-2
Added Pin To Net: NetName=NetD1_LD4_1 Pin=U1_LD4-3
Added Pin To Net: NetName=GND Pin=U1_LD4-4
Added Pin To Net: NetName=NetC5_LD4_1 Pin=U1_LD4-5
Added Pin To Net: NetName=VREF1 Pin=U1_LD4-6
Added Pin To Net: NetName=OUTPUT4 Pin=U1_LD4-7
Added Pin To Net: NetName=+5V Pin=U1_LD4-8
Added Pin To Net: NetName=NetR5_LD5_1 Pin=U1_LD5-1
Added Pin To Net: NetName=VREF1 Pin=U1_LD5-2
Added Pin To Net: NetName=NetD1_LD5_1 Pin=U1_LD5-3
Added Pin To Net: NetName=GND Pin=U1_LD5-4
Added Pin To Net: NetName=NetC5_LD5_1 Pin=U1_LD5-5
Added Pin To Net: NetName=VREF1 Pin=U1_LD5-6
Added Pin To Net: NetName=OUTPUT5 Pin=U1_LD5-7
Added Pin To Net: NetName=+5V Pin=U1_LD5-8
Added Member To Class: ClassName=cs301_template Member=Component C1 100nf
Added Member To Class: ClassName=LD1 Member=Component C2_LD1 (C2) 100nf
Added Member To Class: ClassName=LD2 Member=Component C2_LD2 (C2) 100nf
Added Member To Class: ClassName=LD3 Member=Component C2_LD3 (C2) 100nf
Added Member To Class: ClassName=LD4 Member=Component C2_LD4 (C2) 100nf
Added Member To Class: ClassName=LD5 Member=Component C2_LD5 (C2) 100nf
Added Member To Class: ClassName=LD1 Member=Component C3_LD1 (C3) 150nf
Added Member To Class: ClassName=LD2 Member=Component C3_LD2 (C3) 150nf
Added Member To Class: ClassName=LD3 Member=Component C3_LD3 (C3) 150nf
Added Member To Class: ClassName=LD4 Member=Component C3_LD4 (C3) 150nf
Added Member To Class: ClassName=LD5 Member=Component C3_LD5 (C3) 150nf
Added Member To Class: ClassName=LD1 Member=Component C4_LD1 (C4) 100nf
Added Member To Class: ClassName=LD2 Member=Component C4_LD2 (C4) 100nf
Added Member To Class: ClassName=LD3 Member=Component C4_LD3 (C4) 100nf
Added Member To Class: ClassName=LD4 Member=Component C4_LD4 (C4) 100nf
Added Member To Class: ClassName=LD5 Member=Component C4_LD5 (C4) 100nf
Added Member To Class: ClassName=LD1 Member=Component C5_LD1 (C5) 150nf
Added Member To Class: ClassName=LD2 Member=Component C5_LD2 (C5) 150nf
Added Member To Class: ClassName=LD3 Member=Component C5_LD3 (C5) 150nf
Added Member To Class: ClassName=LD4 Member=Component C5_LD4 (C5) 150nf
Added Member To Class: ClassName=LD5 Member=Component C5_LD5 (C5) 150nf
Added Member To Class: ClassName=LD1 Member=Component D1_LD1 (D1)
Added Member To Class: ClassName=LD2 Member=Component D1_LD2 (D1)
Added Member To Class: ClassName=LD3 Member=Component D1_LD3 (D1)
Added Member To Class: ClassName=LD4 Member=Component D1_LD4 (D1)
Added Member To Class: ClassName=LD5 Member=Component D1_LD5 (D1)
Added Member To Class: ClassName=LD1 Member=Component Q1_LD1 (Q1) VEMT3700
Added Member To Class: ClassName=LD2 Member=Component Q1_LD2 (Q1) VEMT3700
Added Member To Class: ClassName=LD3 Member=Component Q1_LD3 (Q1) VEMT3700
Added Member To Class: ClassName=LD4 Member=Component Q1_LD4 (Q1) VEMT3700
Added Member To Class: ClassName=LD5 Member=Component Q1_LD5 (Q1) VEMT3700
Added Member To Class: ClassName=cs301_template Member=Component R1 270k
Added Member To Class: ClassName=cs301_template Member=Component R2 30k
Added Member To Class: ClassName=LD1 Member=Component R3_LD1 (R3) 47k
Added Member To Class: ClassName=LD2 Member=Component R3_LD2 (R3) 47k
Added Member To Class: ClassName=LD3 Member=Component R3_LD3 (R3) 47k
Added Member To Class: ClassName=LD4 Member=Component R3_LD4 (R3) 47k
Added Member To Class: ClassName=LD5 Member=Component R3_LD5 (R3) 47k
Added Member To Class: ClassName=LD1 Member=Component R4_LD1 (R4) 100k
Added Member To Class: ClassName=LD2 Member=Component R4_LD2 (R4) 100k
Added Member To Class: ClassName=LD3 Member=Component R4_LD3 (R4) 100k
Added Member To Class: ClassName=LD4 Member=Component R4_LD4 (R4) 100k
Added Member To Class: ClassName=LD5 Member=Component R4_LD5 (R4) 100k
Added Member To Class: ClassName=LD1 Member=Component R5_LD1 (R5) 100k
Added Member To Class: ClassName=LD2 Member=Component R5_LD2 (R5) 100k
Added Member To Class: ClassName=LD3 Member=Component R5_LD3 (R5) 100k
Added Member To Class: ClassName=LD4 Member=Component R5_LD4 (R5) 100k
Added Member To Class: ClassName=LD5 Member=Component R5_LD5 (R5) 100k
Added Member To Class: ClassName=cs301_template Member=Component R6 RES4
Added Member To Class: ClassName=cs301_template Member=Component R7 RES1
Added Member To Class: ClassName=cs301_template Member=Component R8 RES2
Added Member To Class: ClassName=cs301_template Member=Component R9 RES3
Added Member To Class: ClassName=cs301_template Member=Component R10 RES4
Added Member To Class: ClassName=cs301_template Member=Component R11 RES5
Added Member To Class: ClassName=cs301_template Member=Component R12 RES6
Added Member To Class: ClassName=cs301_template Member=Component R13 RES5
Added Member To Class: ClassName=cs301_template Member=Component R14 RES6
Added Member To Class: ClassName=cs301_template Member=Component R15 *
Added Member To Class: ClassName=LD1 Member=Component U1_LD1 (U1A) TLC082
Added Member To Class: ClassName=LD2 Member=Component U1_LD2 (U1A) TLC082
Added Member To Class: ClassName=LD3 Member=Component U1_LD3 (U1A) TLC082
Added Member To Class: ClassName=LD4 Member=Component U1_LD4 (U1A) TLC082
Added Member To Class: ClassName=LD5 Member=Component U1_LD5 (U1A) TLC082
Added Room: Name=LD1
Added Room: Name=LD2
Added Room: Name=LD3
Added Room: Name=LD4
Added Room: Name=LD5
