Removed Pin From Net: NetName=VREF1 Pin=U2_U_Light Detector CCT1-2
Removed Pin From Net: NetName=NetC5_U_Light Detector CCT1_1 Pin=U2_U_Light Detector CCT1-3
Removed Pin From Net: NetName=+5V Pin=U2_U_Light Detector CCT1-4
Removed Pin From Net: NetName=GND Pin=U2_U_Light Detector CCT1-8
Removed Pin From Net: NetName=VREF1 Pin=U2_U_Light Detector CCT2-2
Removed Pin From Net: NetName=NetC5_U_Light Detector CCT2_1 Pin=U2_U_Light Detector CCT2-3
Removed Pin From Net: NetName=+5V Pin=U2_U_Light Detector CCT2-4
Removed Pin From Net: NetName=GND Pin=U2_U_Light Detector CCT2-8
Removed Pin From Net: NetName=VREF1 Pin=U2_U_Light Detector CCT3-2
Removed Pin From Net: NetName=NetC5_U_Light Detector CCT3_1 Pin=U2_U_Light Detector CCT3-3
Removed Pin From Net: NetName=+5V Pin=U2_U_Light Detector CCT3-4
Removed Pin From Net: NetName=GND Pin=U2_U_Light Detector CCT3-8
Removed Pin From Net: NetName=VREF1 Pin=U2_U_Light Detector CCT4-2
Removed Pin From Net: NetName=NetC5_U_Light Detector CCT4_1 Pin=U2_U_Light Detector CCT4-3
Removed Pin From Net: NetName=+5V Pin=U2_U_Light Detector CCT4-4
Removed Pin From Net: NetName=GND Pin=U2_U_Light Detector CCT4-8
Removed Pin From Net: NetName=VREF1 Pin=U2_U_Light Detector CCT5-2
Removed Pin From Net: NetName=NetC5_U_Light Detector CCT5_1 Pin=U2_U_Light Detector CCT5-3
Removed Pin From Net: NetName=+5V Pin=U2_U_Light Detector CCT5-4
Removed Pin From Net: NetName=GND Pin=U2_U_Light Detector CCT5-8
Removed Pin From Net: NetName=VREF1 Pin=U2_U_Light Detector CCT6-2
Removed Pin From Net: NetName=NetC5_U_Light Detector CCT6_1 Pin=U2_U_Light Detector CCT6-3
Removed Pin From Net: NetName=+5V Pin=U2_U_Light Detector CCT6-4
Removed Pin From Net: NetName=GND Pin=U2_U_Light Detector CCT6-8
Change Managed Component Library Link : Designator=U2_U_Light Detector CCT1 Old VaultGUID= New VaultGUID=B7D15EC3-160A-466F-A46C-7801FE6295A7 Old ItemGUID= New ItemGUID=AC9FD129-85CC-412D-9AE9-945A10C9A9FE Old RevisionGUID= New RevisionGUID=4B072B68-1E91-4EBE-AE97-B0423B897F54
Change Managed Component Library Link : Designator=U2_U_Light Detector CCT2 Old VaultGUID= New VaultGUID=B7D15EC3-160A-466F-A46C-7801FE6295A7 Old ItemGUID= New ItemGUID=AC9FD129-85CC-412D-9AE9-945A10C9A9FE Old RevisionGUID= New RevisionGUID=4B072B68-1E91-4EBE-AE97-B0423B897F54
Change Managed Component Library Link : Designator=U2_U_Light Detector CCT3 Old VaultGUID= New VaultGUID=B7D15EC3-160A-466F-A46C-7801FE6295A7 Old ItemGUID= New ItemGUID=AC9FD129-85CC-412D-9AE9-945A10C9A9FE Old RevisionGUID= New RevisionGUID=4B072B68-1E91-4EBE-AE97-B0423B897F54
Change Managed Component Library Link : Designator=U2_U_Light Detector CCT4 Old VaultGUID= New VaultGUID=B7D15EC3-160A-466F-A46C-7801FE6295A7 Old ItemGUID= New ItemGUID=AC9FD129-85CC-412D-9AE9-945A10C9A9FE Old RevisionGUID= New RevisionGUID=4B072B68-1E91-4EBE-AE97-B0423B897F54
Change Managed Component Library Link : Designator=U2_U_Light Detector CCT5 Old VaultGUID= New VaultGUID=B7D15EC3-160A-466F-A46C-7801FE6295A7 Old ItemGUID= New ItemGUID=AC9FD129-85CC-412D-9AE9-945A10C9A9FE Old RevisionGUID= New RevisionGUID=4B072B68-1E91-4EBE-AE97-B0423B897F54
Change Managed Component Library Link : Designator=U2_U_Light Detector CCT6 Old VaultGUID= New VaultGUID=B7D15EC3-160A-466F-A46C-7801FE6295A7 Old ItemGUID= New ItemGUID=AC9FD129-85CC-412D-9AE9-945A10C9A9FE Old RevisionGUID= New RevisionGUID=4B072B68-1E91-4EBE-AE97-B0423B897F54
Added Pin To Net: NetName=NetC5_U_Light Detector CCT1_1 Pin=U2_U_Light Detector CCT1-2
Added Pin To Net: NetName=VREF1 Pin=U2_U_Light Detector CCT1-3
Added Pin To Net: NetName=GND Pin=U2_U_Light Detector CCT1-4
Added Pin To Net: NetName=+5V Pin=U2_U_Light Detector CCT1-8
Added Pin To Net: NetName=NetC5_U_Light Detector CCT2_1 Pin=U2_U_Light Detector CCT2-2
Added Pin To Net: NetName=VREF1 Pin=U2_U_Light Detector CCT2-3
Added Pin To Net: NetName=GND Pin=U2_U_Light Detector CCT2-4
Added Pin To Net: NetName=+5V Pin=U2_U_Light Detector CCT2-8
Added Pin To Net: NetName=NetC5_U_Light Detector CCT3_1 Pin=U2_U_Light Detector CCT3-2
Added Pin To Net: NetName=VREF1 Pin=U2_U_Light Detector CCT3-3
Added Pin To Net: NetName=GND Pin=U2_U_Light Detector CCT3-4
Added Pin To Net: NetName=+5V Pin=U2_U_Light Detector CCT3-8
Added Pin To Net: NetName=NetC5_U_Light Detector CCT4_1 Pin=U2_U_Light Detector CCT4-2
Added Pin To Net: NetName=VREF1 Pin=U2_U_Light Detector CCT4-3
Added Pin To Net: NetName=GND Pin=U2_U_Light Detector CCT4-4
Added Pin To Net: NetName=+5V Pin=U2_U_Light Detector CCT4-8
Added Pin To Net: NetName=NetC5_U_Light Detector CCT5_1 Pin=U2_U_Light Detector CCT5-2
Added Pin To Net: NetName=VREF1 Pin=U2_U_Light Detector CCT5-3
Added Pin To Net: NetName=GND Pin=U2_U_Light Detector CCT5-4
Added Pin To Net: NetName=+5V Pin=U2_U_Light Detector CCT5-8
Added Pin To Net: NetName=NetC5_U_Light Detector CCT6_1 Pin=U2_U_Light Detector CCT6-2
Added Pin To Net: NetName=VREF1 Pin=U2_U_Light Detector CCT6-3
Added Pin To Net: NetName=GND Pin=U2_U_Light Detector CCT6-4
Added Pin To Net: NetName=+5V Pin=U2_U_Light Detector CCT6-8
