Removed Pin From Net: NetName=NetC3_LD1_2 Pin=D1_LD1-2
Removed Pin From Net: NetName=NetC3_LD2_2 Pin=D1_LD2-2
Removed Pin From Net: NetName=NetC3_LD3_2 Pin=D1_LD3-2
Removed Pin From Net: NetName=NetC3_LD4_2 Pin=D1_LD4-2
Removed Pin From Net: NetName=NetC3_LD5_2 Pin=D1_LD5-2
Removed Pin From Net: NetName=NetC3_LD6_2 Pin=D1_LD6-2
Change Component Footprint: Designator=D1_LD1 Old Footprint=FP-SOD68-MFG New Footprint=ECE-DIO10.46-5.3x2.8TH
Change Component Footprint: Designator=D1_LD2 Old Footprint=FP-SOD68-MFG New Footprint=ECE-DIO10.46-5.3x2.8TH
Change Component Footprint: Designator=D1_LD3 Old Footprint=FP-SOD68-MFG New Footprint=ECE-DIO10.46-5.3x2.8TH
Change Component Footprint: Designator=D1_LD4 Old Footprint=FP-SOD68-MFG New Footprint=ECE-DIO10.46-5.3x2.8TH
Change Component Footprint: Designator=D1_LD5 Old Footprint=FP-SOD68-MFG New Footprint=ECE-DIO10.46-5.3x2.8TH
Change Component Footprint: Designator=D1_LD6 Old Footprint=FP-SOD68-MFG New Footprint=ECE-DIO10.46-5.3x2.8TH
Added Pin To Net: NetName=NetC3_LD1_2 Pin=D1_LD1-1
Added Pin To Net: NetName=NetC3_LD2_2 Pin=D1_LD2-1
Added Pin To Net: NetName=NetC3_LD3_2 Pin=D1_LD3-1
Added Pin To Net: NetName=NetC3_LD4_2 Pin=D1_LD4-1
Added Pin To Net: NetName=NetC3_LD5_2 Pin=D1_LD5-1
Added Pin To Net: NetName=NetC3_LD6_2 Pin=D1_LD6-1
Added Pin To Net: NetName=NetD1_LD1_2 Pin=D1_LD1-2
Added Pin To Net: NetName=NetD1_LD1_2 Pin=U1_LD1-3
Added Net: Name=NetD1_LD1_2
Added Pin To Net: NetName=NetD1_LD2_2 Pin=D1_LD2-2
Added Pin To Net: NetName=NetD1_LD2_2 Pin=U1_LD2-3
Added Net: Name=NetD1_LD2_2
Added Pin To Net: NetName=NetD1_LD3_2 Pin=D1_LD3-2
Added Pin To Net: NetName=NetD1_LD3_2 Pin=U1_LD3-3
Added Net: Name=NetD1_LD3_2
Added Pin To Net: NetName=NetD1_LD4_2 Pin=D1_LD4-2
Added Pin To Net: NetName=NetD1_LD4_2 Pin=U1_LD4-3
Added Net: Name=NetD1_LD4_2
Added Pin To Net: NetName=NetD1_LD5_2 Pin=D1_LD5-2
Added Pin To Net: NetName=NetD1_LD5_2 Pin=U1_LD5-3
Added Net: Name=NetD1_LD5_2
Added Pin To Net: NetName=NetD1_LD6_2 Pin=D1_LD6-2
Added Pin To Net: NetName=NetD1_LD6_2 Pin=U1_LD6-3
Added Net: Name=NetD1_LD6_2
