Added Component: Designator=D1_LD1(ECE-DIO10.46-5.3x2.8TH)
Add component (AddParameter): Name = "Assembly Method"; Value = "Through hole"; VariantName = "[No Variations]"
Add component (AddParameter): Name = "Category"; Value = "Diode"; VariantName = "[No Variations]"
Add component (AddParameter): Name = "Datasheet Link"; Value = "http://share.engineering.auckland.ac.nz/ece/ts/Student%20Documents/BAT85_diode.pdf"; VariantName = "[No Variations]"
Add component (AddParameter): Name = "Item Type"; Value = "Item"; VariantName = "[No Variations]"
Add component (AddParameter): Name = "Manufactuer"; Value = "NXP"; VariantName = "[No Variations]"
Add component (AddParameter): Name = "Manufacturer-PN"; Value = "BAT85"; VariantName = "[No Variations]"
Add component (AddParameter): Name = "Path"; Value = "ece/ts/Lists/Stock Inventory"; VariantName = "[No Variations]"
Add component (AddParameter): Name = "Size/Package"; Value = "Axial"; VariantName = "[No Variations]"
Add component (AddParameter): Name = "Status"; Value = "Active"; VariantName = "[No Variations]"
Add component (AddParameter): Name = "Supplier1"; Value = "Element14"; VariantName = "[No Variations]"
Add component (AddParameter): Name = "Supplier1-PN"; Value = "1097299"; VariantName = "[No Variations]"
Add component (AddParameter): Name = "UoA Stock#"; Value = "DIO000006"; VariantName = "[No Variations]"
Add component (AddParameter): Name = "Value"; Value = "BAT85"; VariantName = "[No Variations]"
Add component (AddParameter): Name = "Voltage/Current"; Value = "200mA-30V"; VariantName = "[No Variations]"
Added Component: Designator=D1_LD2(ECE-DIO10.46-5.3x2.8TH)
Add component (AddParameter): Name = "Assembly Method"; Value = "Through hole"; VariantName = "[No Variations]"
Add component (AddParameter): Name = "Category"; Value = "Diode"; VariantName = "[No Variations]"
Add component (AddParameter): Name = "Datasheet Link"; Value = "http://share.engineering.auckland.ac.nz/ece/ts/Student%20Documents/BAT85_diode.pdf"; VariantName = "[No Variations]"
Add component (AddParameter): Name = "Item Type"; Value = "Item"; VariantName = "[No Variations]"
Add component (AddParameter): Name = "Manufactuer"; Value = "NXP"; VariantName = "[No Variations]"
Add component (AddParameter): Name = "Manufacturer-PN"; Value = "BAT85"; VariantName = "[No Variations]"
Add component (AddParameter): Name = "Path"; Value = "ece/ts/Lists/Stock Inventory"; VariantName = "[No Variations]"
Add component (AddParameter): Name = "Size/Package"; Value = "Axial"; VariantName = "[No Variations]"
Add component (AddParameter): Name = "Status"; Value = "Active"; VariantName = "[No Variations]"
Add component (AddParameter): Name = "Supplier1"; Value = "Element14"; VariantName = "[No Variations]"
Add component (AddParameter): Name = "Supplier1-PN"; Value = "1097299"; VariantName = "[No Variations]"
Add component (AddParameter): Name = "UoA Stock#"; Value = "DIO000006"; VariantName = "[No Variations]"
Add component (AddParameter): Name = "Value"; Value = "BAT85"; VariantName = "[No Variations]"
Add component (AddParameter): Name = "Voltage/Current"; Value = "200mA-30V"; VariantName = "[No Variations]"
Added Component: Designator=D1_LD3(ECE-DIO10.46-5.3x2.8TH)
Add component (AddParameter): Name = "Assembly Method"; Value = "Through hole"; VariantName = "[No Variations]"
Add component (AddParameter): Name = "Category"; Value = "Diode"; VariantName = "[No Variations]"
Add component (AddParameter): Name = "Datasheet Link"; Value = "http://share.engineering.auckland.ac.nz/ece/ts/Student%20Documents/BAT85_diode.pdf"; VariantName = "[No Variations]"
Add component (AddParameter): Name = "Item Type"; Value = "Item"; VariantName = "[No Variations]"
Add component (AddParameter): Name = "Manufactuer"; Value = "NXP"; VariantName = "[No Variations]"
Add component (AddParameter): Name = "Manufacturer-PN"; Value = "BAT85"; VariantName = "[No Variations]"
Add component (AddParameter): Name = "Path"; Value = "ece/ts/Lists/Stock Inventory"; VariantName = "[No Variations]"
Add component (AddParameter): Name = "Size/Package"; Value = "Axial"; VariantName = "[No Variations]"
Add component (AddParameter): Name = "Status"; Value = "Active"; VariantName = "[No Variations]"
Add component (AddParameter): Name = "Supplier1"; Value = "Element14"; VariantName = "[No Variations]"
Add component (AddParameter): Name = "Supplier1-PN"; Value = "1097299"; VariantName = "[No Variations]"
Add component (AddParameter): Name = "UoA Stock#"; Value = "DIO000006"; VariantName = "[No Variations]"
Add component (AddParameter): Name = "Value"; Value = "BAT85"; VariantName = "[No Variations]"
Add component (AddParameter): Name = "Voltage/Current"; Value = "200mA-30V"; VariantName = "[No Variations]"
Added Component: Designator=D1_LD4(ECE-DIO10.46-5.3x2.8TH)
Add component (AddParameter): Name = "Assembly Method"; Value = "Through hole"; VariantName = "[No Variations]"
Add component (AddParameter): Name = "Category"; Value = "Diode"; VariantName = "[No Variations]"
Add component (AddParameter): Name = "Datasheet Link"; Value = "http://share.engineering.auckland.ac.nz/ece/ts/Student%20Documents/BAT85_diode.pdf"; VariantName = "[No Variations]"
Add component (AddParameter): Name = "Item Type"; Value = "Item"; VariantName = "[No Variations]"
Add component (AddParameter): Name = "Manufactuer"; Value = "NXP"; VariantName = "[No Variations]"
Add component (AddParameter): Name = "Manufacturer-PN"; Value = "BAT85"; VariantName = "[No Variations]"
Add component (AddParameter): Name = "Path"; Value = "ece/ts/Lists/Stock Inventory"; VariantName = "[No Variations]"
Add component (AddParameter): Name = "Size/Package"; Value = "Axial"; VariantName = "[No Variations]"
Add component (AddParameter): Name = "Status"; Value = "Active"; VariantName = "[No Variations]"
Add component (AddParameter): Name = "Supplier1"; Value = "Element14"; VariantName = "[No Variations]"
Add component (AddParameter): Name = "Supplier1-PN"; Value = "1097299"; VariantName = "[No Variations]"
Add component (AddParameter): Name = "UoA Stock#"; Value = "DIO000006"; VariantName = "[No Variations]"
Add component (AddParameter): Name = "Value"; Value = "BAT85"; VariantName = "[No Variations]"
Add component (AddParameter): Name = "Voltage/Current"; Value = "200mA-30V"; VariantName = "[No Variations]"
Added Component: Designator=D1_LD5(ECE-DIO10.46-5.3x2.8TH)
Add component (AddParameter): Name = "Assembly Method"; Value = "Through hole"; VariantName = "[No Variations]"
Add component (AddParameter): Name = "Category"; Value = "Diode"; VariantName = "[No Variations]"
Add component (AddParameter): Name = "Datasheet Link"; Value = "http://share.engineering.auckland.ac.nz/ece/ts/Student%20Documents/BAT85_diode.pdf"; VariantName = "[No Variations]"
Add component (AddParameter): Name = "Item Type"; Value = "Item"; VariantName = "[No Variations]"
Add component (AddParameter): Name = "Manufactuer"; Value = "NXP"; VariantName = "[No Variations]"
Add component (AddParameter): Name = "Manufacturer-PN"; Value = "BAT85"; VariantName = "[No Variations]"
Add component (AddParameter): Name = "Path"; Value = "ece/ts/Lists/Stock Inventory"; VariantName = "[No Variations]"
Add component (AddParameter): Name = "Size/Package"; Value = "Axial"; VariantName = "[No Variations]"
Add component (AddParameter): Name = "Status"; Value = "Active"; VariantName = "[No Variations]"
Add component (AddParameter): Name = "Supplier1"; Value = "Element14"; VariantName = "[No Variations]"
Add component (AddParameter): Name = "Supplier1-PN"; Value = "1097299"; VariantName = "[No Variations]"
Add component (AddParameter): Name = "UoA Stock#"; Value = "DIO000006"; VariantName = "[No Variations]"
Add component (AddParameter): Name = "Value"; Value = "BAT85"; VariantName = "[No Variations]"
Add component (AddParameter): Name = "Voltage/Current"; Value = "200mA-30V"; VariantName = "[No Variations]"
Added Component: Designator=D1_LD6(ECE-DIO10.46-5.3x2.8TH)
Add component (AddParameter): Name = "Assembly Method"; Value = "Through hole"; VariantName = "[No Variations]"
Add component (AddParameter): Name = "Category"; Value = "Diode"; VariantName = "[No Variations]"
Add component (AddParameter): Name = "Datasheet Link"; Value = "http://share.engineering.auckland.ac.nz/ece/ts/Student%20Documents/BAT85_diode.pdf"; VariantName = "[No Variations]"
Add component (AddParameter): Name = "Item Type"; Value = "Item"; VariantName = "[No Variations]"
Add component (AddParameter): Name = "Manufactuer"; Value = "NXP"; VariantName = "[No Variations]"
Add component (AddParameter): Name = "Manufacturer-PN"; Value = "BAT85"; VariantName = "[No Variations]"
Add component (AddParameter): Name = "Path"; Value = "ece/ts/Lists/Stock Inventory"; VariantName = "[No Variations]"
Add component (AddParameter): Name = "Size/Package"; Value = "Axial"; VariantName = "[No Variations]"
Add component (AddParameter): Name = "Status"; Value = "Active"; VariantName = "[No Variations]"
Add component (AddParameter): Name = "Supplier1"; Value = "Element14"; VariantName = "[No Variations]"
Add component (AddParameter): Name = "Supplier1-PN"; Value = "1097299"; VariantName = "[No Variations]"
Add component (AddParameter): Name = "UoA Stock#"; Value = "DIO000006"; VariantName = "[No Variations]"
Add component (AddParameter): Name = "Value"; Value = "BAT85"; VariantName = "[No Variations]"
Add component (AddParameter): Name = "Voltage/Current"; Value = "200mA-30V"; VariantName = "[No Variations]"
Added Pin To Net: NetName=NetC3_LD1_2 Pin=D1_LD1-1
Added Pin To Net: NetName=NetD1_LD1_2 Pin=D1_LD1-2
Added Pin To Net: NetName=NetC3_LD2_2 Pin=D1_LD2-1
Added Pin To Net: NetName=NetD1_LD2_2 Pin=D1_LD2-2
Added Pin To Net: NetName=NetC3_LD3_2 Pin=D1_LD3-1
Added Pin To Net: NetName=NetD1_LD3_2 Pin=D1_LD3-2
Added Pin To Net: NetName=NetC3_LD4_2 Pin=D1_LD4-1
Added Pin To Net: NetName=NetD1_LD4_2 Pin=D1_LD4-2
Added Pin To Net: NetName=NetC3_LD5_2 Pin=D1_LD5-1
Added Pin To Net: NetName=NetD1_LD5_2 Pin=D1_LD5-2
Added Pin To Net: NetName=NetC3_LD6_2 Pin=D1_LD6-1
Added Pin To Net: NetName=NetD1_LD6_2 Pin=D1_LD6-2
Added Member To Class: ClassName=LD1 Member=Component D1_LD1 (D1)
Added Member To Class: ClassName=LD2 Member=Component D1_LD2 (D1)
Added Member To Class: ClassName=LD3 Member=Component D1_LD3 (D1)
Added Member To Class: ClassName=LD4 Member=Component D1_LD4 (D1)
Added Member To Class: ClassName=LD5 Member=Component D1_LD5 (D1)
Added Member To Class: ClassName=LD6 Member=Component D1_LD6 (D1)
