Added Component: Designator=D1_U_Light Detector CCT1(FP-SOD68-MFG)
Added Component: Designator=D1_U_Light Detector CCT2(FP-SOD68-MFG)
Added Component: Designator=D1_U_Light Detector CCT3(FP-SOD68-MFG)
Added Component: Designator=D1_U_Light Detector CCT4(FP-SOD68-MFG)
Added Component: Designator=D1_U_Light Detector CCT5(FP-SOD68-MFG)
Added Component: Designator=D1_U_Light Detector CCT6(FP-SOD68-MFG)
Add component: Footprint Not Found LED0.1/5MM
Add component: Footprint Not Found LED0.1/5MM
Add component: Footprint Not Found LED0.1/5MM
Add Pin To Net: Unknown Pin: Pin D1_U_Light Detector CCT1-1
Add Pin To Net: Unknown Pin: Pin D1_U_Light Detector CCT1-2
Add Pin To Net: Unknown Pin: Pin D1_U_Light Detector CCT2-1
Add Pin To Net: Unknown Pin: Pin D1_U_Light Detector CCT2-2
Add Pin To Net: Unknown Pin: Pin D1_U_Light Detector CCT3-1
Add Pin To Net: Unknown Pin: Pin D1_U_Light Detector CCT3-2
Add Pin To Net: Unknown Pin: Pin D1_U_Light Detector CCT4-1
Add Pin To Net: Unknown Pin: Pin D1_U_Light Detector CCT4-2
Add Pin To Net: Unknown Pin: Pin D1_U_Light Detector CCT5-1
Add Pin To Net: Unknown Pin: Pin D1_U_Light Detector CCT5-2
Add Pin To Net: Unknown Pin: Pin D1_U_Light Detector CCT6-1
Add Pin To Net: Unknown Pin: Pin D1_U_Light Detector CCT6-2
Add Pin To Net: Unknown Pin: Pin D5-A
Add Pin To Net: Unknown Pin: Pin D5-K
Add Pin To Net: Unknown Pin: Pin D6-A
Add Pin To Net: Unknown Pin: Pin D6-K
Add Pin To Net: Unknown Pin: Pin D7-A
Add Pin To Net: Unknown Pin: Pin D7-K
Add Class Member: Failed to add class member : Component D1_U_Light Detector CCT1 (D1) BAT85,113
Add Class Member: Failed to add class member : Component D1_U_Light Detector CCT2 (D1) BAT85,113
Add Class Member: Failed to add class member : Component D1_U_Light Detector CCT3 (D1) BAT85,113
Add Class Member: Failed to add class member : Component D1_U_Light Detector CCT4 (D1) BAT85,113
Add Class Member: Failed to add class member : Component D1_U_Light Detector CCT5 (D1) BAT85,113
Add Class Member: Failed to add class member : Component D1_U_Light Detector CCT6 (D1) BAT85,113
Add Class Member: Failed to add class member : Component D5 LED
Add Class Member: Failed to add class member : Component D6 LED
Add Class Member: Failed to add class member : Component D7 LED
