Added Component: Designator=D5(LED0.1/5MM)
Added Component: Designator=D6(LED0.1/5MM)
Added Component: Designator=D7(LED0.1/5MM)
Added Component: Designator=D?_U_Light Detector CCT1(FP-SOD68-MFG)
Added Component: Designator=D?_U_Light Detector CCT2(FP-SOD68-MFG)
Added Component: Designator=D?_U_Light Detector CCT3(FP-SOD68-MFG)
Added Component: Designator=D?_U_Light Detector CCT4(FP-SOD68-MFG)
Added Component: Designator=D?_U_Light Detector CCT5(FP-SOD68-MFG)
Added Component: Designator=D?_U_Light Detector CCT6(FP-SOD68-MFG)
Added Pin To Net: NetName=NetD5_A Pin=D5-A
Added Pin To Net: NetName=GND Pin=D5-K
Added Pin To Net: NetName=NetD6_A Pin=D6-A
Added Pin To Net: NetName=GND Pin=D6-K
Added Pin To Net: NetName=NetD7_A Pin=D7-A
Added Pin To Net: NetName=GND Pin=D7-K
Add Pin To Net: Unknown Pin: Pin D?_U_Light Detector CCT1-1
Add Pin To Net: Unknown Pin: Pin D?_U_Light Detector CCT1-2
Add Pin To Net: Unknown Pin: Pin D?_U_Light Detector CCT2-1
Add Pin To Net: Unknown Pin: Pin D?_U_Light Detector CCT2-2
Add Pin To Net: Unknown Pin: Pin D?_U_Light Detector CCT3-1
Add Pin To Net: Unknown Pin: Pin D?_U_Light Detector CCT3-2
Add Pin To Net: Unknown Pin: Pin D?_U_Light Detector CCT4-1
Add Pin To Net: Unknown Pin: Pin D?_U_Light Detector CCT4-2
Add Pin To Net: Unknown Pin: Pin D?_U_Light Detector CCT5-1
Add Pin To Net: Unknown Pin: Pin D?_U_Light Detector CCT5-2
Add Pin To Net: Unknown Pin: Pin D?_U_Light Detector CCT6-1
Add Pin To Net: Unknown Pin: Pin D?_U_Light Detector CCT6-2
Added Member To Class: ClassName=cs301_template Member=Component D5 LED
Added Member To Class: ClassName=cs301_template Member=Component D6 LED
Added Member To Class: ClassName=cs301_template Member=Component D7 LED
Add Class Member: Failed to add class member : Component D?_U_Light Detector CCT1 (D?) BAT85,113
Add Class Member: Failed to add class member : Component D?_U_Light Detector CCT2 (D?) BAT85,113
Add Class Member: Failed to add class member : Component D?_U_Light Detector CCT3 (D?) BAT85,113
Add Class Member: Failed to add class member : Component D?_U_Light Detector CCT4 (D?) BAT85,113
Add Class Member: Failed to add class member : Component D?_U_Light Detector CCT5 (D?) BAT85,113
Add Class Member: Failed to add class member : Component D?_U_Light Detector CCT6 (D?) BAT85,113
