Added Component: Designator=3_U_Light Detector CCT1(FP-SOD68-MFG)
Add component (AddParameter): Name = "RoHS Compliant"; Value = "Yes"; VariantName = "[No Variations]"
Added Component: Designator=3_U_Light Detector CCT2(FP-SOD68-MFG)
Add component (AddParameter): Name = "RoHS Compliant"; Value = "Yes"; VariantName = "[No Variations]"
Added Component: Designator=3_U_Light Detector CCT3(FP-SOD68-MFG)
Add component (AddParameter): Name = "RoHS Compliant"; Value = "Yes"; VariantName = "[No Variations]"
Added Component: Designator=3_U_Light Detector CCT4(FP-SOD68-MFG)
Add component (AddParameter): Name = "RoHS Compliant"; Value = "Yes"; VariantName = "[No Variations]"
Added Component: Designator=3_U_Light Detector CCT5(FP-SOD68-MFG)
Add component (AddParameter): Name = "RoHS Compliant"; Value = "Yes"; VariantName = "[No Variations]"
Added Component: Designator=3_U_Light Detector CCT6(FP-SOD68-MFG)
Add component (AddParameter): Name = "RoHS Compliant"; Value = "Yes"; VariantName = "[No Variations]"
Added Pin To Net: NetName=Net3_U_Light Detector CCT1_1 Pin=3_U_Light Detector CCT1-1
Added Pin To Net: NetName=Net3_U_Light Detector CCT1_1 Pin=U1_U_Light Detector CCT1-3
Added Net: Name=Net3_U_Light Detector CCT1_1
Added Pin To Net: NetName=Net3_U_Light Detector CCT1_2 Pin=3_U_Light Detector CCT1-2
Added Pin To Net: NetName=Net3_U_Light Detector CCT1_2 Pin=C3_U_Light Detector CCT1-2
Added Pin To Net: NetName=Net3_U_Light Detector CCT1_2 Pin=R4_U_Light Detector CCT1-2
Added Net: Name=Net3_U_Light Detector CCT1_2
Added Pin To Net: NetName=Net3_U_Light Detector CCT2_1 Pin=3_U_Light Detector CCT2-1
Added Pin To Net: NetName=Net3_U_Light Detector CCT2_1 Pin=U1_U_Light Detector CCT2-3
Added Net: Name=Net3_U_Light Detector CCT2_1
Added Pin To Net: NetName=Net3_U_Light Detector CCT2_2 Pin=3_U_Light Detector CCT2-2
Added Pin To Net: NetName=Net3_U_Light Detector CCT2_2 Pin=C3_U_Light Detector CCT2-2
Added Pin To Net: NetName=Net3_U_Light Detector CCT2_2 Pin=R4_U_Light Detector CCT2-2
Added Net: Name=Net3_U_Light Detector CCT2_2
Added Pin To Net: NetName=Net3_U_Light Detector CCT3_1 Pin=3_U_Light Detector CCT3-1
Added Pin To Net: NetName=Net3_U_Light Detector CCT3_1 Pin=U1_U_Light Detector CCT3-3
Added Net: Name=Net3_U_Light Detector CCT3_1
Added Pin To Net: NetName=Net3_U_Light Detector CCT3_2 Pin=3_U_Light Detector CCT3-2
Added Pin To Net: NetName=Net3_U_Light Detector CCT3_2 Pin=C3_U_Light Detector CCT3-2
Added Pin To Net: NetName=Net3_U_Light Detector CCT3_2 Pin=R4_U_Light Detector CCT3-2
Added Net: Name=Net3_U_Light Detector CCT3_2
Added Pin To Net: NetName=Net3_U_Light Detector CCT4_1 Pin=3_U_Light Detector CCT4-1
Added Pin To Net: NetName=Net3_U_Light Detector CCT4_1 Pin=U1_U_Light Detector CCT4-3
Added Net: Name=Net3_U_Light Detector CCT4_1
Added Pin To Net: NetName=Net3_U_Light Detector CCT4_2 Pin=3_U_Light Detector CCT4-2
Added Pin To Net: NetName=Net3_U_Light Detector CCT4_2 Pin=C3_U_Light Detector CCT4-2
Added Pin To Net: NetName=Net3_U_Light Detector CCT4_2 Pin=R4_U_Light Detector CCT4-2
Added Net: Name=Net3_U_Light Detector CCT4_2
Added Pin To Net: NetName=Net3_U_Light Detector CCT5_1 Pin=3_U_Light Detector CCT5-1
Added Pin To Net: NetName=Net3_U_Light Detector CCT5_1 Pin=U1_U_Light Detector CCT5-3
Added Net: Name=Net3_U_Light Detector CCT5_1
Added Pin To Net: NetName=Net3_U_Light Detector CCT5_2 Pin=3_U_Light Detector CCT5-2
Added Pin To Net: NetName=Net3_U_Light Detector CCT5_2 Pin=C3_U_Light Detector CCT5-2
Added Pin To Net: NetName=Net3_U_Light Detector CCT5_2 Pin=R4_U_Light Detector CCT5-2
Added Net: Name=Net3_U_Light Detector CCT5_2
Added Pin To Net: NetName=Net3_U_Light Detector CCT6_1 Pin=3_U_Light Detector CCT6-1
Added Pin To Net: NetName=Net3_U_Light Detector CCT6_1 Pin=U1_U_Light Detector CCT6-3
Added Net: Name=Net3_U_Light Detector CCT6_1
Added Pin To Net: NetName=Net3_U_Light Detector CCT6_2 Pin=3_U_Light Detector CCT6-2
Added Pin To Net: NetName=Net3_U_Light Detector CCT6_2 Pin=C3_U_Light Detector CCT6-2
Added Pin To Net: NetName=Net3_U_Light Detector CCT6_2 Pin=R4_U_Light Detector CCT6-2
Added Net: Name=Net3_U_Light Detector CCT6_2
Added Member To Class: ClassName=U_Light Detector CCT1 Member=Component 3_U_Light Detector CCT1 (3)
Added Member To Class: ClassName=U_Light Detector CCT2 Member=Component 3_U_Light Detector CCT2 (3)
Added Member To Class: ClassName=U_Light Detector CCT3 Member=Component 3_U_Light Detector CCT3 (3)
Added Member To Class: ClassName=U_Light Detector CCT4 Member=Component 3_U_Light Detector CCT4 (3)
Added Member To Class: ClassName=U_Light Detector CCT5 Member=Component 3_U_Light Detector CCT5 (3)
Added Member To Class: ClassName=U_Light Detector CCT6 Member=Component 3_U_Light Detector CCT6 (3)
