Removed Pin From Net: NetName=+5V Pin=C33-1
Removed Pin From Net: NetName=GND Pin=C33-2
Removed Pin From Net: NetName=+5V Pin=C34-1
Removed Pin From Net: NetName=GND Pin=C34-2
Removed Pin From Net: NetName=+5V Pin=C35-1
Removed Pin From Net: NetName=GND Pin=C35-2
Removed Pin From Net: NetName=+5V Pin=C36-1
Removed Pin From Net: NetName=GND Pin=C36-2
Removed Pin From Net: NetName=Light1 Pin=U2A-1
Removed Pin From Net: NetName=GND Pin=U2A-3
Removed Pin From Net: NetName=VREF1 Pin=U2A-6
Removed Pin From Net: NetName=NetC14_1 Pin=U2A-7
Removed Pin From Net: NetName=+5V Pin=U2A-12
Removed Pin From Net: NetName=Light3 Pin=U2B-1
Removed Pin From Net: NetName=GND Pin=U2B-3
Removed Pin From Net: NetName=VREF1 Pin=U2B-6
Removed Pin From Net: NetName=NetC23_1 Pin=U2B-7
Removed Pin From Net: NetName=+5V Pin=U2B-12
Removed Pin From Net: NetName=Light2 Pin=U2C-1
Removed Pin From Net: NetName=GND Pin=U2C-3
Removed Pin From Net: NetName=VREF1 Pin=U2C-6
Removed Pin From Net: NetName=NetC13_1 Pin=U2C-7
Removed Pin From Net: NetName=+5V Pin=U2C-12
Removed Pin From Net: NetName=Light5 Pin=U4A-1
Removed Pin From Net: NetName=GND Pin=U4A-3
Removed Pin From Net: NetName=VREF1 Pin=U4A-6
Removed Pin From Net: NetName=NetC31_1 Pin=U4A-7
Removed Pin From Net: NetName=+5V Pin=U4A-12
Removed Pin From Net: NetName=Light4 Pin=U4B-1
Removed Pin From Net: NetName=GND Pin=U4B-3
Removed Pin From Net: NetName=VREF1 Pin=U4B-6
Removed Pin From Net: NetName=NetC22_1 Pin=U4B-7
Removed Pin From Net: NetName=+5V Pin=U4B-12
Removed Pin From Net: NetName=Light6 Pin=U4C-1
Removed Pin From Net: NetName=GND Pin=U4C-3
Removed Pin From Net: NetName=VREF1 Pin=U4C-6
Removed Pin From Net: NetName=NetC32_1 Pin=U4C-7
Removed Pin From Net: NetName=+5V Pin=U4C-12
Removed Member From Class: ClassName=cs301_template Member=C33
Removed Member From Class: ClassName=cs301_template Member=C34
Removed Member From Class: ClassName=cs301_template Member=C35
Removed Member From Class: ClassName=cs301_template Member=C36
Removed Member From Class: ClassName=cs301_template Member=U2A
Removed Member From Class: ClassName=cs301_template Member=U2B
Removed Member From Class: ClassName=cs301_template Member=U2C
Removed Member From Class: ClassName=cs301_template Member=U4A
Removed Member From Class: ClassName=cs301_template Member=U4B
Removed Member From Class: ClassName=cs301_template Member=U4C
Change Component Designator: OldDesignator=R37 NewDesignator=R?
Added Component: Designator=U2(FP-N0014A-MFG)
Add component (AddParameter): Name = "Case/Package"; Value = "PDIP"; VariantName = "[No Variations]"
Add component (AddParameter): Name = "Contact Plating"; Value = "Gold"; VariantName = "[No Variations]"
Add component (AddParameter): Name = "Dual Supply Voltage"; Value = "9V"; VariantName = "[No Variations]"
Add component (AddParameter): Name = "Height"; Value = "4.57mm"; VariantName = "[No Variations]"
Add component (AddParameter): Name = "Input Bias Current"; Value = "250nA"; VariantName = "[No Variations]"
Add component (AddParameter): Name = "Input Offset Voltage (Vos)"; Value = "5mV"; VariantName = "[No Variations]"
Add component (AddParameter): Name = "Lead Free"; Value = "Lead Free"; VariantName = "[No Variations]"
Add component (AddParameter): Name = "Length"; Value = "19.3mm"; VariantName = "[No Variations]"
Add component (AddParameter): Name = "Max Dual Supply Voltage"; Value = "15V"; VariantName = "[No Variations]"
Add component (AddParameter): Name = "Max Input Current"; Value = "250nA"; VariantName = "[No Variations]"
Add component (AddParameter): Name = "Max Operating Temperature"; Value = "70°C"; VariantName = "[No Variations]"
Add component (AddParameter): Name = "Max Power Dissipation"; Value = "1.05W"; VariantName = "[No Variations]"
Add component (AddParameter): Name = "Max Supply Current"; Value = "500uA"; VariantName = "[No Variations]"
Add component (AddParameter): Name = "Max Supply Voltage"; Value = "30V"; VariantName = "[No Variations]"
Add component (AddParameter): Name = "Min Dual Supply Voltage"; Value = "1V"; VariantName = "[No Variations]"
Add component (AddParameter): Name = "Min Operating Temperature"; Value = "0°C"; VariantName = "[No Variations]"
Add component (AddParameter): Name = "Min Supply Voltage"; Value = "2V"; VariantName = "[No Variations]"
Add component (AddParameter): Name = "Mount"; Value = "Through Hole"; VariantName = "[No Variations]"
Add component (AddParameter): Name = "Nominal Supply Current"; Value = "2mA"; VariantName = "[No Variations]"
Add component (AddParameter): Name = "Number of Channels"; Value = "4"; VariantName = "[No Variations]"
Add component (AddParameter): Name = "Number of Elements"; Value = "4"; VariantName = "[No Variations]"
Add component (AddParameter): Name = "Number of Pins"; Value = "14"; VariantName = "[No Variations]"
Add component (AddParameter): Name = "Output Current"; Value = "20mA"; VariantName = "[No Variations]"
Add component (AddParameter): Name = "Output Current per Channel"; Value = "6mA"; VariantName = "[No Variations]"
Add component (AddParameter): Name = "Output Type"; Value = "TTL"; VariantName = "[No Variations]"
Add component (AddParameter): Name = "Package Quantity"; Value = "25"; VariantName = "[No Variations]"
Add component (AddParameter): Name = "Packaging"; Value = "Rail/Tube"; VariantName = "[No Variations]"
Add component (AddParameter): Name = "Power Dissipation"; Value = "1.05kW"; VariantName = "[No Variations]"
Add component (AddParameter): Name = "Quiescent Current"; Value = "2.5mA"; VariantName = "[No Variations]"
Add component (AddParameter): Name = "Radiation Hardening"; Value = "No"; VariantName = "[No Variations]"
Add component (AddParameter): Name = "REACH SVHC"; Value = "No SVHC"; VariantName = "[No Variations]"
Add component (AddParameter): Name = "Response Time"; Value = "1.3us"; VariantName = "[No Variations]"
Add component (AddParameter): Name = "Voltage Gain"; Value = "106.02dB"; VariantName = "[No Variations]"
Add component (AddParameter): Name = "Weight"; Value = "0.032734oz"; VariantName = "[No Variations]"
Add component (AddParameter): Name = "Width"; Value = "6.35mm"; VariantName = "[No Variations]"
Added Component: Designator=U4(FP-N0014A-MFG)
Add component (AddParameter): Name = "Case/Package"; Value = "PDIP"; VariantName = "[No Variations]"
Add component (AddParameter): Name = "Contact Plating"; Value = "Gold"; VariantName = "[No Variations]"
Add component (AddParameter): Name = "Dual Supply Voltage"; Value = "9V"; VariantName = "[No Variations]"
Add component (AddParameter): Name = "Height"; Value = "4.57mm"; VariantName = "[No Variations]"
Add component (AddParameter): Name = "Input Bias Current"; Value = "250nA"; VariantName = "[No Variations]"
Add component (AddParameter): Name = "Input Offset Voltage (Vos)"; Value = "5mV"; VariantName = "[No Variations]"
Add component (AddParameter): Name = "Lead Free"; Value = "Lead Free"; VariantName = "[No Variations]"
Add component (AddParameter): Name = "Length"; Value = "19.3mm"; VariantName = "[No Variations]"
Add component (AddParameter): Name = "Max Dual Supply Voltage"; Value = "15V"; VariantName = "[No Variations]"
Add component (AddParameter): Name = "Max Input Current"; Value = "250nA"; VariantName = "[No Variations]"
Add component (AddParameter): Name = "Max Operating Temperature"; Value = "70°C"; VariantName = "[No Variations]"
Add component (AddParameter): Name = "Max Power Dissipation"; Value = "1.05W"; VariantName = "[No Variations]"
Add component (AddParameter): Name = "Max Supply Current"; Value = "500uA"; VariantName = "[No Variations]"
Add component (AddParameter): Name = "Max Supply Voltage"; Value = "30V"; VariantName = "[No Variations]"
Add component (AddParameter): Name = "Min Dual Supply Voltage"; Value = "1V"; VariantName = "[No Variations]"
Add component (AddParameter): Name = "Min Operating Temperature"; Value = "0°C"; VariantName = "[No Variations]"
Add component (AddParameter): Name = "Min Supply Voltage"; Value = "2V"; VariantName = "[No Variations]"
Add component (AddParameter): Name = "Mount"; Value = "Through Hole"; VariantName = "[No Variations]"
Add component (AddParameter): Name = "Nominal Supply Current"; Value = "2mA"; VariantName = "[No Variations]"
Add component (AddParameter): Name = "Number of Channels"; Value = "4"; VariantName = "[No Variations]"
Add component (AddParameter): Name = "Number of Elements"; Value = "4"; VariantName = "[No Variations]"
Add component (AddParameter): Name = "Number of Pins"; Value = "14"; VariantName = "[No Variations]"
Add component (AddParameter): Name = "Output Current"; Value = "20mA"; VariantName = "[No Variations]"
Add component (AddParameter): Name = "Output Current per Channel"; Value = "6mA"; VariantName = "[No Variations]"
Add component (AddParameter): Name = "Output Type"; Value = "TTL"; VariantName = "[No Variations]"
Add component (AddParameter): Name = "Package Quantity"; Value = "25"; VariantName = "[No Variations]"
Add component (AddParameter): Name = "Packaging"; Value = "Rail/Tube"; VariantName = "[No Variations]"
Add component (AddParameter): Name = "Power Dissipation"; Value = "1.05kW"; VariantName = "[No Variations]"
Add component (AddParameter): Name = "Quiescent Current"; Value = "2.5mA"; VariantName = "[No Variations]"
Add component (AddParameter): Name = "Radiation Hardening"; Value = "No"; VariantName = "[No Variations]"
Add component (AddParameter): Name = "REACH SVHC"; Value = "No SVHC"; VariantName = "[No Variations]"
Add component (AddParameter): Name = "Response Time"; Value = "1.3us"; VariantName = "[No Variations]"
Add component (AddParameter): Name = "Voltage Gain"; Value = "106.02dB"; VariantName = "[No Variations]"
Add component (AddParameter): Name = "Weight"; Value = "0.032734oz"; VariantName = "[No Variations]"
Add component (AddParameter): Name = "Width"; Value = "6.35mm"; VariantName = "[No Variations]"
Added Pin To Net: NetName=Light1 Pin=U2-1
Added Pin To Net: NetName=Light2 Pin=U2-2
Added Pin To Net: NetName=GND Pin=U2-3
Added Pin To Net: NetName=VREF1 Pin=U2-4
Added Pin To Net: NetName=NetC13_1 Pin=U2-5
Added Pin To Net: NetName=VREF1 Pin=U2-6
Added Pin To Net: NetName=NetC14_1 Pin=U2-7
Added Pin To Net: NetName=VREF1 Pin=U2-8
Added Pin To Net: NetName=NetC23_1 Pin=U2-9
Added Pin To Net: NetName=+5V Pin=U2-12
Added Pin To Net: NetName=Light3 Pin=U2-14
Added Pin To Net: NetName=Light4 Pin=U4-1
Added Pin To Net: NetName=Light5 Pin=U4-2
Added Pin To Net: NetName=GND Pin=U4-3
Added Pin To Net: NetName=VREF1 Pin=U4-4
Added Pin To Net: NetName=NetC31_1 Pin=U4-5
Added Pin To Net: NetName=VREF1 Pin=U4-6
Added Pin To Net: NetName=NetC22_1 Pin=U4-7
Added Pin To Net: NetName=VREF1 Pin=U4-8
Added Pin To Net: NetName=NetC32_1 Pin=U4-9
Added Pin To Net: NetName=+5V Pin=U4-12
Added Pin To Net: NetName=Light6 Pin=U4-14
Added Member To Class: ClassName=cs301_template Member=Component U2 LM339N
Added Member To Class: ClassName=cs301_template Member=Component U4 LM339N
