Removed Pin From Net: NetName=+5V Pin=U1_U_Light Detector CCT1-4
Removed Pin From Net: NetName=GND Pin=U1_U_Light Detector CCT1-11
Removed Pin From Net: NetName=+5V Pin=U1_U_Light Detector CCT2-4
Removed Pin From Net: NetName=GND Pin=U1_U_Light Detector CCT2-11
Removed Pin From Net: NetName=+5V Pin=U1_U_Light Detector CCT3-4
Removed Pin From Net: NetName=GND Pin=U1_U_Light Detector CCT3-11
Removed Pin From Net: NetName=+5V Pin=U1_U_Light Detector CCT4-4
Removed Pin From Net: NetName=GND Pin=U1_U_Light Detector CCT4-11
Removed Pin From Net: NetName=+5V Pin=U1_U_Light Detector CCT5-4
Removed Pin From Net: NetName=GND Pin=U1_U_Light Detector CCT5-11
Removed Pin From Net: NetName=+5V Pin=U1_U_Light Detector CCT6-4
Removed Pin From Net: NetName=GND Pin=U1_U_Light Detector CCT6-11
Removed Pin From Net: NetName=OUTPUT1 Pin=U2_U_Light Detector CCT1-1
Removed Pin From Net: NetName=VREF1 Pin=U2_U_Light Detector CCT1-2
Removed Pin From Net: NetName=NetC5_U_Light Detector CCT1_1 Pin=U2_U_Light Detector CCT1-3
Removed Pin From Net: NetName=GND Pin=U2_U_Light Detector CCT1-4
Removed Pin From Net: NetName=+5V Pin=U2_U_Light Detector CCT1-8
Removed Pin From Net: NetName=OUTPUT2 Pin=U2_U_Light Detector CCT2-1
Removed Pin From Net: NetName=VREF1 Pin=U2_U_Light Detector CCT2-2
Removed Pin From Net: NetName=NetC5_U_Light Detector CCT2_1 Pin=U2_U_Light Detector CCT2-3
Removed Pin From Net: NetName=GND Pin=U2_U_Light Detector CCT2-4
Removed Pin From Net: NetName=+5V Pin=U2_U_Light Detector CCT2-8
Removed Pin From Net: NetName=OUTPUT3 Pin=U2_U_Light Detector CCT3-1
Removed Pin From Net: NetName=VREF1 Pin=U2_U_Light Detector CCT3-2
Removed Pin From Net: NetName=NetC5_U_Light Detector CCT3_1 Pin=U2_U_Light Detector CCT3-3
Removed Pin From Net: NetName=GND Pin=U2_U_Light Detector CCT3-4
Removed Pin From Net: NetName=+5V Pin=U2_U_Light Detector CCT3-8
Removed Pin From Net: NetName=OUTPUT4 Pin=U2_U_Light Detector CCT4-1
Removed Pin From Net: NetName=VREF1 Pin=U2_U_Light Detector CCT4-2
Removed Pin From Net: NetName=NetC5_U_Light Detector CCT4_1 Pin=U2_U_Light Detector CCT4-3
Removed Pin From Net: NetName=GND Pin=U2_U_Light Detector CCT4-4
Removed Pin From Net: NetName=+5V Pin=U2_U_Light Detector CCT4-8
Removed Pin From Net: NetName=OUTPUT5 Pin=U2_U_Light Detector CCT5-1
Removed Pin From Net: NetName=VREF1 Pin=U2_U_Light Detector CCT5-2
Removed Pin From Net: NetName=NetC5_U_Light Detector CCT5_1 Pin=U2_U_Light Detector CCT5-3
Removed Pin From Net: NetName=GND Pin=U2_U_Light Detector CCT5-4
Removed Pin From Net: NetName=+5V Pin=U2_U_Light Detector CCT5-8
Removed Pin From Net: NetName=OUTPUT6 Pin=U2_U_Light Detector CCT6-1
Removed Pin From Net: NetName=VREF1 Pin=U2_U_Light Detector CCT6-2
Removed Pin From Net: NetName=NetC5_U_Light Detector CCT6_1 Pin=U2_U_Light Detector CCT6-3
Removed Pin From Net: NetName=GND Pin=U2_U_Light Detector CCT6-4
Removed Pin From Net: NetName=+5V Pin=U2_U_Light Detector CCT6-8
Removed Member From Class: ClassName=U_Light Detector CCT1 Member=U2_U_Light Detector CCT1
Removed Member From Class: ClassName=U_Light Detector CCT2 Member=U2_U_Light Detector CCT2
Removed Member From Class: ClassName=U_Light Detector CCT3 Member=U2_U_Light Detector CCT3
Removed Member From Class: ClassName=U_Light Detector CCT4 Member=U2_U_Light Detector CCT4
Removed Member From Class: ClassName=U_Light Detector CCT5 Member=U2_U_Light Detector CCT5
Removed Member From Class: ClassName=U_Light Detector CCT6 Member=U2_U_Light Detector CCT6
Change Footprint: Footprint Not Found ECE-SOIC8
Change Footprint: Footprint Not Found ECE-SOIC8
Change Footprint: Footprint Not Found ECE-SOIC8
Change Footprint: Footprint Not Found ECE-SOIC8
Change Footprint: Footprint Not Found ECE-SOIC8
Change Footprint: Footprint Not Found ECE-SOIC8
Change Component Comment : Designator=U1_U_Light Detector CCT1 Old Comment=LM324DR2G New Comment=TLC082
Change Component Comment : Designator=U1_U_Light Detector CCT2 Old Comment=LM324DR2G New Comment=TLC082
Change Component Comment : Designator=U1_U_Light Detector CCT3 Old Comment=LM324DR2G New Comment=TLC082
Change Component Comment : Designator=U1_U_Light Detector CCT4 Old Comment=LM324DR2G New Comment=TLC082
Change Component Comment : Designator=U1_U_Light Detector CCT5 Old Comment=LM324DR2G New Comment=TLC082
Change Component Comment : Designator=U1_U_Light Detector CCT6 Old Comment=LM324DR2G New Comment=TLC082
Change component parameters: Designator = "U1_U_Light Detector CCT1" ("U1"); Footprint = "SOIC-14"; UniqueID = "\1UNTHQXON\JFZNGKEG" ("\1UNTHQXON\JFZNGKEG")
Change component parameters (AddParameter): Name = "Assembly Method"; Value = "Surface Mount"; VariantName = "[No Variations]"
Change component parameters (AddParameter): Name = "Category"; Value = "OpAmp"; VariantName = "[No Variations]"
Change component parameters (AddParameter): Name = "Component Type"; Value = "SOIC18-TLC082"; VariantName = "[No Variations]"
Change component parameters (AddParameter): Name = "Datasheet Link"; Value = "http://share.engineering.auckland.ac.nz/ece/ts/Student%20Documents/TLC082.pdf"; VariantName = "[No Variations]"
Change component parameters (AddParameter): Name = "Item Type"; Value = "Item"; VariantName = "[No Variations]"
Change component parameters (AddParameter): Name = "Manufactuer"; Value = "Texas Instruments"; VariantName = "[No Variations]"
Change component parameters (AddParameter): Name = "Manufacturer-PN"; Value = "TLC082IDR"; VariantName = "[No Variations]"
Change component parameters (AddParameter): Name = "Path"; Value = "ece/ts/Lists/Stock Inventory"; VariantName = "[No Variations]"
Change component parameters (AddParameter): Name = "Size/Package"; Value = "SOIC 8"; VariantName = "[No Variations]"
Change component parameters (AddParameter): Name = "Status"; Value = "Active"; VariantName = "[No Variations]"
Change component parameters (AddParameter): Name = "Supplier1"; Value = "Digikey"; VariantName = "[No Variations]"
Change component parameters (AddParameter): Name = "Supplier1-PN"; Value = "296-7271-6-ND"; VariantName = "[No Variations]"
Change component parameters (AddParameter): Name = "UoA Stock#"; Value = "OPA000103"; VariantName = "[No Variations]"
Change component parameters (AddParameter): Name = "Value"; Value = "TLC082"; VariantName = "[No Variations]"
Change component parameters: Designator = "U1_U_Light Detector CCT2" ("U1"); Footprint = "SOIC-14"; UniqueID = "\2UNTHQXON\JFZNGKEG" ("\2UNTHQXON\JFZNGKEG")
Change component parameters (AddParameter): Name = "Assembly Method"; Value = "Surface Mount"; VariantName = "[No Variations]"
Change component parameters (AddParameter): Name = "Category"; Value = "OpAmp"; VariantName = "[No Variations]"
Change component parameters (AddParameter): Name = "Component Type"; Value = "SOIC18-TLC082"; VariantName = "[No Variations]"
Change component parameters (AddParameter): Name = "Datasheet Link"; Value = "http://share.engineering.auckland.ac.nz/ece/ts/Student%20Documents/TLC082.pdf"; VariantName = "[No Variations]"
Change component parameters (AddParameter): Name = "Item Type"; Value = "Item"; VariantName = "[No Variations]"
Change component parameters (AddParameter): Name = "Manufactuer"; Value = "Texas Instruments"; VariantName = "[No Variations]"
Change component parameters (AddParameter): Name = "Manufacturer-PN"; Value = "TLC082IDR"; VariantName = "[No Variations]"
Change component parameters (AddParameter): Name = "Path"; Value = "ece/ts/Lists/Stock Inventory"; VariantName = "[No Variations]"
Change component parameters (AddParameter): Name = "Size/Package"; Value = "SOIC 8"; VariantName = "[No Variations]"
Change component parameters (AddParameter): Name = "Status"; Value = "Active"; VariantName = "[No Variations]"
Change component parameters (AddParameter): Name = "Supplier1"; Value = "Digikey"; VariantName = "[No Variations]"
Change component parameters (AddParameter): Name = "Supplier1-PN"; Value = "296-7271-6-ND"; VariantName = "[No Variations]"
Change component parameters (AddParameter): Name = "UoA Stock#"; Value = "OPA000103"; VariantName = "[No Variations]"
Change component parameters (AddParameter): Name = "Value"; Value = "TLC082"; VariantName = "[No Variations]"
Change component parameters: Designator = "U1_U_Light Detector CCT3" ("U1"); Footprint = "SOIC-14"; UniqueID = "\3UNTHQXON\JFZNGKEG" ("\3UNTHQXON\JFZNGKEG")
Change component parameters (AddParameter): Name = "Assembly Method"; Value = "Surface Mount"; VariantName = "[No Variations]"
Change component parameters (AddParameter): Name = "Category"; Value = "OpAmp"; VariantName = "[No Variations]"
Change component parameters (AddParameter): Name = "Component Type"; Value = "SOIC18-TLC082"; VariantName = "[No Variations]"
Change component parameters (AddParameter): Name = "Datasheet Link"; Value = "http://share.engineering.auckland.ac.nz/ece/ts/Student%20Documents/TLC082.pdf"; VariantName = "[No Variations]"
Change component parameters (AddParameter): Name = "Item Type"; Value = "Item"; VariantName = "[No Variations]"
Change component parameters (AddParameter): Name = "Manufactuer"; Value = "Texas Instruments"; VariantName = "[No Variations]"
Change component parameters (AddParameter): Name = "Manufacturer-PN"; Value = "TLC082IDR"; VariantName = "[No Variations]"
Change component parameters (AddParameter): Name = "Path"; Value = "ece/ts/Lists/Stock Inventory"; VariantName = "[No Variations]"
Change component parameters (AddParameter): Name = "Size/Package"; Value = "SOIC 8"; VariantName = "[No Variations]"
Change component parameters (AddParameter): Name = "Status"; Value = "Active"; VariantName = "[No Variations]"
Change component parameters (AddParameter): Name = "Supplier1"; Value = "Digikey"; VariantName = "[No Variations]"
Change component parameters (AddParameter): Name = "Supplier1-PN"; Value = "296-7271-6-ND"; VariantName = "[No Variations]"
Change component parameters (AddParameter): Name = "UoA Stock#"; Value = "OPA000103"; VariantName = "[No Variations]"
Change component parameters (AddParameter): Name = "Value"; Value = "TLC082"; VariantName = "[No Variations]"
Change component parameters: Designator = "U1_U_Light Detector CCT4" ("U1"); Footprint = "SOIC-14"; UniqueID = "\4UNTHQXON\JFZNGKEG" ("\4UNTHQXON\JFZNGKEG")
Change component parameters (AddParameter): Name = "Assembly Method"; Value = "Surface Mount"; VariantName = "[No Variations]"
Change component parameters (AddParameter): Name = "Category"; Value = "OpAmp"; VariantName = "[No Variations]"
Change component parameters (AddParameter): Name = "Component Type"; Value = "SOIC18-TLC082"; VariantName = "[No Variations]"
Change component parameters (AddParameter): Name = "Datasheet Link"; Value = "http://share.engineering.auckland.ac.nz/ece/ts/Student%20Documents/TLC082.pdf"; VariantName = "[No Variations]"
Change component parameters (AddParameter): Name = "Item Type"; Value = "Item"; VariantName = "[No Variations]"
Change component parameters (AddParameter): Name = "Manufactuer"; Value = "Texas Instruments"; VariantName = "[No Variations]"
Change component parameters (AddParameter): Name = "Manufacturer-PN"; Value = "TLC082IDR"; VariantName = "[No Variations]"
Change component parameters (AddParameter): Name = "Path"; Value = "ece/ts/Lists/Stock Inventory"; VariantName = "[No Variations]"
Change component parameters (AddParameter): Name = "Size/Package"; Value = "SOIC 8"; VariantName = "[No Variations]"
Change component parameters (AddParameter): Name = "Status"; Value = "Active"; VariantName = "[No Variations]"
Change component parameters (AddParameter): Name = "Supplier1"; Value = "Digikey"; VariantName = "[No Variations]"
Change component parameters (AddParameter): Name = "Supplier1-PN"; Value = "296-7271-6-ND"; VariantName = "[No Variations]"
Change component parameters (AddParameter): Name = "UoA Stock#"; Value = "OPA000103"; VariantName = "[No Variations]"
Change component parameters (AddParameter): Name = "Value"; Value = "TLC082"; VariantName = "[No Variations]"
Change component parameters: Designator = "U1_U_Light Detector CCT5" ("U1"); Footprint = "SOIC-14"; UniqueID = "\5UNTHQXON\JFZNGKEG" ("\5UNTHQXON\JFZNGKEG")
Change component parameters (AddParameter): Name = "Assembly Method"; Value = "Surface Mount"; VariantName = "[No Variations]"
Change component parameters (AddParameter): Name = "Category"; Value = "OpAmp"; VariantName = "[No Variations]"
Change component parameters (AddParameter): Name = "Component Type"; Value = "SOIC18-TLC082"; VariantName = "[No Variations]"
Change component parameters (AddParameter): Name = "Datasheet Link"; Value = "http://share.engineering.auckland.ac.nz/ece/ts/Student%20Documents/TLC082.pdf"; VariantName = "[No Variations]"
Change component parameters (AddParameter): Name = "Item Type"; Value = "Item"; VariantName = "[No Variations]"
Change component parameters (AddParameter): Name = "Manufactuer"; Value = "Texas Instruments"; VariantName = "[No Variations]"
Change component parameters (AddParameter): Name = "Manufacturer-PN"; Value = "TLC082IDR"; VariantName = "[No Variations]"
Change component parameters (AddParameter): Name = "Path"; Value = "ece/ts/Lists/Stock Inventory"; VariantName = "[No Variations]"
Change component parameters (AddParameter): Name = "Size/Package"; Value = "SOIC 8"; VariantName = "[No Variations]"
Change component parameters (AddParameter): Name = "Status"; Value = "Active"; VariantName = "[No Variations]"
Change component parameters (AddParameter): Name = "Supplier1"; Value = "Digikey"; VariantName = "[No Variations]"
Change component parameters (AddParameter): Name = "Supplier1-PN"; Value = "296-7271-6-ND"; VariantName = "[No Variations]"
Change component parameters (AddParameter): Name = "UoA Stock#"; Value = "OPA000103"; VariantName = "[No Variations]"
Change component parameters (AddParameter): Name = "Value"; Value = "TLC082"; VariantName = "[No Variations]"
Change component parameters: Designator = "U1_U_Light Detector CCT6" ("U1"); Footprint = "SOIC-14"; UniqueID = "\6UNTHQXON\JFZNGKEG" ("\6UNTHQXON\JFZNGKEG")
Change component parameters (AddParameter): Name = "Assembly Method"; Value = "Surface Mount"; VariantName = "[No Variations]"
Change component parameters (AddParameter): Name = "Category"; Value = "OpAmp"; VariantName = "[No Variations]"
Change component parameters (AddParameter): Name = "Component Type"; Value = "SOIC18-TLC082"; VariantName = "[No Variations]"
Change component parameters (AddParameter): Name = "Datasheet Link"; Value = "http://share.engineering.auckland.ac.nz/ece/ts/Student%20Documents/TLC082.pdf"; VariantName = "[No Variations]"
Change component parameters (AddParameter): Name = "Item Type"; Value = "Item"; VariantName = "[No Variations]"
Change component parameters (AddParameter): Name = "Manufactuer"; Value = "Texas Instruments"; VariantName = "[No Variations]"
Change component parameters (AddParameter): Name = "Manufacturer-PN"; Value = "TLC082IDR"; VariantName = "[No Variations]"
Change component parameters (AddParameter): Name = "Path"; Value = "ece/ts/Lists/Stock Inventory"; VariantName = "[No Variations]"
Change component parameters (AddParameter): Name = "Size/Package"; Value = "SOIC 8"; VariantName = "[No Variations]"
Change component parameters (AddParameter): Name = "Status"; Value = "Active"; VariantName = "[No Variations]"
Change component parameters (AddParameter): Name = "Supplier1"; Value = "Digikey"; VariantName = "[No Variations]"
Change component parameters (AddParameter): Name = "Supplier1-PN"; Value = "296-7271-6-ND"; VariantName = "[No Variations]"
Change component parameters (AddParameter): Name = "UoA Stock#"; Value = "OPA000103"; VariantName = "[No Variations]"
Change component parameters (AddParameter): Name = "Value"; Value = "TLC082"; VariantName = "[No Variations]"
Added Pin To Net: NetName=GND Pin=U1_U_Light Detector CCT1-4
Added Pin To Net: NetName=NetC5_U_Light Detector CCT1_1 Pin=U1_U_Light Detector CCT1-5
Added Pin To Net: NetName=VREF1 Pin=U1_U_Light Detector CCT1-6
Added Pin To Net: NetName=OUTPUT1 Pin=U1_U_Light Detector CCT1-7
Added Pin To Net: NetName=+5V Pin=U1_U_Light Detector CCT1-8
Added Pin To Net: NetName=GND Pin=U1_U_Light Detector CCT2-4
Added Pin To Net: NetName=NetC5_U_Light Detector CCT2_1 Pin=U1_U_Light Detector CCT2-5
Added Pin To Net: NetName=VREF1 Pin=U1_U_Light Detector CCT2-6
Added Pin To Net: NetName=OUTPUT2 Pin=U1_U_Light Detector CCT2-7
Added Pin To Net: NetName=+5V Pin=U1_U_Light Detector CCT2-8
Added Pin To Net: NetName=GND Pin=U1_U_Light Detector CCT3-4
Added Pin To Net: NetName=NetC5_U_Light Detector CCT3_1 Pin=U1_U_Light Detector CCT3-5
Added Pin To Net: NetName=VREF1 Pin=U1_U_Light Detector CCT3-6
Added Pin To Net: NetName=OUTPUT3 Pin=U1_U_Light Detector CCT3-7
Added Pin To Net: NetName=+5V Pin=U1_U_Light Detector CCT3-8
Added Pin To Net: NetName=GND Pin=U1_U_Light Detector CCT4-4
Added Pin To Net: NetName=NetC5_U_Light Detector CCT4_1 Pin=U1_U_Light Detector CCT4-5
Added Pin To Net: NetName=VREF1 Pin=U1_U_Light Detector CCT4-6
Added Pin To Net: NetName=OUTPUT4 Pin=U1_U_Light Detector CCT4-7
Added Pin To Net: NetName=+5V Pin=U1_U_Light Detector CCT4-8
Added Pin To Net: NetName=GND Pin=U1_U_Light Detector CCT5-4
Added Pin To Net: NetName=NetC5_U_Light Detector CCT5_1 Pin=U1_U_Light Detector CCT5-5
Added Pin To Net: NetName=VREF1 Pin=U1_U_Light Detector CCT5-6
Added Pin To Net: NetName=OUTPUT5 Pin=U1_U_Light Detector CCT5-7
Added Pin To Net: NetName=+5V Pin=U1_U_Light Detector CCT5-8
Added Pin To Net: NetName=GND Pin=U1_U_Light Detector CCT6-4
Added Pin To Net: NetName=NetC5_U_Light Detector CCT6_1 Pin=U1_U_Light Detector CCT6-5
Added Pin To Net: NetName=VREF1 Pin=U1_U_Light Detector CCT6-6
Added Pin To Net: NetName=OUTPUT6 Pin=U1_U_Light Detector CCT6-7
Added Pin To Net: NetName=+5V Pin=U1_U_Light Detector CCT6-8
