Change Component DesignItemId : Designator=D2 Old DesignItemId=LED New DesignItemId=
Change Component DesignItemId : Designator=D3 Old DesignItemId=LED New DesignItemId=
Change Component DesignItemId : Designator=D4 Old DesignItemId=LED New DesignItemId=
Change Component Library : Designator=D2 Old Library=COMSYS301_2013.IntLib New Library=COMSYS301_2025.IntLib
Change Component Library : Designator=D3 Old Library=COMSYS301_2013.IntLib New Library=COMSYS301_2025.IntLib
Change Component Library : Designator=D4 Old Library=COMSYS301_2013.IntLib New Library=COMSYS301_2025.IntLib
Add Component: Footprint Not Found LED0.1/5MM
Add Component: Footprint Not Found LED0.1/5MM
Add Component: Footprint Not Found LED0.1/5MM
Added Component: Designator=D?_U_Light Detector CCT1(FP-SOD68-MFG)
Added Component: Designator=D?_U_Light Detector CCT2(FP-SOD68-MFG)
Added Component: Designator=D?_U_Light Detector CCT3(FP-SOD68-MFG)
Added Component: Designator=D?_U_Light Detector CCT4(FP-SOD68-MFG)
Added Component: Designator=D?_U_Light Detector CCT5(FP-SOD68-MFG)
Added Component: Designator=D?_U_Light Detector CCT6(FP-SOD68-MFG)
Add Pin To Net: Unknown Pin: Pin D5-A
Add Pin To Net: Unknown Pin: Pin D5-K
Add Pin To Net: Unknown Pin: Pin D6-A
Add Pin To Net: Unknown Pin: Pin D6-K
Add Pin To Net: Unknown Pin: Pin D7-A
Add Pin To Net: Unknown Pin: Pin D7-K
Add Pin To Net: Unknown Pin: Pin D?_U_Light Detector CCT1-2
Add Pin To Net: Unknown Pin: Pin D?_U_Light Detector CCT2-2
Add Pin To Net: Unknown Pin: Pin D?_U_Light Detector CCT3-2
Add Pin To Net: Unknown Pin: Pin D?_U_Light Detector CCT4-2
Add Pin To Net: Unknown Pin: Pin D?_U_Light Detector CCT5-2
Add Pin To Net: Unknown Pin: Pin D?_U_Light Detector CCT6-2
Added Pin To Net: NetName=NetD?_U_Light Detector CCT1_1 Pin=U1_U_Light Detector CCT1-3
Added Net: Name=NetD?_U_Light Detector CCT1_1
Added Pin To Net: NetName=NetD?_U_Light Detector CCT2_1 Pin=U1_U_Light Detector CCT2-3
Added Net: Name=NetD?_U_Light Detector CCT2_1
Added Pin To Net: NetName=NetD?_U_Light Detector CCT3_1 Pin=U1_U_Light Detector CCT3-3
Added Net: Name=NetD?_U_Light Detector CCT3_1
Added Pin To Net: NetName=NetD?_U_Light Detector CCT4_1 Pin=U1_U_Light Detector CCT4-3
Added Net: Name=NetD?_U_Light Detector CCT4_1
Added Pin To Net: NetName=NetD?_U_Light Detector CCT5_1 Pin=U1_U_Light Detector CCT5-3
Added Net: Name=NetD?_U_Light Detector CCT5_1
Added Pin To Net: NetName=NetD?_U_Light Detector CCT6_1 Pin=U1_U_Light Detector CCT6-3
Added Net: Name=NetD?_U_Light Detector CCT6_1
Add Class Member: Failed to add class member : Component D5 LED
Add Class Member: Failed to add class member : Component D6 LED
Add Class Member: Failed to add class member : Component D7 LED
Add Class Member: Failed to add class member : Component D?_U_Light Detector CCT1 (D?) BAT85,113
Add Class Member: Failed to add class member : Component D?_U_Light Detector CCT2 (D?) BAT85,113
Add Class Member: Failed to add class member : Component D?_U_Light Detector CCT3 (D?) BAT85,113
Add Class Member: Failed to add class member : Component D?_U_Light Detector CCT4 (D?) BAT85,113
Add Class Member: Failed to add class member : Component D?_U_Light Detector CCT5 (D?) BAT85,113
Add Class Member: Failed to add class member : Component D?_U_Light Detector CCT6 (D?) BAT85,113
