Removed Pin From Net: NetName=NetC3_LD1_2 Pin=D1_LD1-2
Removed Pin From Net: NetName=NetC3_LD2_2 Pin=D1_LD2-2
Removed Pin From Net: NetName=NetC3_LD3_2 Pin=D1_LD3-2
Removed Pin From Net: NetName=NetC3_LD4_2 Pin=D1_LD4-2
Removed Pin From Net: NetName=NetC3_LD5_2 Pin=D1_LD5-2
Removed Pin From Net: NetName=NetC3_LD6_2 Pin=D1_LD6-2
Change Component Footprint: Designator=D1_LD1 Old Footprint=FP-SOD68-MFG New Footprint=ECE-DIO10.46-5.3x2.8TH
Change Component Footprint: Designator=D1_LD2 Old Footprint=FP-SOD68-MFG New Footprint=ECE-DIO10.46-5.3x2.8TH
Change Component Footprint: Designator=D1_LD3 Old Footprint=FP-SOD68-MFG New Footprint=ECE-DIO10.46-5.3x2.8TH
Change Component Footprint: Designator=D1_LD4 Old Footprint=FP-SOD68-MFG New Footprint=ECE-DIO10.46-5.3x2.8TH
Change Component Footprint: Designator=D1_LD5 Old Footprint=FP-SOD68-MFG New Footprint=ECE-DIO10.46-5.3x2.8TH
Change Component Footprint: Designator=D1_LD6 Old Footprint=FP-SOD68-MFG New Footprint=ECE-DIO10.46-5.3x2.8TH
Change Component Comment : Designator=D1_LD1 Old Comment= New Comment=BAT85
Change Component Comment : Designator=D1_LD2 Old Comment= New Comment=BAT85
Change Component Comment : Designator=D1_LD3 Old Comment= New Comment=BAT85
Change Component Comment : Designator=D1_LD4 Old Comment= New Comment=BAT85
Change Component Comment : Designator=D1_LD5 Old Comment= New Comment=BAT85
Change Component Comment : Designator=D1_LD6 Old Comment= New Comment=BAT85
Change component parameters: Designator = "D1_LD1" ("D1"); Footprint = "FP-SOD68-MFG"; UniqueID = "\1UNTHQXON\HWTDVCZG" ("\1UNTHQXON\HWTDVCZG")
Change component parameters (AddParameter): Name = "Assembly Method"; Value = "Through hole"; VariantName = "[No Variations]"
Change component parameters (AddParameter): Name = "Category"; Value = "Diode"; VariantName = "[No Variations]"
Change component parameters (AddParameter): Name = "Datasheet Link"; Value = "http://share.engineering.auckland.ac.nz/ece/ts/Student%20Documents/BAT85_diode.pdf"; VariantName = "[No Variations]"
Change component parameters (AddParameter): Name = "Item Type"; Value = "Item"; VariantName = "[No Variations]"
Change component parameters (AddParameter): Name = "Manufactuer"; Value = "NXP"; VariantName = "[No Variations]"
Change component parameters (AddParameter): Name = "Manufacturer-PN"; Value = "BAT85"; VariantName = "[No Variations]"
Change component parameters (AddParameter): Name = "Path"; Value = "ece/ts/Lists/Stock Inventory"; VariantName = "[No Variations]"
Change component parameters (AddParameter): Name = "Size/Package"; Value = "Axial"; VariantName = "[No Variations]"
Change component parameters (AddParameter): Name = "Status"; Value = "Active"; VariantName = "[No Variations]"
Change component parameters (AddParameter): Name = "Supplier1"; Value = "Element14"; VariantName = "[No Variations]"
Change component parameters (AddParameter): Name = "Supplier1-PN"; Value = "1097299"; VariantName = "[No Variations]"
Change component parameters (AddParameter): Name = "UoA Stock#"; Value = "DIO000006"; VariantName = "[No Variations]"
Change component parameters (AddParameter): Name = "Value"; Value = "BAT85"; VariantName = "[No Variations]"
Change component parameters (AddParameter): Name = "Voltage/Current"; Value = "200mA-30V"; VariantName = "[No Variations]"
Change component parameters: Designator = "D1_LD2" ("D1"); Footprint = "FP-SOD68-MFG"; UniqueID = "\2UNTHQXON\HWTDVCZG" ("\2UNTHQXON\HWTDVCZG")
Change component parameters (AddParameter): Name = "Assembly Method"; Value = "Through hole"; VariantName = "[No Variations]"
Change component parameters (AddParameter): Name = "Category"; Value = "Diode"; VariantName = "[No Variations]"
Change component parameters (AddParameter): Name = "Datasheet Link"; Value = "http://share.engineering.auckland.ac.nz/ece/ts/Student%20Documents/BAT85_diode.pdf"; VariantName = "[No Variations]"
Change component parameters (AddParameter): Name = "Item Type"; Value = "Item"; VariantName = "[No Variations]"
Change component parameters (AddParameter): Name = "Manufactuer"; Value = "NXP"; VariantName = "[No Variations]"
Change component parameters (AddParameter): Name = "Manufacturer-PN"; Value = "BAT85"; VariantName = "[No Variations]"
Change component parameters (AddParameter): Name = "Path"; Value = "ece/ts/Lists/Stock Inventory"; VariantName = "[No Variations]"
Change component parameters (AddParameter): Name = "Size/Package"; Value = "Axial"; VariantName = "[No Variations]"
Change component parameters (AddParameter): Name = "Status"; Value = "Active"; VariantName = "[No Variations]"
Change component parameters (AddParameter): Name = "Supplier1"; Value = "Element14"; VariantName = "[No Variations]"
Change component parameters (AddParameter): Name = "Supplier1-PN"; Value = "1097299"; VariantName = "[No Variations]"
Change component parameters (AddParameter): Name = "UoA Stock#"; Value = "DIO000006"; VariantName = "[No Variations]"
Change component parameters (AddParameter): Name = "Value"; Value = "BAT85"; VariantName = "[No Variations]"
Change component parameters (AddParameter): Name = "Voltage/Current"; Value = "200mA-30V"; VariantName = "[No Variations]"
Change component parameters: Designator = "D1_LD3" ("D1"); Footprint = "FP-SOD68-MFG"; UniqueID = "\3UNTHQXON\HWTDVCZG" ("\3UNTHQXON\HWTDVCZG")
Change component parameters (AddParameter): Name = "Assembly Method"; Value = "Through hole"; VariantName = "[No Variations]"
Change component parameters (AddParameter): Name = "Category"; Value = "Diode"; VariantName = "[No Variations]"
Change component parameters (AddParameter): Name = "Datasheet Link"; Value = "http://share.engineering.auckland.ac.nz/ece/ts/Student%20Documents/BAT85_diode.pdf"; VariantName = "[No Variations]"
Change component parameters (AddParameter): Name = "Item Type"; Value = "Item"; VariantName = "[No Variations]"
Change component parameters (AddParameter): Name = "Manufactuer"; Value = "NXP"; VariantName = "[No Variations]"
Change component parameters (AddParameter): Name = "Manufacturer-PN"; Value = "BAT85"; VariantName = "[No Variations]"
Change component parameters (AddParameter): Name = "Path"; Value = "ece/ts/Lists/Stock Inventory"; VariantName = "[No Variations]"
Change component parameters (AddParameter): Name = "Size/Package"; Value = "Axial"; VariantName = "[No Variations]"
Change component parameters (AddParameter): Name = "Status"; Value = "Active"; VariantName = "[No Variations]"
Change component parameters (AddParameter): Name = "Supplier1"; Value = "Element14"; VariantName = "[No Variations]"
Change component parameters (AddParameter): Name = "Supplier1-PN"; Value = "1097299"; VariantName = "[No Variations]"
Change component parameters (AddParameter): Name = "UoA Stock#"; Value = "DIO000006"; VariantName = "[No Variations]"
Change component parameters (AddParameter): Name = "Value"; Value = "BAT85"; VariantName = "[No Variations]"
Change component parameters (AddParameter): Name = "Voltage/Current"; Value = "200mA-30V"; VariantName = "[No Variations]"
Change component parameters: Designator = "D1_LD4" ("D1"); Footprint = "FP-SOD68-MFG"; UniqueID = "\4UNTHQXON\HWTDVCZG" ("\4UNTHQXON\HWTDVCZG")
Change component parameters (AddParameter): Name = "Assembly Method"; Value = "Through hole"; VariantName = "[No Variations]"
Change component parameters (AddParameter): Name = "Category"; Value = "Diode"; VariantName = "[No Variations]"
Change component parameters (AddParameter): Name = "Datasheet Link"; Value = "http://share.engineering.auckland.ac.nz/ece/ts/Student%20Documents/BAT85_diode.pdf"; VariantName = "[No Variations]"
Change component parameters (AddParameter): Name = "Item Type"; Value = "Item"; VariantName = "[No Variations]"
Change component parameters (AddParameter): Name = "Manufactuer"; Value = "NXP"; VariantName = "[No Variations]"
Change component parameters (AddParameter): Name = "Manufacturer-PN"; Value = "BAT85"; VariantName = "[No Variations]"
Change component parameters (AddParameter): Name = "Path"; Value = "ece/ts/Lists/Stock Inventory"; VariantName = "[No Variations]"
Change component parameters (AddParameter): Name = "Size/Package"; Value = "Axial"; VariantName = "[No Variations]"
Change component parameters (AddParameter): Name = "Status"; Value = "Active"; VariantName = "[No Variations]"
Change component parameters (AddParameter): Name = "Supplier1"; Value = "Element14"; VariantName = "[No Variations]"
Change component parameters (AddParameter): Name = "Supplier1-PN"; Value = "1097299"; VariantName = "[No Variations]"
Change component parameters (AddParameter): Name = "UoA Stock#"; Value = "DIO000006"; VariantName = "[No Variations]"
Change component parameters (AddParameter): Name = "Value"; Value = "BAT85"; VariantName = "[No Variations]"
Change component parameters (AddParameter): Name = "Voltage/Current"; Value = "200mA-30V"; VariantName = "[No Variations]"
Change component parameters: Designator = "D1_LD5" ("D1"); Footprint = "FP-SOD68-MFG"; UniqueID = "\5UNTHQXON\HWTDVCZG" ("\5UNTHQXON\HWTDVCZG")
Change component parameters (AddParameter): Name = "Assembly Method"; Value = "Through hole"; VariantName = "[No Variations]"
Change component parameters (AddParameter): Name = "Category"; Value = "Diode"; VariantName = "[No Variations]"
Change component parameters (AddParameter): Name = "Datasheet Link"; Value = "http://share.engineering.auckland.ac.nz/ece/ts/Student%20Documents/BAT85_diode.pdf"; VariantName = "[No Variations]"
Change component parameters (AddParameter): Name = "Item Type"; Value = "Item"; VariantName = "[No Variations]"
Change component parameters (AddParameter): Name = "Manufactuer"; Value = "NXP"; VariantName = "[No Variations]"
Change component parameters (AddParameter): Name = "Manufacturer-PN"; Value = "BAT85"; VariantName = "[No Variations]"
Change component parameters (AddParameter): Name = "Path"; Value = "ece/ts/Lists/Stock Inventory"; VariantName = "[No Variations]"
Change component parameters (AddParameter): Name = "Size/Package"; Value = "Axial"; VariantName = "[No Variations]"
Change component parameters (AddParameter): Name = "Status"; Value = "Active"; VariantName = "[No Variations]"
Change component parameters (AddParameter): Name = "Supplier1"; Value = "Element14"; VariantName = "[No Variations]"
Change component parameters (AddParameter): Name = "Supplier1-PN"; Value = "1097299"; VariantName = "[No Variations]"
Change component parameters (AddParameter): Name = "UoA Stock#"; Value = "DIO000006"; VariantName = "[No Variations]"
Change component parameters (AddParameter): Name = "Value"; Value = "BAT85"; VariantName = "[No Variations]"
Change component parameters (AddParameter): Name = "Voltage/Current"; Value = "200mA-30V"; VariantName = "[No Variations]"
Change component parameters: Designator = "D1_LD6" ("D1"); Footprint = "FP-SOD68-MFG"; UniqueID = "\6UNTHQXON\HWTDVCZG" ("\6UNTHQXON\HWTDVCZG")
Change component parameters (AddParameter): Name = "Assembly Method"; Value = "Through hole"; VariantName = "[No Variations]"
Change component parameters (AddParameter): Name = "Category"; Value = "Diode"; VariantName = "[No Variations]"
Change component parameters (AddParameter): Name = "Datasheet Link"; Value = "http://share.engineering.auckland.ac.nz/ece/ts/Student%20Documents/BAT85_diode.pdf"; VariantName = "[No Variations]"
Change component parameters (AddParameter): Name = "Item Type"; Value = "Item"; VariantName = "[No Variations]"
Change component parameters (AddParameter): Name = "Manufactuer"; Value = "NXP"; VariantName = "[No Variations]"
Change component parameters (AddParameter): Name = "Manufacturer-PN"; Value = "BAT85"; VariantName = "[No Variations]"
Change component parameters (AddParameter): Name = "Path"; Value = "ece/ts/Lists/Stock Inventory"; VariantName = "[No Variations]"
Change component parameters (AddParameter): Name = "Size/Package"; Value = "Axial"; VariantName = "[No Variations]"
Change component parameters (AddParameter): Name = "Status"; Value = "Active"; VariantName = "[No Variations]"
Change component parameters (AddParameter): Name = "Supplier1"; Value = "Element14"; VariantName = "[No Variations]"
Change component parameters (AddParameter): Name = "Supplier1-PN"; Value = "1097299"; VariantName = "[No Variations]"
Change component parameters (AddParameter): Name = "UoA Stock#"; Value = "DIO000006"; VariantName = "[No Variations]"
Change component parameters (AddParameter): Name = "Value"; Value = "BAT85"; VariantName = "[No Variations]"
Change component parameters (AddParameter): Name = "Voltage/Current"; Value = "200mA-30V"; VariantName = "[No Variations]"
Added Pin To Net: NetName=NetC3_LD1_2 Pin=D1_LD1-1
Added Pin To Net: NetName=NetC3_LD2_2 Pin=D1_LD2-1
Added Pin To Net: NetName=NetC3_LD3_2 Pin=D1_LD3-1
Added Pin To Net: NetName=NetC3_LD4_2 Pin=D1_LD4-1
Added Pin To Net: NetName=NetC3_LD5_2 Pin=D1_LD5-1
Added Pin To Net: NetName=NetC3_LD6_2 Pin=D1_LD6-1
Added Pin To Net: NetName=NetD1_LD1_2 Pin=D1_LD1-2
Added Pin To Net: NetName=NetD1_LD1_2 Pin=U1_LD1-3
Added Net: Name=NetD1_LD1_2
Added Pin To Net: NetName=NetD1_LD2_2 Pin=D1_LD2-2
Added Pin To Net: NetName=NetD1_LD2_2 Pin=U1_LD2-3
Added Net: Name=NetD1_LD2_2
Added Pin To Net: NetName=NetD1_LD3_2 Pin=D1_LD3-2
Added Pin To Net: NetName=NetD1_LD3_2 Pin=U1_LD3-3
Added Net: Name=NetD1_LD3_2
Added Pin To Net: NetName=NetD1_LD4_2 Pin=D1_LD4-2
Added Pin To Net: NetName=NetD1_LD4_2 Pin=U1_LD4-3
Added Net: Name=NetD1_LD4_2
Added Pin To Net: NetName=NetD1_LD5_2 Pin=D1_LD5-2
Added Pin To Net: NetName=NetD1_LD5_2 Pin=U1_LD5-3
Added Net: Name=NetD1_LD5_2
Added Pin To Net: NetName=NetD1_LD6_2 Pin=D1_LD6-2
Added Pin To Net: NetName=NetD1_LD6_2 Pin=U1_LD6-3
Added Net: Name=NetD1_LD6_2
