Removed Member From Class: ClassName=cs301_template Member=C2
Removed Member From Class: ClassName=cs301_template Member=C3
Removed Member From Class: ClassName=cs301_template Member=C4
Removed Member From Class: ClassName=cs301_template Member=C5
Removed Member From Class: ClassName=cs301_template Member=Q1
Removed Member From Class: ClassName=cs301_template Member=R4
Removed Member From Class: ClassName=cs301_template Member=R5
Removed Member From Class: ClassName=cs301_template Member=U1
Change Component Designator: OldDesignator=C2 NewDesignator=C2_LD6
Change Component Designator: OldDesignator=C2_U_Light Detector CCT1 NewDesignator=C2_LD1
Change Component Designator: OldDesignator=C2_U_Light Detector CCT2 NewDesignator=C2_LD2
Change Component Designator: OldDesignator=C2_U_Light Detector CCT3 NewDesignator=C2_LD3
Change Component Designator: OldDesignator=C2_U_Light Detector CCT4 NewDesignator=C2_LD4
Change Component Designator: OldDesignator=C2_U_Light Detector CCT5 NewDesignator=C2_LD5
Change Component Designator: OldDesignator=C3 NewDesignator=C3_LD6
Change Component Designator: OldDesignator=C3_U_Light Detector CCT1 NewDesignator=C3_LD1
Change Component Designator: OldDesignator=C3_U_Light Detector CCT2 NewDesignator=C3_LD2
Change Component Designator: OldDesignator=C3_U_Light Detector CCT3 NewDesignator=C3_LD3
Change Component Designator: OldDesignator=C3_U_Light Detector CCT4 NewDesignator=C3_LD4
Change Component Designator: OldDesignator=C3_U_Light Detector CCT5 NewDesignator=C3_LD5
Change Component Designator: OldDesignator=C4 NewDesignator=C4_LD6
Change Component Designator: OldDesignator=C4_U_Light Detector CCT1 NewDesignator=C4_LD1
Change Component Designator: OldDesignator=C4_U_Light Detector CCT2 NewDesignator=C4_LD2
Change Component Designator: OldDesignator=C4_U_Light Detector CCT3 NewDesignator=C4_LD3
Change Component Designator: OldDesignator=C4_U_Light Detector CCT4 NewDesignator=C4_LD4
Change Component Designator: OldDesignator=C4_U_Light Detector CCT5 NewDesignator=C4_LD5
Change Component Designator: OldDesignator=C5 NewDesignator=C5_LD6
Change Component Designator: OldDesignator=C5_U_Light Detector CCT1 NewDesignator=C5_LD1
Change Component Designator: OldDesignator=C5_U_Light Detector CCT2 NewDesignator=C5_LD2
Change Component Designator: OldDesignator=C5_U_Light Detector CCT3 NewDesignator=C5_LD3
Change Component Designator: OldDesignator=C5_U_Light Detector CCT4 NewDesignator=C5_LD4
Change Component Designator: OldDesignator=C5_U_Light Detector CCT5 NewDesignator=C5_LD5
Change Component Designator: OldDesignator=D1 NewDesignator=D1_LD6
Change Component Designator: OldDesignator=D1_U_Light Detector CCT1 NewDesignator=D1_LD1
Change Component Designator: OldDesignator=D1_U_Light Detector CCT2 NewDesignator=D1_LD2
Change Component Designator: OldDesignator=D1_U_Light Detector CCT3 NewDesignator=D1_LD3
Change Component Designator: OldDesignator=D1_U_Light Detector CCT4 NewDesignator=D1_LD4
Change Component Designator: OldDesignator=D1_U_Light Detector CCT5 NewDesignator=D1_LD5
Change Component Designator: OldDesignator=Q1 NewDesignator=Q1_LD6
Change Component Designator: OldDesignator=Q1_U_Light Detector CCT1 NewDesignator=Q1_LD1
Change Component Designator: OldDesignator=Q1_U_Light Detector CCT2 NewDesignator=Q1_LD2
Change Component Designator: OldDesignator=Q1_U_Light Detector CCT3 NewDesignator=Q1_LD3
Change Component Designator: OldDesignator=Q1_U_Light Detector CCT4 NewDesignator=Q1_LD4
Change Component Designator: OldDesignator=Q1_U_Light Detector CCT5 NewDesignator=Q1_LD5
Change Component Designator: OldDesignator=R3 NewDesignator=R3_LD6
Change Component Designator: OldDesignator=R3_U_Light Detector CCT1 NewDesignator=R3_LD1
Change Component Designator: OldDesignator=R3_U_Light Detector CCT2 NewDesignator=R3_LD2
Change Component Designator: OldDesignator=R3_U_Light Detector CCT3 NewDesignator=R3_LD3
Change Component Designator: OldDesignator=R3_U_Light Detector CCT4 NewDesignator=R3_LD4
Change Component Designator: OldDesignator=R3_U_Light Detector CCT5 NewDesignator=R3_LD5
Change Component Designator: OldDesignator=R4 NewDesignator=R4_LD6
Change Component Designator: OldDesignator=R4_U_Light Detector CCT1 NewDesignator=R4_LD1
Change Component Designator: OldDesignator=R4_U_Light Detector CCT2 NewDesignator=R4_LD2
Change Component Designator: OldDesignator=R4_U_Light Detector CCT3 NewDesignator=R4_LD3
Change Component Designator: OldDesignator=R4_U_Light Detector CCT4 NewDesignator=R4_LD4
Change Component Designator: OldDesignator=R4_U_Light Detector CCT5 NewDesignator=R4_LD5
Change Component Designator: OldDesignator=R5 NewDesignator=R5_LD6
Change Component Designator: OldDesignator=R5_U_Light Detector CCT1 NewDesignator=R5_LD1
Change Component Designator: OldDesignator=R5_U_Light Detector CCT2 NewDesignator=R5_LD2
Change Component Designator: OldDesignator=R5_U_Light Detector CCT3 NewDesignator=R5_LD3
Change Component Designator: OldDesignator=R5_U_Light Detector CCT4 NewDesignator=R5_LD4
Change Component Designator: OldDesignator=R5_U_Light Detector CCT5 NewDesignator=R5_LD5
Change Component Designator: OldDesignator=U1 NewDesignator=U1_LD6
Change Component Designator: OldDesignator=U1_U_Light Detector CCT1 NewDesignator=U1_LD1
Change Component Designator: OldDesignator=U1_U_Light Detector CCT2 NewDesignator=U1_LD2
Change Component Designator: OldDesignator=U1_U_Light Detector CCT3 NewDesignator=U1_LD3
Change Component Designator: OldDesignator=U1_U_Light Detector CCT4 NewDesignator=U1_LD4
Change Component Designator: OldDesignator=U1_U_Light Detector CCT5 NewDesignator=U1_LD5
Change Net Name : Old Net Name=NetC3_U_Light Detector CCT1_1 New Net Name=NetC3_LD1_1
Change Net Name : Old Net Name=NetC3_U_Light Detector CCT1_2 New Net Name=NetC3_LD1_2
Change Net Name : Old Net Name=NetC3_U_Light Detector CCT2_1 New Net Name=NetC3_LD2_1
Change Net Name : Old Net Name=NetC3_U_Light Detector CCT2_2 New Net Name=NetC3_LD2_2
Change Net Name : Old Net Name=NetC3_U_Light Detector CCT3_1 New Net Name=NetC3_LD3_1
Change Net Name : Old Net Name=NetC3_U_Light Detector CCT3_2 New Net Name=NetC3_LD3_2
Change Net Name : Old Net Name=NetC3_U_Light Detector CCT4_1 New Net Name=NetC3_LD4_1
Change Net Name : Old Net Name=NetC3_U_Light Detector CCT4_2 New Net Name=NetC3_LD4_2
Change Net Name : Old Net Name=NetC3_U_Light Detector CCT5_1 New Net Name=NetC3_LD5_1
Change Net Name : Old Net Name=NetC3_U_Light Detector CCT5_2 New Net Name=NetC3_LD5_2
Change Net Name : Old Net Name=NetC3_U_Light Detector CCT6_1 New Net Name=NetC3_LD6_1
Change Net Name : Old Net Name=NetC3_U_Light Detector CCT6_2 New Net Name=NetC3_LD6_2
Change Net Name : Old Net Name=NetC5_U_Light Detector CCT1_1 New Net Name=NetC5_LD1_1
Change Net Name : Old Net Name=NetC5_U_Light Detector CCT2_1 New Net Name=NetC5_LD2_1
Change Net Name : Old Net Name=NetC5_U_Light Detector CCT3_1 New Net Name=NetC5_LD3_1
Change Net Name : Old Net Name=NetC5_U_Light Detector CCT4_1 New Net Name=NetC5_LD4_1
Change Net Name : Old Net Name=NetC5_U_Light Detector CCT5_1 New Net Name=NetC5_LD5_1
Change Net Name : Old Net Name=NetC5_U_Light Detector CCT6_1 New Net Name=NetC5_LD6_1
Change Net Name : Old Net Name=NetD1_U_Light Detector CCT1_1 New Net Name=NetD1_LD1_1
Change Net Name : Old Net Name=NetD1_U_Light Detector CCT2_1 New Net Name=NetD1_LD2_1
Change Net Name : Old Net Name=NetD1_U_Light Detector CCT3_1 New Net Name=NetD1_LD3_1
Change Net Name : Old Net Name=NetD1_U_Light Detector CCT4_1 New Net Name=NetD1_LD4_1
Change Net Name : Old Net Name=NetD1_U_Light Detector CCT5_1 New Net Name=NetD1_LD5_1
Change Net Name : Old Net Name=NetD1_U_Light Detector CCT6_1 New Net Name=NetD1_LD6_1
Change Net Name : Old Net Name=NetR5_U_Light Detector CCT1_1 New Net Name=NetR5_LD1_1
Change Net Name : Old Net Name=NetR5_U_Light Detector CCT2_1 New Net Name=NetR5_LD2_1
Change Net Name : Old Net Name=NetR5_U_Light Detector CCT3_1 New Net Name=NetR5_LD3_1
Change Net Name : Old Net Name=NetR5_U_Light Detector CCT4_1 New Net Name=NetR5_LD4_1
Change Net Name : Old Net Name=NetR5_U_Light Detector CCT5_1 New Net Name=NetR5_LD5_1
Change Net Name : Old Net Name=NetR5_U_Light Detector CCT6_1 New Net Name=NetR5_LD6_1
Change Class Name : Old Net Name=U_Light Detector CCT1 New Net Name=LD1
Change Class Name : Old Net Name=U_Light Detector CCT2 New Net Name=LD2
Change Class Name : Old Net Name=U_Light Detector CCT3 New Net Name=LD3
Change Class Name : Old Net Name=U_Light Detector CCT4 New Net Name=LD4
Change Class Name : Old Net Name=U_Light Detector CCT5 New Net Name=LD5
Change Class Name : Old Net Name=U_Light Detector CCT6 New Net Name=LD6
Added Class: Name=LD
Change Room Name: Old Name=U_Light Detector CCT4 New Name=LD4
Change Room Scope: Old Scope=InComponentClass('U_Light Detector CCT4') New Scope=InComponentClass('LD4')
Change Room Name: Old Name=U_Light Detector CCT5 New Name=LD5
Change Room Scope: Old Scope=InComponentClass('U_Light Detector CCT5') New Scope=InComponentClass('LD5')
Change Room Name: Old Name=U_Light Detector CCT6 New Name=LD6
Change Room Scope: Old Scope=InComponentClass('U_Light Detector CCT6') New Scope=InComponentClass('LD6')
Added Room: Name=LD1
Added Room: Name=LD2
Added Room: Name=LD3
