Added Component: Designator=C2_LD1(0805 CAP)
Add component (AddParameter): Name = "Value"; Value = ""; VariantName = "[No Variations]"
Added Component: Designator=C2_LD2(0805 CAP)
Add component (AddParameter): Name = "Value"; Value = ""; VariantName = "[No Variations]"
Added Component: Designator=C2_LD3(0805 CAP)
Add component (AddParameter): Name = "Value"; Value = ""; VariantName = "[No Variations]"
Added Component: Designator=C2_LD4(0805 CAP)
Add component (AddParameter): Name = "Value"; Value = ""; VariantName = "[No Variations]"
Added Component: Designator=C2_LD5(0805 CAP)
Add component (AddParameter): Name = "Value"; Value = ""; VariantName = "[No Variations]"
Added Component: Designator=C2_LD6(0805 CAP)
Add component (AddParameter): Name = "Value"; Value = ""; VariantName = "[No Variations]"
Added Component: Designator=C3_LD1(0805 CAP)
Add component (AddParameter): Name = "Value"; Value = ""; VariantName = "[No Variations]"
Added Component: Designator=C3_LD2(0805 CAP)
Add component (AddParameter): Name = "Value"; Value = ""; VariantName = "[No Variations]"
Added Component: Designator=C3_LD3(0805 CAP)
Add component (AddParameter): Name = "Value"; Value = ""; VariantName = "[No Variations]"
Added Component: Designator=C3_LD4(0805 CAP)
Add component (AddParameter): Name = "Value"; Value = ""; VariantName = "[No Variations]"
Added Component: Designator=C3_LD5(0805 CAP)
Add component (AddParameter): Name = "Value"; Value = ""; VariantName = "[No Variations]"
Added Component: Designator=C3_LD6(0805 CAP)
Add component (AddParameter): Name = "Value"; Value = ""; VariantName = "[No Variations]"
Added Component: Designator=C4_LD1(0805 CAP)
Add component (AddParameter): Name = "Value"; Value = ""; VariantName = "[No Variations]"
Added Component: Designator=C4_LD2(0805 CAP)
Add component (AddParameter): Name = "Value"; Value = ""; VariantName = "[No Variations]"
Added Component: Designator=C4_LD3(0805 CAP)
Add component (AddParameter): Name = "Value"; Value = ""; VariantName = "[No Variations]"
Added Component: Designator=C4_LD4(0805 CAP)
Add component (AddParameter): Name = "Value"; Value = ""; VariantName = "[No Variations]"
Added Component: Designator=C4_LD5(0805 CAP)
Add component (AddParameter): Name = "Value"; Value = ""; VariantName = "[No Variations]"
Added Component: Designator=C4_LD6(0805 CAP)
Add component (AddParameter): Name = "Value"; Value = ""; VariantName = "[No Variations]"
Added Component: Designator=C5_LD1(0805 CAP)
Add component (AddParameter): Name = "Value"; Value = ""; VariantName = "[No Variations]"
Added Component: Designator=C5_LD2(0805 CAP)
Add component (AddParameter): Name = "Value"; Value = ""; VariantName = "[No Variations]"
Added Component: Designator=C5_LD3(0805 CAP)
Add component (AddParameter): Name = "Value"; Value = ""; VariantName = "[No Variations]"
Added Component: Designator=C5_LD4(0805 CAP)
Add component (AddParameter): Name = "Value"; Value = ""; VariantName = "[No Variations]"
Added Component: Designator=C5_LD5(0805 CAP)
Add component (AddParameter): Name = "Value"; Value = ""; VariantName = "[No Variations]"
Added Component: Designator=C5_LD6(0805 CAP)
Add component (AddParameter): Name = "Value"; Value = ""; VariantName = "[No Variations]"
Add object: Catastrophic failure
Add object: Catastrophic failure
Add object: Catastrophic failure
Add object: Catastrophic failure
Add object: Catastrophic failure
Add object: Catastrophic failure
Added Component: Designator=Q1_LD1(0805 LED)
Added Component: Designator=Q1_LD2(0805 LED)
Added Component: Designator=Q1_LD3(0805 LED)
Added Component: Designator=Q1_LD4(0805 LED)
Added Component: Designator=Q1_LD5(0805 LED)
Added Component: Designator=Q1_LD6(0805 LED)
Added Component: Designator=R3_LD1(0805 RES)
Add component (AddParameter): Name = "ComponentLink1Description"; Value = "https://nz.mouser.com/datasheet/2/315/AOA0000C304-1149620.pdf"; VariantName = "[No Variations]"
Add component (AddParameter): Name = "LatestRevisionDate"; Value = "17-Jul-2002"; VariantName = "[No Variations]"
Add component (AddParameter): Name = "LatestRevisionNote"; Value = "Re-released for DXP Platform."; VariantName = "[No Variations]"
Add component (AddParameter): Name = "PackageReference"; Value = "AXIAL-0.4"; VariantName = "[No Variations]"
Add component (AddParameter): Name = "Published"; Value = "8-Jun-2000"; VariantName = "[No Variations]"
Add component (AddParameter): Name = "Publisher"; Value = "Altium Limited"; VariantName = "[No Variations]"
Add component (AddParameter): Name = "Value"; Value = ""; VariantName = "[No Variations]"
Added Component: Designator=R3_LD2(0805 RES)
Add component (AddParameter): Name = "ComponentLink1Description"; Value = "https://nz.mouser.com/datasheet/2/315/AOA0000C304-1149620.pdf"; VariantName = "[No Variations]"
Add component (AddParameter): Name = "LatestRevisionDate"; Value = "17-Jul-2002"; VariantName = "[No Variations]"
Add component (AddParameter): Name = "LatestRevisionNote"; Value = "Re-released for DXP Platform."; VariantName = "[No Variations]"
Add component (AddParameter): Name = "PackageReference"; Value = "AXIAL-0.4"; VariantName = "[No Variations]"
Add component (AddParameter): Name = "Published"; Value = "8-Jun-2000"; VariantName = "[No Variations]"
Add component (AddParameter): Name = "Publisher"; Value = "Altium Limited"; VariantName = "[No Variations]"
Add component (AddParameter): Name = "Value"; Value = ""; VariantName = "[No Variations]"
Added Component: Designator=R3_LD3(0805 RES)
Add component (AddParameter): Name = "ComponentLink1Description"; Value = "https://nz.mouser.com/datasheet/2/315/AOA0000C304-1149620.pdf"; VariantName = "[No Variations]"
Add component (AddParameter): Name = "LatestRevisionDate"; Value = "17-Jul-2002"; VariantName = "[No Variations]"
Add component (AddParameter): Name = "LatestRevisionNote"; Value = "Re-released for DXP Platform."; VariantName = "[No Variations]"
Add component (AddParameter): Name = "PackageReference"; Value = "AXIAL-0.4"; VariantName = "[No Variations]"
Add component (AddParameter): Name = "Published"; Value = "8-Jun-2000"; VariantName = "[No Variations]"
Add component (AddParameter): Name = "Publisher"; Value = "Altium Limited"; VariantName = "[No Variations]"
Add component (AddParameter): Name = "Value"; Value = ""; VariantName = "[No Variations]"
Added Component: Designator=R3_LD4(0805 RES)
Add component (AddParameter): Name = "ComponentLink1Description"; Value = "https://nz.mouser.com/datasheet/2/315/AOA0000C304-1149620.pdf"; VariantName = "[No Variations]"
Add component (AddParameter): Name = "LatestRevisionDate"; Value = "17-Jul-2002"; VariantName = "[No Variations]"
Add component (AddParameter): Name = "LatestRevisionNote"; Value = "Re-released for DXP Platform."; VariantName = "[No Variations]"
Add component (AddParameter): Name = "PackageReference"; Value = "AXIAL-0.4"; VariantName = "[No Variations]"
Add component (AddParameter): Name = "Published"; Value = "8-Jun-2000"; VariantName = "[No Variations]"
Add component (AddParameter): Name = "Publisher"; Value = "Altium Limited"; VariantName = "[No Variations]"
Add component (AddParameter): Name = "Value"; Value = ""; VariantName = "[No Variations]"
Added Component: Designator=R3_LD5(0805 RES)
Add component (AddParameter): Name = "ComponentLink1Description"; Value = "https://nz.mouser.com/datasheet/2/315/AOA0000C304-1149620.pdf"; VariantName = "[No Variations]"
Add component (AddParameter): Name = "LatestRevisionDate"; Value = "17-Jul-2002"; VariantName = "[No Variations]"
Add component (AddParameter): Name = "LatestRevisionNote"; Value = "Re-released for DXP Platform."; VariantName = "[No Variations]"
Add component (AddParameter): Name = "PackageReference"; Value = "AXIAL-0.4"; VariantName = "[No Variations]"
Add component (AddParameter): Name = "Published"; Value = "8-Jun-2000"; VariantName = "[No Variations]"
Add component (AddParameter): Name = "Publisher"; Value = "Altium Limited"; VariantName = "[No Variations]"
Add component (AddParameter): Name = "Value"; Value = ""; VariantName = "[No Variations]"
Added Component: Designator=R3_LD6(0805 RES)
Add component (AddParameter): Name = "ComponentLink1Description"; Value = "https://nz.mouser.com/datasheet/2/315/AOA0000C304-1149620.pdf"; VariantName = "[No Variations]"
Add component (AddParameter): Name = "LatestRevisionDate"; Value = "17-Jul-2002"; VariantName = "[No Variations]"
Add component (AddParameter): Name = "LatestRevisionNote"; Value = "Re-released for DXP Platform."; VariantName = "[No Variations]"
Add component (AddParameter): Name = "PackageReference"; Value = "AXIAL-0.4"; VariantName = "[No Variations]"
Add component (AddParameter): Name = "Published"; Value = "8-Jun-2000"; VariantName = "[No Variations]"
Add component (AddParameter): Name = "Publisher"; Value = "Altium Limited"; VariantName = "[No Variations]"
Add component (AddParameter): Name = "Value"; Value = ""; VariantName = "[No Variations]"
Added Component: Designator=R4_LD1(0805 RES)
Add component (AddParameter): Name = "ComponentLink1Description"; Value = "https://nz.mouser.com/datasheet/2/315/AOA0000C304-1149620.pdf"; VariantName = "[No Variations]"
Add component (AddParameter): Name = "LatestRevisionDate"; Value = "17-Jul-2002"; VariantName = "[No Variations]"
Add component (AddParameter): Name = "LatestRevisionNote"; Value = "Re-released for DXP Platform."; VariantName = "[No Variations]"
Add component (AddParameter): Name = "PackageReference"; Value = "AXIAL-0.4"; VariantName = "[No Variations]"
Add component (AddParameter): Name = "Published"; Value = "8-Jun-2000"; VariantName = "[No Variations]"
Add component (AddParameter): Name = "Publisher"; Value = "Altium Limited"; VariantName = "[No Variations]"
Add component (AddParameter): Name = "Value"; Value = ""; VariantName = "[No Variations]"
Added Component: Designator=R4_LD2(0805 RES)
Add component (AddParameter): Name = "ComponentLink1Description"; Value = "https://nz.mouser.com/datasheet/2/315/AOA0000C304-1149620.pdf"; VariantName = "[No Variations]"
Add component (AddParameter): Name = "LatestRevisionDate"; Value = "17-Jul-2002"; VariantName = "[No Variations]"
Add component (AddParameter): Name = "LatestRevisionNote"; Value = "Re-released for DXP Platform."; VariantName = "[No Variations]"
Add component (AddParameter): Name = "PackageReference"; Value = "AXIAL-0.4"; VariantName = "[No Variations]"
Add component (AddParameter): Name = "Published"; Value = "8-Jun-2000"; VariantName = "[No Variations]"
Add component (AddParameter): Name = "Publisher"; Value = "Altium Limited"; VariantName = "[No Variations]"
Add component (AddParameter): Name = "Value"; Value = ""; VariantName = "[No Variations]"
Added Component: Designator=R4_LD3(0805 RES)
Add component (AddParameter): Name = "ComponentLink1Description"; Value = "https://nz.mouser.com/datasheet/2/315/AOA0000C304-1149620.pdf"; VariantName = "[No Variations]"
Add component (AddParameter): Name = "LatestRevisionDate"; Value = "17-Jul-2002"; VariantName = "[No Variations]"
Add component (AddParameter): Name = "LatestRevisionNote"; Value = "Re-released for DXP Platform."; VariantName = "[No Variations]"
Add component (AddParameter): Name = "PackageReference"; Value = "AXIAL-0.4"; VariantName = "[No Variations]"
Add component (AddParameter): Name = "Published"; Value = "8-Jun-2000"; VariantName = "[No Variations]"
Add component (AddParameter): Name = "Publisher"; Value = "Altium Limited"; VariantName = "[No Variations]"
Add component (AddParameter): Name = "Value"; Value = ""; VariantName = "[No Variations]"
Added Component: Designator=R4_LD4(0805 RES)
Add component (AddParameter): Name = "ComponentLink1Description"; Value = "https://nz.mouser.com/datasheet/2/315/AOA0000C304-1149620.pdf"; VariantName = "[No Variations]"
Add component (AddParameter): Name = "LatestRevisionDate"; Value = "17-Jul-2002"; VariantName = "[No Variations]"
Add component (AddParameter): Name = "LatestRevisionNote"; Value = "Re-released for DXP Platform."; VariantName = "[No Variations]"
Add component (AddParameter): Name = "PackageReference"; Value = "AXIAL-0.4"; VariantName = "[No Variations]"
Add component (AddParameter): Name = "Published"; Value = "8-Jun-2000"; VariantName = "[No Variations]"
Add component (AddParameter): Name = "Publisher"; Value = "Altium Limited"; VariantName = "[No Variations]"
Add component (AddParameter): Name = "Value"; Value = ""; VariantName = "[No Variations]"
Added Component: Designator=R4_LD5(0805 RES)
Add component (AddParameter): Name = "ComponentLink1Description"; Value = "https://nz.mouser.com/datasheet/2/315/AOA0000C304-1149620.pdf"; VariantName = "[No Variations]"
Add component (AddParameter): Name = "LatestRevisionDate"; Value = "17-Jul-2002"; VariantName = "[No Variations]"
Add component (AddParameter): Name = "LatestRevisionNote"; Value = "Re-released for DXP Platform."; VariantName = "[No Variations]"
Add component (AddParameter): Name = "PackageReference"; Value = "AXIAL-0.4"; VariantName = "[No Variations]"
Add component (AddParameter): Name = "Published"; Value = "8-Jun-2000"; VariantName = "[No Variations]"
Add component (AddParameter): Name = "Publisher"; Value = "Altium Limited"; VariantName = "[No Variations]"
Add component (AddParameter): Name = "Value"; Value = ""; VariantName = "[No Variations]"
Added Component: Designator=R4_LD6(0805 RES)
Add component (AddParameter): Name = "ComponentLink1Description"; Value = "https://nz.mouser.com/datasheet/2/315/AOA0000C304-1149620.pdf"; VariantName = "[No Variations]"
Add component (AddParameter): Name = "LatestRevisionDate"; Value = "17-Jul-2002"; VariantName = "[No Variations]"
Add component (AddParameter): Name = "LatestRevisionNote"; Value = "Re-released for DXP Platform."; VariantName = "[No Variations]"
Add component (AddParameter): Name = "PackageReference"; Value = "AXIAL-0.4"; VariantName = "[No Variations]"
Add component (AddParameter): Name = "Published"; Value = "8-Jun-2000"; VariantName = "[No Variations]"
Add component (AddParameter): Name = "Publisher"; Value = "Altium Limited"; VariantName = "[No Variations]"
Add component (AddParameter): Name = "Value"; Value = ""; VariantName = "[No Variations]"
Added Component: Designator=R5_LD1(0805 RES)
Add component (AddParameter): Name = "ComponentLink1Description"; Value = "https://nz.mouser.com/datasheet/2/315/AOA0000C304-1149620.pdf"; VariantName = "[No Variations]"
Add component (AddParameter): Name = "LatestRevisionDate"; Value = "17-Jul-2002"; VariantName = "[No Variations]"
Add component (AddParameter): Name = "LatestRevisionNote"; Value = "Re-released for DXP Platform."; VariantName = "[No Variations]"
Add component (AddParameter): Name = "PackageReference"; Value = "AXIAL-0.4"; VariantName = "[No Variations]"
Add component (AddParameter): Name = "Published"; Value = "8-Jun-2000"; VariantName = "[No Variations]"
Add component (AddParameter): Name = "Publisher"; Value = "Altium Limited"; VariantName = "[No Variations]"
Add component (AddParameter): Name = "Value"; Value = ""; VariantName = "[No Variations]"
Added Component: Designator=R5_LD2(0805 RES)
Add component (AddParameter): Name = "ComponentLink1Description"; Value = "https://nz.mouser.com/datasheet/2/315/AOA0000C304-1149620.pdf"; VariantName = "[No Variations]"
Add component (AddParameter): Name = "LatestRevisionDate"; Value = "17-Jul-2002"; VariantName = "[No Variations]"
Add component (AddParameter): Name = "LatestRevisionNote"; Value = "Re-released for DXP Platform."; VariantName = "[No Variations]"
Add component (AddParameter): Name = "PackageReference"; Value = "AXIAL-0.4"; VariantName = "[No Variations]"
Add component (AddParameter): Name = "Published"; Value = "8-Jun-2000"; VariantName = "[No Variations]"
Add component (AddParameter): Name = "Publisher"; Value = "Altium Limited"; VariantName = "[No Variations]"
Add component (AddParameter): Name = "Value"; Value = ""; VariantName = "[No Variations]"
Added Component: Designator=R5_LD3(0805 RES)
Add component (AddParameter): Name = "ComponentLink1Description"; Value = "https://nz.mouser.com/datasheet/2/315/AOA0000C304-1149620.pdf"; VariantName = "[No Variations]"
Add component (AddParameter): Name = "LatestRevisionDate"; Value = "17-Jul-2002"; VariantName = "[No Variations]"
Add component (AddParameter): Name = "LatestRevisionNote"; Value = "Re-released for DXP Platform."; VariantName = "[No Variations]"
Add component (AddParameter): Name = "PackageReference"; Value = "AXIAL-0.4"; VariantName = "[No Variations]"
Add component (AddParameter): Name = "Published"; Value = "8-Jun-2000"; VariantName = "[No Variations]"
Add component (AddParameter): Name = "Publisher"; Value = "Altium Limited"; VariantName = "[No Variations]"
Add component (AddParameter): Name = "Value"; Value = ""; VariantName = "[No Variations]"
Added Component: Designator=R5_LD4(0805 RES)
Add component (AddParameter): Name = "ComponentLink1Description"; Value = "https://nz.mouser.com/datasheet/2/315/AOA0000C304-1149620.pdf"; VariantName = "[No Variations]"
Add component (AddParameter): Name = "LatestRevisionDate"; Value = "17-Jul-2002"; VariantName = "[No Variations]"
Add component (AddParameter): Name = "LatestRevisionNote"; Value = "Re-released for DXP Platform."; VariantName = "[No Variations]"
Add component (AddParameter): Name = "PackageReference"; Value = "AXIAL-0.4"; VariantName = "[No Variations]"
Add component (AddParameter): Name = "Published"; Value = "8-Jun-2000"; VariantName = "[No Variations]"
Add component (AddParameter): Name = "Publisher"; Value = "Altium Limited"; VariantName = "[No Variations]"
Add component (AddParameter): Name = "Value"; Value = ""; VariantName = "[No Variations]"
Added Component: Designator=R5_LD5(0805 RES)
Add component (AddParameter): Name = "ComponentLink1Description"; Value = "https://nz.mouser.com/datasheet/2/315/AOA0000C304-1149620.pdf"; VariantName = "[No Variations]"
Add component (AddParameter): Name = "LatestRevisionDate"; Value = "17-Jul-2002"; VariantName = "[No Variations]"
Add component (AddParameter): Name = "LatestRevisionNote"; Value = "Re-released for DXP Platform."; VariantName = "[No Variations]"
Add component (AddParameter): Name = "PackageReference"; Value = "AXIAL-0.4"; VariantName = "[No Variations]"
Add component (AddParameter): Name = "Published"; Value = "8-Jun-2000"; VariantName = "[No Variations]"
Add component (AddParameter): Name = "Publisher"; Value = "Altium Limited"; VariantName = "[No Variations]"
Add component (AddParameter): Name = "Value"; Value = ""; VariantName = "[No Variations]"
Added Component: Designator=R5_LD6(0805 RES)
Add component (AddParameter): Name = "ComponentLink1Description"; Value = "https://nz.mouser.com/datasheet/2/315/AOA0000C304-1149620.pdf"; VariantName = "[No Variations]"
Add component (AddParameter): Name = "LatestRevisionDate"; Value = "17-Jul-2002"; VariantName = "[No Variations]"
Add component (AddParameter): Name = "LatestRevisionNote"; Value = "Re-released for DXP Platform."; VariantName = "[No Variations]"
Add component (AddParameter): Name = "PackageReference"; Value = "AXIAL-0.4"; VariantName = "[No Variations]"
Add component (AddParameter): Name = "Published"; Value = "8-Jun-2000"; VariantName = "[No Variations]"
Add component (AddParameter): Name = "Publisher"; Value = "Altium Limited"; VariantName = "[No Variations]"
Add component (AddParameter): Name = "Value"; Value = ""; VariantName = "[No Variations]"
Add object: Catastrophic failure
Add object: Catastrophic failure
Add object: Catastrophic failure
Add object: Catastrophic failure
Add object: Catastrophic failure
Add object: Catastrophic failure
Added Pin To Net: NetName=+5V Pin=C2_LD1-1
Added Pin To Net: NetName=GND Pin=C2_LD1-2
Added Pin To Net: NetName=+5V Pin=C2_LD2-1
Added Pin To Net: NetName=GND Pin=C2_LD2-2
Added Pin To Net: NetName=+5V Pin=C2_LD3-1
Added Pin To Net: NetName=GND Pin=C2_LD3-2
Added Pin To Net: NetName=+5V Pin=C2_LD4-1
Added Pin To Net: NetName=GND Pin=C2_LD4-2
Added Pin To Net: NetName=+5V Pin=C2_LD5-1
Added Pin To Net: NetName=GND Pin=C2_LD5-2
Added Pin To Net: NetName=+5V Pin=C2_LD6-1
Added Pin To Net: NetName=GND Pin=C2_LD6-2
Added Pin To Net: NetName=NetC3_LD1_1 Pin=C3_LD1-1
Added Pin To Net: NetName=NetC3_LD1_2 Pin=C3_LD1-2
Added Pin To Net: NetName=NetC3_LD2_1 Pin=C3_LD2-1
Added Pin To Net: NetName=NetC3_LD2_2 Pin=C3_LD2-2
Added Pin To Net: NetName=NetC3_LD3_1 Pin=C3_LD3-1
Added Pin To Net: NetName=NetC3_LD3_2 Pin=C3_LD3-2
Added Pin To Net: NetName=NetC3_LD4_1 Pin=C3_LD4-1
Added Pin To Net: NetName=NetC3_LD4_2 Pin=C3_LD4-2
Added Pin To Net: NetName=NetC3_LD5_1 Pin=C3_LD5-1
Added Pin To Net: NetName=NetC3_LD5_2 Pin=C3_LD5-2
Added Pin To Net: NetName=NetC3_LD6_1 Pin=C3_LD6-1
Added Pin To Net: NetName=NetC3_LD6_2 Pin=C3_LD6-2
Added Pin To Net: NetName=+5V Pin=C4_LD1-1
Added Pin To Net: NetName=GND Pin=C4_LD1-2
Added Pin To Net: NetName=+5V Pin=C4_LD2-1
Added Pin To Net: NetName=GND Pin=C4_LD2-2
Added Pin To Net: NetName=+5V Pin=C4_LD3-1
Added Pin To Net: NetName=GND Pin=C4_LD3-2
Added Pin To Net: NetName=+5V Pin=C4_LD4-1
Added Pin To Net: NetName=GND Pin=C4_LD4-2
Added Pin To Net: NetName=+5V Pin=C4_LD5-1
Added Pin To Net: NetName=GND Pin=C4_LD5-2
Added Pin To Net: NetName=+5V Pin=C4_LD6-1
Added Pin To Net: NetName=GND Pin=C4_LD6-2
Added Pin To Net: NetName=NetC5_LD1_1 Pin=C5_LD1-1
Added Pin To Net: NetName=GND Pin=C5_LD1-2
Added Pin To Net: NetName=NetC5_LD2_1 Pin=C5_LD2-1
Added Pin To Net: NetName=GND Pin=C5_LD2-2
Added Pin To Net: NetName=NetC5_LD3_1 Pin=C5_LD3-1
Added Pin To Net: NetName=GND Pin=C5_LD3-2
Added Pin To Net: NetName=NetC5_LD4_1 Pin=C5_LD4-1
Added Pin To Net: NetName=GND Pin=C5_LD4-2
Added Pin To Net: NetName=NetC5_LD5_1 Pin=C5_LD5-1
Added Pin To Net: NetName=GND Pin=C5_LD5-2
Added Pin To Net: NetName=NetC5_LD6_1 Pin=C5_LD6-1
Added Pin To Net: NetName=GND Pin=C5_LD6-2
Add Pin To Net: Unknown Pin: Pin D1_LD1-1
Add Pin To Net: Unknown Pin: Pin D1_LD1-2
Add Pin To Net: Unknown Pin: Pin D1_LD2-1
Add Pin To Net: Unknown Pin: Pin D1_LD2-2
Add Pin To Net: Unknown Pin: Pin D1_LD3-1
Add Pin To Net: Unknown Pin: Pin D1_LD3-2
Add Pin To Net: Unknown Pin: Pin D1_LD4-1
Add Pin To Net: Unknown Pin: Pin D1_LD4-2
Add Pin To Net: Unknown Pin: Pin D1_LD5-1
Add Pin To Net: Unknown Pin: Pin D1_LD5-2
Add Pin To Net: Unknown Pin: Pin D1_LD6-1
Add Pin To Net: Unknown Pin: Pin D1_LD6-2
Added Pin To Net: NetName=+5V Pin=Q1_LD1-1
Added Pin To Net: NetName=NetC3_LD1_1 Pin=Q1_LD1-2
Added Pin To Net: NetName=+5V Pin=Q1_LD2-1
Added Pin To Net: NetName=NetC3_LD2_1 Pin=Q1_LD2-2
Added Pin To Net: NetName=+5V Pin=Q1_LD3-1
Added Pin To Net: NetName=NetC3_LD3_1 Pin=Q1_LD3-2
Added Pin To Net: NetName=+5V Pin=Q1_LD4-1
Added Pin To Net: NetName=NetC3_LD4_1 Pin=Q1_LD4-2
Added Pin To Net: NetName=+5V Pin=Q1_LD5-1
Added Pin To Net: NetName=NetC3_LD5_1 Pin=Q1_LD5-2
Added Pin To Net: NetName=+5V Pin=Q1_LD6-1
Added Pin To Net: NetName=NetC3_LD6_1 Pin=Q1_LD6-2
Added Pin To Net: NetName=GND Pin=R3_LD1-1
Added Pin To Net: NetName=NetC3_LD1_1 Pin=R3_LD1-2
Added Pin To Net: NetName=GND Pin=R3_LD2-1
Added Pin To Net: NetName=NetC3_LD2_1 Pin=R3_LD2-2
Added Pin To Net: NetName=GND Pin=R3_LD3-1
Added Pin To Net: NetName=NetC3_LD3_1 Pin=R3_LD3-2
Added Pin To Net: NetName=GND Pin=R3_LD4-1
Added Pin To Net: NetName=NetC3_LD4_1 Pin=R3_LD4-2
Added Pin To Net: NetName=GND Pin=R3_LD5-1
Added Pin To Net: NetName=NetC3_LD5_1 Pin=R3_LD5-2
Added Pin To Net: NetName=GND Pin=R3_LD6-1
Added Pin To Net: NetName=NetC3_LD6_1 Pin=R3_LD6-2
Added Pin To Net: NetName=GND Pin=R4_LD1-1
Added Pin To Net: NetName=NetC3_LD1_2 Pin=R4_LD1-2
Added Pin To Net: NetName=GND Pin=R4_LD2-1
Added Pin To Net: NetName=NetC3_LD2_2 Pin=R4_LD2-2
Added Pin To Net: NetName=GND Pin=R4_LD3-1
Added Pin To Net: NetName=NetC3_LD3_2 Pin=R4_LD3-2
Added Pin To Net: NetName=GND Pin=R4_LD4-1
Added Pin To Net: NetName=NetC3_LD4_2 Pin=R4_LD4-2
Added Pin To Net: NetName=GND Pin=R4_LD5-1
Added Pin To Net: NetName=NetC3_LD5_2 Pin=R4_LD5-2
Added Pin To Net: NetName=GND Pin=R4_LD6-1
Added Pin To Net: NetName=NetC3_LD6_2 Pin=R4_LD6-2
Added Pin To Net: NetName=NetR5_LD1_1 Pin=R5_LD1-1
Added Pin To Net: NetName=NetC5_LD1_1 Pin=R5_LD1-2
Added Pin To Net: NetName=NetR5_LD2_1 Pin=R5_LD2-1
Added Pin To Net: NetName=NetC5_LD2_1 Pin=R5_LD2-2
Added Pin To Net: NetName=NetR5_LD3_1 Pin=R5_LD3-1
Added Pin To Net: NetName=NetC5_LD3_1 Pin=R5_LD3-2
Added Pin To Net: NetName=NetR5_LD4_1 Pin=R5_LD4-1
Added Pin To Net: NetName=NetC5_LD4_1 Pin=R5_LD4-2
Added Pin To Net: NetName=NetR5_LD5_1 Pin=R5_LD5-1
Added Pin To Net: NetName=NetC5_LD5_1 Pin=R5_LD5-2
Added Pin To Net: NetName=NetR5_LD6_1 Pin=R5_LD6-1
Added Pin To Net: NetName=NetC5_LD6_1 Pin=R5_LD6-2
Add Pin To Net: Unknown Pin: Pin U1_LD1-1
Add Pin To Net: Unknown Pin: Pin U1_LD1-2
Add Pin To Net: Unknown Pin: Pin U1_LD1-3
Add Pin To Net: Unknown Pin: Pin U1_LD1-4
Add Pin To Net: Unknown Pin: Pin U1_LD1-5
Add Pin To Net: Unknown Pin: Pin U1_LD1-6
Add Pin To Net: Unknown Pin: Pin U1_LD1-7
Add Pin To Net: Unknown Pin: Pin U1_LD1-8
Add Pin To Net: Unknown Pin: Pin U1_LD2-1
Add Pin To Net: Unknown Pin: Pin U1_LD2-2
Add Pin To Net: Unknown Pin: Pin U1_LD2-3
Add Pin To Net: Unknown Pin: Pin U1_LD2-4
Add Pin To Net: Unknown Pin: Pin U1_LD2-5
Add Pin To Net: Unknown Pin: Pin U1_LD2-6
Add Pin To Net: Unknown Pin: Pin U1_LD2-7
Add Pin To Net: Unknown Pin: Pin U1_LD2-8
Add Pin To Net: Unknown Pin: Pin U1_LD3-1
Add Pin To Net: Unknown Pin: Pin U1_LD3-2
Add Pin To Net: Unknown Pin: Pin U1_LD3-3
Add Pin To Net: Unknown Pin: Pin U1_LD3-4
Add Pin To Net: Unknown Pin: Pin U1_LD3-5
Add Pin To Net: Unknown Pin: Pin U1_LD3-6
Add Pin To Net: Unknown Pin: Pin U1_LD3-7
Add Pin To Net: Unknown Pin: Pin U1_LD3-8
Add Pin To Net: Unknown Pin: Pin U1_LD4-1
Add Pin To Net: Unknown Pin: Pin U1_LD4-2
Add Pin To Net: Unknown Pin: Pin U1_LD4-3
Add Pin To Net: Unknown Pin: Pin U1_LD4-4
Add Pin To Net: Unknown Pin: Pin U1_LD4-5
Add Pin To Net: Unknown Pin: Pin U1_LD4-6
Add Pin To Net: Unknown Pin: Pin U1_LD4-7
Add Pin To Net: Unknown Pin: Pin U1_LD4-8
Add Pin To Net: Unknown Pin: Pin U1_LD5-1
Add Pin To Net: Unknown Pin: Pin U1_LD5-2
Add Pin To Net: Unknown Pin: Pin U1_LD5-3
Add Pin To Net: Unknown Pin: Pin U1_LD5-4
Add Pin To Net: Unknown Pin: Pin U1_LD5-5
Add Pin To Net: Unknown Pin: Pin U1_LD5-6
Add Pin To Net: Unknown Pin: Pin U1_LD5-7
Add Pin To Net: Unknown Pin: Pin U1_LD5-8
Add Pin To Net: Unknown Pin: Pin U1_LD6-1
Add Pin To Net: Unknown Pin: Pin U1_LD6-2
Add Pin To Net: Unknown Pin: Pin U1_LD6-3
Add Pin To Net: Unknown Pin: Pin U1_LD6-4
Add Pin To Net: Unknown Pin: Pin U1_LD6-5
Add Pin To Net: Unknown Pin: Pin U1_LD6-6
Add Pin To Net: Unknown Pin: Pin U1_LD6-7
Add Pin To Net: Unknown Pin: Pin U1_LD6-8
Added Member To Class: ClassName=LD1 Member=Component C2_LD1 (C2) 100nf
Added Member To Class: ClassName=LD2 Member=Component C2_LD2 (C2) 100nf
Added Member To Class: ClassName=LD3 Member=Component C2_LD3 (C2) 100nf
Added Member To Class: ClassName=LD4 Member=Component C2_LD4 (C2) 100nf
Added Member To Class: ClassName=LD5 Member=Component C2_LD5 (C2) 100nf
Added Member To Class: ClassName=LD6 Member=Component C2_LD6 (C2) 100nf
Added Member To Class: ClassName=LD1 Member=Component C3_LD1 (C3) 150nf
Added Member To Class: ClassName=LD2 Member=Component C3_LD2 (C3) 150nf
Added Member To Class: ClassName=LD3 Member=Component C3_LD3 (C3) 150nf
Added Member To Class: ClassName=LD4 Member=Component C3_LD4 (C3) 150nf
Added Member To Class: ClassName=LD5 Member=Component C3_LD5 (C3) 150nf
Added Member To Class: ClassName=LD6 Member=Component C3_LD6 (C3) 150nf
Added Member To Class: ClassName=LD1 Member=Component C4_LD1 (C4) 100nf
Added Member To Class: ClassName=LD2 Member=Component C4_LD2 (C4) 100nf
Added Member To Class: ClassName=LD3 Member=Component C4_LD3 (C4) 100nf
Added Member To Class: ClassName=LD4 Member=Component C4_LD4 (C4) 100nf
Added Member To Class: ClassName=LD5 Member=Component C4_LD5 (C4) 100nf
Added Member To Class: ClassName=LD6 Member=Component C4_LD6 (C4) 100nf
Added Member To Class: ClassName=LD1 Member=Component C5_LD1 (C5) 150nf
Added Member To Class: ClassName=LD2 Member=Component C5_LD2 (C5) 150nf
Added Member To Class: ClassName=LD3 Member=Component C5_LD3 (C5) 150nf
Added Member To Class: ClassName=LD4 Member=Component C5_LD4 (C5) 150nf
Added Member To Class: ClassName=LD5 Member=Component C5_LD5 (C5) 150nf
Added Member To Class: ClassName=LD6 Member=Component C5_LD6 (C5) 150nf
Add Class Member: Failed to add class member : Component D1_LD1 (D1)
Add Class Member: Failed to add class member : Component D1_LD2 (D1)
Add Class Member: Failed to add class member : Component D1_LD3 (D1)
Add Class Member: Failed to add class member : Component D1_LD4 (D1)
Add Class Member: Failed to add class member : Component D1_LD5 (D1)
Add Class Member: Failed to add class member : Component D1_LD6 (D1)
Added Member To Class: ClassName=LD1 Member=Component Q1_LD1 (Q1) VEMT3700
Added Member To Class: ClassName=LD2 Member=Component Q1_LD2 (Q1) VEMT3700
Added Member To Class: ClassName=LD3 Member=Component Q1_LD3 (Q1) VEMT3700
Added Member To Class: ClassName=LD4 Member=Component Q1_LD4 (Q1) VEMT3700
Added Member To Class: ClassName=LD5 Member=Component Q1_LD5 (Q1) VEMT3700
Added Member To Class: ClassName=LD6 Member=Component Q1_LD6 (Q1) VEMT3700
Added Member To Class: ClassName=LD1 Member=Component R3_LD1 (R3) 47k
Added Member To Class: ClassName=LD2 Member=Component R3_LD2 (R3) 47k
Added Member To Class: ClassName=LD3 Member=Component R3_LD3 (R3) 47k
Added Member To Class: ClassName=LD4 Member=Component R3_LD4 (R3) 47k
Added Member To Class: ClassName=LD5 Member=Component R3_LD5 (R3) 47k
Added Member To Class: ClassName=LD6 Member=Component R3_LD6 (R3) 47k
Added Member To Class: ClassName=LD1 Member=Component R4_LD1 (R4) 100k
Added Member To Class: ClassName=LD2 Member=Component R4_LD2 (R4) 100k
Added Member To Class: ClassName=LD3 Member=Component R4_LD3 (R4) 100k
Added Member To Class: ClassName=LD4 Member=Component R4_LD4 (R4) 100k
Added Member To Class: ClassName=LD5 Member=Component R4_LD5 (R4) 100k
Added Member To Class: ClassName=LD6 Member=Component R4_LD6 (R4) 100k
Added Member To Class: ClassName=LD1 Member=Component R5_LD1 (R5) 100k
Added Member To Class: ClassName=LD2 Member=Component R5_LD2 (R5) 100k
Added Member To Class: ClassName=LD3 Member=Component R5_LD3 (R5) 100k
Added Member To Class: ClassName=LD4 Member=Component R5_LD4 (R5) 100k
Added Member To Class: ClassName=LD5 Member=Component R5_LD5 (R5) 100k
Added Member To Class: ClassName=LD6 Member=Component R5_LD6 (R5) 100k
Add Class Member: Failed to add class member : Component U1_LD1 (U1A) TLC082
Add Class Member: Failed to add class member : Component U1_LD2 (U1A) TLC082
Add Class Member: Failed to add class member : Component U1_LD3 (U1A) TLC082
Add Class Member: Failed to add class member : Component U1_LD4 (U1A) TLC082
Add Class Member: Failed to add class member : Component U1_LD5 (U1A) TLC082
Add Class Member: Failed to add class member : Component U1_LD6 (U1A) TLC082
Added Room: Name=LD1
Added Room: Name=LD2
Added Room: Name=LD3
Added Room: Name=LD4
Added Room: Name=LD5
Added Room: Name=LD6
