Added Component: Designator=Q?_LD1(0805 LED)
Added Component: Designator=Q?_LD2(0805 LED)
Added Component: Designator=Q?_LD3(0805 LED)
Added Component: Designator=Q?_LD4(0805 LED)
Added Component: Designator=Q?_LD5(0805 LED)
Added Component: Designator=Q?_LD6(0805 LED)
Added Pin To Net: NetName=+5V Pin=Q?_LD1-1
Added Pin To Net: NetName=NetC3_LD1_1 Pin=Q?_LD1-2
Added Pin To Net: NetName=+5V Pin=Q?_LD2-1
Added Pin To Net: NetName=NetC3_LD2_1 Pin=Q?_LD2-2
Added Pin To Net: NetName=+5V Pin=Q?_LD3-1
Added Pin To Net: NetName=NetC3_LD3_1 Pin=Q?_LD3-2
Added Pin To Net: NetName=+5V Pin=Q?_LD4-1
Added Pin To Net: NetName=NetC3_LD4_1 Pin=Q?_LD4-2
Added Pin To Net: NetName=+5V Pin=Q?_LD5-1
Added Pin To Net: NetName=NetC3_LD5_1 Pin=Q?_LD5-2
Added Pin To Net: NetName=+5V Pin=Q?_LD6-1
Added Pin To Net: NetName=NetC3_LD6_1 Pin=Q?_LD6-2
Added Member To Class: ClassName=LD1 Member=Component Q?_LD1 (Q?) VEMT3700
Added Member To Class: ClassName=LD2 Member=Component Q?_LD2 (Q?) VEMT3700
Added Member To Class: ClassName=LD3 Member=Component Q?_LD3 (Q?) VEMT3700
Added Member To Class: ClassName=LD4 Member=Component Q?_LD4 (Q?) VEMT3700
Added Member To Class: ClassName=LD5 Member=Component Q?_LD5 (Q?) VEMT3700
Added Member To Class: ClassName=LD6 Member=Component Q?_LD6 (Q?) VEMT3700
Added Room: Name=LD6
