ARM GAS  C:\Users\acant\AppData\Local\Temp\cc3LRlZl.s 			page 1


   1              		.syntax unified
   2              		.cpu cortex-m3
   3              		.fpu softvfp
   4              		.eabi_attribute 20, 1
   5              		.eabi_attribute 21, 1
   6              		.eabi_attribute 23, 3
   7              		.eabi_attribute 24, 1
   8              		.eabi_attribute 25, 1
   9              		.eabi_attribute 26, 1
  10              		.eabi_attribute 30, 6
  11              		.eabi_attribute 34, 1
  12              		.eabi_attribute 18, 4
  13              		.thumb
  14              		.syntax unified
  15              		.file	"DRIFTED_LEFT.c"
  16              		.text
  17              	.Ltext0:
  18              		.cfi_sections	.debug_frame
  19              	.Letext0:
  20              		.section	.debug_line,"",%progbits
  21              	.Ldebug_line0:
  22              		.section	.debug_str,"MS",%progbits,1
  23              	.LASF0:
  24 0000 474E5520 		.ascii	"GNU C11 5.4.1 20160609 (release) [ARM/embedded-5-br"
  24      43313120 
  24      352E342E 
  24      31203230 
  24      31363036 
  25 0033 616E6368 		.ascii	"anch revision 237715] -mcpu=cortex-m3 -mthumb -g -O"
  25      20726576 
  25      6973696F 
  25      6E203233 
  25      37373135 
  26 0066 30202D66 		.ascii	"0 -ffunction-sections -ffat-lto-objects\000"
  26      66756E63 
  26      74696F6E 
  26      2D736563 
  26      74696F6E 
  27              	.LASF1:
  28 008e 44524946 		.ascii	"DRIFTED_LEFT.c\000"
  28      5445445F 
  28      4C454654 
  28      2E6300
  29              	.LASF2:
  30 009d 433A5C55 		.ascii	"C:\\Users\\acant\\Downloads\\301MotorCar\\psoc firm"
  30      73657273 
  30      5C616361 
  30      6E745C44 
  30      6F776E6C 
  31 00cb 77617265 		.ascii	"ware\\CS301_Class.cydsn\000"
  31      5C435333 
  31      30315F43 
  31      6C617373 
  31      2E637964 
  32              		.ident	"GCC: (GNU Tools for ARM Embedded Processors) 5.4.1 20160609 (release) [ARM/embedded-5-bran
