ARM GAS  C:\Users\Calvi\AppData\Local\Temp\ccAb35HZ.s 			page 1


   1              		.syntax unified
   2              		.cpu cortex-m3
   3              		.fpu softvfp
   4              		.eabi_attribute 20, 1
   5              		.eabi_attribute 21, 1
   6              		.eabi_attribute 23, 3
   7              		.eabi_attribute 24, 1
   8              		.eabi_attribute 25, 1
   9              		.eabi_attribute 26, 1
  10              		.eabi_attribute 30, 6
  11              		.eabi_attribute 34, 1
  12              		.eabi_attribute 18, 4
  13              		.thumb
  14              		.syntax unified
  15              		.file	"front_left.c"
  16              		.text
  17              	.Ltext0:
  18              		.cfi_sections	.debug_frame
  19              		.section	.text.front_left_Start,"ax",%progbits
  20              		.align	2
  21              		.global	front_left_Start
  22              		.thumb
  23              		.thumb_func
  24              		.type	front_left_Start, %function
  25              	front_left_Start:
  26              	.LFB63:
  27              		.file 1 "Generated_Source\\PSoC5\\front_left.c"
   1:Generated_Source\PSoC5/front_left.c **** /*******************************************************************************
   2:Generated_Source\PSoC5/front_left.c **** * File Name: front_left.c  
   3:Generated_Source\PSoC5/front_left.c **** * Version 1.71
   4:Generated_Source\PSoC5/front_left.c **** *
   5:Generated_Source\PSoC5/front_left.c **** *  Description:
   6:Generated_Source\PSoC5/front_left.c **** *   API for controlling the state of an interrupt.
   7:Generated_Source\PSoC5/front_left.c **** *
   8:Generated_Source\PSoC5/front_left.c **** *
   9:Generated_Source\PSoC5/front_left.c **** *  Note:
  10:Generated_Source\PSoC5/front_left.c **** *
  11:Generated_Source\PSoC5/front_left.c **** ********************************************************************************
  12:Generated_Source\PSoC5/front_left.c **** * Copyright 2008-2015, Cypress Semiconductor Corporation.  All rights reserved.
  13:Generated_Source\PSoC5/front_left.c **** * You may use this file only in accordance with the license, terms, conditions, 
  14:Generated_Source\PSoC5/front_left.c **** * disclaimers, and limitations in the end user license agreement accompanying 
  15:Generated_Source\PSoC5/front_left.c **** * the software package with which this file was provided.
  16:Generated_Source\PSoC5/front_left.c **** *******************************************************************************/
  17:Generated_Source\PSoC5/front_left.c **** 
  18:Generated_Source\PSoC5/front_left.c **** 
  19:Generated_Source\PSoC5/front_left.c **** #include <cydevice_trm.h>
  20:Generated_Source\PSoC5/front_left.c **** #include <CyLib.h>
  21:Generated_Source\PSoC5/front_left.c **** #include <front_left.h>
  22:Generated_Source\PSoC5/front_left.c **** 
  23:Generated_Source\PSoC5/front_left.c **** 
  24:Generated_Source\PSoC5/front_left.c **** #if !defined(front_left__REMOVED) /* Check for removal by optimization */
  25:Generated_Source\PSoC5/front_left.c **** 
  26:Generated_Source\PSoC5/front_left.c **** /*******************************************************************************
  27:Generated_Source\PSoC5/front_left.c **** *  Place your includes, defines and code here 
  28:Generated_Source\PSoC5/front_left.c **** ********************************************************************************/
  29:Generated_Source\PSoC5/front_left.c **** /* `#START front_left_intc` */
  30:Generated_Source\PSoC5/front_left.c **** #include "main.h"
ARM GAS  C:\Users\Calvi\AppData\Local\Temp\ccAb35HZ.s 			page 2


  31:Generated_Source\PSoC5/front_left.c **** /* `#END` */
  32:Generated_Source\PSoC5/front_left.c **** 
  33:Generated_Source\PSoC5/front_left.c **** #ifndef CYINT_IRQ_BASE
  34:Generated_Source\PSoC5/front_left.c **** #define CYINT_IRQ_BASE      16
  35:Generated_Source\PSoC5/front_left.c **** #endif /* CYINT_IRQ_BASE */
  36:Generated_Source\PSoC5/front_left.c **** #ifndef CYINT_VECT_TABLE
  37:Generated_Source\PSoC5/front_left.c **** #define CYINT_VECT_TABLE    ((cyisraddress **) CYREG_NVIC_VECT_OFFSET)
  38:Generated_Source\PSoC5/front_left.c **** #endif /* CYINT_VECT_TABLE */
  39:Generated_Source\PSoC5/front_left.c **** 
  40:Generated_Source\PSoC5/front_left.c **** /* Declared in startup, used to set unused interrupts to. */
  41:Generated_Source\PSoC5/front_left.c **** CY_ISR_PROTO(IntDefaultHandler);
  42:Generated_Source\PSoC5/front_left.c **** 
  43:Generated_Source\PSoC5/front_left.c **** 
  44:Generated_Source\PSoC5/front_left.c **** /*******************************************************************************
  45:Generated_Source\PSoC5/front_left.c **** * Function Name: front_left_Start
  46:Generated_Source\PSoC5/front_left.c **** ********************************************************************************
  47:Generated_Source\PSoC5/front_left.c **** *
  48:Generated_Source\PSoC5/front_left.c **** * Summary:
  49:Generated_Source\PSoC5/front_left.c **** *  Set up the interrupt and enable it. This function disables the interrupt, 
  50:Generated_Source\PSoC5/front_left.c **** *  sets the default interrupt vector, sets the priority from the value in the
  51:Generated_Source\PSoC5/front_left.c **** *  Design Wide Resources Interrupt Editor, then enables the interrupt to the 
  52:Generated_Source\PSoC5/front_left.c **** *  interrupt controller.
  53:Generated_Source\PSoC5/front_left.c **** *
  54:Generated_Source\PSoC5/front_left.c **** * Parameters:  
  55:Generated_Source\PSoC5/front_left.c **** *   None
  56:Generated_Source\PSoC5/front_left.c **** *
  57:Generated_Source\PSoC5/front_left.c **** * Return:
  58:Generated_Source\PSoC5/front_left.c **** *   None
  59:Generated_Source\PSoC5/front_left.c **** *
  60:Generated_Source\PSoC5/front_left.c **** *******************************************************************************/
  61:Generated_Source\PSoC5/front_left.c **** void front_left_Start(void)
  62:Generated_Source\PSoC5/front_left.c **** {
  28              		.loc 1 62 0
  29              		.cfi_startproc
  30              		@ args = 0, pretend = 0, frame = 0
  31              		@ frame_needed = 1, uses_anonymous_args = 0
  32 0000 80B5     		push	{r7, lr}
  33              		.cfi_def_cfa_offset 8
  34              		.cfi_offset 7, -8
  35              		.cfi_offset 14, -4
  36 0002 00AF     		add	r7, sp, #0
  37              		.cfi_def_cfa_register 7
  63:Generated_Source\PSoC5/front_left.c ****     /* For all we know the interrupt is active. */
  64:Generated_Source\PSoC5/front_left.c ****     front_left_Disable();
  38              		.loc 1 64 0
  39 0004 FFF7FEFF 		bl	front_left_Disable
  65:Generated_Source\PSoC5/front_left.c **** 
  66:Generated_Source\PSoC5/front_left.c ****     /* Set the ISR to point to the front_left Interrupt. */
  67:Generated_Source\PSoC5/front_left.c ****     front_left_SetVector(&front_left_Interrupt);
  40              		.loc 1 67 0
  41 0008 0448     		ldr	r0, .L2
  42 000a FFF7FEFF 		bl	front_left_SetVector
  68:Generated_Source\PSoC5/front_left.c **** 
  69:Generated_Source\PSoC5/front_left.c ****     /* Set the priority. */
  70:Generated_Source\PSoC5/front_left.c ****     front_left_SetPriority((uint8)front_left_INTC_PRIOR_NUMBER);
  43              		.loc 1 70 0
  44 000e 0720     		movs	r0, #7
ARM GAS  C:\Users\Calvi\AppData\Local\Temp\ccAb35HZ.s 			page 3


  45 0010 FFF7FEFF 		bl	front_left_SetPriority
  71:Generated_Source\PSoC5/front_left.c **** 
  72:Generated_Source\PSoC5/front_left.c ****     /* Enable it. */
  73:Generated_Source\PSoC5/front_left.c ****     front_left_Enable();
  46              		.loc 1 73 0
  47 0014 FFF7FEFF 		bl	front_left_Enable
  74:Generated_Source\PSoC5/front_left.c **** }
  48              		.loc 1 74 0
  49 0018 00BF     		nop
  50 001a 80BD     		pop	{r7, pc}
  51              	.L3:
  52              		.align	2
  53              	.L2:
  54 001c 00000000 		.word	front_left_Interrupt
  55              		.cfi_endproc
  56              	.LFE63:
  57              		.size	front_left_Start, .-front_left_Start
  58              		.section	.text.front_left_StartEx,"ax",%progbits
  59              		.align	2
  60              		.global	front_left_StartEx
  61              		.thumb
  62              		.thumb_func
  63              		.type	front_left_StartEx, %function
  64              	front_left_StartEx:
  65              	.LFB64:
  75:Generated_Source\PSoC5/front_left.c **** 
  76:Generated_Source\PSoC5/front_left.c **** 
  77:Generated_Source\PSoC5/front_left.c **** /*******************************************************************************
  78:Generated_Source\PSoC5/front_left.c **** * Function Name: front_left_StartEx
  79:Generated_Source\PSoC5/front_left.c **** ********************************************************************************
  80:Generated_Source\PSoC5/front_left.c **** *
  81:Generated_Source\PSoC5/front_left.c **** * Summary:
  82:Generated_Source\PSoC5/front_left.c **** *  Sets up the interrupt and enables it. This function disables the interrupt,
  83:Generated_Source\PSoC5/front_left.c **** *  sets the interrupt vector based on the address passed in, sets the priority 
  84:Generated_Source\PSoC5/front_left.c **** *  from the value in the Design Wide Resources Interrupt Editor, then enables 
  85:Generated_Source\PSoC5/front_left.c **** *  the interrupt to the interrupt controller.
  86:Generated_Source\PSoC5/front_left.c **** *  
  87:Generated_Source\PSoC5/front_left.c **** *  When defining ISR functions, the CY_ISR and CY_ISR_PROTO macros should be 
  88:Generated_Source\PSoC5/front_left.c **** *  used to provide consistent definition across compilers:
  89:Generated_Source\PSoC5/front_left.c **** *  
  90:Generated_Source\PSoC5/front_left.c **** *  Function definition example:
  91:Generated_Source\PSoC5/front_left.c **** *   CY_ISR(MyISR)
  92:Generated_Source\PSoC5/front_left.c **** *   {
  93:Generated_Source\PSoC5/front_left.c **** *   }
  94:Generated_Source\PSoC5/front_left.c **** *   Function prototype example:
  95:Generated_Source\PSoC5/front_left.c **** *   CY_ISR_PROTO(MyISR);
  96:Generated_Source\PSoC5/front_left.c **** *
  97:Generated_Source\PSoC5/front_left.c **** * Parameters:  
  98:Generated_Source\PSoC5/front_left.c **** *   address: Address of the ISR to set in the interrupt vector table.
  99:Generated_Source\PSoC5/front_left.c **** *
 100:Generated_Source\PSoC5/front_left.c **** * Return:
 101:Generated_Source\PSoC5/front_left.c **** *   None
 102:Generated_Source\PSoC5/front_left.c **** *
 103:Generated_Source\PSoC5/front_left.c **** *******************************************************************************/
 104:Generated_Source\PSoC5/front_left.c **** void front_left_StartEx(cyisraddress address)
 105:Generated_Source\PSoC5/front_left.c **** {
  66              		.loc 1 105 0
ARM GAS  C:\Users\Calvi\AppData\Local\Temp\ccAb35HZ.s 			page 4


  67              		.cfi_startproc
  68              		@ args = 0, pretend = 0, frame = 8
  69              		@ frame_needed = 1, uses_anonymous_args = 0
  70 0000 80B5     		push	{r7, lr}
  71              		.cfi_def_cfa_offset 8
  72              		.cfi_offset 7, -8
  73              		.cfi_offset 14, -4
  74 0002 82B0     		sub	sp, sp, #8
  75              		.cfi_def_cfa_offset 16
  76 0004 00AF     		add	r7, sp, #0
  77              		.cfi_def_cfa_register 7
  78 0006 7860     		str	r0, [r7, #4]
 106:Generated_Source\PSoC5/front_left.c ****     /* For all we know the interrupt is active. */
 107:Generated_Source\PSoC5/front_left.c ****     front_left_Disable();
  79              		.loc 1 107 0
  80 0008 FFF7FEFF 		bl	front_left_Disable
 108:Generated_Source\PSoC5/front_left.c **** 
 109:Generated_Source\PSoC5/front_left.c ****     /* Set the ISR to point to the front_left Interrupt. */
 110:Generated_Source\PSoC5/front_left.c ****     front_left_SetVector(address);
  81              		.loc 1 110 0
  82 000c 7868     		ldr	r0, [r7, #4]
  83 000e FFF7FEFF 		bl	front_left_SetVector
 111:Generated_Source\PSoC5/front_left.c **** 
 112:Generated_Source\PSoC5/front_left.c ****     /* Set the priority. */
 113:Generated_Source\PSoC5/front_left.c ****     front_left_SetPriority((uint8)front_left_INTC_PRIOR_NUMBER);
  84              		.loc 1 113 0
  85 0012 0720     		movs	r0, #7
  86 0014 FFF7FEFF 		bl	front_left_SetPriority
 114:Generated_Source\PSoC5/front_left.c **** 
 115:Generated_Source\PSoC5/front_left.c ****     /* Enable it. */
 116:Generated_Source\PSoC5/front_left.c ****     front_left_Enable();
  87              		.loc 1 116 0
  88 0018 FFF7FEFF 		bl	front_left_Enable
 117:Generated_Source\PSoC5/front_left.c **** }
  89              		.loc 1 117 0
  90 001c 00BF     		nop
  91 001e 0837     		adds	r7, r7, #8
  92              		.cfi_def_cfa_offset 8
  93 0020 BD46     		mov	sp, r7
  94              		.cfi_def_cfa_register 13
  95              		@ sp needed
  96 0022 80BD     		pop	{r7, pc}
  97              		.cfi_endproc
  98              	.LFE64:
  99              		.size	front_left_StartEx, .-front_left_StartEx
 100              		.section	.text.front_left_Stop,"ax",%progbits
 101              		.align	2
 102              		.global	front_left_Stop
 103              		.thumb
 104              		.thumb_func
 105              		.type	front_left_Stop, %function
 106              	front_left_Stop:
 107              	.LFB65:
 118:Generated_Source\PSoC5/front_left.c **** 
 119:Generated_Source\PSoC5/front_left.c **** 
 120:Generated_Source\PSoC5/front_left.c **** /*******************************************************************************
 121:Generated_Source\PSoC5/front_left.c **** * Function Name: front_left_Stop
ARM GAS  C:\Users\Calvi\AppData\Local\Temp\ccAb35HZ.s 			page 5


 122:Generated_Source\PSoC5/front_left.c **** ********************************************************************************
 123:Generated_Source\PSoC5/front_left.c **** *
 124:Generated_Source\PSoC5/front_left.c **** * Summary:
 125:Generated_Source\PSoC5/front_left.c **** *   Disables and removes the interrupt.
 126:Generated_Source\PSoC5/front_left.c **** *
 127:Generated_Source\PSoC5/front_left.c **** * Parameters:  
 128:Generated_Source\PSoC5/front_left.c **** *   None
 129:Generated_Source\PSoC5/front_left.c **** *
 130:Generated_Source\PSoC5/front_left.c **** * Return:
 131:Generated_Source\PSoC5/front_left.c **** *   None
 132:Generated_Source\PSoC5/front_left.c **** *
 133:Generated_Source\PSoC5/front_left.c **** *******************************************************************************/
 134:Generated_Source\PSoC5/front_left.c **** void front_left_Stop(void)
 135:Generated_Source\PSoC5/front_left.c **** {
 108              		.loc 1 135 0
 109              		.cfi_startproc
 110              		@ args = 0, pretend = 0, frame = 0
 111              		@ frame_needed = 1, uses_anonymous_args = 0
 112 0000 80B5     		push	{r7, lr}
 113              		.cfi_def_cfa_offset 8
 114              		.cfi_offset 7, -8
 115              		.cfi_offset 14, -4
 116 0002 00AF     		add	r7, sp, #0
 117              		.cfi_def_cfa_register 7
 136:Generated_Source\PSoC5/front_left.c ****     /* Disable this interrupt. */
 137:Generated_Source\PSoC5/front_left.c ****     front_left_Disable();
 118              		.loc 1 137 0
 119 0004 FFF7FEFF 		bl	front_left_Disable
 138:Generated_Source\PSoC5/front_left.c **** 
 139:Generated_Source\PSoC5/front_left.c ****     /* Set the ISR to point to the passive one. */
 140:Generated_Source\PSoC5/front_left.c ****     front_left_SetVector(&IntDefaultHandler);
 120              		.loc 1 140 0
 121 0008 0248     		ldr	r0, .L6
 122 000a FFF7FEFF 		bl	front_left_SetVector
 141:Generated_Source\PSoC5/front_left.c **** }
 123              		.loc 1 141 0
 124 000e 00BF     		nop
 125 0010 80BD     		pop	{r7, pc}
 126              	.L7:
 127 0012 00BF     		.align	2
 128              	.L6:
 129 0014 00000000 		.word	IntDefaultHandler
 130              		.cfi_endproc
 131              	.LFE65:
 132              		.size	front_left_Stop, .-front_left_Stop
 133              		.section	.text.front_left_Interrupt,"ax",%progbits
 134              		.align	2
 135              		.global	front_left_Interrupt
 136              		.thumb
 137              		.thumb_func
 138              		.type	front_left_Interrupt, %function
 139              	front_left_Interrupt:
 140              	.LFB66:
 142:Generated_Source\PSoC5/front_left.c **** 
 143:Generated_Source\PSoC5/front_left.c **** 
 144:Generated_Source\PSoC5/front_left.c **** /*******************************************************************************
 145:Generated_Source\PSoC5/front_left.c **** * Function Name: front_left_Interrupt
ARM GAS  C:\Users\Calvi\AppData\Local\Temp\ccAb35HZ.s 			page 6


 146:Generated_Source\PSoC5/front_left.c **** ********************************************************************************
 147:Generated_Source\PSoC5/front_left.c **** *
 148:Generated_Source\PSoC5/front_left.c **** * Summary:
 149:Generated_Source\PSoC5/front_left.c **** *   The default Interrupt Service Routine for front_left.
 150:Generated_Source\PSoC5/front_left.c **** *
 151:Generated_Source\PSoC5/front_left.c **** *   Add custom code between the coments to keep the next version of this file
 152:Generated_Source\PSoC5/front_left.c **** *   from over writting your code.
 153:Generated_Source\PSoC5/front_left.c **** *
 154:Generated_Source\PSoC5/front_left.c **** * Parameters:  
 155:Generated_Source\PSoC5/front_left.c **** *
 156:Generated_Source\PSoC5/front_left.c **** * Return:
 157:Generated_Source\PSoC5/front_left.c **** *   None
 158:Generated_Source\PSoC5/front_left.c **** *
 159:Generated_Source\PSoC5/front_left.c **** *******************************************************************************/
 160:Generated_Source\PSoC5/front_left.c **** CY_ISR(front_left_Interrupt)
 161:Generated_Source\PSoC5/front_left.c **** {
 141              		.loc 1 161 0
 142              		.cfi_startproc
 143              		@ args = 0, pretend = 0, frame = 0
 144              		@ frame_needed = 1, uses_anonymous_args = 0
 145              		@ link register save eliminated.
 146 0000 80B4     		push	{r7}
 147              		.cfi_def_cfa_offset 4
 148              		.cfi_offset 7, -4
 149 0002 00AF     		add	r7, sp, #0
 150              		.cfi_def_cfa_register 7
 162:Generated_Source\PSoC5/front_left.c ****     #ifdef front_left_INTERRUPT_INTERRUPT_CALLBACK
 163:Generated_Source\PSoC5/front_left.c ****         front_left_Interrupt_InterruptCallback();
 164:Generated_Source\PSoC5/front_left.c ****     #endif /* front_left_INTERRUPT_INTERRUPT_CALLBACK */ 
 165:Generated_Source\PSoC5/front_left.c **** 
 166:Generated_Source\PSoC5/front_left.c ****     /*  Place your Interrupt code here. */
 167:Generated_Source\PSoC5/front_left.c ****     /* `#START front_left_Interrupt` */
 168:Generated_Source\PSoC5/front_left.c ****     
 169:Generated_Source\PSoC5/front_left.c ****     /* `#END` */
 170:Generated_Source\PSoC5/front_left.c **** }
 151              		.loc 1 170 0
 152 0004 00BF     		nop
 153 0006 BD46     		mov	sp, r7
 154              		.cfi_def_cfa_register 13
 155              		@ sp needed
 156 0008 80BC     		pop	{r7}
 157              		.cfi_restore 7
 158              		.cfi_def_cfa_offset 0
 159 000a 7047     		bx	lr
 160              		.cfi_endproc
 161              	.LFE66:
 162              		.size	front_left_Interrupt, .-front_left_Interrupt
 163              		.section	.text.front_left_SetVector,"ax",%progbits
 164              		.align	2
 165              		.global	front_left_SetVector
 166              		.thumb
 167              		.thumb_func
 168              		.type	front_left_SetVector, %function
 169              	front_left_SetVector:
 170              	.LFB67:
 171:Generated_Source\PSoC5/front_left.c **** 
 172:Generated_Source\PSoC5/front_left.c **** 
ARM GAS  C:\Users\Calvi\AppData\Local\Temp\ccAb35HZ.s 			page 7


 173:Generated_Source\PSoC5/front_left.c **** /*******************************************************************************
 174:Generated_Source\PSoC5/front_left.c **** * Function Name: front_left_SetVector
 175:Generated_Source\PSoC5/front_left.c **** ********************************************************************************
 176:Generated_Source\PSoC5/front_left.c **** *
 177:Generated_Source\PSoC5/front_left.c **** * Summary:
 178:Generated_Source\PSoC5/front_left.c **** *   Change the ISR vector for the Interrupt. Note calling front_left_Start
 179:Generated_Source\PSoC5/front_left.c **** *   will override any effect this method would have had. To set the vector 
 180:Generated_Source\PSoC5/front_left.c **** *   before the component has been started use front_left_StartEx instead.
 181:Generated_Source\PSoC5/front_left.c **** * 
 182:Generated_Source\PSoC5/front_left.c **** *   When defining ISR functions, the CY_ISR and CY_ISR_PROTO macros should be 
 183:Generated_Source\PSoC5/front_left.c **** *   used to provide consistent definition across compilers:
 184:Generated_Source\PSoC5/front_left.c **** *
 185:Generated_Source\PSoC5/front_left.c **** *   Function definition example:
 186:Generated_Source\PSoC5/front_left.c **** *   CY_ISR(MyISR)
 187:Generated_Source\PSoC5/front_left.c **** *   {
 188:Generated_Source\PSoC5/front_left.c **** *   }
 189:Generated_Source\PSoC5/front_left.c **** *
 190:Generated_Source\PSoC5/front_left.c **** *   Function prototype example:
 191:Generated_Source\PSoC5/front_left.c **** *     CY_ISR_PROTO(MyISR);
 192:Generated_Source\PSoC5/front_left.c **** *
 193:Generated_Source\PSoC5/front_left.c **** * Parameters:
 194:Generated_Source\PSoC5/front_left.c **** *   address: Address of the ISR to set in the interrupt vector table.
 195:Generated_Source\PSoC5/front_left.c **** *
 196:Generated_Source\PSoC5/front_left.c **** * Return:
 197:Generated_Source\PSoC5/front_left.c **** *   None
 198:Generated_Source\PSoC5/front_left.c **** *
 199:Generated_Source\PSoC5/front_left.c **** *******************************************************************************/
 200:Generated_Source\PSoC5/front_left.c **** void front_left_SetVector(cyisraddress address)
 201:Generated_Source\PSoC5/front_left.c **** {
 171              		.loc 1 201 0
 172              		.cfi_startproc
 173              		@ args = 0, pretend = 0, frame = 16
 174              		@ frame_needed = 1, uses_anonymous_args = 0
 175              		@ link register save eliminated.
 176 0000 80B4     		push	{r7}
 177              		.cfi_def_cfa_offset 4
 178              		.cfi_offset 7, -4
 179 0002 85B0     		sub	sp, sp, #20
 180              		.cfi_def_cfa_offset 24
 181 0004 00AF     		add	r7, sp, #0
 182              		.cfi_def_cfa_register 7
 183 0006 7860     		str	r0, [r7, #4]
 202:Generated_Source\PSoC5/front_left.c ****     cyisraddress * ramVectorTable;
 203:Generated_Source\PSoC5/front_left.c **** 
 204:Generated_Source\PSoC5/front_left.c ****     ramVectorTable = (cyisraddress *) *CYINT_VECT_TABLE;
 184              		.loc 1 204 0
 185 0008 054B     		ldr	r3, .L10
 186 000a 1B68     		ldr	r3, [r3]
 187 000c FB60     		str	r3, [r7, #12]
 205:Generated_Source\PSoC5/front_left.c **** 
 206:Generated_Source\PSoC5/front_left.c ****     ramVectorTable[CYINT_IRQ_BASE + (uint32)front_left__INTC_NUMBER] = address;
 188              		.loc 1 206 0
 189 000e FB68     		ldr	r3, [r7, #12]
 190 0010 4C33     		adds	r3, r3, #76
 191 0012 7A68     		ldr	r2, [r7, #4]
 192 0014 1A60     		str	r2, [r3]
 207:Generated_Source\PSoC5/front_left.c **** }
ARM GAS  C:\Users\Calvi\AppData\Local\Temp\ccAb35HZ.s 			page 8


 193              		.loc 1 207 0
 194 0016 00BF     		nop
 195 0018 1437     		adds	r7, r7, #20
 196              		.cfi_def_cfa_offset 4
 197 001a BD46     		mov	sp, r7
 198              		.cfi_def_cfa_register 13
 199              		@ sp needed
 200 001c 80BC     		pop	{r7}
 201              		.cfi_restore 7
 202              		.cfi_def_cfa_offset 0
 203 001e 7047     		bx	lr
 204              	.L11:
 205              		.align	2
 206              	.L10:
 207 0020 08ED00E0 		.word	-536810232
 208              		.cfi_endproc
 209              	.LFE67:
 210              		.size	front_left_SetVector, .-front_left_SetVector
 211              		.section	.text.front_left_GetVector,"ax",%progbits
 212              		.align	2
 213              		.global	front_left_GetVector
 214              		.thumb
 215              		.thumb_func
 216              		.type	front_left_GetVector, %function
 217              	front_left_GetVector:
 218              	.LFB68:
 208:Generated_Source\PSoC5/front_left.c **** 
 209:Generated_Source\PSoC5/front_left.c **** 
 210:Generated_Source\PSoC5/front_left.c **** /*******************************************************************************
 211:Generated_Source\PSoC5/front_left.c **** * Function Name: front_left_GetVector
 212:Generated_Source\PSoC5/front_left.c **** ********************************************************************************
 213:Generated_Source\PSoC5/front_left.c **** *
 214:Generated_Source\PSoC5/front_left.c **** * Summary:
 215:Generated_Source\PSoC5/front_left.c **** *   Gets the "address" of the current ISR vector for the Interrupt.
 216:Generated_Source\PSoC5/front_left.c **** *
 217:Generated_Source\PSoC5/front_left.c **** * Parameters:
 218:Generated_Source\PSoC5/front_left.c **** *   None
 219:Generated_Source\PSoC5/front_left.c **** *
 220:Generated_Source\PSoC5/front_left.c **** * Return:
 221:Generated_Source\PSoC5/front_left.c **** *   Address of the ISR in the interrupt vector table.
 222:Generated_Source\PSoC5/front_left.c **** *
 223:Generated_Source\PSoC5/front_left.c **** *******************************************************************************/
 224:Generated_Source\PSoC5/front_left.c **** cyisraddress front_left_GetVector(void)
 225:Generated_Source\PSoC5/front_left.c **** {
 219              		.loc 1 225 0
 220              		.cfi_startproc
 221              		@ args = 0, pretend = 0, frame = 8
 222              		@ frame_needed = 1, uses_anonymous_args = 0
 223              		@ link register save eliminated.
 224 0000 80B4     		push	{r7}
 225              		.cfi_def_cfa_offset 4
 226              		.cfi_offset 7, -4
 227 0002 83B0     		sub	sp, sp, #12
 228              		.cfi_def_cfa_offset 16
 229 0004 00AF     		add	r7, sp, #0
 230              		.cfi_def_cfa_register 7
 226:Generated_Source\PSoC5/front_left.c ****     cyisraddress * ramVectorTable;
ARM GAS  C:\Users\Calvi\AppData\Local\Temp\ccAb35HZ.s 			page 9


 227:Generated_Source\PSoC5/front_left.c **** 
 228:Generated_Source\PSoC5/front_left.c ****     ramVectorTable = (cyisraddress *) *CYINT_VECT_TABLE;
 231              		.loc 1 228 0
 232 0006 054B     		ldr	r3, .L14
 233 0008 1B68     		ldr	r3, [r3]
 234 000a 7B60     		str	r3, [r7, #4]
 229:Generated_Source\PSoC5/front_left.c **** 
 230:Generated_Source\PSoC5/front_left.c ****     return ramVectorTable[CYINT_IRQ_BASE + (uint32)front_left__INTC_NUMBER];
 235              		.loc 1 230 0
 236 000c 7B68     		ldr	r3, [r7, #4]
 237 000e DB6C     		ldr	r3, [r3, #76]
 231:Generated_Source\PSoC5/front_left.c **** }
 238              		.loc 1 231 0
 239 0010 1846     		mov	r0, r3
 240 0012 0C37     		adds	r7, r7, #12
 241              		.cfi_def_cfa_offset 4
 242 0014 BD46     		mov	sp, r7
 243              		.cfi_def_cfa_register 13
 244              		@ sp needed
 245 0016 80BC     		pop	{r7}
 246              		.cfi_restore 7
 247              		.cfi_def_cfa_offset 0
 248 0018 7047     		bx	lr
 249              	.L15:
 250 001a 00BF     		.align	2
 251              	.L14:
 252 001c 08ED00E0 		.word	-536810232
 253              		.cfi_endproc
 254              	.LFE68:
 255              		.size	front_left_GetVector, .-front_left_GetVector
 256              		.section	.text.front_left_SetPriority,"ax",%progbits
 257              		.align	2
 258              		.global	front_left_SetPriority
 259              		.thumb
 260              		.thumb_func
 261              		.type	front_left_SetPriority, %function
 262              	front_left_SetPriority:
 263              	.LFB69:
 232:Generated_Source\PSoC5/front_left.c **** 
 233:Generated_Source\PSoC5/front_left.c **** 
 234:Generated_Source\PSoC5/front_left.c **** /*******************************************************************************
 235:Generated_Source\PSoC5/front_left.c **** * Function Name: front_left_SetPriority
 236:Generated_Source\PSoC5/front_left.c **** ********************************************************************************
 237:Generated_Source\PSoC5/front_left.c **** *
 238:Generated_Source\PSoC5/front_left.c **** * Summary:
 239:Generated_Source\PSoC5/front_left.c **** *   Sets the Priority of the Interrupt. 
 240:Generated_Source\PSoC5/front_left.c **** *
 241:Generated_Source\PSoC5/front_left.c **** *   Note calling front_left_Start or front_left_StartEx will 
 242:Generated_Source\PSoC5/front_left.c **** *   override any effect this API would have had. This API should only be called
 243:Generated_Source\PSoC5/front_left.c **** *   after front_left_Start or front_left_StartEx has been called. 
 244:Generated_Source\PSoC5/front_left.c **** *   To set the initial priority for the component, use the Design-Wide Resources
 245:Generated_Source\PSoC5/front_left.c **** *   Interrupt Editor.
 246:Generated_Source\PSoC5/front_left.c **** *
 247:Generated_Source\PSoC5/front_left.c **** *   Note This API has no effect on Non-maskable interrupt NMI).
 248:Generated_Source\PSoC5/front_left.c **** *
 249:Generated_Source\PSoC5/front_left.c **** * Parameters:
 250:Generated_Source\PSoC5/front_left.c **** *   priority: Priority of the interrupt, 0 being the highest priority
ARM GAS  C:\Users\Calvi\AppData\Local\Temp\ccAb35HZ.s 			page 10


 251:Generated_Source\PSoC5/front_left.c **** *             PSoC 3 and PSoC 5LP: Priority is from 0 to 7.
 252:Generated_Source\PSoC5/front_left.c **** *             PSoC 4: Priority is from 0 to 3.
 253:Generated_Source\PSoC5/front_left.c **** *
 254:Generated_Source\PSoC5/front_left.c **** * Return:
 255:Generated_Source\PSoC5/front_left.c **** *   None
 256:Generated_Source\PSoC5/front_left.c **** *
 257:Generated_Source\PSoC5/front_left.c **** *******************************************************************************/
 258:Generated_Source\PSoC5/front_left.c **** void front_left_SetPriority(uint8 priority)
 259:Generated_Source\PSoC5/front_left.c **** {
 264              		.loc 1 259 0
 265              		.cfi_startproc
 266              		@ args = 0, pretend = 0, frame = 8
 267              		@ frame_needed = 1, uses_anonymous_args = 0
 268              		@ link register save eliminated.
 269 0000 80B4     		push	{r7}
 270              		.cfi_def_cfa_offset 4
 271              		.cfi_offset 7, -4
 272 0002 83B0     		sub	sp, sp, #12
 273              		.cfi_def_cfa_offset 16
 274 0004 00AF     		add	r7, sp, #0
 275              		.cfi_def_cfa_register 7
 276 0006 0346     		mov	r3, r0
 277 0008 FB71     		strb	r3, [r7, #7]
 260:Generated_Source\PSoC5/front_left.c ****     *front_left_INTC_PRIOR = priority << 5;
 278              		.loc 1 260 0
 279 000a 054A     		ldr	r2, .L17
 280 000c FB79     		ldrb	r3, [r7, #7]
 281 000e 5B01     		lsls	r3, r3, #5
 282 0010 DBB2     		uxtb	r3, r3
 283 0012 1370     		strb	r3, [r2]
 261:Generated_Source\PSoC5/front_left.c **** }
 284              		.loc 1 261 0
 285 0014 00BF     		nop
 286 0016 0C37     		adds	r7, r7, #12
 287              		.cfi_def_cfa_offset 4
 288 0018 BD46     		mov	sp, r7
 289              		.cfi_def_cfa_register 13
 290              		@ sp needed
 291 001a 80BC     		pop	{r7}
 292              		.cfi_restore 7
 293              		.cfi_def_cfa_offset 0
 294 001c 7047     		bx	lr
 295              	.L18:
 296 001e 00BF     		.align	2
 297              	.L17:
 298 0020 03E400E0 		.word	-536812541
 299              		.cfi_endproc
 300              	.LFE69:
 301              		.size	front_left_SetPriority, .-front_left_SetPriority
 302              		.section	.text.front_left_GetPriority,"ax",%progbits
 303              		.align	2
 304              		.global	front_left_GetPriority
 305              		.thumb
 306              		.thumb_func
 307              		.type	front_left_GetPriority, %function
 308              	front_left_GetPriority:
 309              	.LFB70:
ARM GAS  C:\Users\Calvi\AppData\Local\Temp\ccAb35HZ.s 			page 11


 262:Generated_Source\PSoC5/front_left.c **** 
 263:Generated_Source\PSoC5/front_left.c **** 
 264:Generated_Source\PSoC5/front_left.c **** /*******************************************************************************
 265:Generated_Source\PSoC5/front_left.c **** * Function Name: front_left_GetPriority
 266:Generated_Source\PSoC5/front_left.c **** ********************************************************************************
 267:Generated_Source\PSoC5/front_left.c **** *
 268:Generated_Source\PSoC5/front_left.c **** * Summary:
 269:Generated_Source\PSoC5/front_left.c **** *   Gets the Priority of the Interrupt.
 270:Generated_Source\PSoC5/front_left.c **** *
 271:Generated_Source\PSoC5/front_left.c **** * Parameters:
 272:Generated_Source\PSoC5/front_left.c **** *   None
 273:Generated_Source\PSoC5/front_left.c **** *
 274:Generated_Source\PSoC5/front_left.c **** * Return:
 275:Generated_Source\PSoC5/front_left.c **** *   Priority of the interrupt, 0 being the highest priority
 276:Generated_Source\PSoC5/front_left.c **** *    PSoC 3 and PSoC 5LP: Priority is from 0 to 7.
 277:Generated_Source\PSoC5/front_left.c **** *    PSoC 4: Priority is from 0 to 3.
 278:Generated_Source\PSoC5/front_left.c **** *
 279:Generated_Source\PSoC5/front_left.c **** *******************************************************************************/
 280:Generated_Source\PSoC5/front_left.c **** uint8 front_left_GetPriority(void)
 281:Generated_Source\PSoC5/front_left.c **** {
 310              		.loc 1 281 0
 311              		.cfi_startproc
 312              		@ args = 0, pretend = 0, frame = 8
 313              		@ frame_needed = 1, uses_anonymous_args = 0
 314              		@ link register save eliminated.
 315 0000 80B4     		push	{r7}
 316              		.cfi_def_cfa_offset 4
 317              		.cfi_offset 7, -4
 318 0002 83B0     		sub	sp, sp, #12
 319              		.cfi_def_cfa_offset 16
 320 0004 00AF     		add	r7, sp, #0
 321              		.cfi_def_cfa_register 7
 282:Generated_Source\PSoC5/front_left.c ****     uint8 priority;
 283:Generated_Source\PSoC5/front_left.c **** 
 284:Generated_Source\PSoC5/front_left.c **** 
 285:Generated_Source\PSoC5/front_left.c ****     priority = *front_left_INTC_PRIOR >> 5;
 322              		.loc 1 285 0
 323 0006 054B     		ldr	r3, .L21
 324 0008 1B78     		ldrb	r3, [r3]
 325 000a DBB2     		uxtb	r3, r3
 326 000c 5B09     		lsrs	r3, r3, #5
 327 000e FB71     		strb	r3, [r7, #7]
 286:Generated_Source\PSoC5/front_left.c **** 
 287:Generated_Source\PSoC5/front_left.c ****     return priority;
 328              		.loc 1 287 0
 329 0010 FB79     		ldrb	r3, [r7, #7]	@ zero_extendqisi2
 288:Generated_Source\PSoC5/front_left.c **** }
 330              		.loc 1 288 0
 331 0012 1846     		mov	r0, r3
 332 0014 0C37     		adds	r7, r7, #12
 333              		.cfi_def_cfa_offset 4
 334 0016 BD46     		mov	sp, r7
 335              		.cfi_def_cfa_register 13
 336              		@ sp needed
 337 0018 80BC     		pop	{r7}
 338              		.cfi_restore 7
 339              		.cfi_def_cfa_offset 0
ARM GAS  C:\Users\Calvi\AppData\Local\Temp\ccAb35HZ.s 			page 12


 340 001a 7047     		bx	lr
 341              	.L22:
 342              		.align	2
 343              	.L21:
 344 001c 03E400E0 		.word	-536812541
 345              		.cfi_endproc
 346              	.LFE70:
 347              		.size	front_left_GetPriority, .-front_left_GetPriority
 348              		.section	.text.front_left_Enable,"ax",%progbits
 349              		.align	2
 350              		.global	front_left_Enable
 351              		.thumb
 352              		.thumb_func
 353              		.type	front_left_Enable, %function
 354              	front_left_Enable:
 355              	.LFB71:
 289:Generated_Source\PSoC5/front_left.c **** 
 290:Generated_Source\PSoC5/front_left.c **** 
 291:Generated_Source\PSoC5/front_left.c **** /*******************************************************************************
 292:Generated_Source\PSoC5/front_left.c **** * Function Name: front_left_Enable
 293:Generated_Source\PSoC5/front_left.c **** ********************************************************************************
 294:Generated_Source\PSoC5/front_left.c **** *
 295:Generated_Source\PSoC5/front_left.c **** * Summary:
 296:Generated_Source\PSoC5/front_left.c **** *   Enables the interrupt to the interrupt controller. Do not call this function
 297:Generated_Source\PSoC5/front_left.c **** *   unless ISR_Start() has been called or the functionality of the ISR_Start() 
 298:Generated_Source\PSoC5/front_left.c **** *   function, which sets the vector and the priority, has been called.
 299:Generated_Source\PSoC5/front_left.c **** *
 300:Generated_Source\PSoC5/front_left.c **** * Parameters:
 301:Generated_Source\PSoC5/front_left.c **** *   None
 302:Generated_Source\PSoC5/front_left.c **** *
 303:Generated_Source\PSoC5/front_left.c **** * Return:
 304:Generated_Source\PSoC5/front_left.c **** *   None
 305:Generated_Source\PSoC5/front_left.c **** *
 306:Generated_Source\PSoC5/front_left.c **** *******************************************************************************/
 307:Generated_Source\PSoC5/front_left.c **** void front_left_Enable(void)
 308:Generated_Source\PSoC5/front_left.c **** {
 356              		.loc 1 308 0
 357              		.cfi_startproc
 358              		@ args = 0, pretend = 0, frame = 0
 359              		@ frame_needed = 1, uses_anonymous_args = 0
 360              		@ link register save eliminated.
 361 0000 80B4     		push	{r7}
 362              		.cfi_def_cfa_offset 4
 363              		.cfi_offset 7, -4
 364 0002 00AF     		add	r7, sp, #0
 365              		.cfi_def_cfa_register 7
 309:Generated_Source\PSoC5/front_left.c ****     /* Enable the general interrupt. */
 310:Generated_Source\PSoC5/front_left.c ****     *front_left_INTC_SET_EN = front_left__INTC_MASK;
 366              		.loc 1 310 0
 367 0004 034B     		ldr	r3, .L24
 368 0006 0822     		movs	r2, #8
 369 0008 1A60     		str	r2, [r3]
 311:Generated_Source\PSoC5/front_left.c **** }
 370              		.loc 1 311 0
 371 000a 00BF     		nop
 372 000c BD46     		mov	sp, r7
 373              		.cfi_def_cfa_register 13
ARM GAS  C:\Users\Calvi\AppData\Local\Temp\ccAb35HZ.s 			page 13


 374              		@ sp needed
 375 000e 80BC     		pop	{r7}
 376              		.cfi_restore 7
 377              		.cfi_def_cfa_offset 0
 378 0010 7047     		bx	lr
 379              	.L25:
 380 0012 00BF     		.align	2
 381              	.L24:
 382 0014 00E100E0 		.word	-536813312
 383              		.cfi_endproc
 384              	.LFE71:
 385              		.size	front_left_Enable, .-front_left_Enable
 386              		.section	.text.front_left_GetState,"ax",%progbits
 387              		.align	2
 388              		.global	front_left_GetState
 389              		.thumb
 390              		.thumb_func
 391              		.type	front_left_GetState, %function
 392              	front_left_GetState:
 393              	.LFB72:
 312:Generated_Source\PSoC5/front_left.c **** 
 313:Generated_Source\PSoC5/front_left.c **** 
 314:Generated_Source\PSoC5/front_left.c **** /*******************************************************************************
 315:Generated_Source\PSoC5/front_left.c **** * Function Name: front_left_GetState
 316:Generated_Source\PSoC5/front_left.c **** ********************************************************************************
 317:Generated_Source\PSoC5/front_left.c **** *
 318:Generated_Source\PSoC5/front_left.c **** * Summary:
 319:Generated_Source\PSoC5/front_left.c **** *   Gets the state (enabled, disabled) of the Interrupt.
 320:Generated_Source\PSoC5/front_left.c **** *
 321:Generated_Source\PSoC5/front_left.c **** * Parameters:
 322:Generated_Source\PSoC5/front_left.c **** *   None
 323:Generated_Source\PSoC5/front_left.c **** *
 324:Generated_Source\PSoC5/front_left.c **** * Return:
 325:Generated_Source\PSoC5/front_left.c **** *   1 if enabled, 0 if disabled.
 326:Generated_Source\PSoC5/front_left.c **** *
 327:Generated_Source\PSoC5/front_left.c **** *******************************************************************************/
 328:Generated_Source\PSoC5/front_left.c **** uint8 front_left_GetState(void)
 329:Generated_Source\PSoC5/front_left.c **** {
 394              		.loc 1 329 0
 395              		.cfi_startproc
 396              		@ args = 0, pretend = 0, frame = 0
 397              		@ frame_needed = 1, uses_anonymous_args = 0
 398              		@ link register save eliminated.
 399 0000 80B4     		push	{r7}
 400              		.cfi_def_cfa_offset 4
 401              		.cfi_offset 7, -4
 402 0002 00AF     		add	r7, sp, #0
 403              		.cfi_def_cfa_register 7
 330:Generated_Source\PSoC5/front_left.c ****     /* Get the state of the general interrupt. */
 331:Generated_Source\PSoC5/front_left.c ****     return ((*front_left_INTC_SET_EN & (uint32)front_left__INTC_MASK) != 0u) ? 1u:0u;
 404              		.loc 1 331 0
 405 0004 064B     		ldr	r3, .L30
 406 0006 1B68     		ldr	r3, [r3]
 407 0008 03F00803 		and	r3, r3, #8
 408 000c 002B     		cmp	r3, #0
 409 000e 01D0     		beq	.L27
 410              		.loc 1 331 0 is_stmt 0 discriminator 1
ARM GAS  C:\Users\Calvi\AppData\Local\Temp\ccAb35HZ.s 			page 14


 411 0010 0123     		movs	r3, #1
 412 0012 00E0     		b	.L28
 413              	.L27:
 414              		.loc 1 331 0 discriminator 2
 415 0014 0023     		movs	r3, #0
 416              	.L28:
 332:Generated_Source\PSoC5/front_left.c **** }
 417              		.loc 1 332 0 is_stmt 1 discriminator 4
 418 0016 1846     		mov	r0, r3
 419 0018 BD46     		mov	sp, r7
 420              		.cfi_def_cfa_register 13
 421              		@ sp needed
 422 001a 80BC     		pop	{r7}
 423              		.cfi_restore 7
 424              		.cfi_def_cfa_offset 0
 425 001c 7047     		bx	lr
 426              	.L31:
 427 001e 00BF     		.align	2
 428              	.L30:
 429 0020 00E100E0 		.word	-536813312
 430              		.cfi_endproc
 431              	.LFE72:
 432              		.size	front_left_GetState, .-front_left_GetState
 433              		.section	.text.front_left_Disable,"ax",%progbits
 434              		.align	2
 435              		.global	front_left_Disable
 436              		.thumb
 437              		.thumb_func
 438              		.type	front_left_Disable, %function
 439              	front_left_Disable:
 440              	.LFB73:
 333:Generated_Source\PSoC5/front_left.c **** 
 334:Generated_Source\PSoC5/front_left.c **** 
 335:Generated_Source\PSoC5/front_left.c **** /*******************************************************************************
 336:Generated_Source\PSoC5/front_left.c **** * Function Name: front_left_Disable
 337:Generated_Source\PSoC5/front_left.c **** ********************************************************************************
 338:Generated_Source\PSoC5/front_left.c **** *
 339:Generated_Source\PSoC5/front_left.c **** * Summary:
 340:Generated_Source\PSoC5/front_left.c **** *   Disables the Interrupt in the interrupt controller.
 341:Generated_Source\PSoC5/front_left.c **** *
 342:Generated_Source\PSoC5/front_left.c **** * Parameters:
 343:Generated_Source\PSoC5/front_left.c **** *   None
 344:Generated_Source\PSoC5/front_left.c **** *
 345:Generated_Source\PSoC5/front_left.c **** * Return:
 346:Generated_Source\PSoC5/front_left.c **** *   None
 347:Generated_Source\PSoC5/front_left.c **** *
 348:Generated_Source\PSoC5/front_left.c **** *******************************************************************************/
 349:Generated_Source\PSoC5/front_left.c **** void front_left_Disable(void)
 350:Generated_Source\PSoC5/front_left.c **** {
 441              		.loc 1 350 0
 442              		.cfi_startproc
 443              		@ args = 0, pretend = 0, frame = 0
 444              		@ frame_needed = 1, uses_anonymous_args = 0
 445              		@ link register save eliminated.
 446 0000 80B4     		push	{r7}
 447              		.cfi_def_cfa_offset 4
 448              		.cfi_offset 7, -4
ARM GAS  C:\Users\Calvi\AppData\Local\Temp\ccAb35HZ.s 			page 15


 449 0002 00AF     		add	r7, sp, #0
 450              		.cfi_def_cfa_register 7
 351:Generated_Source\PSoC5/front_left.c ****     /* Disable the general interrupt. */
 352:Generated_Source\PSoC5/front_left.c ****     *front_left_INTC_CLR_EN = front_left__INTC_MASK;
 451              		.loc 1 352 0
 452 0004 034B     		ldr	r3, .L33
 453 0006 0822     		movs	r2, #8
 454 0008 1A60     		str	r2, [r3]
 353:Generated_Source\PSoC5/front_left.c **** }
 455              		.loc 1 353 0
 456 000a 00BF     		nop
 457 000c BD46     		mov	sp, r7
 458              		.cfi_def_cfa_register 13
 459              		@ sp needed
 460 000e 80BC     		pop	{r7}
 461              		.cfi_restore 7
 462              		.cfi_def_cfa_offset 0
 463 0010 7047     		bx	lr
 464              	.L34:
 465 0012 00BF     		.align	2
 466              	.L33:
 467 0014 80E100E0 		.word	-536813184
 468              		.cfi_endproc
 469              	.LFE73:
 470              		.size	front_left_Disable, .-front_left_Disable
 471              		.section	.text.front_left_SetPending,"ax",%progbits
 472              		.align	2
 473              		.global	front_left_SetPending
 474              		.thumb
 475              		.thumb_func
 476              		.type	front_left_SetPending, %function
 477              	front_left_SetPending:
 478              	.LFB74:
 354:Generated_Source\PSoC5/front_left.c **** 
 355:Generated_Source\PSoC5/front_left.c **** 
 356:Generated_Source\PSoC5/front_left.c **** /*******************************************************************************
 357:Generated_Source\PSoC5/front_left.c **** * Function Name: front_left_SetPending
 358:Generated_Source\PSoC5/front_left.c **** ********************************************************************************
 359:Generated_Source\PSoC5/front_left.c **** *
 360:Generated_Source\PSoC5/front_left.c **** * Summary:
 361:Generated_Source\PSoC5/front_left.c **** *   Causes the Interrupt to enter the pending state, a software method of
 362:Generated_Source\PSoC5/front_left.c **** *   generating the interrupt.
 363:Generated_Source\PSoC5/front_left.c **** *
 364:Generated_Source\PSoC5/front_left.c **** * Parameters:
 365:Generated_Source\PSoC5/front_left.c **** *   None
 366:Generated_Source\PSoC5/front_left.c **** *
 367:Generated_Source\PSoC5/front_left.c **** * Return:
 368:Generated_Source\PSoC5/front_left.c **** *   None
 369:Generated_Source\PSoC5/front_left.c **** *
 370:Generated_Source\PSoC5/front_left.c **** * Side Effects:
 371:Generated_Source\PSoC5/front_left.c **** *   If interrupts are enabled and the interrupt is set up properly, the ISR is
 372:Generated_Source\PSoC5/front_left.c **** *   entered (depending on the priority of this interrupt and other pending 
 373:Generated_Source\PSoC5/front_left.c **** *   interrupts).
 374:Generated_Source\PSoC5/front_left.c **** *
 375:Generated_Source\PSoC5/front_left.c **** *******************************************************************************/
 376:Generated_Source\PSoC5/front_left.c **** void front_left_SetPending(void)
 377:Generated_Source\PSoC5/front_left.c **** {
ARM GAS  C:\Users\Calvi\AppData\Local\Temp\ccAb35HZ.s 			page 16


 479              		.loc 1 377 0
 480              		.cfi_startproc
 481              		@ args = 0, pretend = 0, frame = 0
 482              		@ frame_needed = 1, uses_anonymous_args = 0
 483              		@ link register save eliminated.
 484 0000 80B4     		push	{r7}
 485              		.cfi_def_cfa_offset 4
 486              		.cfi_offset 7, -4
 487 0002 00AF     		add	r7, sp, #0
 488              		.cfi_def_cfa_register 7
 378:Generated_Source\PSoC5/front_left.c ****     *front_left_INTC_SET_PD = front_left__INTC_MASK;
 489              		.loc 1 378 0
 490 0004 034B     		ldr	r3, .L36
 491 0006 0822     		movs	r2, #8
 492 0008 1A60     		str	r2, [r3]
 379:Generated_Source\PSoC5/front_left.c **** }
 493              		.loc 1 379 0
 494 000a 00BF     		nop
 495 000c BD46     		mov	sp, r7
 496              		.cfi_def_cfa_register 13
 497              		@ sp needed
 498 000e 80BC     		pop	{r7}
 499              		.cfi_restore 7
 500              		.cfi_def_cfa_offset 0
 501 0010 7047     		bx	lr
 502              	.L37:
 503 0012 00BF     		.align	2
 504              	.L36:
 505 0014 00E200E0 		.word	-536813056
 506              		.cfi_endproc
 507              	.LFE74:
 508              		.size	front_left_SetPending, .-front_left_SetPending
 509              		.section	.text.front_left_ClearPending,"ax",%progbits
 510              		.align	2
 511              		.global	front_left_ClearPending
 512              		.thumb
 513              		.thumb_func
 514              		.type	front_left_ClearPending, %function
 515              	front_left_ClearPending:
 516              	.LFB75:
 380:Generated_Source\PSoC5/front_left.c **** 
 381:Generated_Source\PSoC5/front_left.c **** 
 382:Generated_Source\PSoC5/front_left.c **** /*******************************************************************************
 383:Generated_Source\PSoC5/front_left.c **** * Function Name: front_left_ClearPending
 384:Generated_Source\PSoC5/front_left.c **** ********************************************************************************
 385:Generated_Source\PSoC5/front_left.c **** *
 386:Generated_Source\PSoC5/front_left.c **** * Summary:
 387:Generated_Source\PSoC5/front_left.c **** *   Clears a pending interrupt in the interrupt controller.
 388:Generated_Source\PSoC5/front_left.c **** *
 389:Generated_Source\PSoC5/front_left.c **** *   Note Some interrupt sources are clear-on-read and require the block 
 390:Generated_Source\PSoC5/front_left.c **** *   interrupt/status register to be read/cleared with the appropriate block API 
 391:Generated_Source\PSoC5/front_left.c **** *   (GPIO, UART, and so on). Otherwise the ISR will continue to remain in 
 392:Generated_Source\PSoC5/front_left.c **** *   pending state even though the interrupt itself is cleared using this API.
 393:Generated_Source\PSoC5/front_left.c **** *
 394:Generated_Source\PSoC5/front_left.c **** * Parameters:
 395:Generated_Source\PSoC5/front_left.c **** *   None
 396:Generated_Source\PSoC5/front_left.c **** *
ARM GAS  C:\Users\Calvi\AppData\Local\Temp\ccAb35HZ.s 			page 17


 397:Generated_Source\PSoC5/front_left.c **** * Return:
 398:Generated_Source\PSoC5/front_left.c **** *   None
 399:Generated_Source\PSoC5/front_left.c **** *
 400:Generated_Source\PSoC5/front_left.c **** *******************************************************************************/
 401:Generated_Source\PSoC5/front_left.c **** void front_left_ClearPending(void)
 402:Generated_Source\PSoC5/front_left.c **** {
 517              		.loc 1 402 0
 518              		.cfi_startproc
 519              		@ args = 0, pretend = 0, frame = 0
 520              		@ frame_needed = 1, uses_anonymous_args = 0
 521              		@ link register save eliminated.
 522 0000 80B4     		push	{r7}
 523              		.cfi_def_cfa_offset 4
 524              		.cfi_offset 7, -4
 525 0002 00AF     		add	r7, sp, #0
 526              		.cfi_def_cfa_register 7
 403:Generated_Source\PSoC5/front_left.c ****     *front_left_INTC_CLR_PD = front_left__INTC_MASK;
 527              		.loc 1 403 0
 528 0004 034B     		ldr	r3, .L39
 529 0006 0822     		movs	r2, #8
 530 0008 1A60     		str	r2, [r3]
 404:Generated_Source\PSoC5/front_left.c **** }
 531              		.loc 1 404 0
 532 000a 00BF     		nop
 533 000c BD46     		mov	sp, r7
 534              		.cfi_def_cfa_register 13
 535              		@ sp needed
 536 000e 80BC     		pop	{r7}
 537              		.cfi_restore 7
 538              		.cfi_def_cfa_offset 0
 539 0010 7047     		bx	lr
 540              	.L40:
 541 0012 00BF     		.align	2
 542              	.L39:
 543 0014 80E200E0 		.word	-536812928
 544              		.cfi_endproc
 545              	.LFE75:
 546              		.size	front_left_ClearPending, .-front_left_ClearPending
 547              		.text
 548              	.Letext0:
 549              		.file 2 "c:\\program files (x86)\\cypress\\psoc creator\\4.4\\psoc creator\\import\\gnu\\arm\\5.4.
 550              		.file 3 "c:\\program files (x86)\\cypress\\psoc creator\\4.4\\psoc creator\\import\\gnu\\arm\\5.4.
 551              		.file 4 "Generated_Source\\PSoC5/cytypes.h"
 552              		.file 5 "Generated_Source\\PSoC5/core_cm3.h"
 553              		.section	.debug_info,"",%progbits
 554              	.Ldebug_info0:
 555 0000 64020000 		.4byte	0x264
 556 0004 0400     		.2byte	0x4
 557 0006 00000000 		.4byte	.Ldebug_abbrev0
 558 000a 04       		.byte	0x4
 559 000b 01       		.uleb128 0x1
 560 000c 06000000 		.4byte	.LASF36
 561 0010 0C       		.byte	0xc
 562 0011 84010000 		.4byte	.LASF37
 563 0015 30020000 		.4byte	.LASF38
 564 0019 00000000 		.4byte	.Ldebug_ranges0+0
 565 001d 00000000 		.4byte	0
ARM GAS  C:\Users\Calvi\AppData\Local\Temp\ccAb35HZ.s 			page 18


 566 0021 00000000 		.4byte	.Ldebug_line0
 567 0025 02       		.uleb128 0x2
 568 0026 04       		.byte	0x4
 569 0027 05       		.byte	0x5
 570 0028 696E7400 		.ascii	"int\000"
 571 002c 03       		.uleb128 0x3
 572 002d 04       		.byte	0x4
 573 002e 07       		.byte	0x7
 574 002f C4010000 		.4byte	.LASF0
 575 0033 03       		.uleb128 0x3
 576 0034 08       		.byte	0x8
 577 0035 05       		.byte	0x5
 578 0036 0E020000 		.4byte	.LASF1
 579 003a 03       		.uleb128 0x3
 580 003b 08       		.byte	0x8
 581 003c 04       		.byte	0x4
 582 003d 9F020000 		.4byte	.LASF2
 583 0041 03       		.uleb128 0x3
 584 0042 01       		.byte	0x1
 585 0043 06       		.byte	0x6
 586 0044 AB020000 		.4byte	.LASF3
 587 0048 03       		.uleb128 0x3
 588 0049 01       		.byte	0x1
 589 004a 08       		.byte	0x8
 590 004b E6000000 		.4byte	.LASF4
 591 004f 03       		.uleb128 0x3
 592 0050 02       		.byte	0x2
 593 0051 05       		.byte	0x5
 594 0052 71010000 		.4byte	.LASF5
 595 0056 03       		.uleb128 0x3
 596 0057 02       		.byte	0x2
 597 0058 07       		.byte	0x7
 598 0059 33010000 		.4byte	.LASF6
 599 005d 04       		.uleb128 0x4
 600 005e AB000000 		.4byte	.LASF12
 601 0062 02       		.byte	0x2
 602 0063 3F       		.byte	0x3f
 603 0064 68000000 		.4byte	0x68
 604 0068 03       		.uleb128 0x3
 605 0069 04       		.byte	0x4
 606 006a 05       		.byte	0x5
 607 006b 96020000 		.4byte	.LASF7
 608 006f 03       		.uleb128 0x3
 609 0070 04       		.byte	0x4
 610 0071 07       		.byte	0x7
 611 0072 0B010000 		.4byte	.LASF8
 612 0076 03       		.uleb128 0x3
 613 0077 08       		.byte	0x8
 614 0078 07       		.byte	0x7
 615 0079 D9010000 		.4byte	.LASF9
 616 007d 03       		.uleb128 0x3
 617 007e 04       		.byte	0x4
 618 007f 07       		.byte	0x7
 619 0080 05020000 		.4byte	.LASF10
 620 0084 03       		.uleb128 0x3
 621 0085 01       		.byte	0x1
 622 0086 08       		.byte	0x8
ARM GAS  C:\Users\Calvi\AppData\Local\Temp\ccAb35HZ.s 			page 19


 623 0087 1C020000 		.4byte	.LASF11
 624 008b 05       		.uleb128 0x5
 625 008c 04       		.byte	0x4
 626 008d 91000000 		.4byte	0x91
 627 0091 06       		.uleb128 0x6
 628 0092 04       		.uleb128 0x4
 629 0093 FD010000 		.4byte	.LASF13
 630 0097 03       		.byte	0x3
 631 0098 2C       		.byte	0x2c
 632 0099 5D000000 		.4byte	0x5d
 633 009d 07       		.uleb128 0x7
 634 009e E0000000 		.4byte	.LASF14
 635 00a2 04       		.byte	0x4
 636 00a3 E901     		.2byte	0x1e9
 637 00a5 48000000 		.4byte	0x48
 638 00a9 07       		.uleb128 0x7
 639 00aa A8010000 		.4byte	.LASF15
 640 00ae 04       		.byte	0x4
 641 00af EB01     		.2byte	0x1eb
 642 00b1 6F000000 		.4byte	0x6f
 643 00b5 03       		.uleb128 0x3
 644 00b6 04       		.byte	0x4
 645 00b7 04       		.byte	0x4
 646 00b8 DA000000 		.4byte	.LASF16
 647 00bc 03       		.uleb128 0x3
 648 00bd 08       		.byte	0x8
 649 00be 04       		.byte	0x4
 650 00bf 6A010000 		.4byte	.LASF17
 651 00c3 07       		.uleb128 0x7
 652 00c4 06010000 		.4byte	.LASF18
 653 00c8 04       		.byte	0x4
 654 00c9 9302     		.2byte	0x293
 655 00cb CF000000 		.4byte	0xcf
 656 00cf 08       		.uleb128 0x8
 657 00d0 9D000000 		.4byte	0x9d
 658 00d4 07       		.uleb128 0x7
 659 00d5 00000000 		.4byte	.LASF19
 660 00d9 04       		.byte	0x4
 661 00da 9502     		.2byte	0x295
 662 00dc E0000000 		.4byte	0xe0
 663 00e0 08       		.uleb128 0x8
 664 00e1 A9000000 		.4byte	0xa9
 665 00e5 07       		.uleb128 0x7
 666 00e6 F0010000 		.4byte	.LASF20
 667 00ea 04       		.byte	0x4
 668 00eb A502     		.2byte	0x2a5
 669 00ed 8B000000 		.4byte	0x8b
 670 00f1 09       		.uleb128 0x9
 671 00f2 C9000000 		.4byte	.LASF21
 672 00f6 01       		.byte	0x1
 673 00f7 3D       		.byte	0x3d
 674 00f8 00000000 		.4byte	.LFB63
 675 00fc 20000000 		.4byte	.LFE63-.LFB63
 676 0100 01       		.uleb128 0x1
 677 0101 9C       		.byte	0x9c
 678 0102 0A       		.uleb128 0xa
 679 0103 83020000 		.4byte	.LASF24
ARM GAS  C:\Users\Calvi\AppData\Local\Temp\ccAb35HZ.s 			page 20


 680 0107 01       		.byte	0x1
 681 0108 68       		.byte	0x68
 682 0109 00000000 		.4byte	.LFB64
 683 010d 24000000 		.4byte	.LFE64-.LFB64
 684 0111 01       		.uleb128 0x1
 685 0112 9C       		.byte	0x9c
 686 0113 26010000 		.4byte	0x126
 687 0117 0B       		.uleb128 0xb
 688 0118 D1010000 		.4byte	.LASF26
 689 011c 01       		.byte	0x1
 690 011d 68       		.byte	0x68
 691 011e E5000000 		.4byte	0xe5
 692 0122 02       		.uleb128 0x2
 693 0123 91       		.byte	0x91
 694 0124 74       		.sleb128 -12
 695 0125 00       		.byte	0
 696 0126 09       		.uleb128 0x9
 697 0127 F4020000 		.4byte	.LASF22
 698 012b 01       		.byte	0x1
 699 012c 86       		.byte	0x86
 700 012d 00000000 		.4byte	.LFB65
 701 0131 18000000 		.4byte	.LFE65-.LFB65
 702 0135 01       		.uleb128 0x1
 703 0136 9C       		.byte	0x9c
 704 0137 0C       		.uleb128 0xc
 705 0138 CC020000 		.4byte	.LASF23
 706 013c 01       		.byte	0x1
 707 013d A0       		.byte	0xa0
 708 013e 00000000 		.4byte	.LFB66
 709 0142 0C000000 		.4byte	.LFE66-.LFB66
 710 0146 01       		.uleb128 0x1
 711 0147 9C       		.byte	0x9c
 712 0148 0D       		.uleb128 0xd
 713 0149 AF010000 		.4byte	.LASF25
 714 014d 01       		.byte	0x1
 715 014e C8       		.byte	0xc8
 716 014f 00000000 		.4byte	.LFB67
 717 0153 24000000 		.4byte	.LFE67-.LFB67
 718 0157 01       		.uleb128 0x1
 719 0158 9C       		.byte	0x9c
 720 0159 7A010000 		.4byte	0x17a
 721 015d 0B       		.uleb128 0xb
 722 015e D1010000 		.4byte	.LASF26
 723 0162 01       		.byte	0x1
 724 0163 C8       		.byte	0xc8
 725 0164 E5000000 		.4byte	0xe5
 726 0168 02       		.uleb128 0x2
 727 0169 91       		.byte	0x91
 728 016a 6C       		.sleb128 -20
 729 016b 0E       		.uleb128 0xe
 730 016c 21020000 		.4byte	.LASF27
 731 0170 01       		.byte	0x1
 732 0171 CA       		.byte	0xca
 733 0172 7A010000 		.4byte	0x17a
 734 0176 02       		.uleb128 0x2
 735 0177 91       		.byte	0x91
 736 0178 74       		.sleb128 -12
ARM GAS  C:\Users\Calvi\AppData\Local\Temp\ccAb35HZ.s 			page 21


 737 0179 00       		.byte	0
 738 017a 05       		.uleb128 0x5
 739 017b 04       		.byte	0x4
 740 017c E5000000 		.4byte	0xe5
 741 0180 0F       		.uleb128 0xf
 742 0181 B7020000 		.4byte	.LASF30
 743 0185 01       		.byte	0x1
 744 0186 E0       		.byte	0xe0
 745 0187 E5000000 		.4byte	0xe5
 746 018b 00000000 		.4byte	.LFB68
 747 018f 20000000 		.4byte	.LFE68-.LFB68
 748 0193 01       		.uleb128 0x1
 749 0194 9C       		.byte	0x9c
 750 0195 A8010000 		.4byte	0x1a8
 751 0199 0E       		.uleb128 0xe
 752 019a 21020000 		.4byte	.LASF27
 753 019e 01       		.byte	0x1
 754 019f E2       		.byte	0xe2
 755 01a0 7A010000 		.4byte	0x17a
 756 01a4 02       		.uleb128 0x2
 757 01a5 91       		.byte	0x91
 758 01a6 74       		.sleb128 -12
 759 01a7 00       		.byte	0
 760 01a8 10       		.uleb128 0x10
 761 01a9 46010000 		.4byte	.LASF28
 762 01ad 01       		.byte	0x1
 763 01ae 0201     		.2byte	0x102
 764 01b0 00000000 		.4byte	.LFB69
 765 01b4 24000000 		.4byte	.LFE69-.LFB69
 766 01b8 01       		.uleb128 0x1
 767 01b9 9C       		.byte	0x9c
 768 01ba CE010000 		.4byte	0x1ce
 769 01be 11       		.uleb128 0x11
 770 01bf 7B010000 		.4byte	.LASF29
 771 01c3 01       		.byte	0x1
 772 01c4 0201     		.2byte	0x102
 773 01c6 9D000000 		.4byte	0x9d
 774 01ca 02       		.uleb128 0x2
 775 01cb 91       		.byte	0x91
 776 01cc 77       		.sleb128 -9
 777 01cd 00       		.byte	0
 778 01ce 12       		.uleb128 0x12
 779 01cf 94000000 		.4byte	.LASF31
 780 01d3 01       		.byte	0x1
 781 01d4 1801     		.2byte	0x118
 782 01d6 9D000000 		.4byte	0x9d
 783 01da 00000000 		.4byte	.LFB70
 784 01de 20000000 		.4byte	.LFE70-.LFB70
 785 01e2 01       		.uleb128 0x1
 786 01e3 9C       		.byte	0x9c
 787 01e4 F8010000 		.4byte	0x1f8
 788 01e8 13       		.uleb128 0x13
 789 01e9 7B010000 		.4byte	.LASF29
 790 01ed 01       		.byte	0x1
 791 01ee 1A01     		.2byte	0x11a
 792 01f0 9D000000 		.4byte	0x9d
 793 01f4 02       		.uleb128 0x2
ARM GAS  C:\Users\Calvi\AppData\Local\Temp\ccAb35HZ.s 			page 22


 794 01f5 91       		.byte	0x91
 795 01f6 77       		.sleb128 -9
 796 01f7 00       		.byte	0
 797 01f8 14       		.uleb128 0x14
 798 01f9 F4000000 		.4byte	.LASF32
 799 01fd 01       		.byte	0x1
 800 01fe 3301     		.2byte	0x133
 801 0200 00000000 		.4byte	.LFB71
 802 0204 18000000 		.4byte	.LFE71-.LFB71
 803 0208 01       		.uleb128 0x1
 804 0209 9C       		.byte	0x9c
 805 020a 15       		.uleb128 0x15
 806 020b B5000000 		.4byte	.LASF39
 807 020f 01       		.byte	0x1
 808 0210 4801     		.2byte	0x148
 809 0212 9D000000 		.4byte	0x9d
 810 0216 00000000 		.4byte	.LFB72
 811 021a 24000000 		.4byte	.LFE72-.LFB72
 812 021e 01       		.uleb128 0x1
 813 021f 9C       		.byte	0x9c
 814 0220 14       		.uleb128 0x14
 815 0221 E1020000 		.4byte	.LASF33
 816 0225 01       		.byte	0x1
 817 0226 5D01     		.2byte	0x15d
 818 0228 00000000 		.4byte	.LFB73
 819 022c 18000000 		.4byte	.LFE73-.LFB73
 820 0230 01       		.uleb128 0x1
 821 0231 9C       		.byte	0x9c
 822 0232 14       		.uleb128 0x14
 823 0233 1D010000 		.4byte	.LASF34
 824 0237 01       		.byte	0x1
 825 0238 7801     		.2byte	0x178
 826 023a 00000000 		.4byte	.LFB74
 827 023e 18000000 		.4byte	.LFE74-.LFB74
 828 0242 01       		.uleb128 0x1
 829 0243 9C       		.byte	0x9c
 830 0244 14       		.uleb128 0x14
 831 0245 6B020000 		.4byte	.LASF35
 832 0249 01       		.byte	0x1
 833 024a 9101     		.2byte	0x191
 834 024c 00000000 		.4byte	.LFB75
 835 0250 18000000 		.4byte	.LFE75-.LFB75
 836 0254 01       		.uleb128 0x1
 837 0255 9C       		.byte	0x9c
 838 0256 16       		.uleb128 0x16
 839 0257 5D010000 		.4byte	.LASF40
 840 025b 05       		.byte	0x5
 841 025c 1207     		.2byte	0x712
 842 025e 62020000 		.4byte	0x262
 843 0262 08       		.uleb128 0x8
 844 0263 92000000 		.4byte	0x92
 845 0267 00       		.byte	0
 846              		.section	.debug_abbrev,"",%progbits
 847              	.Ldebug_abbrev0:
 848 0000 01       		.uleb128 0x1
 849 0001 11       		.uleb128 0x11
 850 0002 01       		.byte	0x1
ARM GAS  C:\Users\Calvi\AppData\Local\Temp\ccAb35HZ.s 			page 23


 851 0003 25       		.uleb128 0x25
 852 0004 0E       		.uleb128 0xe
 853 0005 13       		.uleb128 0x13
 854 0006 0B       		.uleb128 0xb
 855 0007 03       		.uleb128 0x3
 856 0008 0E       		.uleb128 0xe
 857 0009 1B       		.uleb128 0x1b
 858 000a 0E       		.uleb128 0xe
 859 000b 55       		.uleb128 0x55
 860 000c 17       		.uleb128 0x17
 861 000d 11       		.uleb128 0x11
 862 000e 01       		.uleb128 0x1
 863 000f 10       		.uleb128 0x10
 864 0010 17       		.uleb128 0x17
 865 0011 00       		.byte	0
 866 0012 00       		.byte	0
 867 0013 02       		.uleb128 0x2
 868 0014 24       		.uleb128 0x24
 869 0015 00       		.byte	0
 870 0016 0B       		.uleb128 0xb
 871 0017 0B       		.uleb128 0xb
 872 0018 3E       		.uleb128 0x3e
 873 0019 0B       		.uleb128 0xb
 874 001a 03       		.uleb128 0x3
 875 001b 08       		.uleb128 0x8
 876 001c 00       		.byte	0
 877 001d 00       		.byte	0
 878 001e 03       		.uleb128 0x3
 879 001f 24       		.uleb128 0x24
 880 0020 00       		.byte	0
 881 0021 0B       		.uleb128 0xb
 882 0022 0B       		.uleb128 0xb
 883 0023 3E       		.uleb128 0x3e
 884 0024 0B       		.uleb128 0xb
 885 0025 03       		.uleb128 0x3
 886 0026 0E       		.uleb128 0xe
 887 0027 00       		.byte	0
 888 0028 00       		.byte	0
 889 0029 04       		.uleb128 0x4
 890 002a 16       		.uleb128 0x16
 891 002b 00       		.byte	0
 892 002c 03       		.uleb128 0x3
 893 002d 0E       		.uleb128 0xe
 894 002e 3A       		.uleb128 0x3a
 895 002f 0B       		.uleb128 0xb
 896 0030 3B       		.uleb128 0x3b
 897 0031 0B       		.uleb128 0xb
 898 0032 49       		.uleb128 0x49
 899 0033 13       		.uleb128 0x13
 900 0034 00       		.byte	0
 901 0035 00       		.byte	0
 902 0036 05       		.uleb128 0x5
 903 0037 0F       		.uleb128 0xf
 904 0038 00       		.byte	0
 905 0039 0B       		.uleb128 0xb
 906 003a 0B       		.uleb128 0xb
 907 003b 49       		.uleb128 0x49
ARM GAS  C:\Users\Calvi\AppData\Local\Temp\ccAb35HZ.s 			page 24


 908 003c 13       		.uleb128 0x13
 909 003d 00       		.byte	0
 910 003e 00       		.byte	0
 911 003f 06       		.uleb128 0x6
 912 0040 15       		.uleb128 0x15
 913 0041 00       		.byte	0
 914 0042 27       		.uleb128 0x27
 915 0043 19       		.uleb128 0x19
 916 0044 00       		.byte	0
 917 0045 00       		.byte	0
 918 0046 07       		.uleb128 0x7
 919 0047 16       		.uleb128 0x16
 920 0048 00       		.byte	0
 921 0049 03       		.uleb128 0x3
 922 004a 0E       		.uleb128 0xe
 923 004b 3A       		.uleb128 0x3a
 924 004c 0B       		.uleb128 0xb
 925 004d 3B       		.uleb128 0x3b
 926 004e 05       		.uleb128 0x5
 927 004f 49       		.uleb128 0x49
 928 0050 13       		.uleb128 0x13
 929 0051 00       		.byte	0
 930 0052 00       		.byte	0
 931 0053 08       		.uleb128 0x8
 932 0054 35       		.uleb128 0x35
 933 0055 00       		.byte	0
 934 0056 49       		.uleb128 0x49
 935 0057 13       		.uleb128 0x13
 936 0058 00       		.byte	0
 937 0059 00       		.byte	0
 938 005a 09       		.uleb128 0x9
 939 005b 2E       		.uleb128 0x2e
 940 005c 00       		.byte	0
 941 005d 3F       		.uleb128 0x3f
 942 005e 19       		.uleb128 0x19
 943 005f 03       		.uleb128 0x3
 944 0060 0E       		.uleb128 0xe
 945 0061 3A       		.uleb128 0x3a
 946 0062 0B       		.uleb128 0xb
 947 0063 3B       		.uleb128 0x3b
 948 0064 0B       		.uleb128 0xb
 949 0065 27       		.uleb128 0x27
 950 0066 19       		.uleb128 0x19
 951 0067 11       		.uleb128 0x11
 952 0068 01       		.uleb128 0x1
 953 0069 12       		.uleb128 0x12
 954 006a 06       		.uleb128 0x6
 955 006b 40       		.uleb128 0x40
 956 006c 18       		.uleb128 0x18
 957 006d 9642     		.uleb128 0x2116
 958 006f 19       		.uleb128 0x19
 959 0070 00       		.byte	0
 960 0071 00       		.byte	0
 961 0072 0A       		.uleb128 0xa
 962 0073 2E       		.uleb128 0x2e
 963 0074 01       		.byte	0x1
 964 0075 3F       		.uleb128 0x3f
ARM GAS  C:\Users\Calvi\AppData\Local\Temp\ccAb35HZ.s 			page 25


 965 0076 19       		.uleb128 0x19
 966 0077 03       		.uleb128 0x3
 967 0078 0E       		.uleb128 0xe
 968 0079 3A       		.uleb128 0x3a
 969 007a 0B       		.uleb128 0xb
 970 007b 3B       		.uleb128 0x3b
 971 007c 0B       		.uleb128 0xb
 972 007d 27       		.uleb128 0x27
 973 007e 19       		.uleb128 0x19
 974 007f 11       		.uleb128 0x11
 975 0080 01       		.uleb128 0x1
 976 0081 12       		.uleb128 0x12
 977 0082 06       		.uleb128 0x6
 978 0083 40       		.uleb128 0x40
 979 0084 18       		.uleb128 0x18
 980 0085 9642     		.uleb128 0x2116
 981 0087 19       		.uleb128 0x19
 982 0088 01       		.uleb128 0x1
 983 0089 13       		.uleb128 0x13
 984 008a 00       		.byte	0
 985 008b 00       		.byte	0
 986 008c 0B       		.uleb128 0xb
 987 008d 05       		.uleb128 0x5
 988 008e 00       		.byte	0
 989 008f 03       		.uleb128 0x3
 990 0090 0E       		.uleb128 0xe
 991 0091 3A       		.uleb128 0x3a
 992 0092 0B       		.uleb128 0xb
 993 0093 3B       		.uleb128 0x3b
 994 0094 0B       		.uleb128 0xb
 995 0095 49       		.uleb128 0x49
 996 0096 13       		.uleb128 0x13
 997 0097 02       		.uleb128 0x2
 998 0098 18       		.uleb128 0x18
 999 0099 00       		.byte	0
 1000 009a 00       		.byte	0
 1001 009b 0C       		.uleb128 0xc
 1002 009c 2E       		.uleb128 0x2e
 1003 009d 00       		.byte	0
 1004 009e 3F       		.uleb128 0x3f
 1005 009f 19       		.uleb128 0x19
 1006 00a0 03       		.uleb128 0x3
 1007 00a1 0E       		.uleb128 0xe
 1008 00a2 3A       		.uleb128 0x3a
 1009 00a3 0B       		.uleb128 0xb
 1010 00a4 3B       		.uleb128 0x3b
 1011 00a5 0B       		.uleb128 0xb
 1012 00a6 27       		.uleb128 0x27
 1013 00a7 19       		.uleb128 0x19
 1014 00a8 11       		.uleb128 0x11
 1015 00a9 01       		.uleb128 0x1
 1016 00aa 12       		.uleb128 0x12
 1017 00ab 06       		.uleb128 0x6
 1018 00ac 40       		.uleb128 0x40
 1019 00ad 18       		.uleb128 0x18
 1020 00ae 9742     		.uleb128 0x2117
 1021 00b0 19       		.uleb128 0x19
ARM GAS  C:\Users\Calvi\AppData\Local\Temp\ccAb35HZ.s 			page 26


 1022 00b1 00       		.byte	0
 1023 00b2 00       		.byte	0
 1024 00b3 0D       		.uleb128 0xd
 1025 00b4 2E       		.uleb128 0x2e
 1026 00b5 01       		.byte	0x1
 1027 00b6 3F       		.uleb128 0x3f
 1028 00b7 19       		.uleb128 0x19
 1029 00b8 03       		.uleb128 0x3
 1030 00b9 0E       		.uleb128 0xe
 1031 00ba 3A       		.uleb128 0x3a
 1032 00bb 0B       		.uleb128 0xb
 1033 00bc 3B       		.uleb128 0x3b
 1034 00bd 0B       		.uleb128 0xb
 1035 00be 27       		.uleb128 0x27
 1036 00bf 19       		.uleb128 0x19
 1037 00c0 11       		.uleb128 0x11
 1038 00c1 01       		.uleb128 0x1
 1039 00c2 12       		.uleb128 0x12
 1040 00c3 06       		.uleb128 0x6
 1041 00c4 40       		.uleb128 0x40
 1042 00c5 18       		.uleb128 0x18
 1043 00c6 9742     		.uleb128 0x2117
 1044 00c8 19       		.uleb128 0x19
 1045 00c9 01       		.uleb128 0x1
 1046 00ca 13       		.uleb128 0x13
 1047 00cb 00       		.byte	0
 1048 00cc 00       		.byte	0
 1049 00cd 0E       		.uleb128 0xe
 1050 00ce 34       		.uleb128 0x34
 1051 00cf 00       		.byte	0
 1052 00d0 03       		.uleb128 0x3
 1053 00d1 0E       		.uleb128 0xe
 1054 00d2 3A       		.uleb128 0x3a
 1055 00d3 0B       		.uleb128 0xb
 1056 00d4 3B       		.uleb128 0x3b
 1057 00d5 0B       		.uleb128 0xb
 1058 00d6 49       		.uleb128 0x49
 1059 00d7 13       		.uleb128 0x13
 1060 00d8 02       		.uleb128 0x2
 1061 00d9 18       		.uleb128 0x18
 1062 00da 00       		.byte	0
 1063 00db 00       		.byte	0
 1064 00dc 0F       		.uleb128 0xf
 1065 00dd 2E       		.uleb128 0x2e
 1066 00de 01       		.byte	0x1
 1067 00df 3F       		.uleb128 0x3f
 1068 00e0 19       		.uleb128 0x19
 1069 00e1 03       		.uleb128 0x3
 1070 00e2 0E       		.uleb128 0xe
 1071 00e3 3A       		.uleb128 0x3a
 1072 00e4 0B       		.uleb128 0xb
 1073 00e5 3B       		.uleb128 0x3b
 1074 00e6 0B       		.uleb128 0xb
 1075 00e7 27       		.uleb128 0x27
 1076 00e8 19       		.uleb128 0x19
 1077 00e9 49       		.uleb128 0x49
 1078 00ea 13       		.uleb128 0x13
ARM GAS  C:\Users\Calvi\AppData\Local\Temp\ccAb35HZ.s 			page 27


 1079 00eb 11       		.uleb128 0x11
 1080 00ec 01       		.uleb128 0x1
 1081 00ed 12       		.uleb128 0x12
 1082 00ee 06       		.uleb128 0x6
 1083 00ef 40       		.uleb128 0x40
 1084 00f0 18       		.uleb128 0x18
 1085 00f1 9742     		.uleb128 0x2117
 1086 00f3 19       		.uleb128 0x19
 1087 00f4 01       		.uleb128 0x1
 1088 00f5 13       		.uleb128 0x13
 1089 00f6 00       		.byte	0
 1090 00f7 00       		.byte	0
 1091 00f8 10       		.uleb128 0x10
 1092 00f9 2E       		.uleb128 0x2e
 1093 00fa 01       		.byte	0x1
 1094 00fb 3F       		.uleb128 0x3f
 1095 00fc 19       		.uleb128 0x19
 1096 00fd 03       		.uleb128 0x3
 1097 00fe 0E       		.uleb128 0xe
 1098 00ff 3A       		.uleb128 0x3a
 1099 0100 0B       		.uleb128 0xb
 1100 0101 3B       		.uleb128 0x3b
 1101 0102 05       		.uleb128 0x5
 1102 0103 27       		.uleb128 0x27
 1103 0104 19       		.uleb128 0x19
 1104 0105 11       		.uleb128 0x11
 1105 0106 01       		.uleb128 0x1
 1106 0107 12       		.uleb128 0x12
 1107 0108 06       		.uleb128 0x6
 1108 0109 40       		.uleb128 0x40
 1109 010a 18       		.uleb128 0x18
 1110 010b 9742     		.uleb128 0x2117
 1111 010d 19       		.uleb128 0x19
 1112 010e 01       		.uleb128 0x1
 1113 010f 13       		.uleb128 0x13
 1114 0110 00       		.byte	0
 1115 0111 00       		.byte	0
 1116 0112 11       		.uleb128 0x11
 1117 0113 05       		.uleb128 0x5
 1118 0114 00       		.byte	0
 1119 0115 03       		.uleb128 0x3
 1120 0116 0E       		.uleb128 0xe
 1121 0117 3A       		.uleb128 0x3a
 1122 0118 0B       		.uleb128 0xb
 1123 0119 3B       		.uleb128 0x3b
 1124 011a 05       		.uleb128 0x5
 1125 011b 49       		.uleb128 0x49
 1126 011c 13       		.uleb128 0x13
 1127 011d 02       		.uleb128 0x2
 1128 011e 18       		.uleb128 0x18
 1129 011f 00       		.byte	0
 1130 0120 00       		.byte	0
 1131 0121 12       		.uleb128 0x12
 1132 0122 2E       		.uleb128 0x2e
 1133 0123 01       		.byte	0x1
 1134 0124 3F       		.uleb128 0x3f
 1135 0125 19       		.uleb128 0x19
ARM GAS  C:\Users\Calvi\AppData\Local\Temp\ccAb35HZ.s 			page 28


 1136 0126 03       		.uleb128 0x3
 1137 0127 0E       		.uleb128 0xe
 1138 0128 3A       		.uleb128 0x3a
 1139 0129 0B       		.uleb128 0xb
 1140 012a 3B       		.uleb128 0x3b
 1141 012b 05       		.uleb128 0x5
 1142 012c 27       		.uleb128 0x27
 1143 012d 19       		.uleb128 0x19
 1144 012e 49       		.uleb128 0x49
 1145 012f 13       		.uleb128 0x13
 1146 0130 11       		.uleb128 0x11
 1147 0131 01       		.uleb128 0x1
 1148 0132 12       		.uleb128 0x12
 1149 0133 06       		.uleb128 0x6
 1150 0134 40       		.uleb128 0x40
 1151 0135 18       		.uleb128 0x18
 1152 0136 9742     		.uleb128 0x2117
 1153 0138 19       		.uleb128 0x19
 1154 0139 01       		.uleb128 0x1
 1155 013a 13       		.uleb128 0x13
 1156 013b 00       		.byte	0
 1157 013c 00       		.byte	0
 1158 013d 13       		.uleb128 0x13
 1159 013e 34       		.uleb128 0x34
 1160 013f 00       		.byte	0
 1161 0140 03       		.uleb128 0x3
 1162 0141 0E       		.uleb128 0xe
 1163 0142 3A       		.uleb128 0x3a
 1164 0143 0B       		.uleb128 0xb
 1165 0144 3B       		.uleb128 0x3b
 1166 0145 05       		.uleb128 0x5
 1167 0146 49       		.uleb128 0x49
 1168 0147 13       		.uleb128 0x13
 1169 0148 02       		.uleb128 0x2
 1170 0149 18       		.uleb128 0x18
 1171 014a 00       		.byte	0
 1172 014b 00       		.byte	0
 1173 014c 14       		.uleb128 0x14
 1174 014d 2E       		.uleb128 0x2e
 1175 014e 00       		.byte	0
 1176 014f 3F       		.uleb128 0x3f
 1177 0150 19       		.uleb128 0x19
 1178 0151 03       		.uleb128 0x3
 1179 0152 0E       		.uleb128 0xe
 1180 0153 3A       		.uleb128 0x3a
 1181 0154 0B       		.uleb128 0xb
 1182 0155 3B       		.uleb128 0x3b
 1183 0156 05       		.uleb128 0x5
 1184 0157 27       		.uleb128 0x27
 1185 0158 19       		.uleb128 0x19
 1186 0159 11       		.uleb128 0x11
 1187 015a 01       		.uleb128 0x1
 1188 015b 12       		.uleb128 0x12
 1189 015c 06       		.uleb128 0x6
 1190 015d 40       		.uleb128 0x40
 1191 015e 18       		.uleb128 0x18
 1192 015f 9742     		.uleb128 0x2117
ARM GAS  C:\Users\Calvi\AppData\Local\Temp\ccAb35HZ.s 			page 29


 1193 0161 19       		.uleb128 0x19
 1194 0162 00       		.byte	0
 1195 0163 00       		.byte	0
 1196 0164 15       		.uleb128 0x15
 1197 0165 2E       		.uleb128 0x2e
 1198 0166 00       		.byte	0
 1199 0167 3F       		.uleb128 0x3f
 1200 0168 19       		.uleb128 0x19
 1201 0169 03       		.uleb128 0x3
 1202 016a 0E       		.uleb128 0xe
 1203 016b 3A       		.uleb128 0x3a
 1204 016c 0B       		.uleb128 0xb
 1205 016d 3B       		.uleb128 0x3b
 1206 016e 05       		.uleb128 0x5
 1207 016f 27       		.uleb128 0x27
 1208 0170 19       		.uleb128 0x19
 1209 0171 49       		.uleb128 0x49
 1210 0172 13       		.uleb128 0x13
 1211 0173 11       		.uleb128 0x11
 1212 0174 01       		.uleb128 0x1
 1213 0175 12       		.uleb128 0x12
 1214 0176 06       		.uleb128 0x6
 1215 0177 40       		.uleb128 0x40
 1216 0178 18       		.uleb128 0x18
 1217 0179 9742     		.uleb128 0x2117
 1218 017b 19       		.uleb128 0x19
 1219 017c 00       		.byte	0
 1220 017d 00       		.byte	0
 1221 017e 16       		.uleb128 0x16
 1222 017f 34       		.uleb128 0x34
 1223 0180 00       		.byte	0
 1224 0181 03       		.uleb128 0x3
 1225 0182 0E       		.uleb128 0xe
 1226 0183 3A       		.uleb128 0x3a
 1227 0184 0B       		.uleb128 0xb
 1228 0185 3B       		.uleb128 0x3b
 1229 0186 05       		.uleb128 0x5
 1230 0187 49       		.uleb128 0x49
 1231 0188 13       		.uleb128 0x13
 1232 0189 3F       		.uleb128 0x3f
 1233 018a 19       		.uleb128 0x19
 1234 018b 3C       		.uleb128 0x3c
 1235 018c 19       		.uleb128 0x19
 1236 018d 00       		.byte	0
 1237 018e 00       		.byte	0
 1238 018f 00       		.byte	0
 1239              		.section	.debug_aranges,"",%progbits
 1240 0000 7C000000 		.4byte	0x7c
 1241 0004 0200     		.2byte	0x2
 1242 0006 00000000 		.4byte	.Ldebug_info0
 1243 000a 04       		.byte	0x4
 1244 000b 00       		.byte	0
 1245 000c 0000     		.2byte	0
 1246 000e 0000     		.2byte	0
 1247 0010 00000000 		.4byte	.LFB63
 1248 0014 20000000 		.4byte	.LFE63-.LFB63
 1249 0018 00000000 		.4byte	.LFB64
ARM GAS  C:\Users\Calvi\AppData\Local\Temp\ccAb35HZ.s 			page 30


 1250 001c 24000000 		.4byte	.LFE64-.LFB64
 1251 0020 00000000 		.4byte	.LFB65
 1252 0024 18000000 		.4byte	.LFE65-.LFB65
 1253 0028 00000000 		.4byte	.LFB66
 1254 002c 0C000000 		.4byte	.LFE66-.LFB66
 1255 0030 00000000 		.4byte	.LFB67
 1256 0034 24000000 		.4byte	.LFE67-.LFB67
 1257 0038 00000000 		.4byte	.LFB68
 1258 003c 20000000 		.4byte	.LFE68-.LFB68
 1259 0040 00000000 		.4byte	.LFB69
 1260 0044 24000000 		.4byte	.LFE69-.LFB69
 1261 0048 00000000 		.4byte	.LFB70
 1262 004c 20000000 		.4byte	.LFE70-.LFB70
 1263 0050 00000000 		.4byte	.LFB71
 1264 0054 18000000 		.4byte	.LFE71-.LFB71
 1265 0058 00000000 		.4byte	.LFB72
 1266 005c 24000000 		.4byte	.LFE72-.LFB72
 1267 0060 00000000 		.4byte	.LFB73
 1268 0064 18000000 		.4byte	.LFE73-.LFB73
 1269 0068 00000000 		.4byte	.LFB74
 1270 006c 18000000 		.4byte	.LFE74-.LFB74
 1271 0070 00000000 		.4byte	.LFB75
 1272 0074 18000000 		.4byte	.LFE75-.LFB75
 1273 0078 00000000 		.4byte	0
 1274 007c 00000000 		.4byte	0
 1275              		.section	.debug_ranges,"",%progbits
 1276              	.Ldebug_ranges0:
 1277 0000 00000000 		.4byte	.LFB63
 1278 0004 20000000 		.4byte	.LFE63
 1279 0008 00000000 		.4byte	.LFB64
 1280 000c 24000000 		.4byte	.LFE64
 1281 0010 00000000 		.4byte	.LFB65
 1282 0014 18000000 		.4byte	.LFE65
 1283 0018 00000000 		.4byte	.LFB66
 1284 001c 0C000000 		.4byte	.LFE66
 1285 0020 00000000 		.4byte	.LFB67
 1286 0024 24000000 		.4byte	.LFE67
 1287 0028 00000000 		.4byte	.LFB68
 1288 002c 20000000 		.4byte	.LFE68
 1289 0030 00000000 		.4byte	.LFB69
 1290 0034 24000000 		.4byte	.LFE69
 1291 0038 00000000 		.4byte	.LFB70
 1292 003c 20000000 		.4byte	.LFE70
 1293 0040 00000000 		.4byte	.LFB71
 1294 0044 18000000 		.4byte	.LFE71
 1295 0048 00000000 		.4byte	.LFB72
 1296 004c 24000000 		.4byte	.LFE72
 1297 0050 00000000 		.4byte	.LFB73
 1298 0054 18000000 		.4byte	.LFE73
 1299 0058 00000000 		.4byte	.LFB74
 1300 005c 18000000 		.4byte	.LFE74
 1301 0060 00000000 		.4byte	.LFB75
 1302 0064 18000000 		.4byte	.LFE75
 1303 0068 00000000 		.4byte	0
 1304 006c 00000000 		.4byte	0
 1305              		.section	.debug_line,"",%progbits
 1306              	.Ldebug_line0:
ARM GAS  C:\Users\Calvi\AppData\Local\Temp\ccAb35HZ.s 			page 31


 1307 0000 5C020000 		.section	.debug_str,"MS",%progbits,1
 1307      02005201 
 1307      00000201 
 1307      FB0E0D00 
 1307      01010101 
 1308              	.LASF19:
 1309 0000 72656733 		.ascii	"reg32\000"
 1309      3200
 1310              	.LASF36:
 1311 0006 474E5520 		.ascii	"GNU C11 5.4.1 20160609 (release) [ARM/embedded-5-br"
 1311      43313120 
 1311      352E342E 
 1311      31203230 
 1311      31363036 
 1312 0039 616E6368 		.ascii	"anch revision 237715] -mcpu=cortex-m3 -mthumb -g -O"
 1312      20726576 
 1312      6973696F 
 1312      6E203233 
 1312      37373135 
 1313 006c 30202D66 		.ascii	"0 -ffunction-sections -ffat-lto-objects\000"
 1313      66756E63 
 1313      74696F6E 
 1313      2D736563 
 1313      74696F6E 
 1314              	.LASF31:
 1315 0094 66726F6E 		.ascii	"front_left_GetPriority\000"
 1315      745F6C65 
 1315      66745F47 
 1315      65745072 
 1315      696F7269 
 1316              	.LASF12:
 1317 00ab 5F5F696E 		.ascii	"__int32_t\000"
 1317      7433325F 
 1317      7400
 1318              	.LASF39:
 1319 00b5 66726F6E 		.ascii	"front_left_GetState\000"
 1319      745F6C65 
 1319      66745F47 
 1319      65745374 
 1319      61746500 
 1320              	.LASF21:
 1321 00c9 66726F6E 		.ascii	"front_left_Start\000"
 1321      745F6C65 
 1321      66745F53 
 1321      74617274 
 1321      00
 1322              	.LASF16:
 1323 00da 666C6F61 		.ascii	"float\000"
 1323      7400
 1324              	.LASF14:
 1325 00e0 75696E74 		.ascii	"uint8\000"
 1325      3800
 1326              	.LASF4:
 1327 00e6 756E7369 		.ascii	"unsigned char\000"
 1327      676E6564 
 1327      20636861 
 1327      7200
ARM GAS  C:\Users\Calvi\AppData\Local\Temp\ccAb35HZ.s 			page 32


 1328              	.LASF32:
 1329 00f4 66726F6E 		.ascii	"front_left_Enable\000"
 1329      745F6C65 
 1329      66745F45 
 1329      6E61626C 
 1329      6500
 1330              	.LASF18:
 1331 0106 72656738 		.ascii	"reg8\000"
 1331      00
 1332              	.LASF8:
 1333 010b 6C6F6E67 		.ascii	"long unsigned int\000"
 1333      20756E73 
 1333      69676E65 
 1333      6420696E 
 1333      7400
 1334              	.LASF34:
 1335 011d 66726F6E 		.ascii	"front_left_SetPending\000"
 1335      745F6C65 
 1335      66745F53 
 1335      65745065 
 1335      6E64696E 
 1336              	.LASF6:
 1337 0133 73686F72 		.ascii	"short unsigned int\000"
 1337      7420756E 
 1337      7369676E 
 1337      65642069 
 1337      6E7400
 1338              	.LASF28:
 1339 0146 66726F6E 		.ascii	"front_left_SetPriority\000"
 1339      745F6C65 
 1339      66745F53 
 1339      65745072 
 1339      696F7269 
 1340              	.LASF40:
 1341 015d 49544D5F 		.ascii	"ITM_RxBuffer\000"
 1341      52784275 
 1341      66666572 
 1341      00
 1342              	.LASF17:
 1343 016a 646F7562 		.ascii	"double\000"
 1343      6C6500
 1344              	.LASF5:
 1345 0171 73686F72 		.ascii	"short int\000"
 1345      7420696E 
 1345      7400
 1346              	.LASF29:
 1347 017b 7072696F 		.ascii	"priority\000"
 1347      72697479 
 1347      00
 1348              	.LASF37:
 1349 0184 47656E65 		.ascii	"Generated_Source\\PSoC5\\front_left.c\000"
 1349      72617465 
 1349      645F536F 
 1349      75726365 
 1349      5C50536F 
 1350              	.LASF15:
 1351 01a8 75696E74 		.ascii	"uint32\000"
ARM GAS  C:\Users\Calvi\AppData\Local\Temp\ccAb35HZ.s 			page 33


 1351      333200
 1352              	.LASF25:
 1353 01af 66726F6E 		.ascii	"front_left_SetVector\000"
 1353      745F6C65 
 1353      66745F53 
 1353      65745665 
 1353      63746F72 
 1354              	.LASF0:
 1355 01c4 756E7369 		.ascii	"unsigned int\000"
 1355      676E6564 
 1355      20696E74 
 1355      00
 1356              	.LASF26:
 1357 01d1 61646472 		.ascii	"address\000"
 1357      65737300 
 1358              	.LASF9:
 1359 01d9 6C6F6E67 		.ascii	"long long unsigned int\000"
 1359      206C6F6E 
 1359      6720756E 
 1359      7369676E 
 1359      65642069 
 1360              	.LASF20:
 1361 01f0 63796973 		.ascii	"cyisraddress\000"
 1361      72616464 
 1361      72657373 
 1361      00
 1362              	.LASF13:
 1363 01fd 696E7433 		.ascii	"int32_t\000"
 1363      325F7400 
 1364              	.LASF10:
 1365 0205 73697A65 		.ascii	"sizetype\000"
 1365      74797065 
 1365      00
 1366              	.LASF1:
 1367 020e 6C6F6E67 		.ascii	"long long int\000"
 1367      206C6F6E 
 1367      6720696E 
 1367      7400
 1368              	.LASF11:
 1369 021c 63686172 		.ascii	"char\000"
 1369      00
 1370              	.LASF27:
 1371 0221 72616D56 		.ascii	"ramVectorTable\000"
 1371      6563746F 
 1371      72546162 
 1371      6C6500
 1372              	.LASF38:
 1373 0230 433A5C55 		.ascii	"C:\\Users\\Calvi\\Desktop\\301\\psoc firmware\\CS30"
 1373      73657273 
 1373      5C43616C 
 1373      76695C44 
 1373      65736B74 
 1374 025d 315F436C 		.ascii	"1_Class.cydsn\000"
 1374      6173732E 
 1374      63796473 
 1374      6E00
 1375              	.LASF35:
ARM GAS  C:\Users\Calvi\AppData\Local\Temp\ccAb35HZ.s 			page 34


 1376 026b 66726F6E 		.ascii	"front_left_ClearPending\000"
 1376      745F6C65 
 1376      66745F43 
 1376      6C656172 
 1376      50656E64 
 1377              	.LASF24:
 1378 0283 66726F6E 		.ascii	"front_left_StartEx\000"
 1378      745F6C65 
 1378      66745F53 
 1378      74617274 
 1378      457800
 1379              	.LASF7:
 1380 0296 6C6F6E67 		.ascii	"long int\000"
 1380      20696E74 
 1380      00
 1381              	.LASF2:
 1382 029f 6C6F6E67 		.ascii	"long double\000"
 1382      20646F75 
 1382      626C6500 
 1383              	.LASF3:
 1384 02ab 7369676E 		.ascii	"signed char\000"
 1384      65642063 
 1384      68617200 
 1385              	.LASF30:
 1386 02b7 66726F6E 		.ascii	"front_left_GetVector\000"
 1386      745F6C65 
 1386      66745F47 
 1386      65745665 
 1386      63746F72 
 1387              	.LASF23:
 1388 02cc 66726F6E 		.ascii	"front_left_Interrupt\000"
 1388      745F6C65 
 1388      66745F49 
 1388      6E746572 
 1388      72757074 
 1389              	.LASF33:
 1390 02e1 66726F6E 		.ascii	"front_left_Disable\000"
 1390      745F6C65 
 1390      66745F44 
 1390      69736162 
 1390      6C6500
 1391              	.LASF22:
 1392 02f4 66726F6E 		.ascii	"front_left_Stop\000"
 1392      745F6C65 
 1392      66745F53 
 1392      746F7000 
 1393              		.ident	"GCC: (GNU Tools for ARM Embedded Processors) 5.4.1 20160609 (release) [ARM/embedded-5-bran
