ARM GAS  C:\Users\cta10\AppData\Local\Temp\ccAUkyaM.s 			page 1


   1              		.syntax unified
   2              		.cpu cortex-m3
   3              		.fpu softvfp
   4              		.eabi_attribute 20, 1
   5              		.eabi_attribute 21, 1
   6              		.eabi_attribute 23, 3
   7              		.eabi_attribute 24, 1
   8              		.eabi_attribute 25, 1
   9              		.eabi_attribute 26, 1
  10              		.eabi_attribute 30, 6
  11              		.eabi_attribute 34, 1
  12              		.eabi_attribute 18, 4
  13              		.thumb
  14              		.syntax unified
  15              		.file	"INTERSECTION_DETECTED.c"
  16              		.text
  17              	.Ltext0:
  18              		.cfi_sections	.debug_frame
  19              	.Letext0:
  20              		.section	.debug_line,"",%progbits
  21              	.Ldebug_line0:
  22              		.section	.debug_str,"MS",%progbits,1
  23              	.LASF0:
  24 0000 494E5445 		.ascii	"INTERSECTION_DETECTED.c\000"
  24      52534543 
  24      54494F4E 
  24      5F444554 
  24      45435445 
  25              	.LASF1:
  26 0018 433A5C4C 		.ascii	"C:\\LocalCode\\301MotorCar\\psoc firmware\\CS301_Cl"
  26      6F63616C 
  26      436F6465 
  26      5C333031 
  26      4D6F746F 
  27 0047 6173732E 		.ascii	"ass.cydsn\000"
  27      63796473 
  27      6E00
  28              	.LASF2:
  29 0051 474E5520 		.ascii	"GNU C11 5.4.1 20160609 (release) [ARM/embedded-5-br"
  29      43313120 
  29      352E342E 
  29      31203230 
  29      31363036 
  30 0084 616E6368 		.ascii	"anch revision 237715] -mcpu=cortex-m3 -mthumb -g -O"
  30      20726576 
  30      6973696F 
  30      6E203233 
  30      37373135 
  31 00b7 30202D66 		.ascii	"0 -ffunction-sections -ffat-lto-objects\000"
  31      66756E63 
  31      74696F6E 
  31      2D736563 
  31      74696F6E 
  32              		.ident	"GCC: (GNU Tools for ARM Embedded Processors) 5.4.1 20160609 (release) [ARM/embedded-5-bran
