ARM GAS  C:\Users\Calvi\AppData\Local\Temp\ccz9BEFf.s 			page 1


   1              		.syntax unified
   2              		.cpu cortex-m3
   3              		.fpu softvfp
   4              		.eabi_attribute 20, 1
   5              		.eabi_attribute 21, 1
   6              		.eabi_attribute 23, 3
   7              		.eabi_attribute 24, 1
   8              		.eabi_attribute 25, 1
   9              		.eabi_attribute 26, 1
  10              		.eabi_attribute 30, 6
  11              		.eabi_attribute 34, 1
  12              		.eabi_attribute 18, 4
  13              		.thumb
  14              		.syntax unified
  15              		.file	"LEFT_TURN.c"
  16              		.text
  17              	.Ltext0:
  18              		.cfi_sections	.debug_frame
  19              		.section	.text.TURN_LEFT,"ax",%progbits
  20              		.align	2
  21              		.global	TURN_LEFT
  22              		.thumb
  23              		.thumb_func
  24              		.type	TURN_LEFT, %function
  25              	TURN_LEFT:
  26              	.LFB64:
  27              		.file 1 "LEFT_TURN.c"
   1:LEFT_TURN.c   **** /* ========================================
   2:LEFT_TURN.c   ****  *
   3:LEFT_TURN.c   ****  * Copyright YOUR COMPANY, THE YEAR
   4:LEFT_TURN.c   ****  * All Rights Reserved
   5:LEFT_TURN.c   ****  * UNPUBLISHED, LICENSED SOFTWARE.
   6:LEFT_TURN.c   ****  *
   7:LEFT_TURN.c   ****  * CONFIDENTIAL AND PROPRIETARY INFORMATION
   8:LEFT_TURN.c   ****  * WHICH IS THE PROPERTY OF your company.
   9:LEFT_TURN.c   ****  *
  10:LEFT_TURN.c   ****  * ========================================
  11:LEFT_TURN.c   **** */
  12:LEFT_TURN.c   **** 
  13:LEFT_TURN.c   **** /* [] END OF FILE */
  14:LEFT_TURN.c   **** #include "LEFT_TURN.h"
  15:LEFT_TURN.c   **** 
  16:LEFT_TURN.c   **** void TURN_LEFT()
  17:LEFT_TURN.c   **** {
  28              		.loc 1 17 0
  29              		.cfi_startproc
  30              		@ args = 0, pretend = 0, frame = 0
  31              		@ frame_needed = 1, uses_anonymous_args = 0
  32 0000 80B5     		push	{r7, lr}
  33              		.cfi_def_cfa_offset 8
  34              		.cfi_offset 7, -8
  35              		.cfi_offset 14, -4
  36 0002 00AF     		add	r7, sp, #0
  37              		.cfi_def_cfa_register 7
  18:LEFT_TURN.c   ****     CYGlobalIntEnable;
  38              		.loc 1 18 0
  39              		.syntax unified
ARM GAS  C:\Users\Calvi\AppData\Local\Temp\ccz9BEFf.s 			page 2


  40              	@ 18 "LEFT_TURN.c" 1
  41 0004 62B6     		CPSIE   i
  42              	@ 0 "" 2
  19:LEFT_TURN.c   ****     PWM_2_Start();
  43              		.loc 1 19 0
  44              		.thumb
  45              		.syntax unified
  46 0006 FFF7FEFF 		bl	PWM_2_Start
  20:LEFT_TURN.c   ****     PWM_2_WriteCompare(255);
  47              		.loc 1 20 0
  48 000a FF20     		movs	r0, #255
  49 000c FFF7FEFF 		bl	PWM_2_WriteCompare
  21:LEFT_TURN.c   ****     CyDelay(260);
  50              		.loc 1 21 0
  51 0010 4FF48270 		mov	r0, #260
  52 0014 FFF7FEFF 		bl	CyDelay
  22:LEFT_TURN.c   ****     PWM_2_WriteCompare(127);
  53              		.loc 1 22 0
  54 0018 7F20     		movs	r0, #127
  55 001a FFF7FEFF 		bl	PWM_2_WriteCompare
  23:LEFT_TURN.c   **** 
  24:LEFT_TURN.c   **** }...
  56              		.loc 1 24 0
  57 001e 00BF     		nop
  58 0020 80BD     		pop	{r7, pc}
  59              		.cfi_endproc
  60              	.LFE64:
  61              		.size	TURN_LEFT, .-TURN_LEFT
  62 0022 00BF     		.text
  63              	.Letext0:
  64              		.file 2 "c:\\program files (x86)\\cypress\\psoc creator\\4.4\\psoc creator\\import\\gnu\\arm\\5.4.
  65              		.file 3 "c:\\program files (x86)\\cypress\\psoc creator\\4.4\\psoc creator\\import\\gnu\\arm\\5.4.
  66              		.file 4 "Generated_Source\\PSoC5/core_cm3.h"
  67              		.section	.debug_info,"",%progbits
  68              	.Ldebug_info0:
  69 0000 C3000000 		.4byte	0xc3
  70 0004 0400     		.2byte	0x4
  71 0006 00000000 		.4byte	.Ldebug_abbrev0
  72 000a 04       		.byte	0x4
  73 000b 01       		.uleb128 0x1
  74 000c 6D000000 		.4byte	.LASF16
  75 0010 0C       		.byte	0xc
  76 0011 61000000 		.4byte	.LASF17
  77 0015 43010000 		.4byte	.LASF18
  78 0019 00000000 		.4byte	.Ldebug_ranges0+0
  79 001d 00000000 		.4byte	0
  80 0021 00000000 		.4byte	.Ldebug_line0
  81 0025 02       		.uleb128 0x2
  82 0026 01       		.byte	0x1
  83 0027 06       		.byte	0x6
  84 0028 37010000 		.4byte	.LASF0
  85 002c 02       		.uleb128 0x2
  86 002d 01       		.byte	0x1
  87 002e 08       		.byte	0x8
  88 002f FB000000 		.4byte	.LASF1
  89 0033 02       		.uleb128 0x2
  90 0034 02       		.byte	0x2
ARM GAS  C:\Users\Calvi\AppData\Local\Temp\ccz9BEFf.s 			page 3


  91 0035 05       		.byte	0x5
  92 0036 8E010000 		.4byte	.LASF2
  93 003a 02       		.uleb128 0x2
  94 003b 02       		.byte	0x2
  95 003c 07       		.byte	0x7
  96 003d 0E000000 		.4byte	.LASF3
  97 0041 03       		.uleb128 0x3
  98 0042 7E010000 		.4byte	.LASF9
  99 0046 02       		.byte	0x2
 100 0047 3F       		.byte	0x3f
 101 0048 4C000000 		.4byte	0x4c
 102 004c 02       		.uleb128 0x2
 103 004d 04       		.byte	0x4
 104 004e 05       		.byte	0x5
 105 004f 0E010000 		.4byte	.LASF4
 106 0053 02       		.uleb128 0x2
 107 0054 04       		.byte	0x4
 108 0055 07       		.byte	0x7
 109 0056 38000000 		.4byte	.LASF5
 110 005a 02       		.uleb128 0x2
 111 005b 08       		.byte	0x8
 112 005c 05       		.byte	0x5
 113 005d 00000000 		.4byte	.LASF6
 114 0061 02       		.uleb128 0x2
 115 0062 08       		.byte	0x8
 116 0063 07       		.byte	0x7
 117 0064 4A000000 		.4byte	.LASF7
 118 0068 04       		.uleb128 0x4
 119 0069 04       		.byte	0x4
 120 006a 05       		.byte	0x5
 121 006b 696E7400 		.ascii	"int\000"
 122 006f 02       		.uleb128 0x2
 123 0070 04       		.byte	0x4
 124 0071 07       		.byte	0x7
 125 0072 2B000000 		.4byte	.LASF8
 126 0076 03       		.uleb128 0x3
 127 0077 98010000 		.4byte	.LASF10
 128 007b 03       		.byte	0x3
 129 007c 2C       		.byte	0x2c
 130 007d 41000000 		.4byte	0x41
 131 0081 02       		.uleb128 0x2
 132 0082 04       		.byte	0x4
 133 0083 04       		.byte	0x4
 134 0084 88010000 		.4byte	.LASF11
 135 0088 02       		.uleb128 0x2
 136 0089 08       		.byte	0x8
 137 008a 04       		.byte	0x4
 138 008b 17010000 		.4byte	.LASF12
 139 008f 02       		.uleb128 0x2
 140 0090 01       		.byte	0x1
 141 0091 08       		.byte	0x8
 142 0092 09010000 		.4byte	.LASF13
 143 0096 02       		.uleb128 0x2
 144 0097 08       		.byte	0x8
 145 0098 04       		.byte	0x4
 146 0099 1E010000 		.4byte	.LASF14
 147 009d 02       		.uleb128 0x2
ARM GAS  C:\Users\Calvi\AppData\Local\Temp\ccz9BEFf.s 			page 4


 148 009e 04       		.byte	0x4
 149 009f 07       		.byte	0x7
 150 00a0 A0010000 		.4byte	.LASF15
 151 00a4 05       		.uleb128 0x5
 152 00a5 21000000 		.4byte	.LASF19
 153 00a9 01       		.byte	0x1
 154 00aa 10       		.byte	0x10
 155 00ab 00000000 		.4byte	.LFB64
 156 00af 22000000 		.4byte	.LFE64-.LFB64
 157 00b3 01       		.uleb128 0x1
 158 00b4 9C       		.byte	0x9c
 159 00b5 06       		.uleb128 0x6
 160 00b6 2A010000 		.4byte	.LASF20
 161 00ba 04       		.byte	0x4
 162 00bb 1207     		.2byte	0x712
 163 00bd C1000000 		.4byte	0xc1
 164 00c1 07       		.uleb128 0x7
 165 00c2 76000000 		.4byte	0x76
 166 00c6 00       		.byte	0
 167              		.section	.debug_abbrev,"",%progbits
 168              	.Ldebug_abbrev0:
 169 0000 01       		.uleb128 0x1
 170 0001 11       		.uleb128 0x11
 171 0002 01       		.byte	0x1
 172 0003 25       		.uleb128 0x25
 173 0004 0E       		.uleb128 0xe
 174 0005 13       		.uleb128 0x13
 175 0006 0B       		.uleb128 0xb
 176 0007 03       		.uleb128 0x3
 177 0008 0E       		.uleb128 0xe
 178 0009 1B       		.uleb128 0x1b
 179 000a 0E       		.uleb128 0xe
 180 000b 55       		.uleb128 0x55
 181 000c 17       		.uleb128 0x17
 182 000d 11       		.uleb128 0x11
 183 000e 01       		.uleb128 0x1
 184 000f 10       		.uleb128 0x10
 185 0010 17       		.uleb128 0x17
 186 0011 00       		.byte	0
 187 0012 00       		.byte	0
 188 0013 02       		.uleb128 0x2
 189 0014 24       		.uleb128 0x24
 190 0015 00       		.byte	0
 191 0016 0B       		.uleb128 0xb
 192 0017 0B       		.uleb128 0xb
 193 0018 3E       		.uleb128 0x3e
 194 0019 0B       		.uleb128 0xb
 195 001a 03       		.uleb128 0x3
 196 001b 0E       		.uleb128 0xe
 197 001c 00       		.byte	0
 198 001d 00       		.byte	0
 199 001e 03       		.uleb128 0x3
 200 001f 16       		.uleb128 0x16
 201 0020 00       		.byte	0
 202 0021 03       		.uleb128 0x3
 203 0022 0E       		.uleb128 0xe
 204 0023 3A       		.uleb128 0x3a
ARM GAS  C:\Users\Calvi\AppData\Local\Temp\ccz9BEFf.s 			page 5


 205 0024 0B       		.uleb128 0xb
 206 0025 3B       		.uleb128 0x3b
 207 0026 0B       		.uleb128 0xb
 208 0027 49       		.uleb128 0x49
 209 0028 13       		.uleb128 0x13
 210 0029 00       		.byte	0
 211 002a 00       		.byte	0
 212 002b 04       		.uleb128 0x4
 213 002c 24       		.uleb128 0x24
 214 002d 00       		.byte	0
 215 002e 0B       		.uleb128 0xb
 216 002f 0B       		.uleb128 0xb
 217 0030 3E       		.uleb128 0x3e
 218 0031 0B       		.uleb128 0xb
 219 0032 03       		.uleb128 0x3
 220 0033 08       		.uleb128 0x8
 221 0034 00       		.byte	0
 222 0035 00       		.byte	0
 223 0036 05       		.uleb128 0x5
 224 0037 2E       		.uleb128 0x2e
 225 0038 00       		.byte	0
 226 0039 3F       		.uleb128 0x3f
 227 003a 19       		.uleb128 0x19
 228 003b 03       		.uleb128 0x3
 229 003c 0E       		.uleb128 0xe
 230 003d 3A       		.uleb128 0x3a
 231 003e 0B       		.uleb128 0xb
 232 003f 3B       		.uleb128 0x3b
 233 0040 0B       		.uleb128 0xb
 234 0041 11       		.uleb128 0x11
 235 0042 01       		.uleb128 0x1
 236 0043 12       		.uleb128 0x12
 237 0044 06       		.uleb128 0x6
 238 0045 40       		.uleb128 0x40
 239 0046 18       		.uleb128 0x18
 240 0047 9642     		.uleb128 0x2116
 241 0049 19       		.uleb128 0x19
 242 004a 00       		.byte	0
 243 004b 00       		.byte	0
 244 004c 06       		.uleb128 0x6
 245 004d 34       		.uleb128 0x34
 246 004e 00       		.byte	0
 247 004f 03       		.uleb128 0x3
 248 0050 0E       		.uleb128 0xe
 249 0051 3A       		.uleb128 0x3a
 250 0052 0B       		.uleb128 0xb
 251 0053 3B       		.uleb128 0x3b
 252 0054 05       		.uleb128 0x5
 253 0055 49       		.uleb128 0x49
 254 0056 13       		.uleb128 0x13
 255 0057 3F       		.uleb128 0x3f
 256 0058 19       		.uleb128 0x19
 257 0059 3C       		.uleb128 0x3c
 258 005a 19       		.uleb128 0x19
 259 005b 00       		.byte	0
 260 005c 00       		.byte	0
 261 005d 07       		.uleb128 0x7
ARM GAS  C:\Users\Calvi\AppData\Local\Temp\ccz9BEFf.s 			page 6


 262 005e 35       		.uleb128 0x35
 263 005f 00       		.byte	0
 264 0060 49       		.uleb128 0x49
 265 0061 13       		.uleb128 0x13
 266 0062 00       		.byte	0
 267 0063 00       		.byte	0
 268 0064 00       		.byte	0
 269              		.section	.debug_aranges,"",%progbits
 270 0000 1C000000 		.4byte	0x1c
 271 0004 0200     		.2byte	0x2
 272 0006 00000000 		.4byte	.Ldebug_info0
 273 000a 04       		.byte	0x4
 274 000b 00       		.byte	0
 275 000c 0000     		.2byte	0
 276 000e 0000     		.2byte	0
 277 0010 00000000 		.4byte	.LFB64
 278 0014 22000000 		.4byte	.LFE64-.LFB64
 279 0018 00000000 		.4byte	0
 280 001c 00000000 		.4byte	0
 281              		.section	.debug_ranges,"",%progbits
 282              	.Ldebug_ranges0:
 283 0000 00000000 		.4byte	.LFB64
 284 0004 22000000 		.4byte	.LFE64
 285 0008 00000000 		.4byte	0
 286 000c 00000000 		.4byte	0
 287              		.section	.debug_line,"",%progbits
 288              	.Ldebug_line0:
 289 0000 5F010000 		.section	.debug_str,"MS",%progbits,1
 289      02004401 
 289      00000201 
 289      FB0E0D00 
 289      01010101 
 290              	.LASF6:
 291 0000 6C6F6E67 		.ascii	"long long int\000"
 291      206C6F6E 
 291      6720696E 
 291      7400
 292              	.LASF3:
 293 000e 73686F72 		.ascii	"short unsigned int\000"
 293      7420756E 
 293      7369676E 
 293      65642069 
 293      6E7400
 294              	.LASF19:
 295 0021 5455524E 		.ascii	"TURN_LEFT\000"
 295      5F4C4546 
 295      5400
 296              	.LASF8:
 297 002b 756E7369 		.ascii	"unsigned int\000"
 297      676E6564 
 297      20696E74 
 297      00
 298              	.LASF5:
 299 0038 6C6F6E67 		.ascii	"long unsigned int\000"
 299      20756E73 
 299      69676E65 
 299      6420696E 
ARM GAS  C:\Users\Calvi\AppData\Local\Temp\ccz9BEFf.s 			page 7


 299      7400
 300              	.LASF7:
 301 004a 6C6F6E67 		.ascii	"long long unsigned int\000"
 301      206C6F6E 
 301      6720756E 
 301      7369676E 
 301      65642069 
 302              	.LASF17:
 303 0061 4C454654 		.ascii	"LEFT_TURN.c\000"
 303      5F545552 
 303      4E2E6300 
 304              	.LASF16:
 305 006d 474E5520 		.ascii	"GNU C11 5.4.1 20160609 (release) [ARM/embedded-5-br"
 305      43313120 
 305      352E342E 
 305      31203230 
 305      31363036 
 306 00a0 616E6368 		.ascii	"anch revision 237715] -mcpu=cortex-m3 -mthumb -g -O"
 306      20726576 
 306      6973696F 
 306      6E203233 
 306      37373135 
 307 00d3 30202D66 		.ascii	"0 -ffunction-sections -ffat-lto-objects\000"
 307      66756E63 
 307      74696F6E 
 307      2D736563 
 307      74696F6E 
 308              	.LASF1:
 309 00fb 756E7369 		.ascii	"unsigned char\000"
 309      676E6564 
 309      20636861 
 309      7200
 310              	.LASF13:
 311 0109 63686172 		.ascii	"char\000"
 311      00
 312              	.LASF4:
 313 010e 6C6F6E67 		.ascii	"long int\000"
 313      20696E74 
 313      00
 314              	.LASF12:
 315 0117 646F7562 		.ascii	"double\000"
 315      6C6500
 316              	.LASF14:
 317 011e 6C6F6E67 		.ascii	"long double\000"
 317      20646F75 
 317      626C6500 
 318              	.LASF20:
 319 012a 49544D5F 		.ascii	"ITM_RxBuffer\000"
 319      52784275 
 319      66666572 
 319      00
 320              	.LASF0:
 321 0137 7369676E 		.ascii	"signed char\000"
 321      65642063 
 321      68617200 
 322              	.LASF18:
 323 0143 433A5C55 		.ascii	"C:\\Users\\Calvi\\Desktop\\301\\psoc firmware\\CS30"
ARM GAS  C:\Users\Calvi\AppData\Local\Temp\ccz9BEFf.s 			page 8


 323      73657273 
 323      5C43616C 
 323      76695C44 
 323      65736B74 
 324 0170 315F436C 		.ascii	"1_Class.cydsn\000"
 324      6173732E 
 324      63796473 
 324      6E00
 325              	.LASF9:
 326 017e 5F5F696E 		.ascii	"__int32_t\000"
 326      7433325F 
 326      7400
 327              	.LASF11:
 328 0188 666C6F61 		.ascii	"float\000"
 328      7400
 329              	.LASF2:
 330 018e 73686F72 		.ascii	"short int\000"
 330      7420696E 
 330      7400
 331              	.LASF10:
 332 0198 696E7433 		.ascii	"int32_t\000"
 332      325F7400 
 333              	.LASF15:
 334 01a0 73697A65 		.ascii	"sizetype\000"
 334      74797065 
 334      00
 335              		.ident	"GCC: (GNU Tools for ARM Embedded Processors) 5.4.1 20160609 (release) [ARM/embedded-5-bran
