ARM GAS  C:\Users\cta10\AppData\Local\Temp\ccRsMR11.s 			page 1


   1              		.syntax unified
   2              		.cpu cortex-m3
   3              		.fpu softvfp
   4              		.eabi_attribute 20, 1
   5              		.eabi_attribute 21, 1
   6              		.eabi_attribute 23, 3
   7              		.eabi_attribute 24, 1
   8              		.eabi_attribute 25, 1
   9              		.eabi_attribute 26, 1
  10              		.eabi_attribute 30, 6
  11              		.eabi_attribute 34, 1
  12              		.eabi_attribute 18, 4
  13              		.thumb
  14              		.syntax unified
  15              		.file	"main.c"
  16              		.text
  17              	.Ltext0:
  18              		.cfi_sections	.debug_frame
  19              		.global	ts
  20              		.bss
  21              		.type	ts, %object
  22              		.size	ts, 1
  23              	ts:
  24 0000 00       		.space	1
  25              		.global	ts_enc
  26 0001 00       		.align	1
  27              		.type	ts_enc, %object
  28              		.size	ts_enc, 2
  29              	ts_enc:
  30 0002 0000     		.space	2
  31              		.global	ts_update
  32              		.align	1
  33              		.type	ts_update, %object
  34              		.size	ts_update, 2
  35              	ts_update:
  36 0004 0000     		.space	2
  37              		.global	ts_speed
  38              		.align	1
  39              		.type	ts_speed, %object
  40              		.size	ts_speed, 2
  41              	ts_speed:
  42 0006 0000     		.space	2
  43              		.global	ts_display
  44              		.align	1
  45              		.type	ts_display, %object
  46              		.size	ts_display, 2
  47              	ts_display:
  48 0008 0000     		.space	2
  49              		.global	flag_ts_enc
  50              		.type	flag_ts_enc, %object
  51              		.size	flag_ts_enc, 1
  52              	flag_ts_enc:
  53 000a 00       		.space	1
  54              		.global	flag_ts_update
  55              		.type	flag_ts_update, %object
  56              		.size	flag_ts_update, 1
  57              	flag_ts_update:
ARM GAS  C:\Users\cta10\AppData\Local\Temp\ccRsMR11.s 			page 2


  58 000b 00       		.space	1
  59              		.global	flag_ts_speed
  60              		.type	flag_ts_speed, %object
  61              		.size	flag_ts_speed, 1
  62              	flag_ts_speed:
  63 000c 00       		.space	1
  64              		.global	flag_ts_display
  65              		.type	flag_ts_display, %object
  66              		.size	flag_ts_display, 1
  67              	flag_ts_display:
  68 000d 00       		.space	1
  69              		.global	flag_rx
  70              		.type	flag_rx, %object
  71              		.size	flag_rx, 1
  72              	flag_rx:
  73 000e 00       		.space	1
  74              		.global	flag_packet
  75              		.type	flag_packet, %object
  76              		.size	flag_packet, 1
  77              	flag_packet:
  78 000f 00       		.space	1
  79              		.global	flag_KB_string
  80              		.type	flag_KB_string, %object
  81              		.size	flag_KB_string, 1
  82              	flag_KB_string:
  83 0010 00       		.space	1
  84              		.global	dataready_flag
  85              		.type	dataready_flag, %object
  86              		.size	dataready_flag, 1
  87              	dataready_flag:
  88 0011 00       		.space	1
  89              		.global	flag_rf_transmission_active
  90              		.data
  91              		.type	flag_rf_transmission_active, %object
  92              		.size	flag_rf_transmission_active, 1
  93              	flag_rf_transmission_active:
  94 0000 0A       		.byte	10
  95              		.global	displaystring
  96 0001 000000   		.align	2
  97              		.type	displaystring, %object
  98              		.size	displaystring, 64
  99              	displaystring:
 100 0004 43533330 		.ascii	"CS301 2016\012\000"
 100      31203230 
 100      31360A00 
 101 0010 00000000 		.space	52
 101      00000000 
 101      00000000 
 101      00000000 
 101      00000000 
 102              		.comm	line,64,4
 103              		.comm	entry,64,4
 104              		.comm	usbBuffer,64,4
 105              		.comm	system_state,32,4
 106              		.section	.text.main,"ax",%progbits
 107              		.align	2
 108              		.global	main
ARM GAS  C:\Users\cta10\AppData\Local\Temp\ccRsMR11.s 			page 3


 109              		.thumb
 110              		.thumb_func
 111              		.type	main, %function
 112              	main:
 113              	.LFB64:
 114              		.file 1 "main.c"
   1:main.c        **** /* ========================================
   2:main.c        ****  * Fully working code: 
   3:main.c        ****  * PWM      : 
   4:main.c        ****  * Encoder  : 
   5:main.c        ****  * ADC      :
   6:main.c        ****  * USB      : port displays speed and position.
   7:main.c        ****  * CMD: "PW xx"
   8:main.c        ****  * Copyright Univ of Auckland, 2016
   9:main.c        ****  * All Rights Reserved
  10:main.c        ****  * UNPUBLISHED, LICENSED SOFTWARE.
  11:main.c        ****  *
  12:main.c        ****  * CONFIDENTIAL AND PROPRIETARY INFORMATION
  13:main.c        ****  * WHICH IS THE PROPERTY OF Univ of Auckland.
  14:main.c        ****  *
  15:main.c        ****  * ========================================
  16:main.c        **** */
  17:main.c        **** #include <stdio.h>
  18:main.c        **** #include <string.h>
  19:main.c        **** #include <stdlib.h>
  20:main.c        **** #include <project.h>
  21:main.c        **** //* ========================================
  22:main.c        **** #include "defines.h"
  23:main.c        **** #include "vars.h"
  24:main.c        **** #include "isr_eoc2.h"
  25:main.c        **** //* ========================================
  26:main.c        **** void usbPutString(char *s);
  27:main.c        **** void usbPutChar(char c);
  28:main.c        **** void handle_usb();
  29:main.c        **** //* ========================================
  30:main.c        **** extern uint8_t sample_flag;
  31:main.c        **** 
  32:main.c        **** 
  33:main.c        **** 
  34:main.c        **** 
  35:main.c        **** int main()
  36:main.c        **** {
 115              		.loc 1 36 0
 116              		.cfi_startproc
 117              		@ args = 0, pretend = 0, frame = 8
 118              		@ frame_needed = 1, uses_anonymous_args = 0
 119 0000 80B5     		push	{r7, lr}
 120              		.cfi_def_cfa_offset 8
 121              		.cfi_offset 7, -8
 122              		.cfi_offset 14, -4
 123 0002 82B0     		sub	sp, sp, #8
 124              		.cfi_def_cfa_offset 16
 125 0004 00AF     		add	r7, sp, #0
 126              		.cfi_def_cfa_register 7
  37:main.c        ****     
  38:main.c        **** 
  39:main.c        **** // --------------------------------    
ARM GAS  C:\Users\cta10\AppData\Local\Temp\ccRsMR11.s 			page 4


  40:main.c        **** // ----- INITIALIZATIONS ----------
  41:main.c        ****     CYGlobalIntEnable;
 127              		.loc 1 41 0
 128              		.syntax unified
 129              	@ 41 "main.c" 1
 130 0006 62B6     		CPSIE   i
 131              	@ 0 "" 2
  42:main.c        ****     //PWM_1_Start();
  43:main.c        ****     //PWM_2_Start();
  44:main.c        ****     isr_eoc2_Start();
 132              		.loc 1 44 0
 133              		.thumb
 134              		.syntax unified
 135 0008 FFF7FEFF 		bl	isr_eoc2_Start
  45:main.c        ****     ADC_SAR_1_Start();
 136              		.loc 1 45 0
 137 000c FFF7FEFF 		bl	ADC_SAR_1_Start
  46:main.c        ****     VDAC_Start();
 138              		.loc 1 46 0
 139 0010 FFF7FEFF 		bl	VDAC_Start
  47:main.c        ****     
  48:main.c        **** 
  49:main.c        **** // ------USB SETUP ----------------    
  50:main.c        **** #ifdef USE_USB    
  51:main.c        ****     USBUART_Start(0,USBUART_5V_OPERATION);
 140              		.loc 1 51 0
 141 0014 0121     		movs	r1, #1
 142 0016 0020     		movs	r0, #0
 143 0018 FFF7FEFF 		bl	USBUART_Start
  52:main.c        **** #endif        
  53:main.c        ****         
  54:main.c        ****     RF_BT_SELECT_Write(0);
 144              		.loc 1 54 0
 145 001c 0020     		movs	r0, #0
 146 001e FFF7FEFF 		bl	RF_BT_SELECT_Write
  55:main.c        **** 
  56:main.c        ****     usbPutString(displaystring);
 147              		.loc 1 56 0
 148 0022 1048     		ldr	r0, .L5
 149 0024 FFF7FEFF 		bl	usbPutString
  57:main.c        ****     Timer_TS_Start();
 150              		.loc 1 57 0
 151 0028 FFF7FEFF 		bl	Timer_TS_Start
 152              	.L4:
  58:main.c        ****     for(;;)
  59:main.c        ****     {
  60:main.c        ****         /* Place your application code here. */
  61:main.c        ****         handle_usb();
 153              		.loc 1 61 0
 154 002c FFF7FEFF 		bl	handle_usb
  62:main.c        ****         if (flag_KB_string == 1)
 155              		.loc 1 62 0
 156 0030 0D4B     		ldr	r3, .L5+4
 157 0032 1B78     		ldrb	r3, [r3]	@ zero_extendqisi2
 158 0034 012B     		cmp	r3, #1
 159 0036 05D1     		bne	.L2
  63:main.c        ****         {
ARM GAS  C:\Users\cta10\AppData\Local\Temp\ccRsMR11.s 			page 5


  64:main.c        ****             usbPutString(line);
 160              		.loc 1 64 0
 161 0038 0C48     		ldr	r0, .L5+8
 162 003a FFF7FEFF 		bl	usbPutString
  65:main.c        ****             flag_KB_string = 0;
 163              		.loc 1 65 0
 164 003e 0A4B     		ldr	r3, .L5+4
 165 0040 0022     		movs	r2, #0
 166 0042 1A70     		strb	r2, [r3]
 167              	.L2:
  66:main.c        ****         }
  67:main.c        ****         if (sample_flag){
 168              		.loc 1 67 0
 169 0044 0A4B     		ldr	r3, .L5+12
 170 0046 1B78     		ldrb	r3, [r3]	@ zero_extendqisi2
 171 0048 002B     		cmp	r3, #0
 172 004a EFD0     		beq	.L4
 173              	.LBB2:
  68:main.c        ****             uint8 adc_val = ADC_SAR_1_GetResult8();
 174              		.loc 1 68 0
 175 004c FFF7FEFF 		bl	ADC_SAR_1_GetResult8
 176 0050 0346     		mov	r3, r0
 177 0052 FB71     		strb	r3, [r7, #7]
  69:main.c        ****             VDAC_SetValue(adc_val);
 178              		.loc 1 69 0
 179 0054 FB79     		ldrb	r3, [r7, #7]	@ zero_extendqisi2
 180 0056 1846     		mov	r0, r3
 181 0058 FFF7FEFF 		bl	VDAC_SetValue
  70:main.c        ****             sample_flag = 0;
 182              		.loc 1 70 0
 183 005c 044B     		ldr	r3, .L5+12
 184 005e 0022     		movs	r2, #0
 185 0060 1A70     		strb	r2, [r3]
 186              	.LBE2:
  71:main.c        ****         }
  72:main.c        ****     }   
 187              		.loc 1 72 0
 188 0062 E3E7     		b	.L4
 189              	.L6:
 190              		.align	2
 191              	.L5:
 192 0064 00000000 		.word	displaystring
 193 0068 00000000 		.word	flag_KB_string
 194 006c 00000000 		.word	line
 195 0070 00000000 		.word	sample_flag
 196              		.cfi_endproc
 197              	.LFE64:
 198              		.size	main, .-main
 199              		.section	.text.usbPutString,"ax",%progbits
 200              		.align	2
 201              		.global	usbPutString
 202              		.thumb
 203              		.thumb_func
 204              		.type	usbPutString, %function
 205              	usbPutString:
 206              	.LFB65:
  73:main.c        **** }
ARM GAS  C:\Users\cta10\AppData\Local\Temp\ccRsMR11.s 			page 6


  74:main.c        **** //* ========================================
  75:main.c        **** void usbPutString(char *s)
  76:main.c        **** {
 207              		.loc 1 76 0
 208              		.cfi_startproc
 209              		@ args = 0, pretend = 0, frame = 8
 210              		@ frame_needed = 1, uses_anonymous_args = 0
 211 0000 80B5     		push	{r7, lr}
 212              		.cfi_def_cfa_offset 8
 213              		.cfi_offset 7, -8
 214              		.cfi_offset 14, -4
 215 0002 82B0     		sub	sp, sp, #8
 216              		.cfi_def_cfa_offset 16
 217 0004 00AF     		add	r7, sp, #0
 218              		.cfi_def_cfa_register 7
 219 0006 7860     		str	r0, [r7, #4]
  77:main.c        **** // !! Assumes that *s is a string with allocated space >=64 chars     
  78:main.c        **** //  Since USB implementation retricts data packets to 64 chars, this function truncates the
  79:main.c        **** //  length to 62 char (63rd char is a '!')
  80:main.c        **** 
  81:main.c        **** #ifdef USE_USB     
  82:main.c        ****     while (USBUART_CDCIsReady() == 0);
 220              		.loc 1 82 0
 221 0008 00BF     		nop
 222              	.L8:
 223              		.loc 1 82 0 is_stmt 0 discriminator 1
 224 000a FFF7FEFF 		bl	USBUART_CDCIsReady
 225 000e 0346     		mov	r3, r0
 226 0010 002B     		cmp	r3, #0
 227 0012 FAD0     		beq	.L8
  83:main.c        ****     s[63]='\0';
 228              		.loc 1 83 0 is_stmt 1
 229 0014 7B68     		ldr	r3, [r7, #4]
 230 0016 3F33     		adds	r3, r3, #63
 231 0018 0022     		movs	r2, #0
 232 001a 1A70     		strb	r2, [r3]
  84:main.c        ****     s[62]='!';
 233              		.loc 1 84 0
 234 001c 7B68     		ldr	r3, [r7, #4]
 235 001e 3E33     		adds	r3, r3, #62
 236 0020 2122     		movs	r2, #33
 237 0022 1A70     		strb	r2, [r3]
  85:main.c        ****     USBUART_PutData((uint8*)s,strlen(s));
 238              		.loc 1 85 0
 239 0024 7868     		ldr	r0, [r7, #4]
 240 0026 FFF7FEFF 		bl	strlen
 241 002a 0346     		mov	r3, r0
 242 002c 9BB2     		uxth	r3, r3
 243 002e 1946     		mov	r1, r3
 244 0030 7868     		ldr	r0, [r7, #4]
 245 0032 FFF7FEFF 		bl	USBUART_PutData
  86:main.c        **** #endif
  87:main.c        **** }
 246              		.loc 1 87 0
 247 0036 00BF     		nop
 248 0038 0837     		adds	r7, r7, #8
 249              		.cfi_def_cfa_offset 8
ARM GAS  C:\Users\cta10\AppData\Local\Temp\ccRsMR11.s 			page 7


 250 003a BD46     		mov	sp, r7
 251              		.cfi_def_cfa_register 13
 252              		@ sp needed
 253 003c 80BD     		pop	{r7, pc}
 254              		.cfi_endproc
 255              	.LFE65:
 256              		.size	usbPutString, .-usbPutString
 257 003e 00BF     		.section	.text.usbPutChar,"ax",%progbits
 258              		.align	2
 259              		.global	usbPutChar
 260              		.thumb
 261              		.thumb_func
 262              		.type	usbPutChar, %function
 263              	usbPutChar:
 264              	.LFB66:
  88:main.c        **** //* ========================================
  89:main.c        **** void usbPutChar(char c)
  90:main.c        **** {
 265              		.loc 1 90 0
 266              		.cfi_startproc
 267              		@ args = 0, pretend = 0, frame = 8
 268              		@ frame_needed = 1, uses_anonymous_args = 0
 269 0000 80B5     		push	{r7, lr}
 270              		.cfi_def_cfa_offset 8
 271              		.cfi_offset 7, -8
 272              		.cfi_offset 14, -4
 273 0002 82B0     		sub	sp, sp, #8
 274              		.cfi_def_cfa_offset 16
 275 0004 00AF     		add	r7, sp, #0
 276              		.cfi_def_cfa_register 7
 277 0006 0346     		mov	r3, r0
 278 0008 FB71     		strb	r3, [r7, #7]
  91:main.c        **** #ifdef USE_USB     
  92:main.c        ****     while (USBUART_CDCIsReady() == 0);
 279              		.loc 1 92 0
 280 000a 00BF     		nop
 281              	.L10:
 282              		.loc 1 92 0 is_stmt 0 discriminator 1
 283 000c FFF7FEFF 		bl	USBUART_CDCIsReady
 284 0010 0346     		mov	r3, r0
 285 0012 002B     		cmp	r3, #0
 286 0014 FAD0     		beq	.L10
  93:main.c        ****     USBUART_PutChar(c);
 287              		.loc 1 93 0 is_stmt 1
 288 0016 FB79     		ldrb	r3, [r7, #7]	@ zero_extendqisi2
 289 0018 1846     		mov	r0, r3
 290 001a FFF7FEFF 		bl	USBUART_PutChar
  94:main.c        **** #endif    
  95:main.c        **** }
 291              		.loc 1 95 0
 292 001e 00BF     		nop
 293 0020 0837     		adds	r7, r7, #8
 294              		.cfi_def_cfa_offset 8
 295 0022 BD46     		mov	sp, r7
 296              		.cfi_def_cfa_register 13
 297              		@ sp needed
 298 0024 80BD     		pop	{r7, pc}
ARM GAS  C:\Users\cta10\AppData\Local\Temp\ccRsMR11.s 			page 8


 299              		.cfi_endproc
 300              	.LFE66:
 301              		.size	usbPutChar, .-usbPutChar
 302 0026 00BF     		.section	.text.handle_usb,"ax",%progbits
 303              		.align	2
 304              		.global	handle_usb
 305              		.thumb
 306              		.thumb_func
 307              		.type	handle_usb, %function
 308              	handle_usb:
 309              	.LFB67:
  96:main.c        **** //* ========================================
  97:main.c        **** void handle_usb()
  98:main.c        **** {
 310              		.loc 1 98 0
 311              		.cfi_startproc
 312              		@ args = 0, pretend = 0, frame = 8
 313              		@ frame_needed = 1, uses_anonymous_args = 0
 314 0000 80B5     		push	{r7, lr}
 315              		.cfi_def_cfa_offset 8
 316              		.cfi_offset 7, -8
 317              		.cfi_offset 14, -4
 318 0002 82B0     		sub	sp, sp, #8
 319              		.cfi_def_cfa_offset 16
 320 0004 00AF     		add	r7, sp, #0
 321              		.cfi_def_cfa_register 7
  99:main.c        ****     // handles input at terminal, echos it back to the terminal
 100:main.c        ****     // turn echo OFF, key emulation: only CR
 101:main.c        ****     // entered string is made available in 'line' and 'flag_KB_string' is set
 102:main.c        ****     
 103:main.c        ****     static uint8 usbStarted = FALSE;
 104:main.c        ****     static uint16 usbBufCount = 0;
 105:main.c        ****     uint8 c; 
 106:main.c        ****     
 107:main.c        **** 
 108:main.c        ****     if (!usbStarted)
 322              		.loc 1 108 0
 323 0006 2B4B     		ldr	r3, .L21
 324 0008 1B78     		ldrb	r3, [r3]	@ zero_extendqisi2
 325 000a 002B     		cmp	r3, #0
 326 000c 0AD1     		bne	.L12
 109:main.c        ****     {
 110:main.c        ****         if (USBUART_GetConfiguration())
 327              		.loc 1 110 0
 328 000e FFF7FEFF 		bl	USBUART_GetConfiguration
 329 0012 0346     		mov	r3, r0
 330 0014 002B     		cmp	r3, #0
 331 0016 49D0     		beq	.L20
 111:main.c        ****         {
 112:main.c        ****             USBUART_CDC_Init();
 332              		.loc 1 112 0
 333 0018 FFF7FEFF 		bl	USBUART_CDC_Init
 113:main.c        ****             usbStarted = TRUE;
 334              		.loc 1 113 0
 335 001c 254B     		ldr	r3, .L21
 336 001e 0122     		movs	r2, #1
 337 0020 1A70     		strb	r2, [r3]
ARM GAS  C:\Users\cta10\AppData\Local\Temp\ccRsMR11.s 			page 9


 114:main.c        ****         }
 115:main.c        ****     }
 116:main.c        ****     else
 117:main.c        ****     {
 118:main.c        ****         if (USBUART_DataIsReady() != 0)
 119:main.c        ****         {  
 120:main.c        ****             c = USBUART_GetChar();
 121:main.c        **** 
 122:main.c        ****             if ((c == 13) || (c == 10))
 123:main.c        ****             {
 124:main.c        **** //                if (usbBufCount > 0)
 125:main.c        ****                 {
 126:main.c        ****                     entry[usbBufCount]= '\0';
 127:main.c        ****                     strcpy(line,entry);
 128:main.c        ****                     usbBufCount = 0;
 129:main.c        ****                     flag_KB_string = 1;
 130:main.c        ****                 }
 131:main.c        ****             }
 132:main.c        ****             else 
 133:main.c        ****             {
 134:main.c        ****                 if (((c == CHAR_BACKSP) || (c == CHAR_DEL) ) && (usbBufCount > 0) )
 135:main.c        ****                     usbBufCount--;
 136:main.c        ****                 else
 137:main.c        ****                 {
 138:main.c        ****                     if (usbBufCount > (BUF_SIZE-2) ) // one less else strtok triggers a crash
 139:main.c        ****                     {
 140:main.c        ****                        USBUART_PutChar('!');        
 141:main.c        ****                     }
 142:main.c        ****                     else
 143:main.c        ****                         entry[usbBufCount++] = c;  
 144:main.c        ****                 }  
 145:main.c        ****             }
 146:main.c        ****         }
 147:main.c        ****     }    
 148:main.c        **** }
 338              		.loc 1 148 0
 339 0022 43E0     		b	.L20
 340              	.L12:
 118:main.c        ****         {  
 341              		.loc 1 118 0
 342 0024 FFF7FEFF 		bl	USBUART_DataIsReady
 343 0028 0346     		mov	r3, r0
 344 002a 002B     		cmp	r3, #0
 345 002c 3ED0     		beq	.L20
 120:main.c        **** 
 346              		.loc 1 120 0
 347 002e FFF7FEFF 		bl	USBUART_GetChar
 348 0032 0346     		mov	r3, r0
 349 0034 FB71     		strb	r3, [r7, #7]
 122:main.c        ****             {
 350              		.loc 1 122 0
 351 0036 FB79     		ldrb	r3, [r7, #7]	@ zero_extendqisi2
 352 0038 0D2B     		cmp	r3, #13
 353 003a 02D0     		beq	.L15
 122:main.c        ****             {
 354              		.loc 1 122 0 is_stmt 0 discriminator 1
 355 003c FB79     		ldrb	r3, [r7, #7]	@ zero_extendqisi2
ARM GAS  C:\Users\cta10\AppData\Local\Temp\ccRsMR11.s 			page 10


 356 003e 0A2B     		cmp	r3, #10
 357 0040 10D1     		bne	.L16
 358              	.L15:
 126:main.c        ****                     strcpy(line,entry);
 359              		.loc 1 126 0 is_stmt 1
 360 0042 1D4B     		ldr	r3, .L21+4
 361 0044 1B88     		ldrh	r3, [r3]
 362 0046 1A46     		mov	r2, r3
 363 0048 1C4B     		ldr	r3, .L21+8
 364 004a 0021     		movs	r1, #0
 365 004c 9954     		strb	r1, [r3, r2]
 127:main.c        ****                     usbBufCount = 0;
 366              		.loc 1 127 0
 367 004e 1B49     		ldr	r1, .L21+8
 368 0050 1B48     		ldr	r0, .L21+12
 369 0052 FFF7FEFF 		bl	strcpy
 128:main.c        ****                     flag_KB_string = 1;
 370              		.loc 1 128 0
 371 0056 184B     		ldr	r3, .L21+4
 372 0058 0022     		movs	r2, #0
 373 005a 1A80     		strh	r2, [r3]	@ movhi
 129:main.c        ****                 }
 374              		.loc 1 129 0
 375 005c 194B     		ldr	r3, .L21+16
 376 005e 0122     		movs	r2, #1
 377 0060 1A70     		strb	r2, [r3]
 378 0062 23E0     		b	.L14
 379              	.L16:
 134:main.c        ****                     usbBufCount--;
 380              		.loc 1 134 0
 381 0064 FB79     		ldrb	r3, [r7, #7]	@ zero_extendqisi2
 382 0066 082B     		cmp	r3, #8
 383 0068 02D0     		beq	.L17
 134:main.c        ****                     usbBufCount--;
 384              		.loc 1 134 0 is_stmt 0 discriminator 2
 385 006a FB79     		ldrb	r3, [r7, #7]	@ zero_extendqisi2
 386 006c 7F2B     		cmp	r3, #127
 387 006e 0AD1     		bne	.L18
 388              	.L17:
 134:main.c        ****                     usbBufCount--;
 389              		.loc 1 134 0 discriminator 3
 390 0070 114B     		ldr	r3, .L21+4
 391 0072 1B88     		ldrh	r3, [r3]
 392 0074 002B     		cmp	r3, #0
 393 0076 06D0     		beq	.L18
 135:main.c        ****                 else
 394              		.loc 1 135 0 is_stmt 1
 395 0078 0F4B     		ldr	r3, .L21+4
 396 007a 1B88     		ldrh	r3, [r3]
 397 007c 013B     		subs	r3, r3, #1
 398 007e 9AB2     		uxth	r2, r3
 399 0080 0D4B     		ldr	r3, .L21+4
 400 0082 1A80     		strh	r2, [r3]	@ movhi
 401 0084 12E0     		b	.L14
 402              	.L18:
 138:main.c        ****                     {
 403              		.loc 1 138 0
ARM GAS  C:\Users\cta10\AppData\Local\Temp\ccRsMR11.s 			page 11


 404 0086 0C4B     		ldr	r3, .L21+4
 405 0088 1B88     		ldrh	r3, [r3]
 406 008a 3E2B     		cmp	r3, #62
 407 008c 03D9     		bls	.L19
 140:main.c        ****                     }
 408              		.loc 1 140 0
 409 008e 2120     		movs	r0, #33
 410 0090 FFF7FEFF 		bl	USBUART_PutChar
 411              		.loc 1 148 0
 412 0094 0AE0     		b	.L20
 413              	.L19:
 143:main.c        ****                 }  
 414              		.loc 1 143 0
 415 0096 084B     		ldr	r3, .L21+4
 416 0098 1B88     		ldrh	r3, [r3]
 417 009a 5A1C     		adds	r2, r3, #1
 418 009c 91B2     		uxth	r1, r2
 419 009e 064A     		ldr	r2, .L21+4
 420 00a0 1180     		strh	r1, [r2]	@ movhi
 421 00a2 1946     		mov	r1, r3
 422 00a4 054A     		ldr	r2, .L21+8
 423 00a6 FB79     		ldrb	r3, [r7, #7]
 424 00a8 5354     		strb	r3, [r2, r1]
 425              		.loc 1 148 0
 426 00aa FFE7     		b	.L20
 427              	.L14:
 428              	.L20:
 429 00ac 00BF     		nop
 430 00ae 0837     		adds	r7, r7, #8
 431              		.cfi_def_cfa_offset 8
 432 00b0 BD46     		mov	sp, r7
 433              		.cfi_def_cfa_register 13
 434              		@ sp needed
 435 00b2 80BD     		pop	{r7, pc}
 436              	.L22:
 437              		.align	2
 438              	.L21:
 439 00b4 12000000 		.word	usbStarted.8311
 440 00b8 14000000 		.word	usbBufCount.8312
 441 00bc 00000000 		.word	entry
 442 00c0 00000000 		.word	line
 443 00c4 00000000 		.word	flag_KB_string
 444              		.cfi_endproc
 445              	.LFE67:
 446              		.size	handle_usb, .-handle_usb
 447              		.bss
 448              	usbStarted.8311:
 449 0012 00       		.space	1
 450 0013 00       		.align	1
 451              	usbBufCount.8312:
 452 0014 0000     		.space	2
 453              		.text
 454              	.Letext0:
 455              		.file 2 "c:\\program files (x86)\\cypress\\psoc creator\\4.4\\psoc creator\\import\\gnu\\arm\\5.4.
 456              		.file 3 "c:\\program files (x86)\\cypress\\psoc creator\\4.4\\psoc creator\\import\\gnu\\arm\\5.4.
 457              		.file 4 "Generated_Source\\PSoC5/cytypes.h"
 458              		.file 5 "vars.h"
ARM GAS  C:\Users\cta10\AppData\Local\Temp\ccRsMR11.s 			page 12


 459              		.file 6 "Generated_Source\\PSoC5/core_cm3.h"
 460              		.section	.debug_info,"",%progbits
 461              	.Ldebug_info0:
 462 0000 FE030000 		.4byte	0x3fe
 463 0004 0400     		.2byte	0x4
 464 0006 00000000 		.4byte	.Ldebug_abbrev0
 465 000a 04       		.byte	0x4
 466 000b 01       		.uleb128 0x1
 467 000c A1000000 		.4byte	.LASF65
 468 0010 0C       		.byte	0xc
 469 0011 E0020000 		.4byte	.LASF66
 470 0015 12000000 		.4byte	.LASF67
 471 0019 00000000 		.4byte	.Ldebug_ranges0+0
 472 001d 00000000 		.4byte	0
 473 0021 00000000 		.4byte	.Ldebug_line0
 474 0025 02       		.uleb128 0x2
 475 0026 01       		.byte	0x1
 476 0027 06       		.byte	0x6
 477 0028 23020000 		.4byte	.LASF0
 478 002c 03       		.uleb128 0x3
 479 002d C1010000 		.4byte	.LASF4
 480 0031 02       		.byte	0x2
 481 0032 1D       		.byte	0x1d
 482 0033 37000000 		.4byte	0x37
 483 0037 02       		.uleb128 0x2
 484 0038 01       		.byte	0x1
 485 0039 08       		.byte	0x8
 486 003a FD010000 		.4byte	.LASF1
 487 003e 02       		.uleb128 0x2
 488 003f 02       		.byte	0x2
 489 0040 05       		.byte	0x5
 490 0041 77000000 		.4byte	.LASF2
 491 0045 02       		.uleb128 0x2
 492 0046 02       		.byte	0x2
 493 0047 07       		.byte	0x7
 494 0048 7F020000 		.4byte	.LASF3
 495 004c 03       		.uleb128 0x3
 496 004d 19030000 		.4byte	.LASF5
 497 0051 02       		.byte	0x2
 498 0052 3F       		.byte	0x3f
 499 0053 57000000 		.4byte	0x57
 500 0057 02       		.uleb128 0x2
 501 0058 04       		.byte	0x4
 502 0059 05       		.byte	0x5
 503 005a B8010000 		.4byte	.LASF6
 504 005e 02       		.uleb128 0x2
 505 005f 04       		.byte	0x4
 506 0060 07       		.byte	0x7
 507 0061 E7020000 		.4byte	.LASF7
 508 0065 02       		.uleb128 0x2
 509 0066 08       		.byte	0x8
 510 0067 05       		.byte	0x5
 511 0068 6C010000 		.4byte	.LASF8
 512 006c 02       		.uleb128 0x2
 513 006d 08       		.byte	0x8
 514 006e 07       		.byte	0x7
 515 006f 2F020000 		.4byte	.LASF9
ARM GAS  C:\Users\cta10\AppData\Local\Temp\ccRsMR11.s 			page 13


 516 0073 04       		.uleb128 0x4
 517 0074 04       		.byte	0x4
 518 0075 05       		.byte	0x5
 519 0076 696E7400 		.ascii	"int\000"
 520 007a 02       		.uleb128 0x2
 521 007b 04       		.byte	0x4
 522 007c 07       		.byte	0x7
 523 007d 46020000 		.4byte	.LASF10
 524 0081 02       		.uleb128 0x2
 525 0082 08       		.byte	0x8
 526 0083 04       		.byte	0x4
 527 0084 F1010000 		.4byte	.LASF11
 528 0088 02       		.uleb128 0x2
 529 0089 04       		.byte	0x4
 530 008a 07       		.byte	0x7
 531 008b 8E000000 		.4byte	.LASF12
 532 008f 05       		.uleb128 0x5
 533 0090 04       		.byte	0x4
 534 0091 95000000 		.4byte	0x95
 535 0095 02       		.uleb128 0x2
 536 0096 01       		.byte	0x1
 537 0097 08       		.byte	0x8
 538 0098 9C020000 		.4byte	.LASF13
 539 009c 03       		.uleb128 0x3
 540 009d 23030000 		.4byte	.LASF14
 541 00a1 03       		.byte	0x3
 542 00a2 18       		.byte	0x18
 543 00a3 2C000000 		.4byte	0x2c
 544 00a7 03       		.uleb128 0x3
 545 00a8 AC020000 		.4byte	.LASF15
 546 00ac 03       		.byte	0x3
 547 00ad 2C       		.byte	0x2c
 548 00ae 4C000000 		.4byte	0x4c
 549 00b2 06       		.uleb128 0x6
 550 00b3 4E010000 		.4byte	.LASF16
 551 00b7 04       		.byte	0x4
 552 00b8 E901     		.2byte	0x1e9
 553 00ba 37000000 		.4byte	0x37
 554 00be 06       		.uleb128 0x6
 555 00bf 3B010000 		.4byte	.LASF17
 556 00c3 04       		.byte	0x4
 557 00c4 EA01     		.2byte	0x1ea
 558 00c6 45000000 		.4byte	0x45
 559 00ca 06       		.uleb128 0x6
 560 00cb 87010000 		.4byte	.LASF18
 561 00cf 04       		.byte	0x4
 562 00d0 EC01     		.2byte	0x1ec
 563 00d2 25000000 		.4byte	0x25
 564 00d6 06       		.uleb128 0x6
 565 00d7 48010000 		.4byte	.LASF19
 566 00db 04       		.byte	0x4
 567 00dc ED01     		.2byte	0x1ed
 568 00de 3E000000 		.4byte	0x3e
 569 00e2 02       		.uleb128 0x2
 570 00e3 04       		.byte	0x4
 571 00e4 04       		.byte	0x4
 572 00e5 66010000 		.4byte	.LASF20
ARM GAS  C:\Users\cta10\AppData\Local\Temp\ccRsMR11.s 			page 14


 573 00e9 02       		.uleb128 0x2
 574 00ea 08       		.byte	0x8
 575 00eb 04       		.byte	0x4
 576 00ec 34010000 		.4byte	.LASF21
 577 00f0 07       		.uleb128 0x7
 578 00f1 92020000 		.4byte	.LASF68
 579 00f5 20       		.byte	0x20
 580 00f6 05       		.byte	0x5
 581 00f7 2B       		.byte	0x2b
 582 00f8 C9010000 		.4byte	0x1c9
 583 00fc 08       		.uleb128 0x8
 584 00fd 93030000 		.4byte	.LASF22
 585 0101 05       		.byte	0x5
 586 0102 2C       		.byte	0x2c
 587 0103 CA000000 		.4byte	0xca
 588 0107 00       		.byte	0
 589 0108 08       		.uleb128 0x8
 590 0109 42010000 		.4byte	.LASF23
 591 010d 05       		.byte	0x5
 592 010e 2D       		.byte	0x2d
 593 010f B2000000 		.4byte	0xb2
 594 0113 01       		.byte	0x1
 595 0114 08       		.uleb128 0x8
 596 0115 A1020000 		.4byte	.LASF24
 597 0119 05       		.byte	0x5
 598 011a 2E       		.byte	0x2e
 599 011b D6000000 		.4byte	0xd6
 600 011f 02       		.byte	0x2
 601 0120 08       		.uleb128 0x8
 602 0121 7B030000 		.4byte	.LASF25
 603 0125 05       		.byte	0x5
 604 0126 2F       		.byte	0x2f
 605 0127 D6000000 		.4byte	0xd6
 606 012b 04       		.byte	0x4
 607 012c 08       		.uleb128 0x8
 608 012d 98030000 		.4byte	.LASF26
 609 0131 05       		.byte	0x5
 610 0132 30       		.byte	0x30
 611 0133 D6000000 		.4byte	0xd6
 612 0137 06       		.byte	0x6
 613 0138 08       		.uleb128 0x8
 614 0139 B0010000 		.4byte	.LASF27
 615 013d 05       		.byte	0x5
 616 013e 31       		.byte	0x31
 617 013f D6000000 		.4byte	0xd6
 618 0143 08       		.byte	0x8
 619 0144 08       		.uleb128 0x8
 620 0145 2B030000 		.4byte	.LASF28
 621 0149 05       		.byte	0x5
 622 014a 32       		.byte	0x32
 623 014b D6000000 		.4byte	0xd6
 624 014f 0A       		.byte	0xa
 625 0150 08       		.uleb128 0x8
 626 0151 0B020000 		.4byte	.LASF29
 627 0155 05       		.byte	0x5
 628 0156 33       		.byte	0x33
 629 0157 D6000000 		.4byte	0xd6
ARM GAS  C:\Users\cta10\AppData\Local\Temp\ccRsMR11.s 			page 15


 630 015b 0C       		.byte	0xc
 631 015c 08       		.uleb128 0x8
 632 015d A3010000 		.4byte	.LASF30
 633 0161 05       		.byte	0x5
 634 0162 34       		.byte	0x34
 635 0163 D6000000 		.4byte	0xd6
 636 0167 0E       		.byte	0xe
 637 0168 08       		.uleb128 0x8
 638 0169 77020000 		.4byte	.LASF31
 639 016d 05       		.byte	0x5
 640 016e 35       		.byte	0x35
 641 016f D6000000 		.4byte	0xd6
 642 0173 10       		.byte	0x10
 643 0174 08       		.uleb128 0x8
 644 0175 B4020000 		.4byte	.LASF32
 645 0179 05       		.byte	0x5
 646 017a 36       		.byte	0x36
 647 017b D6000000 		.4byte	0xd6
 648 017f 12       		.byte	0x12
 649 0180 08       		.uleb128 0x8
 650 0181 C9020000 		.4byte	.LASF33
 651 0185 05       		.byte	0x5
 652 0186 37       		.byte	0x37
 653 0187 D6000000 		.4byte	0xd6
 654 018b 14       		.byte	0x14
 655 018c 08       		.uleb128 0x8
 656 018d 54010000 		.4byte	.LASF34
 657 0191 05       		.byte	0x5
 658 0192 38       		.byte	0x38
 659 0193 D6000000 		.4byte	0xd6
 660 0197 16       		.byte	0x16
 661 0198 08       		.uleb128 0x8
 662 0199 6F000000 		.4byte	.LASF35
 663 019d 05       		.byte	0x5
 664 019e 39       		.byte	0x39
 665 019f D6000000 		.4byte	0xd6
 666 01a3 18       		.byte	0x18
 667 01a4 08       		.uleb128 0x8
 668 01a5 9B010000 		.4byte	.LASF36
 669 01a9 05       		.byte	0x5
 670 01aa 3A       		.byte	0x3a
 671 01ab D6000000 		.4byte	0xd6
 672 01af 1A       		.byte	0x1a
 673 01b0 08       		.uleb128 0x8
 674 01b1 6E020000 		.4byte	.LASF37
 675 01b5 05       		.byte	0x5
 676 01b6 3B       		.byte	0x3b
 677 01b7 D6000000 		.4byte	0xd6
 678 01bb 1C       		.byte	0x1c
 679 01bc 08       		.uleb128 0x8
 680 01bd BC020000 		.4byte	.LASF38
 681 01c1 05       		.byte	0x5
 682 01c2 3C       		.byte	0x3c
 683 01c3 D6000000 		.4byte	0xd6
 684 01c7 1E       		.byte	0x1e
 685 01c8 00       		.byte	0
 686 01c9 09       		.uleb128 0x9
ARM GAS  C:\Users\cta10\AppData\Local\Temp\ccRsMR11.s 			page 16


 687 01ca 2F010000 		.4byte	.LASF39
 688 01ce 01       		.byte	0x1
 689 01cf 23       		.byte	0x23
 690 01d0 73000000 		.4byte	0x73
 691 01d4 00000000 		.4byte	.LFB64
 692 01d8 74000000 		.4byte	.LFE64-.LFB64
 693 01dc 01       		.uleb128 0x1
 694 01dd 9C       		.byte	0x9c
 695 01de FB010000 		.4byte	0x1fb
 696 01e2 0A       		.uleb128 0xa
 697 01e3 4C000000 		.4byte	.LBB2
 698 01e7 16000000 		.4byte	.LBE2-.LBB2
 699 01eb 0B       		.uleb128 0xb
 700 01ec E9010000 		.4byte	.LASF42
 701 01f0 01       		.byte	0x1
 702 01f1 44       		.byte	0x44
 703 01f2 B2000000 		.4byte	0xb2
 704 01f6 02       		.uleb128 0x2
 705 01f7 91       		.byte	0x91
 706 01f8 77       		.sleb128 -9
 707 01f9 00       		.byte	0
 708 01fa 00       		.byte	0
 709 01fb 0C       		.uleb128 0xc
 710 01fc 7A010000 		.4byte	.LASF40
 711 0200 01       		.byte	0x1
 712 0201 4B       		.byte	0x4b
 713 0202 00000000 		.4byte	.LFB65
 714 0206 3E000000 		.4byte	.LFE65-.LFB65
 715 020a 01       		.uleb128 0x1
 716 020b 9C       		.byte	0x9c
 717 020c 1D020000 		.4byte	0x21d
 718 0210 0D       		.uleb128 0xd
 719 0211 7300     		.ascii	"s\000"
 720 0213 01       		.byte	0x1
 721 0214 4B       		.byte	0x4b
 722 0215 8F000000 		.4byte	0x8f
 723 0219 02       		.uleb128 0x2
 724 021a 91       		.byte	0x91
 725 021b 74       		.sleb128 -12
 726 021c 00       		.byte	0
 727 021d 0C       		.uleb128 0xc
 728 021e 00000000 		.4byte	.LASF41
 729 0222 01       		.byte	0x1
 730 0223 59       		.byte	0x59
 731 0224 00000000 		.4byte	.LFB66
 732 0228 26000000 		.4byte	.LFE66-.LFB66
 733 022c 01       		.uleb128 0x1
 734 022d 9C       		.byte	0x9c
 735 022e 3F020000 		.4byte	0x23f
 736 0232 0D       		.uleb128 0xd
 737 0233 6300     		.ascii	"c\000"
 738 0235 01       		.byte	0x1
 739 0236 59       		.byte	0x59
 740 0237 95000000 		.4byte	0x95
 741 023b 02       		.uleb128 0x2
 742 023c 91       		.byte	0x91
 743 023d 77       		.sleb128 -9
ARM GAS  C:\Users\cta10\AppData\Local\Temp\ccRsMR11.s 			page 17


 744 023e 00       		.byte	0
 745 023f 0E       		.uleb128 0xe
 746 0240 54030000 		.4byte	.LASF69
 747 0244 01       		.byte	0x1
 748 0245 61       		.byte	0x61
 749 0246 00000000 		.4byte	.LFB67
 750 024a C8000000 		.4byte	.LFE67-.LFB67
 751 024e 01       		.uleb128 0x1
 752 024f 9C       		.byte	0x9c
 753 0250 83020000 		.4byte	0x283
 754 0254 0B       		.uleb128 0xb
 755 0255 F9020000 		.4byte	.LASF43
 756 0259 01       		.byte	0x1
 757 025a 67       		.byte	0x67
 758 025b B2000000 		.4byte	0xb2
 759 025f 05       		.uleb128 0x5
 760 0260 03       		.byte	0x3
 761 0261 12000000 		.4byte	usbStarted.8311
 762 0265 0B       		.uleb128 0xb
 763 0266 62020000 		.4byte	.LASF44
 764 026a 01       		.byte	0x1
 765 026b 68       		.byte	0x68
 766 026c BE000000 		.4byte	0xbe
 767 0270 05       		.uleb128 0x5
 768 0271 03       		.byte	0x3
 769 0272 14000000 		.4byte	usbBufCount.8312
 770 0276 0F       		.uleb128 0xf
 771 0277 6300     		.ascii	"c\000"
 772 0279 01       		.byte	0x1
 773 027a 69       		.byte	0x69
 774 027b B2000000 		.4byte	0xb2
 775 027f 02       		.uleb128 0x2
 776 0280 91       		.byte	0x91
 777 0281 77       		.sleb128 -9
 778 0282 00       		.byte	0
 779 0283 10       		.uleb128 0x10
 780 0284 86030000 		.4byte	.LASF45
 781 0288 06       		.byte	0x6
 782 0289 1207     		.2byte	0x712
 783 028b 8F020000 		.4byte	0x28f
 784 028f 11       		.uleb128 0x11
 785 0290 A7000000 		.4byte	0xa7
 786 0294 12       		.uleb128 0x12
 787 0295 747300   		.ascii	"ts\000"
 788 0298 05       		.byte	0x5
 789 0299 12       		.byte	0x12
 790 029a B2000000 		.4byte	0xb2
 791 029e 05       		.uleb128 0x5
 792 029f 03       		.byte	0x3
 793 02a0 00000000 		.4byte	ts
 794 02a4 13       		.uleb128 0x13
 795 02a5 0B000000 		.4byte	.LASF46
 796 02a9 05       		.byte	0x5
 797 02aa 13       		.byte	0x13
 798 02ab BE000000 		.4byte	0xbe
 799 02af 05       		.uleb128 0x5
 800 02b0 03       		.byte	0x3
ARM GAS  C:\Users\cta10\AppData\Local\Temp\ccRsMR11.s 			page 18


 801 02b1 00000000 		.4byte	ts_enc
 802 02b5 13       		.uleb128 0x13
 803 02b6 4A030000 		.4byte	.LASF47
 804 02ba 05       		.byte	0x5
 805 02bb 14       		.byte	0x14
 806 02bc BE000000 		.4byte	0xbe
 807 02c0 05       		.uleb128 0x5
 808 02c1 03       		.byte	0x3
 809 02c2 00000000 		.4byte	ts_update
 810 02c6 13       		.uleb128 0x13
 811 02c7 04030000 		.4byte	.LASF48
 812 02cb 05       		.byte	0x5
 813 02cc 15       		.byte	0x15
 814 02cd BE000000 		.4byte	0xbe
 815 02d1 05       		.uleb128 0x5
 816 02d2 03       		.byte	0x3
 817 02d3 00000000 		.4byte	ts_speed
 818 02d7 13       		.uleb128 0x13
 819 02d8 3F030000 		.4byte	.LASF49
 820 02dc 05       		.byte	0x5
 821 02dd 16       		.byte	0x16
 822 02de BE000000 		.4byte	0xbe
 823 02e2 05       		.uleb128 0x5
 824 02e3 03       		.byte	0x3
 825 02e4 00000000 		.4byte	ts_display
 826 02e8 13       		.uleb128 0x13
 827 02e9 0D030000 		.4byte	.LASF50
 828 02ed 05       		.byte	0x5
 829 02ee 18       		.byte	0x18
 830 02ef B2000000 		.4byte	0xb2
 831 02f3 05       		.uleb128 0x5
 832 02f4 03       		.byte	0x3
 833 02f5 00000000 		.4byte	flag_ts_enc
 834 02f9 13       		.uleb128 0x13
 835 02fa 8C010000 		.4byte	.LASF51
 836 02fe 05       		.byte	0x5
 837 02ff 19       		.byte	0x19
 838 0300 B2000000 		.4byte	0xb2
 839 0304 05       		.uleb128 0x5
 840 0305 03       		.byte	0x3
 841 0306 00000000 		.4byte	flag_ts_update
 842 030a 13       		.uleb128 0x13
 843 030b 61000000 		.4byte	.LASF52
 844 030f 05       		.byte	0x5
 845 0310 1A       		.byte	0x1a
 846 0311 B2000000 		.4byte	0xb2
 847 0315 05       		.uleb128 0x5
 848 0316 03       		.byte	0x3
 849 0317 00000000 		.4byte	flag_ts_speed
 850 031b 13       		.uleb128 0x13
 851 031c CB010000 		.4byte	.LASF53
 852 0320 05       		.byte	0x5
 853 0321 1B       		.byte	0x1b
 854 0322 B2000000 		.4byte	0xb2
 855 0326 05       		.uleb128 0x5
 856 0327 03       		.byte	0x3
 857 0328 00000000 		.4byte	flag_ts_display
ARM GAS  C:\Users\cta10\AppData\Local\Temp\ccRsMR11.s 			page 19


 858 032c 13       		.uleb128 0x13
 859 032d DB010000 		.4byte	.LASF54
 860 0331 05       		.byte	0x5
 861 0332 1E       		.byte	0x1e
 862 0333 B2000000 		.4byte	0xb2
 863 0337 05       		.uleb128 0x5
 864 0338 03       		.byte	0x3
 865 0339 00000000 		.4byte	flag_rx
 866 033d 13       		.uleb128 0x13
 867 033e 55000000 		.4byte	.LASF55
 868 0342 05       		.byte	0x5
 869 0343 1F       		.byte	0x1f
 870 0344 B2000000 		.4byte	0xb2
 871 0348 05       		.uleb128 0x5
 872 0349 03       		.byte	0x3
 873 034a 00000000 		.4byte	flag_packet
 874 034e 13       		.uleb128 0x13
 875 034f 53020000 		.4byte	.LASF56
 876 0353 05       		.byte	0x5
 877 0354 20       		.byte	0x20
 878 0355 B2000000 		.4byte	0xb2
 879 0359 05       		.uleb128 0x5
 880 035a 03       		.byte	0x3
 881 035b 00000000 		.4byte	flag_KB_string
 882 035f 13       		.uleb128 0x13
 883 0360 14020000 		.4byte	.LASF57
 884 0364 05       		.byte	0x5
 885 0365 22       		.byte	0x22
 886 0366 B2000000 		.4byte	0xb2
 887 036a 05       		.uleb128 0x5
 888 036b 03       		.byte	0x3
 889 036c 00000000 		.4byte	dataready_flag
 890 0370 13       		.uleb128 0x13
 891 0371 5F030000 		.4byte	.LASF58
 892 0375 05       		.byte	0x5
 893 0376 24       		.byte	0x24
 894 0377 B2000000 		.4byte	0xb2
 895 037b 05       		.uleb128 0x5
 896 037c 03       		.byte	0x3
 897 037d 00000000 		.4byte	flag_rf_transmission_active
 898 0381 14       		.uleb128 0x14
 899 0382 95000000 		.4byte	0x95
 900 0386 91030000 		.4byte	0x391
 901 038a 15       		.uleb128 0x15
 902 038b 88000000 		.4byte	0x88
 903 038f 3F       		.byte	0x3f
 904 0390 00       		.byte	0
 905 0391 13       		.uleb128 0x13
 906 0392 D2020000 		.4byte	.LASF59
 907 0396 05       		.byte	0x5
 908 0397 27       		.byte	0x27
 909 0398 81030000 		.4byte	0x381
 910 039c 05       		.uleb128 0x5
 911 039d 03       		.byte	0x3
 912 039e 00000000 		.4byte	displaystring
 913 03a2 13       		.uleb128 0x13
 914 03a3 61010000 		.4byte	.LASF60
ARM GAS  C:\Users\cta10\AppData\Local\Temp\ccRsMR11.s 			page 20


 915 03a7 05       		.byte	0x5
 916 03a8 28       		.byte	0x28
 917 03a9 81030000 		.4byte	0x381
 918 03ad 05       		.uleb128 0x5
 919 03ae 03       		.byte	0x3
 920 03af 00000000 		.4byte	line
 921 03b3 13       		.uleb128 0x13
 922 03b4 E3010000 		.4byte	.LASF61
 923 03b8 05       		.byte	0x5
 924 03b9 28       		.byte	0x28
 925 03ba 81030000 		.4byte	0x381
 926 03be 05       		.uleb128 0x5
 927 03bf 03       		.byte	0x3
 928 03c0 00000000 		.4byte	entry
 929 03c4 14       		.uleb128 0x14
 930 03c5 B2000000 		.4byte	0xb2
 931 03c9 D4030000 		.4byte	0x3d4
 932 03cd 15       		.uleb128 0x15
 933 03ce 88000000 		.4byte	0x88
 934 03d2 3F       		.byte	0x3f
 935 03d3 00       		.byte	0
 936 03d4 13       		.uleb128 0x13
 937 03d5 97000000 		.4byte	.LASF62
 938 03d9 05       		.byte	0x5
 939 03da 29       		.byte	0x29
 940 03db C4030000 		.4byte	0x3c4
 941 03df 05       		.uleb128 0x5
 942 03e0 03       		.byte	0x3
 943 03e1 00000000 		.4byte	usbBuffer
 944 03e5 13       		.uleb128 0x13
 945 03e6 81000000 		.4byte	.LASF63
 946 03ea 05       		.byte	0x5
 947 03eb 3E       		.byte	0x3e
 948 03ec F0000000 		.4byte	0xf0
 949 03f0 05       		.uleb128 0x5
 950 03f1 03       		.byte	0x3
 951 03f2 00000000 		.4byte	system_state
 952 03f6 16       		.uleb128 0x16
 953 03f7 33030000 		.4byte	.LASF64
 954 03fb 01       		.byte	0x1
 955 03fc 1E       		.byte	0x1e
 956 03fd 9C000000 		.4byte	0x9c
 957 0401 00       		.byte	0
 958              		.section	.debug_abbrev,"",%progbits
 959              	.Ldebug_abbrev0:
 960 0000 01       		.uleb128 0x1
 961 0001 11       		.uleb128 0x11
 962 0002 01       		.byte	0x1
 963 0003 25       		.uleb128 0x25
 964 0004 0E       		.uleb128 0xe
 965 0005 13       		.uleb128 0x13
 966 0006 0B       		.uleb128 0xb
 967 0007 03       		.uleb128 0x3
 968 0008 0E       		.uleb128 0xe
 969 0009 1B       		.uleb128 0x1b
 970 000a 0E       		.uleb128 0xe
 971 000b 55       		.uleb128 0x55
ARM GAS  C:\Users\cta10\AppData\Local\Temp\ccRsMR11.s 			page 21


 972 000c 17       		.uleb128 0x17
 973 000d 11       		.uleb128 0x11
 974 000e 01       		.uleb128 0x1
 975 000f 10       		.uleb128 0x10
 976 0010 17       		.uleb128 0x17
 977 0011 00       		.byte	0
 978 0012 00       		.byte	0
 979 0013 02       		.uleb128 0x2
 980 0014 24       		.uleb128 0x24
 981 0015 00       		.byte	0
 982 0016 0B       		.uleb128 0xb
 983 0017 0B       		.uleb128 0xb
 984 0018 3E       		.uleb128 0x3e
 985 0019 0B       		.uleb128 0xb
 986 001a 03       		.uleb128 0x3
 987 001b 0E       		.uleb128 0xe
 988 001c 00       		.byte	0
 989 001d 00       		.byte	0
 990 001e 03       		.uleb128 0x3
 991 001f 16       		.uleb128 0x16
 992 0020 00       		.byte	0
 993 0021 03       		.uleb128 0x3
 994 0022 0E       		.uleb128 0xe
 995 0023 3A       		.uleb128 0x3a
 996 0024 0B       		.uleb128 0xb
 997 0025 3B       		.uleb128 0x3b
 998 0026 0B       		.uleb128 0xb
 999 0027 49       		.uleb128 0x49
 1000 0028 13       		.uleb128 0x13
 1001 0029 00       		.byte	0
 1002 002a 00       		.byte	0
 1003 002b 04       		.uleb128 0x4
 1004 002c 24       		.uleb128 0x24
 1005 002d 00       		.byte	0
 1006 002e 0B       		.uleb128 0xb
 1007 002f 0B       		.uleb128 0xb
 1008 0030 3E       		.uleb128 0x3e
 1009 0031 0B       		.uleb128 0xb
 1010 0032 03       		.uleb128 0x3
 1011 0033 08       		.uleb128 0x8
 1012 0034 00       		.byte	0
 1013 0035 00       		.byte	0
 1014 0036 05       		.uleb128 0x5
 1015 0037 0F       		.uleb128 0xf
 1016 0038 00       		.byte	0
 1017 0039 0B       		.uleb128 0xb
 1018 003a 0B       		.uleb128 0xb
 1019 003b 49       		.uleb128 0x49
 1020 003c 13       		.uleb128 0x13
 1021 003d 00       		.byte	0
 1022 003e 00       		.byte	0
 1023 003f 06       		.uleb128 0x6
 1024 0040 16       		.uleb128 0x16
 1025 0041 00       		.byte	0
 1026 0042 03       		.uleb128 0x3
 1027 0043 0E       		.uleb128 0xe
 1028 0044 3A       		.uleb128 0x3a
ARM GAS  C:\Users\cta10\AppData\Local\Temp\ccRsMR11.s 			page 22


 1029 0045 0B       		.uleb128 0xb
 1030 0046 3B       		.uleb128 0x3b
 1031 0047 05       		.uleb128 0x5
 1032 0048 49       		.uleb128 0x49
 1033 0049 13       		.uleb128 0x13
 1034 004a 00       		.byte	0
 1035 004b 00       		.byte	0
 1036 004c 07       		.uleb128 0x7
 1037 004d 13       		.uleb128 0x13
 1038 004e 01       		.byte	0x1
 1039 004f 03       		.uleb128 0x3
 1040 0050 0E       		.uleb128 0xe
 1041 0051 0B       		.uleb128 0xb
 1042 0052 0B       		.uleb128 0xb
 1043 0053 3A       		.uleb128 0x3a
 1044 0054 0B       		.uleb128 0xb
 1045 0055 3B       		.uleb128 0x3b
 1046 0056 0B       		.uleb128 0xb
 1047 0057 01       		.uleb128 0x1
 1048 0058 13       		.uleb128 0x13
 1049 0059 00       		.byte	0
 1050 005a 00       		.byte	0
 1051 005b 08       		.uleb128 0x8
 1052 005c 0D       		.uleb128 0xd
 1053 005d 00       		.byte	0
 1054 005e 03       		.uleb128 0x3
 1055 005f 0E       		.uleb128 0xe
 1056 0060 3A       		.uleb128 0x3a
 1057 0061 0B       		.uleb128 0xb
 1058 0062 3B       		.uleb128 0x3b
 1059 0063 0B       		.uleb128 0xb
 1060 0064 49       		.uleb128 0x49
 1061 0065 13       		.uleb128 0x13
 1062 0066 38       		.uleb128 0x38
 1063 0067 0B       		.uleb128 0xb
 1064 0068 00       		.byte	0
 1065 0069 00       		.byte	0
 1066 006a 09       		.uleb128 0x9
 1067 006b 2E       		.uleb128 0x2e
 1068 006c 01       		.byte	0x1
 1069 006d 3F       		.uleb128 0x3f
 1070 006e 19       		.uleb128 0x19
 1071 006f 03       		.uleb128 0x3
 1072 0070 0E       		.uleb128 0xe
 1073 0071 3A       		.uleb128 0x3a
 1074 0072 0B       		.uleb128 0xb
 1075 0073 3B       		.uleb128 0x3b
 1076 0074 0B       		.uleb128 0xb
 1077 0075 49       		.uleb128 0x49
 1078 0076 13       		.uleb128 0x13
 1079 0077 11       		.uleb128 0x11
 1080 0078 01       		.uleb128 0x1
 1081 0079 12       		.uleb128 0x12
 1082 007a 06       		.uleb128 0x6
 1083 007b 40       		.uleb128 0x40
 1084 007c 18       		.uleb128 0x18
 1085 007d 9642     		.uleb128 0x2116
ARM GAS  C:\Users\cta10\AppData\Local\Temp\ccRsMR11.s 			page 23


 1086 007f 19       		.uleb128 0x19
 1087 0080 01       		.uleb128 0x1
 1088 0081 13       		.uleb128 0x13
 1089 0082 00       		.byte	0
 1090 0083 00       		.byte	0
 1091 0084 0A       		.uleb128 0xa
 1092 0085 0B       		.uleb128 0xb
 1093 0086 01       		.byte	0x1
 1094 0087 11       		.uleb128 0x11
 1095 0088 01       		.uleb128 0x1
 1096 0089 12       		.uleb128 0x12
 1097 008a 06       		.uleb128 0x6
 1098 008b 00       		.byte	0
 1099 008c 00       		.byte	0
 1100 008d 0B       		.uleb128 0xb
 1101 008e 34       		.uleb128 0x34
 1102 008f 00       		.byte	0
 1103 0090 03       		.uleb128 0x3
 1104 0091 0E       		.uleb128 0xe
 1105 0092 3A       		.uleb128 0x3a
 1106 0093 0B       		.uleb128 0xb
 1107 0094 3B       		.uleb128 0x3b
 1108 0095 0B       		.uleb128 0xb
 1109 0096 49       		.uleb128 0x49
 1110 0097 13       		.uleb128 0x13
 1111 0098 02       		.uleb128 0x2
 1112 0099 18       		.uleb128 0x18
 1113 009a 00       		.byte	0
 1114 009b 00       		.byte	0
 1115 009c 0C       		.uleb128 0xc
 1116 009d 2E       		.uleb128 0x2e
 1117 009e 01       		.byte	0x1
 1118 009f 3F       		.uleb128 0x3f
 1119 00a0 19       		.uleb128 0x19
 1120 00a1 03       		.uleb128 0x3
 1121 00a2 0E       		.uleb128 0xe
 1122 00a3 3A       		.uleb128 0x3a
 1123 00a4 0B       		.uleb128 0xb
 1124 00a5 3B       		.uleb128 0x3b
 1125 00a6 0B       		.uleb128 0xb
 1126 00a7 27       		.uleb128 0x27
 1127 00a8 19       		.uleb128 0x19
 1128 00a9 11       		.uleb128 0x11
 1129 00aa 01       		.uleb128 0x1
 1130 00ab 12       		.uleb128 0x12
 1131 00ac 06       		.uleb128 0x6
 1132 00ad 40       		.uleb128 0x40
 1133 00ae 18       		.uleb128 0x18
 1134 00af 9642     		.uleb128 0x2116
 1135 00b1 19       		.uleb128 0x19
 1136 00b2 01       		.uleb128 0x1
 1137 00b3 13       		.uleb128 0x13
 1138 00b4 00       		.byte	0
 1139 00b5 00       		.byte	0
 1140 00b6 0D       		.uleb128 0xd
 1141 00b7 05       		.uleb128 0x5
 1142 00b8 00       		.byte	0
ARM GAS  C:\Users\cta10\AppData\Local\Temp\ccRsMR11.s 			page 24


 1143 00b9 03       		.uleb128 0x3
 1144 00ba 08       		.uleb128 0x8
 1145 00bb 3A       		.uleb128 0x3a
 1146 00bc 0B       		.uleb128 0xb
 1147 00bd 3B       		.uleb128 0x3b
 1148 00be 0B       		.uleb128 0xb
 1149 00bf 49       		.uleb128 0x49
 1150 00c0 13       		.uleb128 0x13
 1151 00c1 02       		.uleb128 0x2
 1152 00c2 18       		.uleb128 0x18
 1153 00c3 00       		.byte	0
 1154 00c4 00       		.byte	0
 1155 00c5 0E       		.uleb128 0xe
 1156 00c6 2E       		.uleb128 0x2e
 1157 00c7 01       		.byte	0x1
 1158 00c8 3F       		.uleb128 0x3f
 1159 00c9 19       		.uleb128 0x19
 1160 00ca 03       		.uleb128 0x3
 1161 00cb 0E       		.uleb128 0xe
 1162 00cc 3A       		.uleb128 0x3a
 1163 00cd 0B       		.uleb128 0xb
 1164 00ce 3B       		.uleb128 0x3b
 1165 00cf 0B       		.uleb128 0xb
 1166 00d0 11       		.uleb128 0x11
 1167 00d1 01       		.uleb128 0x1
 1168 00d2 12       		.uleb128 0x12
 1169 00d3 06       		.uleb128 0x6
 1170 00d4 40       		.uleb128 0x40
 1171 00d5 18       		.uleb128 0x18
 1172 00d6 9642     		.uleb128 0x2116
 1173 00d8 19       		.uleb128 0x19
 1174 00d9 01       		.uleb128 0x1
 1175 00da 13       		.uleb128 0x13
 1176 00db 00       		.byte	0
 1177 00dc 00       		.byte	0
 1178 00dd 0F       		.uleb128 0xf
 1179 00de 34       		.uleb128 0x34
 1180 00df 00       		.byte	0
 1181 00e0 03       		.uleb128 0x3
 1182 00e1 08       		.uleb128 0x8
 1183 00e2 3A       		.uleb128 0x3a
 1184 00e3 0B       		.uleb128 0xb
 1185 00e4 3B       		.uleb128 0x3b
 1186 00e5 0B       		.uleb128 0xb
 1187 00e6 49       		.uleb128 0x49
 1188 00e7 13       		.uleb128 0x13
 1189 00e8 02       		.uleb128 0x2
 1190 00e9 18       		.uleb128 0x18
 1191 00ea 00       		.byte	0
 1192 00eb 00       		.byte	0
 1193 00ec 10       		.uleb128 0x10
 1194 00ed 34       		.uleb128 0x34
 1195 00ee 00       		.byte	0
 1196 00ef 03       		.uleb128 0x3
 1197 00f0 0E       		.uleb128 0xe
 1198 00f1 3A       		.uleb128 0x3a
 1199 00f2 0B       		.uleb128 0xb
ARM GAS  C:\Users\cta10\AppData\Local\Temp\ccRsMR11.s 			page 25


 1200 00f3 3B       		.uleb128 0x3b
 1201 00f4 05       		.uleb128 0x5
 1202 00f5 49       		.uleb128 0x49
 1203 00f6 13       		.uleb128 0x13
 1204 00f7 3F       		.uleb128 0x3f
 1205 00f8 19       		.uleb128 0x19
 1206 00f9 3C       		.uleb128 0x3c
 1207 00fa 19       		.uleb128 0x19
 1208 00fb 00       		.byte	0
 1209 00fc 00       		.byte	0
 1210 00fd 11       		.uleb128 0x11
 1211 00fe 35       		.uleb128 0x35
 1212 00ff 00       		.byte	0
 1213 0100 49       		.uleb128 0x49
 1214 0101 13       		.uleb128 0x13
 1215 0102 00       		.byte	0
 1216 0103 00       		.byte	0
 1217 0104 12       		.uleb128 0x12
 1218 0105 34       		.uleb128 0x34
 1219 0106 00       		.byte	0
 1220 0107 03       		.uleb128 0x3
 1221 0108 08       		.uleb128 0x8
 1222 0109 3A       		.uleb128 0x3a
 1223 010a 0B       		.uleb128 0xb
 1224 010b 3B       		.uleb128 0x3b
 1225 010c 0B       		.uleb128 0xb
 1226 010d 49       		.uleb128 0x49
 1227 010e 13       		.uleb128 0x13
 1228 010f 3F       		.uleb128 0x3f
 1229 0110 19       		.uleb128 0x19
 1230 0111 02       		.uleb128 0x2
 1231 0112 18       		.uleb128 0x18
 1232 0113 00       		.byte	0
 1233 0114 00       		.byte	0
 1234 0115 13       		.uleb128 0x13
 1235 0116 34       		.uleb128 0x34
 1236 0117 00       		.byte	0
 1237 0118 03       		.uleb128 0x3
 1238 0119 0E       		.uleb128 0xe
 1239 011a 3A       		.uleb128 0x3a
 1240 011b 0B       		.uleb128 0xb
 1241 011c 3B       		.uleb128 0x3b
 1242 011d 0B       		.uleb128 0xb
 1243 011e 49       		.uleb128 0x49
 1244 011f 13       		.uleb128 0x13
 1245 0120 3F       		.uleb128 0x3f
 1246 0121 19       		.uleb128 0x19
 1247 0122 02       		.uleb128 0x2
 1248 0123 18       		.uleb128 0x18
 1249 0124 00       		.byte	0
 1250 0125 00       		.byte	0
 1251 0126 14       		.uleb128 0x14
 1252 0127 01       		.uleb128 0x1
 1253 0128 01       		.byte	0x1
 1254 0129 49       		.uleb128 0x49
 1255 012a 13       		.uleb128 0x13
 1256 012b 01       		.uleb128 0x1
ARM GAS  C:\Users\cta10\AppData\Local\Temp\ccRsMR11.s 			page 26


 1257 012c 13       		.uleb128 0x13
 1258 012d 00       		.byte	0
 1259 012e 00       		.byte	0
 1260 012f 15       		.uleb128 0x15
 1261 0130 21       		.uleb128 0x21
 1262 0131 00       		.byte	0
 1263 0132 49       		.uleb128 0x49
 1264 0133 13       		.uleb128 0x13
 1265 0134 2F       		.uleb128 0x2f
 1266 0135 0B       		.uleb128 0xb
 1267 0136 00       		.byte	0
 1268 0137 00       		.byte	0
 1269 0138 16       		.uleb128 0x16
 1270 0139 34       		.uleb128 0x34
 1271 013a 00       		.byte	0
 1272 013b 03       		.uleb128 0x3
 1273 013c 0E       		.uleb128 0xe
 1274 013d 3A       		.uleb128 0x3a
 1275 013e 0B       		.uleb128 0xb
 1276 013f 3B       		.uleb128 0x3b
 1277 0140 0B       		.uleb128 0xb
 1278 0141 49       		.uleb128 0x49
 1279 0142 13       		.uleb128 0x13
 1280 0143 3F       		.uleb128 0x3f
 1281 0144 19       		.uleb128 0x19
 1282 0145 3C       		.uleb128 0x3c
 1283 0146 19       		.uleb128 0x19
 1284 0147 00       		.byte	0
 1285 0148 00       		.byte	0
 1286 0149 00       		.byte	0
 1287              		.section	.debug_aranges,"",%progbits
 1288 0000 34000000 		.4byte	0x34
 1289 0004 0200     		.2byte	0x2
 1290 0006 00000000 		.4byte	.Ldebug_info0
 1291 000a 04       		.byte	0x4
 1292 000b 00       		.byte	0
 1293 000c 0000     		.2byte	0
 1294 000e 0000     		.2byte	0
 1295 0010 00000000 		.4byte	.LFB64
 1296 0014 74000000 		.4byte	.LFE64-.LFB64
 1297 0018 00000000 		.4byte	.LFB65
 1298 001c 3E000000 		.4byte	.LFE65-.LFB65
 1299 0020 00000000 		.4byte	.LFB66
 1300 0024 26000000 		.4byte	.LFE66-.LFB66
 1301 0028 00000000 		.4byte	.LFB67
 1302 002c C8000000 		.4byte	.LFE67-.LFB67
 1303 0030 00000000 		.4byte	0
 1304 0034 00000000 		.4byte	0
 1305              		.section	.debug_ranges,"",%progbits
 1306              	.Ldebug_ranges0:
 1307 0000 00000000 		.4byte	.LFB64
 1308 0004 74000000 		.4byte	.LFE64
 1309 0008 00000000 		.4byte	.LFB65
 1310 000c 3E000000 		.4byte	.LFE65
 1311 0010 00000000 		.4byte	.LFB66
 1312 0014 26000000 		.4byte	.LFE66
 1313 0018 00000000 		.4byte	.LFB67
ARM GAS  C:\Users\cta10\AppData\Local\Temp\ccRsMR11.s 			page 27


 1314 001c C8000000 		.4byte	.LFE67
 1315 0020 00000000 		.4byte	0
 1316 0024 00000000 		.4byte	0
 1317              		.section	.debug_line,"",%progbits
 1318              	.Ldebug_line0:
 1319 0000 EE010000 		.section	.debug_str,"MS",%progbits,1
 1319      02005601 
 1319      00000201 
 1319      FB0E0D00 
 1319      01010101 
 1320              	.LASF41:
 1321 0000 75736250 		.ascii	"usbPutChar\000"
 1321      75744368 
 1321      617200
 1322              	.LASF46:
 1323 000b 74735F65 		.ascii	"ts_enc\000"
 1323      6E6300
 1324              	.LASF67:
 1325 0012 433A5C70 		.ascii	"C:\\psocProjects\\psoc student pack\\psoc_code_base"
 1325      736F6350 
 1325      726F6A65 
 1325      6374735C 
 1325      70736F63 
 1326 0042 5C435333 		.ascii	"\\CS301_Class.cydsn\000"
 1326      30315F43 
 1326      6C617373 
 1326      2E637964 
 1326      736E00
 1327              	.LASF55:
 1328 0055 666C6167 		.ascii	"flag_packet\000"
 1328      5F706163 
 1328      6B657400 
 1329              	.LASF52:
 1330 0061 666C6167 		.ascii	"flag_ts_speed\000"
 1330      5F74735F 
 1330      73706565 
 1330      6400
 1331              	.LASF35:
 1332 006f 67325F78 		.ascii	"g2_xpos\000"
 1332      706F7300 
 1333              	.LASF2:
 1334 0077 73686F72 		.ascii	"short int\000"
 1334      7420696E 
 1334      7400
 1335              	.LASF63:
 1336 0081 73797374 		.ascii	"system_state\000"
 1336      656D5F73 
 1336      74617465 
 1336      00
 1337              	.LASF12:
 1338 008e 73697A65 		.ascii	"sizetype\000"
 1338      74797065 
 1338      00
 1339              	.LASF62:
 1340 0097 75736242 		.ascii	"usbBuffer\000"
 1340      75666665 
 1340      7200
ARM GAS  C:\Users\cta10\AppData\Local\Temp\ccRsMR11.s 			page 28


 1341              	.LASF65:
 1342 00a1 474E5520 		.ascii	"GNU C11 5.4.1 20160609 (release) [ARM/embedded-5-br"
 1342      43313120 
 1342      352E342E 
 1342      31203230 
 1342      31363036 
 1343 00d4 616E6368 		.ascii	"anch revision 237715] -mcpu=cortex-m3 -mthumb -g -O"
 1343      20726576 
 1343      6973696F 
 1343      6E203233 
 1343      37373135 
 1344 0107 30202D66 		.ascii	"0 -ffunction-sections -ffat-lto-objects\000"
 1344      66756E63 
 1344      74696F6E 
 1344      2D736563 
 1344      74696F6E 
 1345              	.LASF39:
 1346 012f 6D61696E 		.ascii	"main\000"
 1346      00
 1347              	.LASF21:
 1348 0134 646F7562 		.ascii	"double\000"
 1348      6C6500
 1349              	.LASF17:
 1350 013b 75696E74 		.ascii	"uint16\000"
 1350      313600
 1351              	.LASF23:
 1352 0142 696E6465 		.ascii	"index\000"
 1352      7800
 1353              	.LASF19:
 1354 0148 696E7431 		.ascii	"int16\000"
 1354      3600
 1355              	.LASF16:
 1356 014e 75696E74 		.ascii	"uint8\000"
 1356      3800
 1357              	.LASF34:
 1358 0154 67315F64 		.ascii	"g1_direction\000"
 1358      69726563 
 1358      74696F6E 
 1358      00
 1359              	.LASF60:
 1360 0161 6C696E65 		.ascii	"line\000"
 1360      00
 1361              	.LASF20:
 1362 0166 666C6F61 		.ascii	"float\000"
 1362      7400
 1363              	.LASF8:
 1364 016c 6C6F6E67 		.ascii	"long long int\000"
 1364      206C6F6E 
 1364      6720696E 
 1364      7400
 1365              	.LASF40:
 1366 017a 75736250 		.ascii	"usbPutString\000"
 1366      75745374 
 1366      72696E67 
 1366      00
 1367              	.LASF18:
 1368 0187 696E7438 		.ascii	"int8\000"
ARM GAS  C:\Users\cta10\AppData\Local\Temp\ccRsMR11.s 			page 29


 1368      00
 1369              	.LASF51:
 1370 018c 666C6167 		.ascii	"flag_ts_update\000"
 1370      5F74735F 
 1370      75706461 
 1370      746500
 1371              	.LASF36:
 1372 019b 67325F79 		.ascii	"g2_ypos\000"
 1372      706F7300 
 1373              	.LASF30:
 1374 01a3 67305F64 		.ascii	"g0_direction\000"
 1374      69726563 
 1374      74696F6E 
 1374      00
 1375              	.LASF27:
 1376 01b0 67305F78 		.ascii	"g0_xpos\000"
 1376      706F7300 
 1377              	.LASF6:
 1378 01b8 6C6F6E67 		.ascii	"long int\000"
 1378      20696E74 
 1378      00
 1379              	.LASF4:
 1380 01c1 5F5F7569 		.ascii	"__uint8_t\000"
 1380      6E74385F 
 1380      7400
 1381              	.LASF53:
 1382 01cb 666C6167 		.ascii	"flag_ts_display\000"
 1382      5F74735F 
 1382      64697370 
 1382      6C617900 
 1383              	.LASF54:
 1384 01db 666C6167 		.ascii	"flag_rx\000"
 1384      5F727800 
 1385              	.LASF61:
 1386 01e3 656E7472 		.ascii	"entry\000"
 1386      7900
 1387              	.LASF42:
 1388 01e9 6164635F 		.ascii	"adc_val\000"
 1388      76616C00 
 1389              	.LASF11:
 1390 01f1 6C6F6E67 		.ascii	"long double\000"
 1390      20646F75 
 1390      626C6500 
 1391              	.LASF1:
 1392 01fd 756E7369 		.ascii	"unsigned char\000"
 1392      676E6564 
 1392      20636861 
 1392      7200
 1393              	.LASF29:
 1394 020b 67305F73 		.ascii	"g0_speed\000"
 1394      70656564 
 1394      00
 1395              	.LASF57:
 1396 0214 64617461 		.ascii	"dataready_flag\000"
 1396      72656164 
 1396      795F666C 
 1396      616700
ARM GAS  C:\Users\cta10\AppData\Local\Temp\ccRsMR11.s 			page 30


 1397              	.LASF0:
 1398 0223 7369676E 		.ascii	"signed char\000"
 1398      65642063 
 1398      68617200 
 1399              	.LASF9:
 1400 022f 6C6F6E67 		.ascii	"long long unsigned int\000"
 1400      206C6F6E 
 1400      6720756E 
 1400      7369676E 
 1400      65642069 
 1401              	.LASF10:
 1402 0246 756E7369 		.ascii	"unsigned int\000"
 1402      676E6564 
 1402      20696E74 
 1402      00
 1403              	.LASF56:
 1404 0253 666C6167 		.ascii	"flag_KB_string\000"
 1404      5F4B425F 
 1404      73747269 
 1404      6E6700
 1405              	.LASF44:
 1406 0262 75736242 		.ascii	"usbBufCount\000"
 1406      7566436F 
 1406      756E7400 
 1407              	.LASF37:
 1408 026e 67325F73 		.ascii	"g2_speed\000"
 1408      70656564 
 1408      00
 1409              	.LASF31:
 1410 0277 67315F78 		.ascii	"g1_xpos\000"
 1410      706F7300 
 1411              	.LASF3:
 1412 027f 73686F72 		.ascii	"short unsigned int\000"
 1412      7420756E 
 1412      7369676E 
 1412      65642069 
 1412      6E7400
 1413              	.LASF68:
 1414 0292 64617461 		.ascii	"data_main\000"
 1414      5F6D6169 
 1414      6E00
 1415              	.LASF13:
 1416 029c 63686172 		.ascii	"char\000"
 1416      00
 1417              	.LASF24:
 1418 02a1 726F626F 		.ascii	"robot_xpos\000"
 1418      745F7870 
 1418      6F7300
 1419              	.LASF15:
 1420 02ac 696E7433 		.ascii	"int32_t\000"
 1420      325F7400 
 1421              	.LASF32:
 1422 02b4 67315F79 		.ascii	"g1_ypos\000"
 1422      706F7300 
 1423              	.LASF38:
 1424 02bc 67325F64 		.ascii	"g2_direction\000"
 1424      69726563 
ARM GAS  C:\Users\cta10\AppData\Local\Temp\ccRsMR11.s 			page 31


 1424      74696F6E 
 1424      00
 1425              	.LASF33:
 1426 02c9 67315F73 		.ascii	"g1_speed\000"
 1426      70656564 
 1426      00
 1427              	.LASF59:
 1428 02d2 64697370 		.ascii	"displaystring\000"
 1428      6C617973 
 1428      7472696E 
 1428      6700
 1429              	.LASF66:
 1430 02e0 6D61696E 		.ascii	"main.c\000"
 1430      2E6300
 1431              	.LASF7:
 1432 02e7 6C6F6E67 		.ascii	"long unsigned int\000"
 1432      20756E73 
 1432      69676E65 
 1432      6420696E 
 1432      7400
 1433              	.LASF43:
 1434 02f9 75736253 		.ascii	"usbStarted\000"
 1434      74617274 
 1434      656400
 1435              	.LASF48:
 1436 0304 74735F73 		.ascii	"ts_speed\000"
 1436      70656564 
 1436      00
 1437              	.LASF50:
 1438 030d 666C6167 		.ascii	"flag_ts_enc\000"
 1438      5F74735F 
 1438      656E6300 
 1439              	.LASF5:
 1440 0319 5F5F696E 		.ascii	"__int32_t\000"
 1440      7433325F 
 1440      7400
 1441              	.LASF14:
 1442 0323 75696E74 		.ascii	"uint8_t\000"
 1442      385F7400 
 1443              	.LASF28:
 1444 032b 67305F79 		.ascii	"g0_ypos\000"
 1444      706F7300 
 1445              	.LASF64:
 1446 0333 73616D70 		.ascii	"sample_flag\000"
 1446      6C655F66 
 1446      6C616700 
 1447              	.LASF49:
 1448 033f 74735F64 		.ascii	"ts_display\000"
 1448      6973706C 
 1448      617900
 1449              	.LASF47:
 1450 034a 74735F75 		.ascii	"ts_update\000"
 1450      70646174 
 1450      6500
 1451              	.LASF69:
 1452 0354 68616E64 		.ascii	"handle_usb\000"
 1452      6C655F75 
ARM GAS  C:\Users\cta10\AppData\Local\Temp\ccRsMR11.s 			page 32


 1452      736200
 1453              	.LASF58:
 1454 035f 666C6167 		.ascii	"flag_rf_transmission_active\000"
 1454      5F72665F 
 1454      7472616E 
 1454      736D6973 
 1454      73696F6E 
 1455              	.LASF25:
 1456 037b 726F626F 		.ascii	"robot_ypos\000"
 1456      745F7970 
 1456      6F7300
 1457              	.LASF45:
 1458 0386 49544D5F 		.ascii	"ITM_RxBuffer\000"
 1458      52784275 
 1458      66666572 
 1458      00
 1459              	.LASF22:
 1460 0393 72737369 		.ascii	"rssi\000"
 1460      00
 1461              	.LASF26:
 1462 0398 726F626F 		.ascii	"robot_orientation\000"
 1462      745F6F72 
 1462      69656E74 
 1462      6174696F 
 1462      6E00
 1463              		.ident	"GCC: (GNU Tools for ARM Embedded Processors) 5.4.1 20160609 (release) [ARM/embedded-5-bran
