ARM GAS  C:\Users\Calvi\AppData\Local\Temp\ccklNXwf.s 			page 1


   1              		.syntax unified
   2              		.cpu cortex-m3
   3              		.fpu softvfp
   4              		.eabi_attribute 20, 1
   5              		.eabi_attribute 21, 1
   6              		.eabi_attribute 23, 3
   7              		.eabi_attribute 24, 1
   8              		.eabi_attribute 25, 1
   9              		.eabi_attribute 26, 1
  10              		.eabi_attribute 30, 6
  11              		.eabi_attribute 34, 1
  12              		.eabi_attribute 18, 4
  13              		.thumb
  14              		.syntax unified
  15              		.file	"manoeuvre.c"
  16              		.text
  17              	.Ltext0:
  18              		.cfi_sections	.debug_frame
  19              		.section	.text.edge_front_left_manoeuvre,"ax",%progbits
  20              		.align	2
  21              		.global	edge_front_left_manoeuvre
  22              		.thumb
  23              		.thumb_func
  24              		.type	edge_front_left_manoeuvre, %function
  25              	edge_front_left_manoeuvre:
  26              	.LFB64:
  27              		.file 1 "manoeuvre.c"
   1:manoeuvre.c   **** /* ========================================
   2:manoeuvre.c   ****  *
   3:manoeuvre.c   ****  * Copyright YOUR COMPANY, THE YEAR
   4:manoeuvre.c   ****  * All Rights Reserved
   5:manoeuvre.c   ****  * UNPUBLISHED, LICENSED SOFTWARE.
   6:manoeuvre.c   ****  *
   7:manoeuvre.c   ****  * CONFIDENTIAL AND PROPRIETARY INFORMATION
   8:manoeuvre.c   ****  * WHICH IS THE PROPERTY OF your company.
   9:manoeuvre.c   ****  *
  10:manoeuvre.c   ****  * ========================================
  11:manoeuvre.c   **** */
  12:manoeuvre.c   **** 
  13:manoeuvre.c   **** /* [] END OF FILE */
  14:manoeuvre.c   **** 
  15:manoeuvre.c   **** #include "manoeuvre.h"
  16:manoeuvre.c   **** 
  17:manoeuvre.c   **** void edge_front_left_manoeuvre()
  18:manoeuvre.c   **** {
  28              		.loc 1 18 0
  29              		.cfi_startproc
  30              		@ args = 0, pretend = 0, frame = 0
  31              		@ frame_needed = 1, uses_anonymous_args = 0
  32 0000 80B5     		push	{r7, lr}
  33              		.cfi_def_cfa_offset 8
  34              		.cfi_offset 7, -8
  35              		.cfi_offset 14, -4
  36 0002 00AF     		add	r7, sp, #0
  37              		.cfi_def_cfa_register 7
  19:manoeuvre.c   ****     
  20:manoeuvre.c   ****      
ARM GAS  C:\Users\Calvi\AppData\Local\Temp\ccklNXwf.s 			page 2


  21:manoeuvre.c   ****     PWM_1_WriteCompare(178);
  38              		.loc 1 21 0
  39 0004 B220     		movs	r0, #178
  40 0006 FFF7FEFF 		bl	PWM_1_WriteCompare
  22:manoeuvre.c   ****     PWM_2_WriteCompare(179);
  41              		.loc 1 22 0
  42 000a B320     		movs	r0, #179
  43 000c FFF7FEFF 		bl	PWM_2_WriteCompare
  23:manoeuvre.c   **** }
  44              		.loc 1 23 0
  45 0010 00BF     		nop
  46 0012 80BD     		pop	{r7, pc}
  47              		.cfi_endproc
  48              	.LFE64:
  49              		.size	edge_front_left_manoeuvre, .-edge_front_left_manoeuvre
  50              		.section	.text.edge_front_right_manoeuvre,"ax",%progbits
  51              		.align	2
  52              		.global	edge_front_right_manoeuvre
  53              		.thumb
  54              		.thumb_func
  55              		.type	edge_front_right_manoeuvre, %function
  56              	edge_front_right_manoeuvre:
  57              	.LFB65:
  24:manoeuvre.c   **** void edge_front_right_manoeuvre()
  25:manoeuvre.c   **** {
  58              		.loc 1 25 0
  59              		.cfi_startproc
  60              		@ args = 0, pretend = 0, frame = 0
  61              		@ frame_needed = 1, uses_anonymous_args = 0
  62 0000 80B5     		push	{r7, lr}
  63              		.cfi_def_cfa_offset 8
  64              		.cfi_offset 7, -8
  65              		.cfi_offset 14, -4
  66 0002 00AF     		add	r7, sp, #0
  67              		.cfi_def_cfa_register 7
  26:manoeuvre.c   ****     PWM_1_WriteCompare(174);
  68              		.loc 1 26 0
  69 0004 AE20     		movs	r0, #174
  70 0006 FFF7FEFF 		bl	PWM_1_WriteCompare
  27:manoeuvre.c   ****     PWM_2_WriteCompare(183);
  71              		.loc 1 27 0
  72 000a B720     		movs	r0, #183
  73 000c FFF7FEFF 		bl	PWM_2_WriteCompare
  28:manoeuvre.c   **** }
  74              		.loc 1 28 0
  75 0010 00BF     		nop
  76 0012 80BD     		pop	{r7, pc}
  77              		.cfi_endproc
  78              	.LFE65:
  79              		.size	edge_front_right_manoeuvre, .-edge_front_right_manoeuvre
  80              		.section	.text.edge_mid_left_manoeuvre,"ax",%progbits
  81              		.align	2
  82              		.global	edge_mid_left_manoeuvre
  83              		.thumb
  84              		.thumb_func
  85              		.type	edge_mid_left_manoeuvre, %function
  86              	edge_mid_left_manoeuvre:
ARM GAS  C:\Users\Calvi\AppData\Local\Temp\ccklNXwf.s 			page 3


  87              	.LFB66:
  29:manoeuvre.c   **** void edge_mid_left_manoeuvre()
  30:manoeuvre.c   **** {
  88              		.loc 1 30 0
  89              		.cfi_startproc
  90              		@ args = 0, pretend = 0, frame = 0
  91              		@ frame_needed = 1, uses_anonymous_args = 0
  92 0000 80B5     		push	{r7, lr}
  93              		.cfi_def_cfa_offset 8
  94              		.cfi_offset 7, -8
  95              		.cfi_offset 14, -4
  96 0002 00AF     		add	r7, sp, #0
  97              		.cfi_def_cfa_register 7
  31:manoeuvre.c   ****     PWM_1_WriteCompare(174);
  98              		.loc 1 31 0
  99 0004 AE20     		movs	r0, #174
 100 0006 FFF7FEFF 		bl	PWM_1_WriteCompare
  32:manoeuvre.c   ****     PWM_2_WriteCompare(183);
 101              		.loc 1 32 0
 102 000a B720     		movs	r0, #183
 103 000c FFF7FEFF 		bl	PWM_2_WriteCompare
  33:manoeuvre.c   **** }
 104              		.loc 1 33 0
 105 0010 00BF     		nop
 106 0012 80BD     		pop	{r7, pc}
 107              		.cfi_endproc
 108              	.LFE66:
 109              		.size	edge_mid_left_manoeuvre, .-edge_mid_left_manoeuvre
 110              		.section	.text.edge_mid_right_manoeuvre,"ax",%progbits
 111              		.align	2
 112              		.global	edge_mid_right_manoeuvre
 113              		.thumb
 114              		.thumb_func
 115              		.type	edge_mid_right_manoeuvre, %function
 116              	edge_mid_right_manoeuvre:
 117              	.LFB67:
  34:manoeuvre.c   **** void edge_mid_right_manoeuvre()
  35:manoeuvre.c   **** {
 118              		.loc 1 35 0
 119              		.cfi_startproc
 120              		@ args = 0, pretend = 0, frame = 0
 121              		@ frame_needed = 1, uses_anonymous_args = 0
 122 0000 80B5     		push	{r7, lr}
 123              		.cfi_def_cfa_offset 8
 124              		.cfi_offset 7, -8
 125              		.cfi_offset 14, -4
 126 0002 00AF     		add	r7, sp, #0
 127              		.cfi_def_cfa_register 7
  36:manoeuvre.c   ****     PWM_1_WriteCompare(178);
 128              		.loc 1 36 0
 129 0004 B220     		movs	r0, #178
 130 0006 FFF7FEFF 		bl	PWM_1_WriteCompare
  37:manoeuvre.c   ****     PWM_2_WriteCompare(179);
 131              		.loc 1 37 0
 132 000a B320     		movs	r0, #179
 133 000c FFF7FEFF 		bl	PWM_2_WriteCompare
  38:manoeuvre.c   **** }
ARM GAS  C:\Users\Calvi\AppData\Local\Temp\ccklNXwf.s 			page 4


 134              		.loc 1 38 0
 135 0010 00BF     		nop
 136 0012 80BD     		pop	{r7, pc}
 137              		.cfi_endproc
 138              	.LFE67:
 139              		.size	edge_mid_right_manoeuvre, .-edge_mid_right_manoeuvre
 140              		.section	.text.edge_left_wing_manoeuvre,"ax",%progbits
 141              		.align	2
 142              		.global	edge_left_wing_manoeuvre
 143              		.thumb
 144              		.thumb_func
 145              		.type	edge_left_wing_manoeuvre, %function
 146              	edge_left_wing_manoeuvre:
 147              	.LFB68:
  39:manoeuvre.c   **** 
  40:manoeuvre.c   **** void edge_left_wing_manoeuvre()
  41:manoeuvre.c   **** {
 148              		.loc 1 41 0
 149              		.cfi_startproc
 150              		@ args = 0, pretend = 0, frame = 0
 151              		@ frame_needed = 1, uses_anonymous_args = 0
 152 0000 80B5     		push	{r7, lr}
 153              		.cfi_def_cfa_offset 8
 154              		.cfi_offset 7, -8
 155              		.cfi_offset 14, -4
 156 0002 00AF     		add	r7, sp, #0
 157              		.cfi_def_cfa_register 7
  42:manoeuvre.c   ****     // Hard left turn
  43:manoeuvre.c   ****     while (Output_5_Read() == 1 || Output_4_Read() == 1) {
 158              		.loc 1 43 0
 159 0004 05E0     		b	.L6
 160              	.L7:
  44:manoeuvre.c   ****         PWM_2_WriteCompare(157);
 161              		.loc 1 44 0
 162 0006 9D20     		movs	r0, #157
 163 0008 FFF7FEFF 		bl	PWM_2_WriteCompare
  45:manoeuvre.c   ****         PWM_1_WriteCompare(67);
 164              		.loc 1 45 0
 165 000c 4320     		movs	r0, #67
 166 000e FFF7FEFF 		bl	PWM_1_WriteCompare
 167              	.L6:
  43:manoeuvre.c   ****         PWM_2_WriteCompare(157);
 168              		.loc 1 43 0
 169 0012 FFF7FEFF 		bl	Output_5_Read
 170 0016 0346     		mov	r3, r0
 171 0018 012B     		cmp	r3, #1
 172 001a F4D0     		beq	.L7
  43:manoeuvre.c   ****         PWM_2_WriteCompare(157);
 173              		.loc 1 43 0 is_stmt 0 discriminator 1
 174 001c FFF7FEFF 		bl	Output_4_Read
 175 0020 0346     		mov	r3, r0
 176 0022 012B     		cmp	r3, #1
 177 0024 EFD0     		beq	.L7
  46:manoeuvre.c   ****     } 
  47:manoeuvre.c   **** 
  48:manoeuvre.c   **** }
 178              		.loc 1 48 0 is_stmt 1
ARM GAS  C:\Users\Calvi\AppData\Local\Temp\ccklNXwf.s 			page 5


 179 0026 00BF     		nop
 180 0028 80BD     		pop	{r7, pc}
 181              		.cfi_endproc
 182              	.LFE68:
 183              		.size	edge_left_wing_manoeuvre, .-edge_left_wing_manoeuvre
 184 002a 00BF     		.section	.text.edge_right_wing_manoeuvre,"ax",%progbits
 185              		.align	2
 186              		.global	edge_right_wing_manoeuvre
 187              		.thumb
 188              		.thumb_func
 189              		.type	edge_right_wing_manoeuvre, %function
 190              	edge_right_wing_manoeuvre:
 191              	.LFB69:
  49:manoeuvre.c   **** 
  50:manoeuvre.c   **** void edge_right_wing_manoeuvre()
  51:manoeuvre.c   **** {
 192              		.loc 1 51 0
 193              		.cfi_startproc
 194              		@ args = 0, pretend = 0, frame = 0
 195              		@ frame_needed = 1, uses_anonymous_args = 0
 196 0000 80B5     		push	{r7, lr}
 197              		.cfi_def_cfa_offset 8
 198              		.cfi_offset 7, -8
 199              		.cfi_offset 14, -4
 200 0002 00AF     		add	r7, sp, #0
 201              		.cfi_def_cfa_register 7
  52:manoeuvre.c   ****     while (Output_5_Read() == 1 || Output_4_Read() == 1)  {
 202              		.loc 1 52 0
 203 0004 05E0     		b	.L9
 204              	.L10:
  53:manoeuvre.c   ****         PWM_1_WriteCompare(150);
 205              		.loc 1 53 0
 206 0006 9620     		movs	r0, #150
 207 0008 FFF7FEFF 		bl	PWM_1_WriteCompare
  54:manoeuvre.c   ****         PWM_2_WriteCompare(55);
 208              		.loc 1 54 0
 209 000c 3720     		movs	r0, #55
 210 000e FFF7FEFF 		bl	PWM_2_WriteCompare
 211              	.L9:
  52:manoeuvre.c   ****     while (Output_5_Read() == 1 || Output_4_Read() == 1)  {
 212              		.loc 1 52 0
 213 0012 FFF7FEFF 		bl	Output_5_Read
 214 0016 0346     		mov	r3, r0
 215 0018 012B     		cmp	r3, #1
 216 001a F4D0     		beq	.L10
  52:manoeuvre.c   ****     while (Output_5_Read() == 1 || Output_4_Read() == 1)  {
 217              		.loc 1 52 0 is_stmt 0 discriminator 1
 218 001c FFF7FEFF 		bl	Output_4_Read
 219 0020 0346     		mov	r3, r0
 220 0022 012B     		cmp	r3, #1
 221 0024 EFD0     		beq	.L10
  55:manoeuvre.c   ****     }
  56:manoeuvre.c   **** }
 222              		.loc 1 56 0 is_stmt 1
 223 0026 00BF     		nop
 224 0028 80BD     		pop	{r7, pc}
 225              		.cfi_endproc
ARM GAS  C:\Users\Calvi\AppData\Local\Temp\ccklNXwf.s 			page 6


 226              	.LFE69:
 227              		.size	edge_right_wing_manoeuvre, .-edge_right_wing_manoeuvre
 228 002a 00BF     		.text
 229              	.Letext0:
 230              		.file 2 "c:\\program files (x86)\\cypress\\psoc creator\\4.4\\psoc creator\\import\\gnu\\arm\\5.4.
 231              		.file 3 "c:\\program files (x86)\\cypress\\psoc creator\\4.4\\psoc creator\\import\\gnu\\arm\\5.4.
 232              		.file 4 "Generated_Source\\PSoC5/core_cm3.h"
 233              		.section	.debug_info,"",%progbits
 234              	.Ldebug_info0:
 235 0000 18010000 		.4byte	0x118
 236 0004 0400     		.2byte	0x4
 237 0006 00000000 		.4byte	.Ldebug_abbrev0
 238 000a 04       		.byte	0x4
 239 000b 01       		.uleb128 0x1
 240 000c A3000000 		.4byte	.LASF22
 241 0010 0C       		.byte	0xc
 242 0011 7B010000 		.4byte	.LASF23
 243 0015 A0010000 		.4byte	.LASF24
 244 0019 00000000 		.4byte	.Ldebug_ranges0+0
 245 001d 00000000 		.4byte	0
 246 0021 00000000 		.4byte	.Ldebug_line0
 247 0025 02       		.uleb128 0x2
 248 0026 01       		.byte	0x1
 249 0027 06       		.byte	0x6
 250 0028 94010000 		.4byte	.LASF0
 251 002c 02       		.uleb128 0x2
 252 002d 01       		.byte	0x1
 253 002e 08       		.byte	0x8
 254 002f 31010000 		.4byte	.LASF1
 255 0033 02       		.uleb128 0x2
 256 0034 02       		.byte	0x2
 257 0035 05       		.byte	0x5
 258 0036 05020000 		.4byte	.LASF2
 259 003a 02       		.uleb128 0x2
 260 003b 02       		.byte	0x2
 261 003c 07       		.byte	0x7
 262 003d 0E000000 		.4byte	.LASF3
 263 0041 03       		.uleb128 0x3
 264 0042 DB010000 		.4byte	.LASF9
 265 0046 02       		.byte	0x2
 266 0047 3F       		.byte	0x3f
 267 0048 4C000000 		.4byte	0x4c
 268 004c 02       		.uleb128 0x2
 269 004d 04       		.byte	0x4
 270 004e 05       		.byte	0x5
 271 004f 44010000 		.4byte	.LASF4
 272 0053 02       		.uleb128 0x2
 273 0054 04       		.byte	0x4
 274 0055 07       		.byte	0x7
 275 0056 7A000000 		.4byte	.LASF5
 276 005a 02       		.uleb128 0x2
 277 005b 08       		.byte	0x8
 278 005c 05       		.byte	0x5
 279 005d 00000000 		.4byte	.LASF6
 280 0061 02       		.uleb128 0x2
 281 0062 08       		.byte	0x8
 282 0063 07       		.byte	0x7
ARM GAS  C:\Users\Calvi\AppData\Local\Temp\ccklNXwf.s 			page 7


 283 0064 8C000000 		.4byte	.LASF7
 284 0068 04       		.uleb128 0x4
 285 0069 04       		.byte	0x4
 286 006a 05       		.byte	0x5
 287 006b 696E7400 		.ascii	"int\000"
 288 006f 02       		.uleb128 0x2
 289 0070 04       		.byte	0x4
 290 0071 07       		.byte	0x7
 291 0072 3B000000 		.4byte	.LASF8
 292 0076 03       		.uleb128 0x3
 293 0077 0F020000 		.4byte	.LASF10
 294 007b 03       		.byte	0x3
 295 007c 2C       		.byte	0x2c
 296 007d 41000000 		.4byte	0x41
 297 0081 02       		.uleb128 0x2
 298 0082 04       		.byte	0x4
 299 0083 04       		.byte	0x4
 300 0084 FF010000 		.4byte	.LASF11
 301 0088 02       		.uleb128 0x2
 302 0089 08       		.byte	0x8
 303 008a 04       		.byte	0x4
 304 008b 68010000 		.4byte	.LASF12
 305 008f 02       		.uleb128 0x2
 306 0090 01       		.byte	0x1
 307 0091 08       		.byte	0x8
 308 0092 3F010000 		.4byte	.LASF13
 309 0096 02       		.uleb128 0x2
 310 0097 08       		.byte	0x8
 311 0098 04       		.byte	0x4
 312 0099 6F010000 		.4byte	.LASF14
 313 009d 02       		.uleb128 0x2
 314 009e 04       		.byte	0x4
 315 009f 07       		.byte	0x7
 316 00a0 17020000 		.4byte	.LASF15
 317 00a4 05       		.uleb128 0x5
 318 00a5 21000000 		.4byte	.LASF16
 319 00a9 01       		.byte	0x1
 320 00aa 11       		.byte	0x11
 321 00ab 00000000 		.4byte	.LFB64
 322 00af 14000000 		.4byte	.LFE64-.LFB64
 323 00b3 01       		.uleb128 0x1
 324 00b4 9C       		.byte	0x9c
 325 00b5 05       		.uleb128 0x5
 326 00b6 4D010000 		.4byte	.LASF17
 327 00ba 01       		.byte	0x1
 328 00bb 18       		.byte	0x18
 329 00bc 00000000 		.4byte	.LFB65
 330 00c0 14000000 		.4byte	.LFE65-.LFB65
 331 00c4 01       		.uleb128 0x1
 332 00c5 9C       		.byte	0x9c
 333 00c6 05       		.uleb128 0x5
 334 00c7 20020000 		.4byte	.LASF18
 335 00cb 01       		.byte	0x1
 336 00cc 1D       		.byte	0x1d
 337 00cd 00000000 		.4byte	.LFB66
 338 00d1 14000000 		.4byte	.LFE66-.LFB66
 339 00d5 01       		.uleb128 0x1
ARM GAS  C:\Users\Calvi\AppData\Local\Temp\ccklNXwf.s 			page 8


 340 00d6 9C       		.byte	0x9c
 341 00d7 05       		.uleb128 0x5
 342 00d8 61000000 		.4byte	.LASF19
 343 00dc 01       		.byte	0x1
 344 00dd 22       		.byte	0x22
 345 00de 00000000 		.4byte	.LFB67
 346 00e2 14000000 		.4byte	.LFE67-.LFB67
 347 00e6 01       		.uleb128 0x1
 348 00e7 9C       		.byte	0x9c
 349 00e8 05       		.uleb128 0x5
 350 00e9 48000000 		.4byte	.LASF20
 351 00ed 01       		.byte	0x1
 352 00ee 28       		.byte	0x28
 353 00ef 00000000 		.4byte	.LFB68
 354 00f3 2A000000 		.4byte	.LFE68-.LFB68
 355 00f7 01       		.uleb128 0x1
 356 00f8 9C       		.byte	0x9c
 357 00f9 05       		.uleb128 0x5
 358 00fa E5010000 		.4byte	.LASF21
 359 00fe 01       		.byte	0x1
 360 00ff 32       		.byte	0x32
 361 0100 00000000 		.4byte	.LFB69
 362 0104 2A000000 		.4byte	.LFE69-.LFB69
 363 0108 01       		.uleb128 0x1
 364 0109 9C       		.byte	0x9c
 365 010a 06       		.uleb128 0x6
 366 010b 87010000 		.4byte	.LASF25
 367 010f 04       		.byte	0x4
 368 0110 1207     		.2byte	0x712
 369 0112 16010000 		.4byte	0x116
 370 0116 07       		.uleb128 0x7
 371 0117 76000000 		.4byte	0x76
 372 011b 00       		.byte	0
 373              		.section	.debug_abbrev,"",%progbits
 374              	.Ldebug_abbrev0:
 375 0000 01       		.uleb128 0x1
 376 0001 11       		.uleb128 0x11
 377 0002 01       		.byte	0x1
 378 0003 25       		.uleb128 0x25
 379 0004 0E       		.uleb128 0xe
 380 0005 13       		.uleb128 0x13
 381 0006 0B       		.uleb128 0xb
 382 0007 03       		.uleb128 0x3
 383 0008 0E       		.uleb128 0xe
 384 0009 1B       		.uleb128 0x1b
 385 000a 0E       		.uleb128 0xe
 386 000b 55       		.uleb128 0x55
 387 000c 17       		.uleb128 0x17
 388 000d 11       		.uleb128 0x11
 389 000e 01       		.uleb128 0x1
 390 000f 10       		.uleb128 0x10
 391 0010 17       		.uleb128 0x17
 392 0011 00       		.byte	0
 393 0012 00       		.byte	0
 394 0013 02       		.uleb128 0x2
 395 0014 24       		.uleb128 0x24
 396 0015 00       		.byte	0
ARM GAS  C:\Users\Calvi\AppData\Local\Temp\ccklNXwf.s 			page 9


 397 0016 0B       		.uleb128 0xb
 398 0017 0B       		.uleb128 0xb
 399 0018 3E       		.uleb128 0x3e
 400 0019 0B       		.uleb128 0xb
 401 001a 03       		.uleb128 0x3
 402 001b 0E       		.uleb128 0xe
 403 001c 00       		.byte	0
 404 001d 00       		.byte	0
 405 001e 03       		.uleb128 0x3
 406 001f 16       		.uleb128 0x16
 407 0020 00       		.byte	0
 408 0021 03       		.uleb128 0x3
 409 0022 0E       		.uleb128 0xe
 410 0023 3A       		.uleb128 0x3a
 411 0024 0B       		.uleb128 0xb
 412 0025 3B       		.uleb128 0x3b
 413 0026 0B       		.uleb128 0xb
 414 0027 49       		.uleb128 0x49
 415 0028 13       		.uleb128 0x13
 416 0029 00       		.byte	0
 417 002a 00       		.byte	0
 418 002b 04       		.uleb128 0x4
 419 002c 24       		.uleb128 0x24
 420 002d 00       		.byte	0
 421 002e 0B       		.uleb128 0xb
 422 002f 0B       		.uleb128 0xb
 423 0030 3E       		.uleb128 0x3e
 424 0031 0B       		.uleb128 0xb
 425 0032 03       		.uleb128 0x3
 426 0033 08       		.uleb128 0x8
 427 0034 00       		.byte	0
 428 0035 00       		.byte	0
 429 0036 05       		.uleb128 0x5
 430 0037 2E       		.uleb128 0x2e
 431 0038 00       		.byte	0
 432 0039 3F       		.uleb128 0x3f
 433 003a 19       		.uleb128 0x19
 434 003b 03       		.uleb128 0x3
 435 003c 0E       		.uleb128 0xe
 436 003d 3A       		.uleb128 0x3a
 437 003e 0B       		.uleb128 0xb
 438 003f 3B       		.uleb128 0x3b
 439 0040 0B       		.uleb128 0xb
 440 0041 11       		.uleb128 0x11
 441 0042 01       		.uleb128 0x1
 442 0043 12       		.uleb128 0x12
 443 0044 06       		.uleb128 0x6
 444 0045 40       		.uleb128 0x40
 445 0046 18       		.uleb128 0x18
 446 0047 9642     		.uleb128 0x2116
 447 0049 19       		.uleb128 0x19
 448 004a 00       		.byte	0
 449 004b 00       		.byte	0
 450 004c 06       		.uleb128 0x6
 451 004d 34       		.uleb128 0x34
 452 004e 00       		.byte	0
 453 004f 03       		.uleb128 0x3
ARM GAS  C:\Users\Calvi\AppData\Local\Temp\ccklNXwf.s 			page 10


 454 0050 0E       		.uleb128 0xe
 455 0051 3A       		.uleb128 0x3a
 456 0052 0B       		.uleb128 0xb
 457 0053 3B       		.uleb128 0x3b
 458 0054 05       		.uleb128 0x5
 459 0055 49       		.uleb128 0x49
 460 0056 13       		.uleb128 0x13
 461 0057 3F       		.uleb128 0x3f
 462 0058 19       		.uleb128 0x19
 463 0059 3C       		.uleb128 0x3c
 464 005a 19       		.uleb128 0x19
 465 005b 00       		.byte	0
 466 005c 00       		.byte	0
 467 005d 07       		.uleb128 0x7
 468 005e 35       		.uleb128 0x35
 469 005f 00       		.byte	0
 470 0060 49       		.uleb128 0x49
 471 0061 13       		.uleb128 0x13
 472 0062 00       		.byte	0
 473 0063 00       		.byte	0
 474 0064 00       		.byte	0
 475              		.section	.debug_aranges,"",%progbits
 476 0000 44000000 		.4byte	0x44
 477 0004 0200     		.2byte	0x2
 478 0006 00000000 		.4byte	.Ldebug_info0
 479 000a 04       		.byte	0x4
 480 000b 00       		.byte	0
 481 000c 0000     		.2byte	0
 482 000e 0000     		.2byte	0
 483 0010 00000000 		.4byte	.LFB64
 484 0014 14000000 		.4byte	.LFE64-.LFB64
 485 0018 00000000 		.4byte	.LFB65
 486 001c 14000000 		.4byte	.LFE65-.LFB65
 487 0020 00000000 		.4byte	.LFB66
 488 0024 14000000 		.4byte	.LFE66-.LFB66
 489 0028 00000000 		.4byte	.LFB67
 490 002c 14000000 		.4byte	.LFE67-.LFB67
 491 0030 00000000 		.4byte	.LFB68
 492 0034 2A000000 		.4byte	.LFE68-.LFB68
 493 0038 00000000 		.4byte	.LFB69
 494 003c 2A000000 		.4byte	.LFE69-.LFB69
 495 0040 00000000 		.4byte	0
 496 0044 00000000 		.4byte	0
 497              		.section	.debug_ranges,"",%progbits
 498              	.Ldebug_ranges0:
 499 0000 00000000 		.4byte	.LFB64
 500 0004 14000000 		.4byte	.LFE64
 501 0008 00000000 		.4byte	.LFB65
 502 000c 14000000 		.4byte	.LFE65
 503 0010 00000000 		.4byte	.LFB66
 504 0014 14000000 		.4byte	.LFE66
 505 0018 00000000 		.4byte	.LFB67
 506 001c 14000000 		.4byte	.LFE67
 507 0020 00000000 		.4byte	.LFB68
 508 0024 2A000000 		.4byte	.LFE68
 509 0028 00000000 		.4byte	.LFB69
 510 002c 2A000000 		.4byte	.LFE69
ARM GAS  C:\Users\Calvi\AppData\Local\Temp\ccklNXwf.s 			page 11


 511 0030 00000000 		.4byte	0
 512 0034 00000000 		.4byte	0
 513              		.section	.debug_line,"",%progbits
 514              	.Ldebug_line0:
 515 0000 C8010000 		.section	.debug_str,"MS",%progbits,1
 515      02004401 
 515      00000201 
 515      FB0E0D00 
 515      01010101 
 516              	.LASF6:
 517 0000 6C6F6E67 		.ascii	"long long int\000"
 517      206C6F6E 
 517      6720696E 
 517      7400
 518              	.LASF3:
 519 000e 73686F72 		.ascii	"short unsigned int\000"
 519      7420756E 
 519      7369676E 
 519      65642069 
 519      6E7400
 520              	.LASF16:
 521 0021 65646765 		.ascii	"edge_front_left_manoeuvre\000"
 521      5F66726F 
 521      6E745F6C 
 521      6566745F 
 521      6D616E6F 
 522              	.LASF8:
 523 003b 756E7369 		.ascii	"unsigned int\000"
 523      676E6564 
 523      20696E74 
 523      00
 524              	.LASF20:
 525 0048 65646765 		.ascii	"edge_left_wing_manoeuvre\000"
 525      5F6C6566 
 525      745F7769 
 525      6E675F6D 
 525      616E6F65 
 526              	.LASF19:
 527 0061 65646765 		.ascii	"edge_mid_right_manoeuvre\000"
 527      5F6D6964 
 527      5F726967 
 527      68745F6D 
 527      616E6F65 
 528              	.LASF5:
 529 007a 6C6F6E67 		.ascii	"long unsigned int\000"
 529      20756E73 
 529      69676E65 
 529      6420696E 
 529      7400
 530              	.LASF7:
 531 008c 6C6F6E67 		.ascii	"long long unsigned int\000"
 531      206C6F6E 
 531      6720756E 
 531      7369676E 
 531      65642069 
 532              	.LASF22:
 533 00a3 474E5520 		.ascii	"GNU C11 5.4.1 20160609 (release) [ARM/embedded-5-br"
ARM GAS  C:\Users\Calvi\AppData\Local\Temp\ccklNXwf.s 			page 12


 533      43313120 
 533      352E342E 
 533      31203230 
 533      31363036 
 534 00d6 616E6368 		.ascii	"anch revision 237715] -mcpu=cortex-m3 -mthumb -g -O"
 534      20726576 
 534      6973696F 
 534      6E203233 
 534      37373135 
 535 0109 30202D66 		.ascii	"0 -ffunction-sections -ffat-lto-objects\000"
 535      66756E63 
 535      74696F6E 
 535      2D736563 
 535      74696F6E 
 536              	.LASF1:
 537 0131 756E7369 		.ascii	"unsigned char\000"
 537      676E6564 
 537      20636861 
 537      7200
 538              	.LASF13:
 539 013f 63686172 		.ascii	"char\000"
 539      00
 540              	.LASF4:
 541 0144 6C6F6E67 		.ascii	"long int\000"
 541      20696E74 
 541      00
 542              	.LASF17:
 543 014d 65646765 		.ascii	"edge_front_right_manoeuvre\000"
 543      5F66726F 
 543      6E745F72 
 543      69676874 
 543      5F6D616E 
 544              	.LASF12:
 545 0168 646F7562 		.ascii	"double\000"
 545      6C6500
 546              	.LASF14:
 547 016f 6C6F6E67 		.ascii	"long double\000"
 547      20646F75 
 547      626C6500 
 548              	.LASF23:
 549 017b 6D616E6F 		.ascii	"manoeuvre.c\000"
 549      65757672 
 549      652E6300 
 550              	.LASF25:
 551 0187 49544D5F 		.ascii	"ITM_RxBuffer\000"
 551      52784275 
 551      66666572 
 551      00
 552              	.LASF0:
 553 0194 7369676E 		.ascii	"signed char\000"
 553      65642063 
 553      68617200 
 554              	.LASF24:
 555 01a0 433A5C55 		.ascii	"C:\\Users\\Calvi\\Desktop\\301\\psoc firmware\\CS30"
 555      73657273 
 555      5C43616C 
 555      76695C44 
ARM GAS  C:\Users\Calvi\AppData\Local\Temp\ccklNXwf.s 			page 13


 555      65736B74 
 556 01cd 315F436C 		.ascii	"1_Class.cydsn\000"
 556      6173732E 
 556      63796473 
 556      6E00
 557              	.LASF9:
 558 01db 5F5F696E 		.ascii	"__int32_t\000"
 558      7433325F 
 558      7400
 559              	.LASF21:
 560 01e5 65646765 		.ascii	"edge_right_wing_manoeuvre\000"
 560      5F726967 
 560      68745F77 
 560      696E675F 
 560      6D616E6F 
 561              	.LASF11:
 562 01ff 666C6F61 		.ascii	"float\000"
 562      7400
 563              	.LASF2:
 564 0205 73686F72 		.ascii	"short int\000"
 564      7420696E 
 564      7400
 565              	.LASF10:
 566 020f 696E7433 		.ascii	"int32_t\000"
 566      325F7400 
 567              	.LASF15:
 568 0217 73697A65 		.ascii	"sizetype\000"
 568      74797065 
 568      00
 569              	.LASF18:
 570 0220 65646765 		.ascii	"edge_mid_left_manoeuvre\000"
 570      5F6D6964 
 570      5F6C6566 
 570      745F6D61 
 570      6E6F6575 
 571              		.ident	"GCC: (GNU Tools for ARM Embedded Processors) 5.4.1 20160609 (release) [ARM/embedded-5-bran
