ARM GAS  C:\Users\dpat391\AppData\Local\Temp\ccUsjUrg.s 			page 1


   1              		.syntax unified
   2              		.cpu cortex-m3
   3              		.fpu softvfp
   4              		.eabi_attribute 20, 1
   5              		.eabi_attribute 21, 1
   6              		.eabi_attribute 23, 3
   7              		.eabi_attribute 24, 1
   8              		.eabi_attribute 25, 1
   9              		.eabi_attribute 26, 1
  10              		.eabi_attribute 30, 6
  11              		.eabi_attribute 34, 1
  12              		.eabi_attribute 18, 4
  13              		.thumb
  14              		.syntax unified
  15              		.file	"mid_right.c"
  16              		.text
  17              	.Ltext0:
  18              		.cfi_sections	.debug_frame
  19              		.section	.text.mid_right_Start,"ax",%progbits
  20              		.align	2
  21              		.global	mid_right_Start
  22              		.thumb
  23              		.thumb_func
  24              		.type	mid_right_Start, %function
  25              	mid_right_Start:
  26              	.LFB63:
  27              		.file 1 "Generated_Source\\PSoC5\\mid_right.c"
   1:Generated_Source\PSoC5/mid_right.c **** /*******************************************************************************
   2:Generated_Source\PSoC5/mid_right.c **** * File Name: mid_right.c  
   3:Generated_Source\PSoC5/mid_right.c **** * Version 1.71
   4:Generated_Source\PSoC5/mid_right.c **** *
   5:Generated_Source\PSoC5/mid_right.c **** *  Description:
   6:Generated_Source\PSoC5/mid_right.c **** *   API for controlling the state of an interrupt.
   7:Generated_Source\PSoC5/mid_right.c **** *
   8:Generated_Source\PSoC5/mid_right.c **** *
   9:Generated_Source\PSoC5/mid_right.c **** *  Note:
  10:Generated_Source\PSoC5/mid_right.c **** *
  11:Generated_Source\PSoC5/mid_right.c **** ********************************************************************************
  12:Generated_Source\PSoC5/mid_right.c **** * Copyright 2008-2015, Cypress Semiconductor Corporation.  All rights reserved.
  13:Generated_Source\PSoC5/mid_right.c **** * You may use this file only in accordance with the license, terms, conditions, 
  14:Generated_Source\PSoC5/mid_right.c **** * disclaimers, and limitations in the end user license agreement accompanying 
  15:Generated_Source\PSoC5/mid_right.c **** * the software package with which this file was provided.
  16:Generated_Source\PSoC5/mid_right.c **** *******************************************************************************/
  17:Generated_Source\PSoC5/mid_right.c **** 
  18:Generated_Source\PSoC5/mid_right.c **** 
  19:Generated_Source\PSoC5/mid_right.c **** #include <cydevice_trm.h>
  20:Generated_Source\PSoC5/mid_right.c **** #include <CyLib.h>
  21:Generated_Source\PSoC5/mid_right.c **** #include <mid_right.h>
  22:Generated_Source\PSoC5/mid_right.c **** 
  23:Generated_Source\PSoC5/mid_right.c **** 
  24:Generated_Source\PSoC5/mid_right.c **** #if !defined(mid_right__REMOVED) /* Check for removal by optimization */
  25:Generated_Source\PSoC5/mid_right.c **** 
  26:Generated_Source\PSoC5/mid_right.c **** /*******************************************************************************
  27:Generated_Source\PSoC5/mid_right.c **** *  Place your includes, defines and code here 
  28:Generated_Source\PSoC5/mid_right.c **** ********************************************************************************/
  29:Generated_Source\PSoC5/mid_right.c **** /* `#START mid_right_intc` */
  30:Generated_Source\PSoC5/mid_right.c **** #include "main.h"
ARM GAS  C:\Users\dpat391\AppData\Local\Temp\ccUsjUrg.s 			page 2


  31:Generated_Source\PSoC5/mid_right.c **** /* `#END` */
  32:Generated_Source\PSoC5/mid_right.c **** 
  33:Generated_Source\PSoC5/mid_right.c **** #ifndef CYINT_IRQ_BASE
  34:Generated_Source\PSoC5/mid_right.c **** #define CYINT_IRQ_BASE      16
  35:Generated_Source\PSoC5/mid_right.c **** #endif /* CYINT_IRQ_BASE */
  36:Generated_Source\PSoC5/mid_right.c **** #ifndef CYINT_VECT_TABLE
  37:Generated_Source\PSoC5/mid_right.c **** #define CYINT_VECT_TABLE    ((cyisraddress **) CYREG_NVIC_VECT_OFFSET)
  38:Generated_Source\PSoC5/mid_right.c **** #endif /* CYINT_VECT_TABLE */
  39:Generated_Source\PSoC5/mid_right.c **** 
  40:Generated_Source\PSoC5/mid_right.c **** /* Declared in startup, used to set unused interrupts to. */
  41:Generated_Source\PSoC5/mid_right.c **** CY_ISR_PROTO(IntDefaultHandler);
  42:Generated_Source\PSoC5/mid_right.c **** 
  43:Generated_Source\PSoC5/mid_right.c **** 
  44:Generated_Source\PSoC5/mid_right.c **** /*******************************************************************************
  45:Generated_Source\PSoC5/mid_right.c **** * Function Name: mid_right_Start
  46:Generated_Source\PSoC5/mid_right.c **** ********************************************************************************
  47:Generated_Source\PSoC5/mid_right.c **** *
  48:Generated_Source\PSoC5/mid_right.c **** * Summary:
  49:Generated_Source\PSoC5/mid_right.c **** *  Set up the interrupt and enable it. This function disables the interrupt, 
  50:Generated_Source\PSoC5/mid_right.c **** *  sets the default interrupt vector, sets the priority from the value in the
  51:Generated_Source\PSoC5/mid_right.c **** *  Design Wide Resources Interrupt Editor, then enables the interrupt to the 
  52:Generated_Source\PSoC5/mid_right.c **** *  interrupt controller.
  53:Generated_Source\PSoC5/mid_right.c **** *
  54:Generated_Source\PSoC5/mid_right.c **** * Parameters:  
  55:Generated_Source\PSoC5/mid_right.c **** *   None
  56:Generated_Source\PSoC5/mid_right.c **** *
  57:Generated_Source\PSoC5/mid_right.c **** * Return:
  58:Generated_Source\PSoC5/mid_right.c **** *   None
  59:Generated_Source\PSoC5/mid_right.c **** *
  60:Generated_Source\PSoC5/mid_right.c **** *******************************************************************************/
  61:Generated_Source\PSoC5/mid_right.c **** void mid_right_Start(void)
  62:Generated_Source\PSoC5/mid_right.c **** {
  28              		.loc 1 62 0
  29              		.cfi_startproc
  30              		@ args = 0, pretend = 0, frame = 0
  31              		@ frame_needed = 1, uses_anonymous_args = 0
  32 0000 80B5     		push	{r7, lr}
  33              		.cfi_def_cfa_offset 8
  34              		.cfi_offset 7, -8
  35              		.cfi_offset 14, -4
  36 0002 00AF     		add	r7, sp, #0
  37              		.cfi_def_cfa_register 7
  63:Generated_Source\PSoC5/mid_right.c ****     /* For all we know the interrupt is active. */
  64:Generated_Source\PSoC5/mid_right.c ****     mid_right_Disable();
  38              		.loc 1 64 0
  39 0004 FFF7FEFF 		bl	mid_right_Disable
  65:Generated_Source\PSoC5/mid_right.c **** 
  66:Generated_Source\PSoC5/mid_right.c ****     /* Set the ISR to point to the mid_right Interrupt. */
  67:Generated_Source\PSoC5/mid_right.c ****     mid_right_SetVector(&mid_right_Interrupt);
  40              		.loc 1 67 0
  41 0008 0448     		ldr	r0, .L2
  42 000a FFF7FEFF 		bl	mid_right_SetVector
  68:Generated_Source\PSoC5/mid_right.c **** 
  69:Generated_Source\PSoC5/mid_right.c ****     /* Set the priority. */
  70:Generated_Source\PSoC5/mid_right.c ****     mid_right_SetPriority((uint8)mid_right_INTC_PRIOR_NUMBER);
  43              		.loc 1 70 0
  44 000e 0720     		movs	r0, #7
ARM GAS  C:\Users\dpat391\AppData\Local\Temp\ccUsjUrg.s 			page 3


  45 0010 FFF7FEFF 		bl	mid_right_SetPriority
  71:Generated_Source\PSoC5/mid_right.c **** 
  72:Generated_Source\PSoC5/mid_right.c ****     /* Enable it. */
  73:Generated_Source\PSoC5/mid_right.c ****     mid_right_Enable();
  46              		.loc 1 73 0
  47 0014 FFF7FEFF 		bl	mid_right_Enable
  74:Generated_Source\PSoC5/mid_right.c **** }
  48              		.loc 1 74 0
  49 0018 00BF     		nop
  50 001a 80BD     		pop	{r7, pc}
  51              	.L3:
  52              		.align	2
  53              	.L2:
  54 001c 00000000 		.word	mid_right_Interrupt
  55              		.cfi_endproc
  56              	.LFE63:
  57              		.size	mid_right_Start, .-mid_right_Start
  58              		.section	.text.mid_right_StartEx,"ax",%progbits
  59              		.align	2
  60              		.global	mid_right_StartEx
  61              		.thumb
  62              		.thumb_func
  63              		.type	mid_right_StartEx, %function
  64              	mid_right_StartEx:
  65              	.LFB64:
  75:Generated_Source\PSoC5/mid_right.c **** 
  76:Generated_Source\PSoC5/mid_right.c **** 
  77:Generated_Source\PSoC5/mid_right.c **** /*******************************************************************************
  78:Generated_Source\PSoC5/mid_right.c **** * Function Name: mid_right_StartEx
  79:Generated_Source\PSoC5/mid_right.c **** ********************************************************************************
  80:Generated_Source\PSoC5/mid_right.c **** *
  81:Generated_Source\PSoC5/mid_right.c **** * Summary:
  82:Generated_Source\PSoC5/mid_right.c **** *  Sets up the interrupt and enables it. This function disables the interrupt,
  83:Generated_Source\PSoC5/mid_right.c **** *  sets the interrupt vector based on the address passed in, sets the priority 
  84:Generated_Source\PSoC5/mid_right.c **** *  from the value in the Design Wide Resources Interrupt Editor, then enables 
  85:Generated_Source\PSoC5/mid_right.c **** *  the interrupt to the interrupt controller.
  86:Generated_Source\PSoC5/mid_right.c **** *  
  87:Generated_Source\PSoC5/mid_right.c **** *  When defining ISR functions, the CY_ISR and CY_ISR_PROTO macros should be 
  88:Generated_Source\PSoC5/mid_right.c **** *  used to provide consistent definition across compilers:
  89:Generated_Source\PSoC5/mid_right.c **** *  
  90:Generated_Source\PSoC5/mid_right.c **** *  Function definition example:
  91:Generated_Source\PSoC5/mid_right.c **** *   CY_ISR(MyISR)
  92:Generated_Source\PSoC5/mid_right.c **** *   {
  93:Generated_Source\PSoC5/mid_right.c **** *   }
  94:Generated_Source\PSoC5/mid_right.c **** *   Function prototype example:
  95:Generated_Source\PSoC5/mid_right.c **** *   CY_ISR_PROTO(MyISR);
  96:Generated_Source\PSoC5/mid_right.c **** *
  97:Generated_Source\PSoC5/mid_right.c **** * Parameters:  
  98:Generated_Source\PSoC5/mid_right.c **** *   address: Address of the ISR to set in the interrupt vector table.
  99:Generated_Source\PSoC5/mid_right.c **** *
 100:Generated_Source\PSoC5/mid_right.c **** * Return:
 101:Generated_Source\PSoC5/mid_right.c **** *   None
 102:Generated_Source\PSoC5/mid_right.c **** *
 103:Generated_Source\PSoC5/mid_right.c **** *******************************************************************************/
 104:Generated_Source\PSoC5/mid_right.c **** void mid_right_StartEx(cyisraddress address)
 105:Generated_Source\PSoC5/mid_right.c **** {
  66              		.loc 1 105 0
ARM GAS  C:\Users\dpat391\AppData\Local\Temp\ccUsjUrg.s 			page 4


  67              		.cfi_startproc
  68              		@ args = 0, pretend = 0, frame = 8
  69              		@ frame_needed = 1, uses_anonymous_args = 0
  70 0000 80B5     		push	{r7, lr}
  71              		.cfi_def_cfa_offset 8
  72              		.cfi_offset 7, -8
  73              		.cfi_offset 14, -4
  74 0002 82B0     		sub	sp, sp, #8
  75              		.cfi_def_cfa_offset 16
  76 0004 00AF     		add	r7, sp, #0
  77              		.cfi_def_cfa_register 7
  78 0006 7860     		str	r0, [r7, #4]
 106:Generated_Source\PSoC5/mid_right.c ****     /* For all we know the interrupt is active. */
 107:Generated_Source\PSoC5/mid_right.c ****     mid_right_Disable();
  79              		.loc 1 107 0
  80 0008 FFF7FEFF 		bl	mid_right_Disable
 108:Generated_Source\PSoC5/mid_right.c **** 
 109:Generated_Source\PSoC5/mid_right.c ****     /* Set the ISR to point to the mid_right Interrupt. */
 110:Generated_Source\PSoC5/mid_right.c ****     mid_right_SetVector(address);
  81              		.loc 1 110 0
  82 000c 7868     		ldr	r0, [r7, #4]
  83 000e FFF7FEFF 		bl	mid_right_SetVector
 111:Generated_Source\PSoC5/mid_right.c **** 
 112:Generated_Source\PSoC5/mid_right.c ****     /* Set the priority. */
 113:Generated_Source\PSoC5/mid_right.c ****     mid_right_SetPriority((uint8)mid_right_INTC_PRIOR_NUMBER);
  84              		.loc 1 113 0
  85 0012 0720     		movs	r0, #7
  86 0014 FFF7FEFF 		bl	mid_right_SetPriority
 114:Generated_Source\PSoC5/mid_right.c **** 
 115:Generated_Source\PSoC5/mid_right.c ****     /* Enable it. */
 116:Generated_Source\PSoC5/mid_right.c ****     mid_right_Enable();
  87              		.loc 1 116 0
  88 0018 FFF7FEFF 		bl	mid_right_Enable
 117:Generated_Source\PSoC5/mid_right.c **** }
  89              		.loc 1 117 0
  90 001c 00BF     		nop
  91 001e 0837     		adds	r7, r7, #8
  92              		.cfi_def_cfa_offset 8
  93 0020 BD46     		mov	sp, r7
  94              		.cfi_def_cfa_register 13
  95              		@ sp needed
  96 0022 80BD     		pop	{r7, pc}
  97              		.cfi_endproc
  98              	.LFE64:
  99              		.size	mid_right_StartEx, .-mid_right_StartEx
 100              		.section	.text.mid_right_Stop,"ax",%progbits
 101              		.align	2
 102              		.global	mid_right_Stop
 103              		.thumb
 104              		.thumb_func
 105              		.type	mid_right_Stop, %function
 106              	mid_right_Stop:
 107              	.LFB65:
 118:Generated_Source\PSoC5/mid_right.c **** 
 119:Generated_Source\PSoC5/mid_right.c **** 
 120:Generated_Source\PSoC5/mid_right.c **** /*******************************************************************************
 121:Generated_Source\PSoC5/mid_right.c **** * Function Name: mid_right_Stop
ARM GAS  C:\Users\dpat391\AppData\Local\Temp\ccUsjUrg.s 			page 5


 122:Generated_Source\PSoC5/mid_right.c **** ********************************************************************************
 123:Generated_Source\PSoC5/mid_right.c **** *
 124:Generated_Source\PSoC5/mid_right.c **** * Summary:
 125:Generated_Source\PSoC5/mid_right.c **** *   Disables and removes the interrupt.
 126:Generated_Source\PSoC5/mid_right.c **** *
 127:Generated_Source\PSoC5/mid_right.c **** * Parameters:  
 128:Generated_Source\PSoC5/mid_right.c **** *   None
 129:Generated_Source\PSoC5/mid_right.c **** *
 130:Generated_Source\PSoC5/mid_right.c **** * Return:
 131:Generated_Source\PSoC5/mid_right.c **** *   None
 132:Generated_Source\PSoC5/mid_right.c **** *
 133:Generated_Source\PSoC5/mid_right.c **** *******************************************************************************/
 134:Generated_Source\PSoC5/mid_right.c **** void mid_right_Stop(void)
 135:Generated_Source\PSoC5/mid_right.c **** {
 108              		.loc 1 135 0
 109              		.cfi_startproc
 110              		@ args = 0, pretend = 0, frame = 0
 111              		@ frame_needed = 1, uses_anonymous_args = 0
 112 0000 80B5     		push	{r7, lr}
 113              		.cfi_def_cfa_offset 8
 114              		.cfi_offset 7, -8
 115              		.cfi_offset 14, -4
 116 0002 00AF     		add	r7, sp, #0
 117              		.cfi_def_cfa_register 7
 136:Generated_Source\PSoC5/mid_right.c ****     /* Disable this interrupt. */
 137:Generated_Source\PSoC5/mid_right.c ****     mid_right_Disable();
 118              		.loc 1 137 0
 119 0004 FFF7FEFF 		bl	mid_right_Disable
 138:Generated_Source\PSoC5/mid_right.c **** 
 139:Generated_Source\PSoC5/mid_right.c ****     /* Set the ISR to point to the passive one. */
 140:Generated_Source\PSoC5/mid_right.c ****     mid_right_SetVector(&IntDefaultHandler);
 120              		.loc 1 140 0
 121 0008 0248     		ldr	r0, .L6
 122 000a FFF7FEFF 		bl	mid_right_SetVector
 141:Generated_Source\PSoC5/mid_right.c **** }
 123              		.loc 1 141 0
 124 000e 00BF     		nop
 125 0010 80BD     		pop	{r7, pc}
 126              	.L7:
 127 0012 00BF     		.align	2
 128              	.L6:
 129 0014 00000000 		.word	IntDefaultHandler
 130              		.cfi_endproc
 131              	.LFE65:
 132              		.size	mid_right_Stop, .-mid_right_Stop
 133              		.section	.text.mid_right_Interrupt,"ax",%progbits
 134              		.align	2
 135              		.global	mid_right_Interrupt
 136              		.thumb
 137              		.thumb_func
 138              		.type	mid_right_Interrupt, %function
 139              	mid_right_Interrupt:
 140              	.LFB66:
 142:Generated_Source\PSoC5/mid_right.c **** 
 143:Generated_Source\PSoC5/mid_right.c **** 
 144:Generated_Source\PSoC5/mid_right.c **** /*******************************************************************************
 145:Generated_Source\PSoC5/mid_right.c **** * Function Name: mid_right_Interrupt
ARM GAS  C:\Users\dpat391\AppData\Local\Temp\ccUsjUrg.s 			page 6


 146:Generated_Source\PSoC5/mid_right.c **** ********************************************************************************
 147:Generated_Source\PSoC5/mid_right.c **** *
 148:Generated_Source\PSoC5/mid_right.c **** * Summary:
 149:Generated_Source\PSoC5/mid_right.c **** *   The default Interrupt Service Routine for mid_right.
 150:Generated_Source\PSoC5/mid_right.c **** *
 151:Generated_Source\PSoC5/mid_right.c **** *   Add custom code between the coments to keep the next version of this file
 152:Generated_Source\PSoC5/mid_right.c **** *   from over writting your code.
 153:Generated_Source\PSoC5/mid_right.c **** *
 154:Generated_Source\PSoC5/mid_right.c **** * Parameters:  
 155:Generated_Source\PSoC5/mid_right.c **** *
 156:Generated_Source\PSoC5/mid_right.c **** * Return:
 157:Generated_Source\PSoC5/mid_right.c **** *   None
 158:Generated_Source\PSoC5/mid_right.c **** *
 159:Generated_Source\PSoC5/mid_right.c **** *******************************************************************************/
 160:Generated_Source\PSoC5/mid_right.c **** CY_ISR(mid_right_Interrupt)
 161:Generated_Source\PSoC5/mid_right.c **** {
 141              		.loc 1 161 0
 142              		.cfi_startproc
 143              		@ args = 0, pretend = 0, frame = 0
 144              		@ frame_needed = 1, uses_anonymous_args = 0
 145              		@ link register save eliminated.
 146 0000 80B4     		push	{r7}
 147              		.cfi_def_cfa_offset 4
 148              		.cfi_offset 7, -4
 149 0002 00AF     		add	r7, sp, #0
 150              		.cfi_def_cfa_register 7
 162:Generated_Source\PSoC5/mid_right.c ****     #ifdef mid_right_INTERRUPT_INTERRUPT_CALLBACK
 163:Generated_Source\PSoC5/mid_right.c ****         mid_right_Interrupt_InterruptCallback();
 164:Generated_Source\PSoC5/mid_right.c ****     #endif /* mid_right_INTERRUPT_INTERRUPT_CALLBACK */ 
 165:Generated_Source\PSoC5/mid_right.c **** 
 166:Generated_Source\PSoC5/mid_right.c ****     /*  Place your Interrupt code here. */
 167:Generated_Source\PSoC5/mid_right.c ****     /* `#START mid_right_Interrupt` */
 168:Generated_Source\PSoC5/mid_right.c ****     edges.mid_right_edge = 1;
 151              		.loc 1 168 0
 152 0004 034B     		ldr	r3, .L9
 153 0006 0122     		movs	r2, #1
 154 0008 DA70     		strb	r2, [r3, #3]
 169:Generated_Source\PSoC5/mid_right.c **** 
 170:Generated_Source\PSoC5/mid_right.c ****     /* `#END` */
 171:Generated_Source\PSoC5/mid_right.c **** }
 155              		.loc 1 171 0
 156 000a 00BF     		nop
 157 000c BD46     		mov	sp, r7
 158              		.cfi_def_cfa_register 13
 159              		@ sp needed
 160 000e 80BC     		pop	{r7}
 161              		.cfi_restore 7
 162              		.cfi_def_cfa_offset 0
 163 0010 7047     		bx	lr
 164              	.L10:
 165 0012 00BF     		.align	2
 166              	.L9:
 167 0014 00000000 		.word	edges
 168              		.cfi_endproc
 169              	.LFE66:
 170              		.size	mid_right_Interrupt, .-mid_right_Interrupt
 171              		.section	.text.mid_right_SetVector,"ax",%progbits
ARM GAS  C:\Users\dpat391\AppData\Local\Temp\ccUsjUrg.s 			page 7


 172              		.align	2
 173              		.global	mid_right_SetVector
 174              		.thumb
 175              		.thumb_func
 176              		.type	mid_right_SetVector, %function
 177              	mid_right_SetVector:
 178              	.LFB67:
 172:Generated_Source\PSoC5/mid_right.c **** 
 173:Generated_Source\PSoC5/mid_right.c **** 
 174:Generated_Source\PSoC5/mid_right.c **** /*******************************************************************************
 175:Generated_Source\PSoC5/mid_right.c **** * Function Name: mid_right_SetVector
 176:Generated_Source\PSoC5/mid_right.c **** ********************************************************************************
 177:Generated_Source\PSoC5/mid_right.c **** *
 178:Generated_Source\PSoC5/mid_right.c **** * Summary:
 179:Generated_Source\PSoC5/mid_right.c **** *   Change the ISR vector for the Interrupt. Note calling mid_right_Start
 180:Generated_Source\PSoC5/mid_right.c **** *   will override any effect this method would have had. To set the vector 
 181:Generated_Source\PSoC5/mid_right.c **** *   before the component has been started use mid_right_StartEx instead.
 182:Generated_Source\PSoC5/mid_right.c **** * 
 183:Generated_Source\PSoC5/mid_right.c **** *   When defining ISR functions, the CY_ISR and CY_ISR_PROTO macros should be 
 184:Generated_Source\PSoC5/mid_right.c **** *   used to provide consistent definition across compilers:
 185:Generated_Source\PSoC5/mid_right.c **** *
 186:Generated_Source\PSoC5/mid_right.c **** *   Function definition example:
 187:Generated_Source\PSoC5/mid_right.c **** *   CY_ISR(MyISR)
 188:Generated_Source\PSoC5/mid_right.c **** *   {
 189:Generated_Source\PSoC5/mid_right.c **** *   }
 190:Generated_Source\PSoC5/mid_right.c **** *
 191:Generated_Source\PSoC5/mid_right.c **** *   Function prototype example:
 192:Generated_Source\PSoC5/mid_right.c **** *     CY_ISR_PROTO(MyISR);
 193:Generated_Source\PSoC5/mid_right.c **** *
 194:Generated_Source\PSoC5/mid_right.c **** * Parameters:
 195:Generated_Source\PSoC5/mid_right.c **** *   address: Address of the ISR to set in the interrupt vector table.
 196:Generated_Source\PSoC5/mid_right.c **** *
 197:Generated_Source\PSoC5/mid_right.c **** * Return:
 198:Generated_Source\PSoC5/mid_right.c **** *   None
 199:Generated_Source\PSoC5/mid_right.c **** *
 200:Generated_Source\PSoC5/mid_right.c **** *******************************************************************************/
 201:Generated_Source\PSoC5/mid_right.c **** void mid_right_SetVector(cyisraddress address)
 202:Generated_Source\PSoC5/mid_right.c **** {
 179              		.loc 1 202 0
 180              		.cfi_startproc
 181              		@ args = 0, pretend = 0, frame = 16
 182              		@ frame_needed = 1, uses_anonymous_args = 0
 183              		@ link register save eliminated.
 184 0000 80B4     		push	{r7}
 185              		.cfi_def_cfa_offset 4
 186              		.cfi_offset 7, -4
 187 0002 85B0     		sub	sp, sp, #20
 188              		.cfi_def_cfa_offset 24
 189 0004 00AF     		add	r7, sp, #0
 190              		.cfi_def_cfa_register 7
 191 0006 7860     		str	r0, [r7, #4]
 203:Generated_Source\PSoC5/mid_right.c ****     cyisraddress * ramVectorTable;
 204:Generated_Source\PSoC5/mid_right.c **** 
 205:Generated_Source\PSoC5/mid_right.c ****     ramVectorTable = (cyisraddress *) *CYINT_VECT_TABLE;
 192              		.loc 1 205 0
 193 0008 054B     		ldr	r3, .L12
 194 000a 1B68     		ldr	r3, [r3]
ARM GAS  C:\Users\dpat391\AppData\Local\Temp\ccUsjUrg.s 			page 8


 195 000c FB60     		str	r3, [r7, #12]
 206:Generated_Source\PSoC5/mid_right.c **** 
 207:Generated_Source\PSoC5/mid_right.c ****     ramVectorTable[CYINT_IRQ_BASE + (uint32)mid_right__INTC_NUMBER] = address;
 196              		.loc 1 207 0
 197 000e FB68     		ldr	r3, [r7, #12]
 198 0010 6833     		adds	r3, r3, #104
 199 0012 7A68     		ldr	r2, [r7, #4]
 200 0014 1A60     		str	r2, [r3]
 208:Generated_Source\PSoC5/mid_right.c **** }
 201              		.loc 1 208 0
 202 0016 00BF     		nop
 203 0018 1437     		adds	r7, r7, #20
 204              		.cfi_def_cfa_offset 4
 205 001a BD46     		mov	sp, r7
 206              		.cfi_def_cfa_register 13
 207              		@ sp needed
 208 001c 80BC     		pop	{r7}
 209              		.cfi_restore 7
 210              		.cfi_def_cfa_offset 0
 211 001e 7047     		bx	lr
 212              	.L13:
 213              		.align	2
 214              	.L12:
 215 0020 08ED00E0 		.word	-536810232
 216              		.cfi_endproc
 217              	.LFE67:
 218              		.size	mid_right_SetVector, .-mid_right_SetVector
 219              		.section	.text.mid_right_GetVector,"ax",%progbits
 220              		.align	2
 221              		.global	mid_right_GetVector
 222              		.thumb
 223              		.thumb_func
 224              		.type	mid_right_GetVector, %function
 225              	mid_right_GetVector:
 226              	.LFB68:
 209:Generated_Source\PSoC5/mid_right.c **** 
 210:Generated_Source\PSoC5/mid_right.c **** 
 211:Generated_Source\PSoC5/mid_right.c **** /*******************************************************************************
 212:Generated_Source\PSoC5/mid_right.c **** * Function Name: mid_right_GetVector
 213:Generated_Source\PSoC5/mid_right.c **** ********************************************************************************
 214:Generated_Source\PSoC5/mid_right.c **** *
 215:Generated_Source\PSoC5/mid_right.c **** * Summary:
 216:Generated_Source\PSoC5/mid_right.c **** *   Gets the "address" of the current ISR vector for the Interrupt.
 217:Generated_Source\PSoC5/mid_right.c **** *
 218:Generated_Source\PSoC5/mid_right.c **** * Parameters:
 219:Generated_Source\PSoC5/mid_right.c **** *   None
 220:Generated_Source\PSoC5/mid_right.c **** *
 221:Generated_Source\PSoC5/mid_right.c **** * Return:
 222:Generated_Source\PSoC5/mid_right.c **** *   Address of the ISR in the interrupt vector table.
 223:Generated_Source\PSoC5/mid_right.c **** *
 224:Generated_Source\PSoC5/mid_right.c **** *******************************************************************************/
 225:Generated_Source\PSoC5/mid_right.c **** cyisraddress mid_right_GetVector(void)
 226:Generated_Source\PSoC5/mid_right.c **** {
 227              		.loc 1 226 0
 228              		.cfi_startproc
 229              		@ args = 0, pretend = 0, frame = 8
 230              		@ frame_needed = 1, uses_anonymous_args = 0
ARM GAS  C:\Users\dpat391\AppData\Local\Temp\ccUsjUrg.s 			page 9


 231              		@ link register save eliminated.
 232 0000 80B4     		push	{r7}
 233              		.cfi_def_cfa_offset 4
 234              		.cfi_offset 7, -4
 235 0002 83B0     		sub	sp, sp, #12
 236              		.cfi_def_cfa_offset 16
 237 0004 00AF     		add	r7, sp, #0
 238              		.cfi_def_cfa_register 7
 227:Generated_Source\PSoC5/mid_right.c ****     cyisraddress * ramVectorTable;
 228:Generated_Source\PSoC5/mid_right.c **** 
 229:Generated_Source\PSoC5/mid_right.c ****     ramVectorTable = (cyisraddress *) *CYINT_VECT_TABLE;
 239              		.loc 1 229 0
 240 0006 054B     		ldr	r3, .L16
 241 0008 1B68     		ldr	r3, [r3]
 242 000a 7B60     		str	r3, [r7, #4]
 230:Generated_Source\PSoC5/mid_right.c **** 
 231:Generated_Source\PSoC5/mid_right.c ****     return ramVectorTable[CYINT_IRQ_BASE + (uint32)mid_right__INTC_NUMBER];
 243              		.loc 1 231 0
 244 000c 7B68     		ldr	r3, [r7, #4]
 245 000e 9B6E     		ldr	r3, [r3, #104]
 232:Generated_Source\PSoC5/mid_right.c **** }
 246              		.loc 1 232 0
 247 0010 1846     		mov	r0, r3
 248 0012 0C37     		adds	r7, r7, #12
 249              		.cfi_def_cfa_offset 4
 250 0014 BD46     		mov	sp, r7
 251              		.cfi_def_cfa_register 13
 252              		@ sp needed
 253 0016 80BC     		pop	{r7}
 254              		.cfi_restore 7
 255              		.cfi_def_cfa_offset 0
 256 0018 7047     		bx	lr
 257              	.L17:
 258 001a 00BF     		.align	2
 259              	.L16:
 260 001c 08ED00E0 		.word	-536810232
 261              		.cfi_endproc
 262              	.LFE68:
 263              		.size	mid_right_GetVector, .-mid_right_GetVector
 264              		.section	.text.mid_right_SetPriority,"ax",%progbits
 265              		.align	2
 266              		.global	mid_right_SetPriority
 267              		.thumb
 268              		.thumb_func
 269              		.type	mid_right_SetPriority, %function
 270              	mid_right_SetPriority:
 271              	.LFB69:
 233:Generated_Source\PSoC5/mid_right.c **** 
 234:Generated_Source\PSoC5/mid_right.c **** 
 235:Generated_Source\PSoC5/mid_right.c **** /*******************************************************************************
 236:Generated_Source\PSoC5/mid_right.c **** * Function Name: mid_right_SetPriority
 237:Generated_Source\PSoC5/mid_right.c **** ********************************************************************************
 238:Generated_Source\PSoC5/mid_right.c **** *
 239:Generated_Source\PSoC5/mid_right.c **** * Summary:
 240:Generated_Source\PSoC5/mid_right.c **** *   Sets the Priority of the Interrupt. 
 241:Generated_Source\PSoC5/mid_right.c **** *
 242:Generated_Source\PSoC5/mid_right.c **** *   Note calling mid_right_Start or mid_right_StartEx will 
ARM GAS  C:\Users\dpat391\AppData\Local\Temp\ccUsjUrg.s 			page 10


 243:Generated_Source\PSoC5/mid_right.c **** *   override any effect this API would have had. This API should only be called
 244:Generated_Source\PSoC5/mid_right.c **** *   after mid_right_Start or mid_right_StartEx has been called. 
 245:Generated_Source\PSoC5/mid_right.c **** *   To set the initial priority for the component, use the Design-Wide Resources
 246:Generated_Source\PSoC5/mid_right.c **** *   Interrupt Editor.
 247:Generated_Source\PSoC5/mid_right.c **** *
 248:Generated_Source\PSoC5/mid_right.c **** *   Note This API has no effect on Non-maskable interrupt NMI).
 249:Generated_Source\PSoC5/mid_right.c **** *
 250:Generated_Source\PSoC5/mid_right.c **** * Parameters:
 251:Generated_Source\PSoC5/mid_right.c **** *   priority: Priority of the interrupt, 0 being the highest priority
 252:Generated_Source\PSoC5/mid_right.c **** *             PSoC 3 and PSoC 5LP: Priority is from 0 to 7.
 253:Generated_Source\PSoC5/mid_right.c **** *             PSoC 4: Priority is from 0 to 3.
 254:Generated_Source\PSoC5/mid_right.c **** *
 255:Generated_Source\PSoC5/mid_right.c **** * Return:
 256:Generated_Source\PSoC5/mid_right.c **** *   None
 257:Generated_Source\PSoC5/mid_right.c **** *
 258:Generated_Source\PSoC5/mid_right.c **** *******************************************************************************/
 259:Generated_Source\PSoC5/mid_right.c **** void mid_right_SetPriority(uint8 priority)
 260:Generated_Source\PSoC5/mid_right.c **** {
 272              		.loc 1 260 0
 273              		.cfi_startproc
 274              		@ args = 0, pretend = 0, frame = 8
 275              		@ frame_needed = 1, uses_anonymous_args = 0
 276              		@ link register save eliminated.
 277 0000 80B4     		push	{r7}
 278              		.cfi_def_cfa_offset 4
 279              		.cfi_offset 7, -4
 280 0002 83B0     		sub	sp, sp, #12
 281              		.cfi_def_cfa_offset 16
 282 0004 00AF     		add	r7, sp, #0
 283              		.cfi_def_cfa_register 7
 284 0006 0346     		mov	r3, r0
 285 0008 FB71     		strb	r3, [r7, #7]
 261:Generated_Source\PSoC5/mid_right.c ****     *mid_right_INTC_PRIOR = priority << 5;
 286              		.loc 1 261 0
 287 000a 054A     		ldr	r2, .L19
 288 000c FB79     		ldrb	r3, [r7, #7]
 289 000e 5B01     		lsls	r3, r3, #5
 290 0010 DBB2     		uxtb	r3, r3
 291 0012 1370     		strb	r3, [r2]
 262:Generated_Source\PSoC5/mid_right.c **** }
 292              		.loc 1 262 0
 293 0014 00BF     		nop
 294 0016 0C37     		adds	r7, r7, #12
 295              		.cfi_def_cfa_offset 4
 296 0018 BD46     		mov	sp, r7
 297              		.cfi_def_cfa_register 13
 298              		@ sp needed
 299 001a 80BC     		pop	{r7}
 300              		.cfi_restore 7
 301              		.cfi_def_cfa_offset 0
 302 001c 7047     		bx	lr
 303              	.L20:
 304 001e 00BF     		.align	2
 305              	.L19:
 306 0020 0AE400E0 		.word	-536812534
 307              		.cfi_endproc
 308              	.LFE69:
ARM GAS  C:\Users\dpat391\AppData\Local\Temp\ccUsjUrg.s 			page 11


 309              		.size	mid_right_SetPriority, .-mid_right_SetPriority
 310              		.section	.text.mid_right_GetPriority,"ax",%progbits
 311              		.align	2
 312              		.global	mid_right_GetPriority
 313              		.thumb
 314              		.thumb_func
 315              		.type	mid_right_GetPriority, %function
 316              	mid_right_GetPriority:
 317              	.LFB70:
 263:Generated_Source\PSoC5/mid_right.c **** 
 264:Generated_Source\PSoC5/mid_right.c **** 
 265:Generated_Source\PSoC5/mid_right.c **** /*******************************************************************************
 266:Generated_Source\PSoC5/mid_right.c **** * Function Name: mid_right_GetPriority
 267:Generated_Source\PSoC5/mid_right.c **** ********************************************************************************
 268:Generated_Source\PSoC5/mid_right.c **** *
 269:Generated_Source\PSoC5/mid_right.c **** * Summary:
 270:Generated_Source\PSoC5/mid_right.c **** *   Gets the Priority of the Interrupt.
 271:Generated_Source\PSoC5/mid_right.c **** *
 272:Generated_Source\PSoC5/mid_right.c **** * Parameters:
 273:Generated_Source\PSoC5/mid_right.c **** *   None
 274:Generated_Source\PSoC5/mid_right.c **** *
 275:Generated_Source\PSoC5/mid_right.c **** * Return:
 276:Generated_Source\PSoC5/mid_right.c **** *   Priority of the interrupt, 0 being the highest priority
 277:Generated_Source\PSoC5/mid_right.c **** *    PSoC 3 and PSoC 5LP: Priority is from 0 to 7.
 278:Generated_Source\PSoC5/mid_right.c **** *    PSoC 4: Priority is from 0 to 3.
 279:Generated_Source\PSoC5/mid_right.c **** *
 280:Generated_Source\PSoC5/mid_right.c **** *******************************************************************************/
 281:Generated_Source\PSoC5/mid_right.c **** uint8 mid_right_GetPriority(void)
 282:Generated_Source\PSoC5/mid_right.c **** {
 318              		.loc 1 282 0
 319              		.cfi_startproc
 320              		@ args = 0, pretend = 0, frame = 8
 321              		@ frame_needed = 1, uses_anonymous_args = 0
 322              		@ link register save eliminated.
 323 0000 80B4     		push	{r7}
 324              		.cfi_def_cfa_offset 4
 325              		.cfi_offset 7, -4
 326 0002 83B0     		sub	sp, sp, #12
 327              		.cfi_def_cfa_offset 16
 328 0004 00AF     		add	r7, sp, #0
 329              		.cfi_def_cfa_register 7
 283:Generated_Source\PSoC5/mid_right.c ****     uint8 priority;
 284:Generated_Source\PSoC5/mid_right.c **** 
 285:Generated_Source\PSoC5/mid_right.c **** 
 286:Generated_Source\PSoC5/mid_right.c ****     priority = *mid_right_INTC_PRIOR >> 5;
 330              		.loc 1 286 0
 331 0006 054B     		ldr	r3, .L23
 332 0008 1B78     		ldrb	r3, [r3]
 333 000a DBB2     		uxtb	r3, r3
 334 000c 5B09     		lsrs	r3, r3, #5
 335 000e FB71     		strb	r3, [r7, #7]
 287:Generated_Source\PSoC5/mid_right.c **** 
 288:Generated_Source\PSoC5/mid_right.c ****     return priority;
 336              		.loc 1 288 0
 337 0010 FB79     		ldrb	r3, [r7, #7]	@ zero_extendqisi2
 289:Generated_Source\PSoC5/mid_right.c **** }
 338              		.loc 1 289 0
ARM GAS  C:\Users\dpat391\AppData\Local\Temp\ccUsjUrg.s 			page 12


 339 0012 1846     		mov	r0, r3
 340 0014 0C37     		adds	r7, r7, #12
 341              		.cfi_def_cfa_offset 4
 342 0016 BD46     		mov	sp, r7
 343              		.cfi_def_cfa_register 13
 344              		@ sp needed
 345 0018 80BC     		pop	{r7}
 346              		.cfi_restore 7
 347              		.cfi_def_cfa_offset 0
 348 001a 7047     		bx	lr
 349              	.L24:
 350              		.align	2
 351              	.L23:
 352 001c 0AE400E0 		.word	-536812534
 353              		.cfi_endproc
 354              	.LFE70:
 355              		.size	mid_right_GetPriority, .-mid_right_GetPriority
 356              		.section	.text.mid_right_Enable,"ax",%progbits
 357              		.align	2
 358              		.global	mid_right_Enable
 359              		.thumb
 360              		.thumb_func
 361              		.type	mid_right_Enable, %function
 362              	mid_right_Enable:
 363              	.LFB71:
 290:Generated_Source\PSoC5/mid_right.c **** 
 291:Generated_Source\PSoC5/mid_right.c **** 
 292:Generated_Source\PSoC5/mid_right.c **** /*******************************************************************************
 293:Generated_Source\PSoC5/mid_right.c **** * Function Name: mid_right_Enable
 294:Generated_Source\PSoC5/mid_right.c **** ********************************************************************************
 295:Generated_Source\PSoC5/mid_right.c **** *
 296:Generated_Source\PSoC5/mid_right.c **** * Summary:
 297:Generated_Source\PSoC5/mid_right.c **** *   Enables the interrupt to the interrupt controller. Do not call this function
 298:Generated_Source\PSoC5/mid_right.c **** *   unless ISR_Start() has been called or the functionality of the ISR_Start() 
 299:Generated_Source\PSoC5/mid_right.c **** *   function, which sets the vector and the priority, has been called.
 300:Generated_Source\PSoC5/mid_right.c **** *
 301:Generated_Source\PSoC5/mid_right.c **** * Parameters:
 302:Generated_Source\PSoC5/mid_right.c **** *   None
 303:Generated_Source\PSoC5/mid_right.c **** *
 304:Generated_Source\PSoC5/mid_right.c **** * Return:
 305:Generated_Source\PSoC5/mid_right.c **** *   None
 306:Generated_Source\PSoC5/mid_right.c **** *
 307:Generated_Source\PSoC5/mid_right.c **** *******************************************************************************/
 308:Generated_Source\PSoC5/mid_right.c **** void mid_right_Enable(void)
 309:Generated_Source\PSoC5/mid_right.c **** {
 364              		.loc 1 309 0
 365              		.cfi_startproc
 366              		@ args = 0, pretend = 0, frame = 0
 367              		@ frame_needed = 1, uses_anonymous_args = 0
 368              		@ link register save eliminated.
 369 0000 80B4     		push	{r7}
 370              		.cfi_def_cfa_offset 4
 371              		.cfi_offset 7, -4
 372 0002 00AF     		add	r7, sp, #0
 373              		.cfi_def_cfa_register 7
 310:Generated_Source\PSoC5/mid_right.c ****     /* Enable the general interrupt. */
 311:Generated_Source\PSoC5/mid_right.c ****     *mid_right_INTC_SET_EN = mid_right__INTC_MASK;
ARM GAS  C:\Users\dpat391\AppData\Local\Temp\ccUsjUrg.s 			page 13


 374              		.loc 1 311 0
 375 0004 034B     		ldr	r3, .L26
 376 0006 4FF48062 		mov	r2, #1024
 377 000a 1A60     		str	r2, [r3]
 312:Generated_Source\PSoC5/mid_right.c **** }
 378              		.loc 1 312 0
 379 000c 00BF     		nop
 380 000e BD46     		mov	sp, r7
 381              		.cfi_def_cfa_register 13
 382              		@ sp needed
 383 0010 80BC     		pop	{r7}
 384              		.cfi_restore 7
 385              		.cfi_def_cfa_offset 0
 386 0012 7047     		bx	lr
 387              	.L27:
 388              		.align	2
 389              	.L26:
 390 0014 00E100E0 		.word	-536813312
 391              		.cfi_endproc
 392              	.LFE71:
 393              		.size	mid_right_Enable, .-mid_right_Enable
 394              		.section	.text.mid_right_GetState,"ax",%progbits
 395              		.align	2
 396              		.global	mid_right_GetState
 397              		.thumb
 398              		.thumb_func
 399              		.type	mid_right_GetState, %function
 400              	mid_right_GetState:
 401              	.LFB72:
 313:Generated_Source\PSoC5/mid_right.c **** 
 314:Generated_Source\PSoC5/mid_right.c **** 
 315:Generated_Source\PSoC5/mid_right.c **** /*******************************************************************************
 316:Generated_Source\PSoC5/mid_right.c **** * Function Name: mid_right_GetState
 317:Generated_Source\PSoC5/mid_right.c **** ********************************************************************************
 318:Generated_Source\PSoC5/mid_right.c **** *
 319:Generated_Source\PSoC5/mid_right.c **** * Summary:
 320:Generated_Source\PSoC5/mid_right.c **** *   Gets the state (enabled, disabled) of the Interrupt.
 321:Generated_Source\PSoC5/mid_right.c **** *
 322:Generated_Source\PSoC5/mid_right.c **** * Parameters:
 323:Generated_Source\PSoC5/mid_right.c **** *   None
 324:Generated_Source\PSoC5/mid_right.c **** *
 325:Generated_Source\PSoC5/mid_right.c **** * Return:
 326:Generated_Source\PSoC5/mid_right.c **** *   1 if enabled, 0 if disabled.
 327:Generated_Source\PSoC5/mid_right.c **** *
 328:Generated_Source\PSoC5/mid_right.c **** *******************************************************************************/
 329:Generated_Source\PSoC5/mid_right.c **** uint8 mid_right_GetState(void)
 330:Generated_Source\PSoC5/mid_right.c **** {
 402              		.loc 1 330 0
 403              		.cfi_startproc
 404              		@ args = 0, pretend = 0, frame = 0
 405              		@ frame_needed = 1, uses_anonymous_args = 0
 406              		@ link register save eliminated.
 407 0000 80B4     		push	{r7}
 408              		.cfi_def_cfa_offset 4
 409              		.cfi_offset 7, -4
 410 0002 00AF     		add	r7, sp, #0
 411              		.cfi_def_cfa_register 7
ARM GAS  C:\Users\dpat391\AppData\Local\Temp\ccUsjUrg.s 			page 14


 331:Generated_Source\PSoC5/mid_right.c ****     /* Get the state of the general interrupt. */
 332:Generated_Source\PSoC5/mid_right.c ****     return ((*mid_right_INTC_SET_EN & (uint32)mid_right__INTC_MASK) != 0u) ? 1u:0u;
 412              		.loc 1 332 0
 413 0004 064B     		ldr	r3, .L32
 414 0006 1B68     		ldr	r3, [r3]
 415 0008 03F48063 		and	r3, r3, #1024
 416 000c 002B     		cmp	r3, #0
 417 000e 01D0     		beq	.L29
 418              		.loc 1 332 0 is_stmt 0 discriminator 1
 419 0010 0123     		movs	r3, #1
 420 0012 00E0     		b	.L30
 421              	.L29:
 422              		.loc 1 332 0 discriminator 2
 423 0014 0023     		movs	r3, #0
 424              	.L30:
 333:Generated_Source\PSoC5/mid_right.c **** }
 425              		.loc 1 333 0 is_stmt 1 discriminator 4
 426 0016 1846     		mov	r0, r3
 427 0018 BD46     		mov	sp, r7
 428              		.cfi_def_cfa_register 13
 429              		@ sp needed
 430 001a 80BC     		pop	{r7}
 431              		.cfi_restore 7
 432              		.cfi_def_cfa_offset 0
 433 001c 7047     		bx	lr
 434              	.L33:
 435 001e 00BF     		.align	2
 436              	.L32:
 437 0020 00E100E0 		.word	-536813312
 438              		.cfi_endproc
 439              	.LFE72:
 440              		.size	mid_right_GetState, .-mid_right_GetState
 441              		.section	.text.mid_right_Disable,"ax",%progbits
 442              		.align	2
 443              		.global	mid_right_Disable
 444              		.thumb
 445              		.thumb_func
 446              		.type	mid_right_Disable, %function
 447              	mid_right_Disable:
 448              	.LFB73:
 334:Generated_Source\PSoC5/mid_right.c **** 
 335:Generated_Source\PSoC5/mid_right.c **** 
 336:Generated_Source\PSoC5/mid_right.c **** /*******************************************************************************
 337:Generated_Source\PSoC5/mid_right.c **** * Function Name: mid_right_Disable
 338:Generated_Source\PSoC5/mid_right.c **** ********************************************************************************
 339:Generated_Source\PSoC5/mid_right.c **** *
 340:Generated_Source\PSoC5/mid_right.c **** * Summary:
 341:Generated_Source\PSoC5/mid_right.c **** *   Disables the Interrupt in the interrupt controller.
 342:Generated_Source\PSoC5/mid_right.c **** *
 343:Generated_Source\PSoC5/mid_right.c **** * Parameters:
 344:Generated_Source\PSoC5/mid_right.c **** *   None
 345:Generated_Source\PSoC5/mid_right.c **** *
 346:Generated_Source\PSoC5/mid_right.c **** * Return:
 347:Generated_Source\PSoC5/mid_right.c **** *   None
 348:Generated_Source\PSoC5/mid_right.c **** *
 349:Generated_Source\PSoC5/mid_right.c **** *******************************************************************************/
 350:Generated_Source\PSoC5/mid_right.c **** void mid_right_Disable(void)
ARM GAS  C:\Users\dpat391\AppData\Local\Temp\ccUsjUrg.s 			page 15


 351:Generated_Source\PSoC5/mid_right.c **** {
 449              		.loc 1 351 0
 450              		.cfi_startproc
 451              		@ args = 0, pretend = 0, frame = 0
 452              		@ frame_needed = 1, uses_anonymous_args = 0
 453              		@ link register save eliminated.
 454 0000 80B4     		push	{r7}
 455              		.cfi_def_cfa_offset 4
 456              		.cfi_offset 7, -4
 457 0002 00AF     		add	r7, sp, #0
 458              		.cfi_def_cfa_register 7
 352:Generated_Source\PSoC5/mid_right.c ****     /* Disable the general interrupt. */
 353:Generated_Source\PSoC5/mid_right.c ****     *mid_right_INTC_CLR_EN = mid_right__INTC_MASK;
 459              		.loc 1 353 0
 460 0004 034B     		ldr	r3, .L35
 461 0006 4FF48062 		mov	r2, #1024
 462 000a 1A60     		str	r2, [r3]
 354:Generated_Source\PSoC5/mid_right.c **** }
 463              		.loc 1 354 0
 464 000c 00BF     		nop
 465 000e BD46     		mov	sp, r7
 466              		.cfi_def_cfa_register 13
 467              		@ sp needed
 468 0010 80BC     		pop	{r7}
 469              		.cfi_restore 7
 470              		.cfi_def_cfa_offset 0
 471 0012 7047     		bx	lr
 472              	.L36:
 473              		.align	2
 474              	.L35:
 475 0014 80E100E0 		.word	-536813184
 476              		.cfi_endproc
 477              	.LFE73:
 478              		.size	mid_right_Disable, .-mid_right_Disable
 479              		.section	.text.mid_right_SetPending,"ax",%progbits
 480              		.align	2
 481              		.global	mid_right_SetPending
 482              		.thumb
 483              		.thumb_func
 484              		.type	mid_right_SetPending, %function
 485              	mid_right_SetPending:
 486              	.LFB74:
 355:Generated_Source\PSoC5/mid_right.c **** 
 356:Generated_Source\PSoC5/mid_right.c **** 
 357:Generated_Source\PSoC5/mid_right.c **** /*******************************************************************************
 358:Generated_Source\PSoC5/mid_right.c **** * Function Name: mid_right_SetPending
 359:Generated_Source\PSoC5/mid_right.c **** ********************************************************************************
 360:Generated_Source\PSoC5/mid_right.c **** *
 361:Generated_Source\PSoC5/mid_right.c **** * Summary:
 362:Generated_Source\PSoC5/mid_right.c **** *   Causes the Interrupt to enter the pending state, a software method of
 363:Generated_Source\PSoC5/mid_right.c **** *   generating the interrupt.
 364:Generated_Source\PSoC5/mid_right.c **** *
 365:Generated_Source\PSoC5/mid_right.c **** * Parameters:
 366:Generated_Source\PSoC5/mid_right.c **** *   None
 367:Generated_Source\PSoC5/mid_right.c **** *
 368:Generated_Source\PSoC5/mid_right.c **** * Return:
 369:Generated_Source\PSoC5/mid_right.c **** *   None
ARM GAS  C:\Users\dpat391\AppData\Local\Temp\ccUsjUrg.s 			page 16


 370:Generated_Source\PSoC5/mid_right.c **** *
 371:Generated_Source\PSoC5/mid_right.c **** * Side Effects:
 372:Generated_Source\PSoC5/mid_right.c **** *   If interrupts are enabled and the interrupt is set up properly, the ISR is
 373:Generated_Source\PSoC5/mid_right.c **** *   entered (depending on the priority of this interrupt and other pending 
 374:Generated_Source\PSoC5/mid_right.c **** *   interrupts).
 375:Generated_Source\PSoC5/mid_right.c **** *
 376:Generated_Source\PSoC5/mid_right.c **** *******************************************************************************/
 377:Generated_Source\PSoC5/mid_right.c **** void mid_right_SetPending(void)
 378:Generated_Source\PSoC5/mid_right.c **** {
 487              		.loc 1 378 0
 488              		.cfi_startproc
 489              		@ args = 0, pretend = 0, frame = 0
 490              		@ frame_needed = 1, uses_anonymous_args = 0
 491              		@ link register save eliminated.
 492 0000 80B4     		push	{r7}
 493              		.cfi_def_cfa_offset 4
 494              		.cfi_offset 7, -4
 495 0002 00AF     		add	r7, sp, #0
 496              		.cfi_def_cfa_register 7
 379:Generated_Source\PSoC5/mid_right.c ****     *mid_right_INTC_SET_PD = mid_right__INTC_MASK;
 497              		.loc 1 379 0
 498 0004 034B     		ldr	r3, .L38
 499 0006 4FF48062 		mov	r2, #1024
 500 000a 1A60     		str	r2, [r3]
 380:Generated_Source\PSoC5/mid_right.c **** }
 501              		.loc 1 380 0
 502 000c 00BF     		nop
 503 000e BD46     		mov	sp, r7
 504              		.cfi_def_cfa_register 13
 505              		@ sp needed
 506 0010 80BC     		pop	{r7}
 507              		.cfi_restore 7
 508              		.cfi_def_cfa_offset 0
 509 0012 7047     		bx	lr
 510              	.L39:
 511              		.align	2
 512              	.L38:
 513 0014 00E200E0 		.word	-536813056
 514              		.cfi_endproc
 515              	.LFE74:
 516              		.size	mid_right_SetPending, .-mid_right_SetPending
 517              		.section	.text.mid_right_ClearPending,"ax",%progbits
 518              		.align	2
 519              		.global	mid_right_ClearPending
 520              		.thumb
 521              		.thumb_func
 522              		.type	mid_right_ClearPending, %function
 523              	mid_right_ClearPending:
 524              	.LFB75:
 381:Generated_Source\PSoC5/mid_right.c **** 
 382:Generated_Source\PSoC5/mid_right.c **** 
 383:Generated_Source\PSoC5/mid_right.c **** /*******************************************************************************
 384:Generated_Source\PSoC5/mid_right.c **** * Function Name: mid_right_ClearPending
 385:Generated_Source\PSoC5/mid_right.c **** ********************************************************************************
 386:Generated_Source\PSoC5/mid_right.c **** *
 387:Generated_Source\PSoC5/mid_right.c **** * Summary:
 388:Generated_Source\PSoC5/mid_right.c **** *   Clears a pending interrupt in the interrupt controller.
ARM GAS  C:\Users\dpat391\AppData\Local\Temp\ccUsjUrg.s 			page 17


 389:Generated_Source\PSoC5/mid_right.c **** *
 390:Generated_Source\PSoC5/mid_right.c **** *   Note Some interrupt sources are clear-on-read and require the block 
 391:Generated_Source\PSoC5/mid_right.c **** *   interrupt/status register to be read/cleared with the appropriate block API 
 392:Generated_Source\PSoC5/mid_right.c **** *   (GPIO, UART, and so on). Otherwise the ISR will continue to remain in 
 393:Generated_Source\PSoC5/mid_right.c **** *   pending state even though the interrupt itself is cleared using this API.
 394:Generated_Source\PSoC5/mid_right.c **** *
 395:Generated_Source\PSoC5/mid_right.c **** * Parameters:
 396:Generated_Source\PSoC5/mid_right.c **** *   None
 397:Generated_Source\PSoC5/mid_right.c **** *
 398:Generated_Source\PSoC5/mid_right.c **** * Return:
 399:Generated_Source\PSoC5/mid_right.c **** *   None
 400:Generated_Source\PSoC5/mid_right.c **** *
 401:Generated_Source\PSoC5/mid_right.c **** *******************************************************************************/
 402:Generated_Source\PSoC5/mid_right.c **** void mid_right_ClearPending(void)
 403:Generated_Source\PSoC5/mid_right.c **** {
 525              		.loc 1 403 0
 526              		.cfi_startproc
 527              		@ args = 0, pretend = 0, frame = 0
 528              		@ frame_needed = 1, uses_anonymous_args = 0
 529              		@ link register save eliminated.
 530 0000 80B4     		push	{r7}
 531              		.cfi_def_cfa_offset 4
 532              		.cfi_offset 7, -4
 533 0002 00AF     		add	r7, sp, #0
 534              		.cfi_def_cfa_register 7
 404:Generated_Source\PSoC5/mid_right.c ****     *mid_right_INTC_CLR_PD = mid_right__INTC_MASK;
 535              		.loc 1 404 0
 536 0004 034B     		ldr	r3, .L41
 537 0006 4FF48062 		mov	r2, #1024
 538 000a 1A60     		str	r2, [r3]
 405:Generated_Source\PSoC5/mid_right.c **** }
 539              		.loc 1 405 0
 540 000c 00BF     		nop
 541 000e BD46     		mov	sp, r7
 542              		.cfi_def_cfa_register 13
 543              		@ sp needed
 544 0010 80BC     		pop	{r7}
 545              		.cfi_restore 7
 546              		.cfi_def_cfa_offset 0
 547 0012 7047     		bx	lr
 548              	.L42:
 549              		.align	2
 550              	.L41:
 551 0014 80E200E0 		.word	-536812928
 552              		.cfi_endproc
 553              	.LFE75:
 554              		.size	mid_right_ClearPending, .-mid_right_ClearPending
 555              		.text
 556              	.Letext0:
 557              		.file 2 "c:\\program files (x86)\\cypress\\psoc creator\\4.2\\psoc creator\\import\\gnu\\arm\\5.4.
 558              		.file 3 "c:\\program files (x86)\\cypress\\psoc creator\\4.2\\psoc creator\\import\\gnu\\arm\\5.4.
 559              		.file 4 "Generated_Source\\PSoC5/cytypes.h"
 560              		.file 5 "./main.h"
 561              		.file 6 "Generated_Source\\PSoC5/core_cm3.h"
 562              		.section	.debug_info,"",%progbits
 563              	.Ldebug_info0:
 564 0000 E5020000 		.4byte	0x2e5
ARM GAS  C:\Users\dpat391\AppData\Local\Temp\ccUsjUrg.s 			page 18


 565 0004 0400     		.2byte	0x4
 566 0006 00000000 		.4byte	.Ldebug_abbrev0
 567 000a 04       		.byte	0x4
 568 000b 01       		.uleb128 0x1
 569 000c 10000000 		.4byte	.LASF47
 570 0010 0C       		.byte	0xc
 571 0011 F5010000 		.4byte	.LASF48
 572 0015 C6020000 		.4byte	.LASF49
 573 0019 00000000 		.4byte	.Ldebug_ranges0+0
 574 001d 00000000 		.4byte	0
 575 0021 00000000 		.4byte	.Ldebug_line0
 576 0025 02       		.uleb128 0x2
 577 0026 04       		.byte	0x4
 578 0027 05       		.byte	0x5
 579 0028 696E7400 		.ascii	"int\000"
 580 002c 03       		.uleb128 0x3
 581 002d 04       		.byte	0x4
 582 002e 07       		.byte	0x7
 583 002f 2A020000 		.4byte	.LASF0
 584 0033 03       		.uleb128 0x3
 585 0034 08       		.byte	0x8
 586 0035 05       		.byte	0x5
 587 0036 AE020000 		.4byte	.LASF1
 588 003a 03       		.uleb128 0x3
 589 003b 08       		.byte	0x8
 590 003c 04       		.byte	0x4
 591 003d 65030000 		.4byte	.LASF2
 592 0041 03       		.uleb128 0x3
 593 0042 01       		.byte	0x1
 594 0043 06       		.byte	0x6
 595 0044 71030000 		.4byte	.LASF3
 596 0048 04       		.uleb128 0x4
 597 0049 06000000 		.4byte	.LASF7
 598 004d 02       		.byte	0x2
 599 004e 1D       		.byte	0x1d
 600 004f 53000000 		.4byte	0x53
 601 0053 03       		.uleb128 0x3
 602 0054 01       		.byte	0x1
 603 0055 08       		.byte	0x8
 604 0056 27010000 		.4byte	.LASF4
 605 005a 03       		.uleb128 0x3
 606 005b 02       		.byte	0x2
 607 005c 05       		.byte	0x5
 608 005d 2A030000 		.4byte	.LASF5
 609 0061 03       		.uleb128 0x3
 610 0062 02       		.byte	0x2
 611 0063 07       		.byte	0x7
 612 0064 4C010000 		.4byte	.LASF6
 613 0068 04       		.uleb128 0x4
 614 0069 B2000000 		.4byte	.LASF8
 615 006d 02       		.byte	0x2
 616 006e 3F       		.byte	0x3f
 617 006f 73000000 		.4byte	0x73
 618 0073 03       		.uleb128 0x3
 619 0074 04       		.byte	0x4
 620 0075 05       		.byte	0x5
 621 0076 D1000000 		.4byte	.LASF9
ARM GAS  C:\Users\dpat391\AppData\Local\Temp\ccUsjUrg.s 			page 19


 622 007a 03       		.uleb128 0x3
 623 007b 04       		.byte	0x4
 624 007c 07       		.byte	0x7
 625 007d 3A010000 		.4byte	.LASF10
 626 0081 03       		.uleb128 0x3
 627 0082 08       		.byte	0x8
 628 0083 07       		.byte	0x7
 629 0084 3F020000 		.4byte	.LASF11
 630 0088 03       		.uleb128 0x3
 631 0089 04       		.byte	0x4
 632 008a 07       		.byte	0x7
 633 008b A5020000 		.4byte	.LASF12
 634 008f 03       		.uleb128 0x3
 635 0090 01       		.byte	0x1
 636 0091 08       		.byte	0x8
 637 0092 60030000 		.4byte	.LASF13
 638 0096 05       		.uleb128 0x5
 639 0097 04       		.byte	0x4
 640 0098 9C000000 		.4byte	0x9c
 641 009c 06       		.uleb128 0x6
 642 009d 04       		.uleb128 0x4
 643 009e 56020000 		.4byte	.LASF14
 644 00a2 03       		.byte	0x3
 645 00a3 18       		.byte	0x18
 646 00a4 48000000 		.4byte	0x48
 647 00a8 04       		.uleb128 0x4
 648 00a9 08010000 		.4byte	.LASF15
 649 00ad 03       		.byte	0x3
 650 00ae 2C       		.byte	0x2c
 651 00af 68000000 		.4byte	0x68
 652 00b3 07       		.uleb128 0x7
 653 00b4 34030000 		.4byte	.LASF16
 654 00b8 04       		.byte	0x4
 655 00b9 E701     		.2byte	0x1e7
 656 00bb 53000000 		.4byte	0x53
 657 00bf 07       		.uleb128 0x7
 658 00c0 EE010000 		.4byte	.LASF17
 659 00c4 04       		.byte	0x4
 660 00c5 E901     		.2byte	0x1e9
 661 00c7 7A000000 		.4byte	0x7a
 662 00cb 03       		.uleb128 0x3
 663 00cc 04       		.byte	0x4
 664 00cd 04       		.byte	0x4
 665 00ce 21010000 		.4byte	.LASF18
 666 00d2 03       		.uleb128 0x3
 667 00d3 08       		.byte	0x8
 668 00d4 04       		.byte	0x4
 669 00d5 9A010000 		.4byte	.LASF19
 670 00d9 07       		.uleb128 0x7
 671 00da 35010000 		.4byte	.LASF20
 672 00de 04       		.byte	0x4
 673 00df 9102     		.2byte	0x291
 674 00e1 E5000000 		.4byte	0xe5
 675 00e5 08       		.uleb128 0x8
 676 00e6 B3000000 		.4byte	0xb3
 677 00ea 07       		.uleb128 0x7
 678 00eb 00000000 		.4byte	.LASF21
ARM GAS  C:\Users\dpat391\AppData\Local\Temp\ccUsjUrg.s 			page 20


 679 00ef 04       		.byte	0x4
 680 00f0 9302     		.2byte	0x293
 681 00f2 F6000000 		.4byte	0xf6
 682 00f6 08       		.uleb128 0x8
 683 00f7 BF000000 		.4byte	0xbf
 684 00fb 07       		.uleb128 0x7
 685 00fc E1010000 		.4byte	.LASF22
 686 0100 04       		.byte	0x4
 687 0101 A302     		.2byte	0x2a3
 688 0103 96000000 		.4byte	0x96
 689 0107 09       		.uleb128 0x9
 690 0108 BC020000 		.4byte	.LASF50
 691 010c 06       		.byte	0x6
 692 010d 05       		.byte	0x5
 693 010e 12       		.byte	0x12
 694 010f 5C010000 		.4byte	0x15c
 695 0113 0A       		.uleb128 0xa
 696 0114 7D030000 		.4byte	.LASF23
 697 0118 05       		.byte	0x5
 698 0119 13       		.byte	0x13
 699 011a 9D000000 		.4byte	0x9d
 700 011e 00       		.byte	0
 701 011f 0A       		.uleb128 0xa
 702 0120 10010000 		.4byte	.LASF24
 703 0124 05       		.byte	0x5
 704 0125 14       		.byte	0x14
 705 0126 9D000000 		.4byte	0x9d
 706 012a 01       		.byte	0x1
 707 012b 0A       		.uleb128 0xa
 708 012c 1C030000 		.4byte	.LASF25
 709 0130 05       		.byte	0x5
 710 0131 15       		.byte	0x15
 711 0132 9D000000 		.4byte	0x9d
 712 0136 02       		.byte	0x2
 713 0137 0A       		.uleb128 0xa
 714 0138 EA000000 		.4byte	.LASF26
 715 013c 05       		.byte	0x5
 716 013d 16       		.byte	0x16
 717 013e 9D000000 		.4byte	0x9d
 718 0142 03       		.byte	0x3
 719 0143 0A       		.uleb128 0xa
 720 0144 DA000000 		.4byte	.LASF27
 721 0148 05       		.byte	0x5
 722 0149 17       		.byte	0x17
 723 014a 9D000000 		.4byte	0x9d
 724 014e 04       		.byte	0x4
 725 014f 0A       		.uleb128 0xa
 726 0150 B5010000 		.4byte	.LASF28
 727 0154 05       		.byte	0x5
 728 0155 18       		.byte	0x18
 729 0156 9D000000 		.4byte	0x9d
 730 015a 05       		.byte	0x5
 731 015b 00       		.byte	0
 732 015c 04       		.uleb128 0x4
 733 015d 75020000 		.4byte	.LASF29
 734 0161 05       		.byte	0x5
 735 0162 1A       		.byte	0x1a
ARM GAS  C:\Users\dpat391\AppData\Local\Temp\ccUsjUrg.s 			page 21


 736 0163 07010000 		.4byte	0x107
 737 0167 0B       		.uleb128 0xb
 738 0168 50030000 		.4byte	.LASF30
 739 016c 01       		.byte	0x1
 740 016d 3D       		.byte	0x3d
 741 016e 00000000 		.4byte	.LFB63
 742 0172 20000000 		.4byte	.LFE63-.LFB63
 743 0176 01       		.uleb128 0x1
 744 0177 9C       		.byte	0x9c
 745 0178 0C       		.uleb128 0xc
 746 0179 5F010000 		.4byte	.LASF33
 747 017d 01       		.byte	0x1
 748 017e 68       		.byte	0x68
 749 017f 00000000 		.4byte	.LFB64
 750 0183 24000000 		.4byte	.LFE64-.LFB64
 751 0187 01       		.uleb128 0x1
 752 0188 9C       		.byte	0x9c
 753 0189 9C010000 		.4byte	0x19c
 754 018d 0D       		.uleb128 0xd
 755 018e 37020000 		.4byte	.LASF35
 756 0192 01       		.byte	0x1
 757 0193 68       		.byte	0x68
 758 0194 FB000000 		.4byte	0xfb
 759 0198 02       		.uleb128 0x2
 760 0199 91       		.byte	0x91
 761 019a 74       		.sleb128 -12
 762 019b 00       		.byte	0
 763 019c 0B       		.uleb128 0xb
 764 019d F9000000 		.4byte	.LASF31
 765 01a1 01       		.byte	0x1
 766 01a2 86       		.byte	0x86
 767 01a3 00000000 		.4byte	.LFB65
 768 01a7 18000000 		.4byte	.LFE65-.LFB65
 769 01ab 01       		.uleb128 0x1
 770 01ac 9C       		.byte	0x9c
 771 01ad 0E       		.uleb128 0xe
 772 01ae C4010000 		.4byte	.LASF32
 773 01b2 01       		.byte	0x1
 774 01b3 A0       		.byte	0xa0
 775 01b4 00000000 		.4byte	.LFB66
 776 01b8 18000000 		.4byte	.LFE66-.LFB66
 777 01bc 01       		.uleb128 0x1
 778 01bd 9C       		.byte	0x9c
 779 01be 0F       		.uleb128 0xf
 780 01bf 9E000000 		.4byte	.LASF34
 781 01c3 01       		.byte	0x1
 782 01c4 C9       		.byte	0xc9
 783 01c5 00000000 		.4byte	.LFB67
 784 01c9 24000000 		.4byte	.LFE67-.LFB67
 785 01cd 01       		.uleb128 0x1
 786 01ce 9C       		.byte	0x9c
 787 01cf F0010000 		.4byte	0x1f0
 788 01d3 0D       		.uleb128 0xd
 789 01d4 37020000 		.4byte	.LASF35
 790 01d8 01       		.byte	0x1
 791 01d9 C9       		.byte	0xc9
 792 01da FB000000 		.4byte	0xfb
ARM GAS  C:\Users\dpat391\AppData\Local\Temp\ccUsjUrg.s 			page 22


 793 01de 02       		.uleb128 0x2
 794 01df 91       		.byte	0x91
 795 01e0 6C       		.sleb128 -20
 796 01e1 10       		.uleb128 0x10
 797 01e2 0D030000 		.4byte	.LASF36
 798 01e6 01       		.byte	0x1
 799 01e7 CB       		.byte	0xcb
 800 01e8 F0010000 		.4byte	0x1f0
 801 01ec 02       		.uleb128 0x2
 802 01ed 91       		.byte	0x91
 803 01ee 74       		.sleb128 -12
 804 01ef 00       		.byte	0
 805 01f0 05       		.uleb128 0x5
 806 01f1 04       		.byte	0x4
 807 01f2 FB000000 		.4byte	0xfb
 808 01f6 11       		.uleb128 0x11
 809 01f7 A1010000 		.4byte	.LASF39
 810 01fb 01       		.byte	0x1
 811 01fc E1       		.byte	0xe1
 812 01fd FB000000 		.4byte	0xfb
 813 0201 00000000 		.4byte	.LFB68
 814 0205 20000000 		.4byte	.LFE68-.LFB68
 815 0209 01       		.uleb128 0x1
 816 020a 9C       		.byte	0x9c
 817 020b 1E020000 		.4byte	0x21e
 818 020f 10       		.uleb128 0x10
 819 0210 0D030000 		.4byte	.LASF36
 820 0214 01       		.byte	0x1
 821 0215 E3       		.byte	0xe3
 822 0216 F0010000 		.4byte	0x1f0
 823 021a 02       		.uleb128 0x2
 824 021b 91       		.byte	0x91
 825 021c 74       		.sleb128 -12
 826 021d 00       		.byte	0
 827 021e 12       		.uleb128 0x12
 828 021f 84010000 		.4byte	.LASF37
 829 0223 01       		.byte	0x1
 830 0224 0301     		.2byte	0x103
 831 0226 00000000 		.4byte	.LFB69
 832 022a 24000000 		.4byte	.LFE69-.LFB69
 833 022e 01       		.uleb128 0x1
 834 022f 9C       		.byte	0x9c
 835 0230 44020000 		.4byte	0x244
 836 0234 13       		.uleb128 0x13
 837 0235 D8010000 		.4byte	.LASF38
 838 0239 01       		.byte	0x1
 839 023a 0301     		.2byte	0x103
 840 023c B3000000 		.4byte	0xb3
 841 0240 02       		.uleb128 0x2
 842 0241 91       		.byte	0x91
 843 0242 77       		.sleb128 -9
 844 0243 00       		.byte	0
 845 0244 14       		.uleb128 0x14
 846 0245 3A030000 		.4byte	.LASF40
 847 0249 01       		.byte	0x1
 848 024a 1901     		.2byte	0x119
 849 024c B3000000 		.4byte	0xb3
ARM GAS  C:\Users\dpat391\AppData\Local\Temp\ccUsjUrg.s 			page 23


 850 0250 00000000 		.4byte	.LFB70
 851 0254 20000000 		.4byte	.LFE70-.LFB70
 852 0258 01       		.uleb128 0x1
 853 0259 9C       		.byte	0x9c
 854 025a 6E020000 		.4byte	0x26e
 855 025e 15       		.uleb128 0x15
 856 025f D8010000 		.4byte	.LASF38
 857 0263 01       		.byte	0x1
 858 0264 1B01     		.2byte	0x11b
 859 0266 B3000000 		.4byte	0xb3
 860 026a 02       		.uleb128 0x2
 861 026b 91       		.byte	0x91
 862 026c 77       		.sleb128 -9
 863 026d 00       		.byte	0
 864 026e 16       		.uleb128 0x16
 865 026f 94020000 		.4byte	.LASF41
 866 0273 01       		.byte	0x1
 867 0274 3401     		.2byte	0x134
 868 0276 00000000 		.4byte	.LFB71
 869 027a 18000000 		.4byte	.LFE71-.LFB71
 870 027e 01       		.uleb128 0x1
 871 027f 9C       		.byte	0x9c
 872 0280 17       		.uleb128 0x17
 873 0281 71010000 		.4byte	.LASF51
 874 0285 01       		.byte	0x1
 875 0286 4901     		.2byte	0x149
 876 0288 B3000000 		.4byte	0xb3
 877 028c 00000000 		.4byte	.LFB72
 878 0290 24000000 		.4byte	.LFE72-.LFB72
 879 0294 01       		.uleb128 0x1
 880 0295 9C       		.byte	0x9c
 881 0296 16       		.uleb128 0x16
 882 0297 18020000 		.4byte	.LASF42
 883 029b 01       		.byte	0x1
 884 029c 5E01     		.2byte	0x15e
 885 029e 00000000 		.4byte	.LFB73
 886 02a2 18000000 		.4byte	.LFE73-.LFB73
 887 02a6 01       		.uleb128 0x1
 888 02a7 9C       		.byte	0x9c
 889 02a8 16       		.uleb128 0x16
 890 02a9 BC000000 		.4byte	.LASF43
 891 02ad 01       		.byte	0x1
 892 02ae 7901     		.2byte	0x179
 893 02b0 00000000 		.4byte	.LFB74
 894 02b4 18000000 		.4byte	.LFE74-.LFB74
 895 02b8 01       		.uleb128 0x1
 896 02b9 9C       		.byte	0x9c
 897 02ba 16       		.uleb128 0x16
 898 02bb 5E020000 		.4byte	.LASF44
 899 02bf 01       		.byte	0x1
 900 02c0 9201     		.2byte	0x192
 901 02c2 00000000 		.4byte	.LFB75
 902 02c6 18000000 		.4byte	.LFE75-.LFB75
 903 02ca 01       		.uleb128 0x1
 904 02cb 9C       		.byte	0x9c
 905 02cc 18       		.uleb128 0x18
 906 02cd 87020000 		.4byte	.LASF45
ARM GAS  C:\Users\dpat391\AppData\Local\Temp\ccUsjUrg.s 			page 24


 907 02d1 06       		.byte	0x6
 908 02d2 1207     		.2byte	0x712
 909 02d4 D8020000 		.4byte	0x2d8
 910 02d8 08       		.uleb128 0x8
 911 02d9 A8000000 		.4byte	0xa8
 912 02dd 19       		.uleb128 0x19
 913 02de 81020000 		.4byte	.LASF46
 914 02e2 05       		.byte	0x5
 915 02e3 1B       		.byte	0x1b
 916 02e4 5C010000 		.4byte	0x15c
 917 02e8 00       		.byte	0
 918              		.section	.debug_abbrev,"",%progbits
 919              	.Ldebug_abbrev0:
 920 0000 01       		.uleb128 0x1
 921 0001 11       		.uleb128 0x11
 922 0002 01       		.byte	0x1
 923 0003 25       		.uleb128 0x25
 924 0004 0E       		.uleb128 0xe
 925 0005 13       		.uleb128 0x13
 926 0006 0B       		.uleb128 0xb
 927 0007 03       		.uleb128 0x3
 928 0008 0E       		.uleb128 0xe
 929 0009 1B       		.uleb128 0x1b
 930 000a 0E       		.uleb128 0xe
 931 000b 55       		.uleb128 0x55
 932 000c 17       		.uleb128 0x17
 933 000d 11       		.uleb128 0x11
 934 000e 01       		.uleb128 0x1
 935 000f 10       		.uleb128 0x10
 936 0010 17       		.uleb128 0x17
 937 0011 00       		.byte	0
 938 0012 00       		.byte	0
 939 0013 02       		.uleb128 0x2
 940 0014 24       		.uleb128 0x24
 941 0015 00       		.byte	0
 942 0016 0B       		.uleb128 0xb
 943 0017 0B       		.uleb128 0xb
 944 0018 3E       		.uleb128 0x3e
 945 0019 0B       		.uleb128 0xb
 946 001a 03       		.uleb128 0x3
 947 001b 08       		.uleb128 0x8
 948 001c 00       		.byte	0
 949 001d 00       		.byte	0
 950 001e 03       		.uleb128 0x3
 951 001f 24       		.uleb128 0x24
 952 0020 00       		.byte	0
 953 0021 0B       		.uleb128 0xb
 954 0022 0B       		.uleb128 0xb
 955 0023 3E       		.uleb128 0x3e
 956 0024 0B       		.uleb128 0xb
 957 0025 03       		.uleb128 0x3
 958 0026 0E       		.uleb128 0xe
 959 0027 00       		.byte	0
 960 0028 00       		.byte	0
 961 0029 04       		.uleb128 0x4
 962 002a 16       		.uleb128 0x16
 963 002b 00       		.byte	0
ARM GAS  C:\Users\dpat391\AppData\Local\Temp\ccUsjUrg.s 			page 25


 964 002c 03       		.uleb128 0x3
 965 002d 0E       		.uleb128 0xe
 966 002e 3A       		.uleb128 0x3a
 967 002f 0B       		.uleb128 0xb
 968 0030 3B       		.uleb128 0x3b
 969 0031 0B       		.uleb128 0xb
 970 0032 49       		.uleb128 0x49
 971 0033 13       		.uleb128 0x13
 972 0034 00       		.byte	0
 973 0035 00       		.byte	0
 974 0036 05       		.uleb128 0x5
 975 0037 0F       		.uleb128 0xf
 976 0038 00       		.byte	0
 977 0039 0B       		.uleb128 0xb
 978 003a 0B       		.uleb128 0xb
 979 003b 49       		.uleb128 0x49
 980 003c 13       		.uleb128 0x13
 981 003d 00       		.byte	0
 982 003e 00       		.byte	0
 983 003f 06       		.uleb128 0x6
 984 0040 15       		.uleb128 0x15
 985 0041 00       		.byte	0
 986 0042 27       		.uleb128 0x27
 987 0043 19       		.uleb128 0x19
 988 0044 00       		.byte	0
 989 0045 00       		.byte	0
 990 0046 07       		.uleb128 0x7
 991 0047 16       		.uleb128 0x16
 992 0048 00       		.byte	0
 993 0049 03       		.uleb128 0x3
 994 004a 0E       		.uleb128 0xe
 995 004b 3A       		.uleb128 0x3a
 996 004c 0B       		.uleb128 0xb
 997 004d 3B       		.uleb128 0x3b
 998 004e 05       		.uleb128 0x5
 999 004f 49       		.uleb128 0x49
 1000 0050 13       		.uleb128 0x13
 1001 0051 00       		.byte	0
 1002 0052 00       		.byte	0
 1003 0053 08       		.uleb128 0x8
 1004 0054 35       		.uleb128 0x35
 1005 0055 00       		.byte	0
 1006 0056 49       		.uleb128 0x49
 1007 0057 13       		.uleb128 0x13
 1008 0058 00       		.byte	0
 1009 0059 00       		.byte	0
 1010 005a 09       		.uleb128 0x9
 1011 005b 13       		.uleb128 0x13
 1012 005c 01       		.byte	0x1
 1013 005d 03       		.uleb128 0x3
 1014 005e 0E       		.uleb128 0xe
 1015 005f 0B       		.uleb128 0xb
 1016 0060 0B       		.uleb128 0xb
 1017 0061 3A       		.uleb128 0x3a
 1018 0062 0B       		.uleb128 0xb
 1019 0063 3B       		.uleb128 0x3b
 1020 0064 0B       		.uleb128 0xb
ARM GAS  C:\Users\dpat391\AppData\Local\Temp\ccUsjUrg.s 			page 26


 1021 0065 01       		.uleb128 0x1
 1022 0066 13       		.uleb128 0x13
 1023 0067 00       		.byte	0
 1024 0068 00       		.byte	0
 1025 0069 0A       		.uleb128 0xa
 1026 006a 0D       		.uleb128 0xd
 1027 006b 00       		.byte	0
 1028 006c 03       		.uleb128 0x3
 1029 006d 0E       		.uleb128 0xe
 1030 006e 3A       		.uleb128 0x3a
 1031 006f 0B       		.uleb128 0xb
 1032 0070 3B       		.uleb128 0x3b
 1033 0071 0B       		.uleb128 0xb
 1034 0072 49       		.uleb128 0x49
 1035 0073 13       		.uleb128 0x13
 1036 0074 38       		.uleb128 0x38
 1037 0075 0B       		.uleb128 0xb
 1038 0076 00       		.byte	0
 1039 0077 00       		.byte	0
 1040 0078 0B       		.uleb128 0xb
 1041 0079 2E       		.uleb128 0x2e
 1042 007a 00       		.byte	0
 1043 007b 3F       		.uleb128 0x3f
 1044 007c 19       		.uleb128 0x19
 1045 007d 03       		.uleb128 0x3
 1046 007e 0E       		.uleb128 0xe
 1047 007f 3A       		.uleb128 0x3a
 1048 0080 0B       		.uleb128 0xb
 1049 0081 3B       		.uleb128 0x3b
 1050 0082 0B       		.uleb128 0xb
 1051 0083 27       		.uleb128 0x27
 1052 0084 19       		.uleb128 0x19
 1053 0085 11       		.uleb128 0x11
 1054 0086 01       		.uleb128 0x1
 1055 0087 12       		.uleb128 0x12
 1056 0088 06       		.uleb128 0x6
 1057 0089 40       		.uleb128 0x40
 1058 008a 18       		.uleb128 0x18
 1059 008b 9642     		.uleb128 0x2116
 1060 008d 19       		.uleb128 0x19
 1061 008e 00       		.byte	0
 1062 008f 00       		.byte	0
 1063 0090 0C       		.uleb128 0xc
 1064 0091 2E       		.uleb128 0x2e
 1065 0092 01       		.byte	0x1
 1066 0093 3F       		.uleb128 0x3f
 1067 0094 19       		.uleb128 0x19
 1068 0095 03       		.uleb128 0x3
 1069 0096 0E       		.uleb128 0xe
 1070 0097 3A       		.uleb128 0x3a
 1071 0098 0B       		.uleb128 0xb
 1072 0099 3B       		.uleb128 0x3b
 1073 009a 0B       		.uleb128 0xb
 1074 009b 27       		.uleb128 0x27
 1075 009c 19       		.uleb128 0x19
 1076 009d 11       		.uleb128 0x11
 1077 009e 01       		.uleb128 0x1
ARM GAS  C:\Users\dpat391\AppData\Local\Temp\ccUsjUrg.s 			page 27


 1078 009f 12       		.uleb128 0x12
 1079 00a0 06       		.uleb128 0x6
 1080 00a1 40       		.uleb128 0x40
 1081 00a2 18       		.uleb128 0x18
 1082 00a3 9642     		.uleb128 0x2116
 1083 00a5 19       		.uleb128 0x19
 1084 00a6 01       		.uleb128 0x1
 1085 00a7 13       		.uleb128 0x13
 1086 00a8 00       		.byte	0
 1087 00a9 00       		.byte	0
 1088 00aa 0D       		.uleb128 0xd
 1089 00ab 05       		.uleb128 0x5
 1090 00ac 00       		.byte	0
 1091 00ad 03       		.uleb128 0x3
 1092 00ae 0E       		.uleb128 0xe
 1093 00af 3A       		.uleb128 0x3a
 1094 00b0 0B       		.uleb128 0xb
 1095 00b1 3B       		.uleb128 0x3b
 1096 00b2 0B       		.uleb128 0xb
 1097 00b3 49       		.uleb128 0x49
 1098 00b4 13       		.uleb128 0x13
 1099 00b5 02       		.uleb128 0x2
 1100 00b6 18       		.uleb128 0x18
 1101 00b7 00       		.byte	0
 1102 00b8 00       		.byte	0
 1103 00b9 0E       		.uleb128 0xe
 1104 00ba 2E       		.uleb128 0x2e
 1105 00bb 00       		.byte	0
 1106 00bc 3F       		.uleb128 0x3f
 1107 00bd 19       		.uleb128 0x19
 1108 00be 03       		.uleb128 0x3
 1109 00bf 0E       		.uleb128 0xe
 1110 00c0 3A       		.uleb128 0x3a
 1111 00c1 0B       		.uleb128 0xb
 1112 00c2 3B       		.uleb128 0x3b
 1113 00c3 0B       		.uleb128 0xb
 1114 00c4 27       		.uleb128 0x27
 1115 00c5 19       		.uleb128 0x19
 1116 00c6 11       		.uleb128 0x11
 1117 00c7 01       		.uleb128 0x1
 1118 00c8 12       		.uleb128 0x12
 1119 00c9 06       		.uleb128 0x6
 1120 00ca 40       		.uleb128 0x40
 1121 00cb 18       		.uleb128 0x18
 1122 00cc 9742     		.uleb128 0x2117
 1123 00ce 19       		.uleb128 0x19
 1124 00cf 00       		.byte	0
 1125 00d0 00       		.byte	0
 1126 00d1 0F       		.uleb128 0xf
 1127 00d2 2E       		.uleb128 0x2e
 1128 00d3 01       		.byte	0x1
 1129 00d4 3F       		.uleb128 0x3f
 1130 00d5 19       		.uleb128 0x19
 1131 00d6 03       		.uleb128 0x3
 1132 00d7 0E       		.uleb128 0xe
 1133 00d8 3A       		.uleb128 0x3a
 1134 00d9 0B       		.uleb128 0xb
ARM GAS  C:\Users\dpat391\AppData\Local\Temp\ccUsjUrg.s 			page 28


 1135 00da 3B       		.uleb128 0x3b
 1136 00db 0B       		.uleb128 0xb
 1137 00dc 27       		.uleb128 0x27
 1138 00dd 19       		.uleb128 0x19
 1139 00de 11       		.uleb128 0x11
 1140 00df 01       		.uleb128 0x1
 1141 00e0 12       		.uleb128 0x12
 1142 00e1 06       		.uleb128 0x6
 1143 00e2 40       		.uleb128 0x40
 1144 00e3 18       		.uleb128 0x18
 1145 00e4 9742     		.uleb128 0x2117
 1146 00e6 19       		.uleb128 0x19
 1147 00e7 01       		.uleb128 0x1
 1148 00e8 13       		.uleb128 0x13
 1149 00e9 00       		.byte	0
 1150 00ea 00       		.byte	0
 1151 00eb 10       		.uleb128 0x10
 1152 00ec 34       		.uleb128 0x34
 1153 00ed 00       		.byte	0
 1154 00ee 03       		.uleb128 0x3
 1155 00ef 0E       		.uleb128 0xe
 1156 00f0 3A       		.uleb128 0x3a
 1157 00f1 0B       		.uleb128 0xb
 1158 00f2 3B       		.uleb128 0x3b
 1159 00f3 0B       		.uleb128 0xb
 1160 00f4 49       		.uleb128 0x49
 1161 00f5 13       		.uleb128 0x13
 1162 00f6 02       		.uleb128 0x2
 1163 00f7 18       		.uleb128 0x18
 1164 00f8 00       		.byte	0
 1165 00f9 00       		.byte	0
 1166 00fa 11       		.uleb128 0x11
 1167 00fb 2E       		.uleb128 0x2e
 1168 00fc 01       		.byte	0x1
 1169 00fd 3F       		.uleb128 0x3f
 1170 00fe 19       		.uleb128 0x19
 1171 00ff 03       		.uleb128 0x3
 1172 0100 0E       		.uleb128 0xe
 1173 0101 3A       		.uleb128 0x3a
 1174 0102 0B       		.uleb128 0xb
 1175 0103 3B       		.uleb128 0x3b
 1176 0104 0B       		.uleb128 0xb
 1177 0105 27       		.uleb128 0x27
 1178 0106 19       		.uleb128 0x19
 1179 0107 49       		.uleb128 0x49
 1180 0108 13       		.uleb128 0x13
 1181 0109 11       		.uleb128 0x11
 1182 010a 01       		.uleb128 0x1
 1183 010b 12       		.uleb128 0x12
 1184 010c 06       		.uleb128 0x6
 1185 010d 40       		.uleb128 0x40
 1186 010e 18       		.uleb128 0x18
 1187 010f 9742     		.uleb128 0x2117
 1188 0111 19       		.uleb128 0x19
 1189 0112 01       		.uleb128 0x1
 1190 0113 13       		.uleb128 0x13
 1191 0114 00       		.byte	0
ARM GAS  C:\Users\dpat391\AppData\Local\Temp\ccUsjUrg.s 			page 29


 1192 0115 00       		.byte	0
 1193 0116 12       		.uleb128 0x12
 1194 0117 2E       		.uleb128 0x2e
 1195 0118 01       		.byte	0x1
 1196 0119 3F       		.uleb128 0x3f
 1197 011a 19       		.uleb128 0x19
 1198 011b 03       		.uleb128 0x3
 1199 011c 0E       		.uleb128 0xe
 1200 011d 3A       		.uleb128 0x3a
 1201 011e 0B       		.uleb128 0xb
 1202 011f 3B       		.uleb128 0x3b
 1203 0120 05       		.uleb128 0x5
 1204 0121 27       		.uleb128 0x27
 1205 0122 19       		.uleb128 0x19
 1206 0123 11       		.uleb128 0x11
 1207 0124 01       		.uleb128 0x1
 1208 0125 12       		.uleb128 0x12
 1209 0126 06       		.uleb128 0x6
 1210 0127 40       		.uleb128 0x40
 1211 0128 18       		.uleb128 0x18
 1212 0129 9742     		.uleb128 0x2117
 1213 012b 19       		.uleb128 0x19
 1214 012c 01       		.uleb128 0x1
 1215 012d 13       		.uleb128 0x13
 1216 012e 00       		.byte	0
 1217 012f 00       		.byte	0
 1218 0130 13       		.uleb128 0x13
 1219 0131 05       		.uleb128 0x5
 1220 0132 00       		.byte	0
 1221 0133 03       		.uleb128 0x3
 1222 0134 0E       		.uleb128 0xe
 1223 0135 3A       		.uleb128 0x3a
 1224 0136 0B       		.uleb128 0xb
 1225 0137 3B       		.uleb128 0x3b
 1226 0138 05       		.uleb128 0x5
 1227 0139 49       		.uleb128 0x49
 1228 013a 13       		.uleb128 0x13
 1229 013b 02       		.uleb128 0x2
 1230 013c 18       		.uleb128 0x18
 1231 013d 00       		.byte	0
 1232 013e 00       		.byte	0
 1233 013f 14       		.uleb128 0x14
 1234 0140 2E       		.uleb128 0x2e
 1235 0141 01       		.byte	0x1
 1236 0142 3F       		.uleb128 0x3f
 1237 0143 19       		.uleb128 0x19
 1238 0144 03       		.uleb128 0x3
 1239 0145 0E       		.uleb128 0xe
 1240 0146 3A       		.uleb128 0x3a
 1241 0147 0B       		.uleb128 0xb
 1242 0148 3B       		.uleb128 0x3b
 1243 0149 05       		.uleb128 0x5
 1244 014a 27       		.uleb128 0x27
 1245 014b 19       		.uleb128 0x19
 1246 014c 49       		.uleb128 0x49
 1247 014d 13       		.uleb128 0x13
 1248 014e 11       		.uleb128 0x11
ARM GAS  C:\Users\dpat391\AppData\Local\Temp\ccUsjUrg.s 			page 30


 1249 014f 01       		.uleb128 0x1
 1250 0150 12       		.uleb128 0x12
 1251 0151 06       		.uleb128 0x6
 1252 0152 40       		.uleb128 0x40
 1253 0153 18       		.uleb128 0x18
 1254 0154 9742     		.uleb128 0x2117
 1255 0156 19       		.uleb128 0x19
 1256 0157 01       		.uleb128 0x1
 1257 0158 13       		.uleb128 0x13
 1258 0159 00       		.byte	0
 1259 015a 00       		.byte	0
 1260 015b 15       		.uleb128 0x15
 1261 015c 34       		.uleb128 0x34
 1262 015d 00       		.byte	0
 1263 015e 03       		.uleb128 0x3
 1264 015f 0E       		.uleb128 0xe
 1265 0160 3A       		.uleb128 0x3a
 1266 0161 0B       		.uleb128 0xb
 1267 0162 3B       		.uleb128 0x3b
 1268 0163 05       		.uleb128 0x5
 1269 0164 49       		.uleb128 0x49
 1270 0165 13       		.uleb128 0x13
 1271 0166 02       		.uleb128 0x2
 1272 0167 18       		.uleb128 0x18
 1273 0168 00       		.byte	0
 1274 0169 00       		.byte	0
 1275 016a 16       		.uleb128 0x16
 1276 016b 2E       		.uleb128 0x2e
 1277 016c 00       		.byte	0
 1278 016d 3F       		.uleb128 0x3f
 1279 016e 19       		.uleb128 0x19
 1280 016f 03       		.uleb128 0x3
 1281 0170 0E       		.uleb128 0xe
 1282 0171 3A       		.uleb128 0x3a
 1283 0172 0B       		.uleb128 0xb
 1284 0173 3B       		.uleb128 0x3b
 1285 0174 05       		.uleb128 0x5
 1286 0175 27       		.uleb128 0x27
 1287 0176 19       		.uleb128 0x19
 1288 0177 11       		.uleb128 0x11
 1289 0178 01       		.uleb128 0x1
 1290 0179 12       		.uleb128 0x12
 1291 017a 06       		.uleb128 0x6
 1292 017b 40       		.uleb128 0x40
 1293 017c 18       		.uleb128 0x18
 1294 017d 9742     		.uleb128 0x2117
 1295 017f 19       		.uleb128 0x19
 1296 0180 00       		.byte	0
 1297 0181 00       		.byte	0
 1298 0182 17       		.uleb128 0x17
 1299 0183 2E       		.uleb128 0x2e
 1300 0184 00       		.byte	0
 1301 0185 3F       		.uleb128 0x3f
 1302 0186 19       		.uleb128 0x19
 1303 0187 03       		.uleb128 0x3
 1304 0188 0E       		.uleb128 0xe
 1305 0189 3A       		.uleb128 0x3a
ARM GAS  C:\Users\dpat391\AppData\Local\Temp\ccUsjUrg.s 			page 31


 1306 018a 0B       		.uleb128 0xb
 1307 018b 3B       		.uleb128 0x3b
 1308 018c 05       		.uleb128 0x5
 1309 018d 27       		.uleb128 0x27
 1310 018e 19       		.uleb128 0x19
 1311 018f 49       		.uleb128 0x49
 1312 0190 13       		.uleb128 0x13
 1313 0191 11       		.uleb128 0x11
 1314 0192 01       		.uleb128 0x1
 1315 0193 12       		.uleb128 0x12
 1316 0194 06       		.uleb128 0x6
 1317 0195 40       		.uleb128 0x40
 1318 0196 18       		.uleb128 0x18
 1319 0197 9742     		.uleb128 0x2117
 1320 0199 19       		.uleb128 0x19
 1321 019a 00       		.byte	0
 1322 019b 00       		.byte	0
 1323 019c 18       		.uleb128 0x18
 1324 019d 34       		.uleb128 0x34
 1325 019e 00       		.byte	0
 1326 019f 03       		.uleb128 0x3
 1327 01a0 0E       		.uleb128 0xe
 1328 01a1 3A       		.uleb128 0x3a
 1329 01a2 0B       		.uleb128 0xb
 1330 01a3 3B       		.uleb128 0x3b
 1331 01a4 05       		.uleb128 0x5
 1332 01a5 49       		.uleb128 0x49
 1333 01a6 13       		.uleb128 0x13
 1334 01a7 3F       		.uleb128 0x3f
 1335 01a8 19       		.uleb128 0x19
 1336 01a9 3C       		.uleb128 0x3c
 1337 01aa 19       		.uleb128 0x19
 1338 01ab 00       		.byte	0
 1339 01ac 00       		.byte	0
 1340 01ad 19       		.uleb128 0x19
 1341 01ae 34       		.uleb128 0x34
 1342 01af 00       		.byte	0
 1343 01b0 03       		.uleb128 0x3
 1344 01b1 0E       		.uleb128 0xe
 1345 01b2 3A       		.uleb128 0x3a
 1346 01b3 0B       		.uleb128 0xb
 1347 01b4 3B       		.uleb128 0x3b
 1348 01b5 0B       		.uleb128 0xb
 1349 01b6 49       		.uleb128 0x49
 1350 01b7 13       		.uleb128 0x13
 1351 01b8 3F       		.uleb128 0x3f
 1352 01b9 19       		.uleb128 0x19
 1353 01ba 3C       		.uleb128 0x3c
 1354 01bb 19       		.uleb128 0x19
 1355 01bc 00       		.byte	0
 1356 01bd 00       		.byte	0
 1357 01be 00       		.byte	0
 1358              		.section	.debug_aranges,"",%progbits
 1359 0000 7C000000 		.4byte	0x7c
 1360 0004 0200     		.2byte	0x2
 1361 0006 00000000 		.4byte	.Ldebug_info0
 1362 000a 04       		.byte	0x4
ARM GAS  C:\Users\dpat391\AppData\Local\Temp\ccUsjUrg.s 			page 32


 1363 000b 00       		.byte	0
 1364 000c 0000     		.2byte	0
 1365 000e 0000     		.2byte	0
 1366 0010 00000000 		.4byte	.LFB63
 1367 0014 20000000 		.4byte	.LFE63-.LFB63
 1368 0018 00000000 		.4byte	.LFB64
 1369 001c 24000000 		.4byte	.LFE64-.LFB64
 1370 0020 00000000 		.4byte	.LFB65
 1371 0024 18000000 		.4byte	.LFE65-.LFB65
 1372 0028 00000000 		.4byte	.LFB66
 1373 002c 18000000 		.4byte	.LFE66-.LFB66
 1374 0030 00000000 		.4byte	.LFB67
 1375 0034 24000000 		.4byte	.LFE67-.LFB67
 1376 0038 00000000 		.4byte	.LFB68
 1377 003c 20000000 		.4byte	.LFE68-.LFB68
 1378 0040 00000000 		.4byte	.LFB69
 1379 0044 24000000 		.4byte	.LFE69-.LFB69
 1380 0048 00000000 		.4byte	.LFB70
 1381 004c 20000000 		.4byte	.LFE70-.LFB70
 1382 0050 00000000 		.4byte	.LFB71
 1383 0054 18000000 		.4byte	.LFE71-.LFB71
 1384 0058 00000000 		.4byte	.LFB72
 1385 005c 24000000 		.4byte	.LFE72-.LFB72
 1386 0060 00000000 		.4byte	.LFB73
 1387 0064 18000000 		.4byte	.LFE73-.LFB73
 1388 0068 00000000 		.4byte	.LFB74
 1389 006c 18000000 		.4byte	.LFE74-.LFB74
 1390 0070 00000000 		.4byte	.LFB75
 1391 0074 18000000 		.4byte	.LFE75-.LFB75
 1392 0078 00000000 		.4byte	0
 1393 007c 00000000 		.4byte	0
 1394              		.section	.debug_ranges,"",%progbits
 1395              	.Ldebug_ranges0:
 1396 0000 00000000 		.4byte	.LFB63
 1397 0004 20000000 		.4byte	.LFE63
 1398 0008 00000000 		.4byte	.LFB64
 1399 000c 24000000 		.4byte	.LFE64
 1400 0010 00000000 		.4byte	.LFB65
 1401 0014 18000000 		.4byte	.LFE65
 1402 0018 00000000 		.4byte	.LFB66
 1403 001c 18000000 		.4byte	.LFE66
 1404 0020 00000000 		.4byte	.LFB67
 1405 0024 24000000 		.4byte	.LFE67
 1406 0028 00000000 		.4byte	.LFB68
 1407 002c 20000000 		.4byte	.LFE68
 1408 0030 00000000 		.4byte	.LFB69
 1409 0034 24000000 		.4byte	.LFE69
 1410 0038 00000000 		.4byte	.LFB70
 1411 003c 20000000 		.4byte	.LFE70
 1412 0040 00000000 		.4byte	.LFB71
 1413 0044 18000000 		.4byte	.LFE71
 1414 0048 00000000 		.4byte	.LFB72
 1415 004c 24000000 		.4byte	.LFE72
 1416 0050 00000000 		.4byte	.LFB73
 1417 0054 18000000 		.4byte	.LFE73
 1418 0058 00000000 		.4byte	.LFB74
 1419 005c 18000000 		.4byte	.LFE74
ARM GAS  C:\Users\dpat391\AppData\Local\Temp\ccUsjUrg.s 			page 33


 1420 0060 00000000 		.4byte	.LFB75
 1421 0064 18000000 		.4byte	.LFE75
 1422 0068 00000000 		.4byte	0
 1423 006c 00000000 		.4byte	0
 1424              		.section	.debug_line,"",%progbits
 1425              	.Ldebug_line0:
 1426 0000 66020000 		.section	.debug_str,"MS",%progbits,1
 1426      02005D01 
 1426      00000201 
 1426      FB0E0D00 
 1426      01010101 
 1427              	.LASF21:
 1428 0000 72656733 		.ascii	"reg32\000"
 1428      3200
 1429              	.LASF7:
 1430 0006 5F5F7569 		.ascii	"__uint8_t\000"
 1430      6E74385F 
 1430      7400
 1431              	.LASF47:
 1432 0010 474E5520 		.ascii	"GNU C11 5.4.1 20160609 (release) [ARM/embedded-5-br"
 1432      43313120 
 1432      352E342E 
 1432      31203230 
 1432      31363036 
 1433 0043 616E6368 		.ascii	"anch revision 237715] -mcpu=cortex-m3 -mthumb -g -O"
 1433      20726576 
 1433      6973696F 
 1433      6E203233 
 1433      37373135 
 1434 0076 30202D66 		.ascii	"0 -ffunction-sections -ffat-lto-objects\000"
 1434      66756E63 
 1434      74696F6E 
 1434      2D736563 
 1434      74696F6E 
 1435              	.LASF34:
 1436 009e 6D69645F 		.ascii	"mid_right_SetVector\000"
 1436      72696768 
 1436      745F5365 
 1436      74566563 
 1436      746F7200 
 1437              	.LASF8:
 1438 00b2 5F5F696E 		.ascii	"__int32_t\000"
 1438      7433325F 
 1438      7400
 1439              	.LASF43:
 1440 00bc 6D69645F 		.ascii	"mid_right_SetPending\000"
 1440      72696768 
 1440      745F5365 
 1440      7450656E 
 1440      64696E67 
 1441              	.LASF9:
 1442 00d1 6C6F6E67 		.ascii	"long int\000"
 1442      20696E74 
 1442      00
 1443              	.LASF27:
 1444 00da 72696768 		.ascii	"right_wing_edge\000"
 1444      745F7769 
ARM GAS  C:\Users\dpat391\AppData\Local\Temp\ccUsjUrg.s 			page 34


 1444      6E675F65 
 1444      64676500 
 1445              	.LASF26:
 1446 00ea 6D69645F 		.ascii	"mid_right_edge\000"
 1446      72696768 
 1446      745F6564 
 1446      676500
 1447              	.LASF31:
 1448 00f9 6D69645F 		.ascii	"mid_right_Stop\000"
 1448      72696768 
 1448      745F5374 
 1448      6F7000
 1449              	.LASF15:
 1450 0108 696E7433 		.ascii	"int32_t\000"
 1450      325F7400 
 1451              	.LASF24:
 1452 0110 66726F6E 		.ascii	"front_right_edge\000"
 1452      745F7269 
 1452      6768745F 
 1452      65646765 
 1452      00
 1453              	.LASF18:
 1454 0121 666C6F61 		.ascii	"float\000"
 1454      7400
 1455              	.LASF4:
 1456 0127 756E7369 		.ascii	"unsigned char\000"
 1456      676E6564 
 1456      20636861 
 1456      7200
 1457              	.LASF20:
 1458 0135 72656738 		.ascii	"reg8\000"
 1458      00
 1459              	.LASF10:
 1460 013a 6C6F6E67 		.ascii	"long unsigned int\000"
 1460      20756E73 
 1460      69676E65 
 1460      6420696E 
 1460      7400
 1461              	.LASF6:
 1462 014c 73686F72 		.ascii	"short unsigned int\000"
 1462      7420756E 
 1462      7369676E 
 1462      65642069 
 1462      6E7400
 1463              	.LASF33:
 1464 015f 6D69645F 		.ascii	"mid_right_StartEx\000"
 1464      72696768 
 1464      745F5374 
 1464      61727445 
 1464      7800
 1465              	.LASF51:
 1466 0171 6D69645F 		.ascii	"mid_right_GetState\000"
 1466      72696768 
 1466      745F4765 
 1466      74537461 
 1466      746500
 1467              	.LASF37:
ARM GAS  C:\Users\dpat391\AppData\Local\Temp\ccUsjUrg.s 			page 35


 1468 0184 6D69645F 		.ascii	"mid_right_SetPriority\000"
 1468      72696768 
 1468      745F5365 
 1468      74507269 
 1468      6F726974 
 1469              	.LASF19:
 1470 019a 646F7562 		.ascii	"double\000"
 1470      6C6500
 1471              	.LASF39:
 1472 01a1 6D69645F 		.ascii	"mid_right_GetVector\000"
 1472      72696768 
 1472      745F4765 
 1472      74566563 
 1472      746F7200 
 1473              	.LASF28:
 1474 01b5 6C656674 		.ascii	"left_wing_edge\000"
 1474      5F77696E 
 1474      675F6564 
 1474      676500
 1475              	.LASF32:
 1476 01c4 6D69645F 		.ascii	"mid_right_Interrupt\000"
 1476      72696768 
 1476      745F496E 
 1476      74657272 
 1476      75707400 
 1477              	.LASF38:
 1478 01d8 7072696F 		.ascii	"priority\000"
 1478      72697479 
 1478      00
 1479              	.LASF22:
 1480 01e1 63796973 		.ascii	"cyisraddress\000"
 1480      72616464 
 1480      72657373 
 1480      00
 1481              	.LASF17:
 1482 01ee 75696E74 		.ascii	"uint32\000"
 1482      333200
 1483              	.LASF48:
 1484 01f5 47656E65 		.ascii	"Generated_Source\\PSoC5\\mid_right.c\000"
 1484      72617465 
 1484      645F536F 
 1484      75726365 
 1484      5C50536F 
 1485              	.LASF42:
 1486 0218 6D69645F 		.ascii	"mid_right_Disable\000"
 1486      72696768 
 1486      745F4469 
 1486      7361626C 
 1486      6500
 1487              	.LASF0:
 1488 022a 756E7369 		.ascii	"unsigned int\000"
 1488      676E6564 
 1488      20696E74 
 1488      00
 1489              	.LASF35:
 1490 0237 61646472 		.ascii	"address\000"
 1490      65737300 
ARM GAS  C:\Users\dpat391\AppData\Local\Temp\ccUsjUrg.s 			page 36


 1491              	.LASF11:
 1492 023f 6C6F6E67 		.ascii	"long long unsigned int\000"
 1492      206C6F6E 
 1492      6720756E 
 1492      7369676E 
 1492      65642069 
 1493              	.LASF14:
 1494 0256 75696E74 		.ascii	"uint8_t\000"
 1494      385F7400 
 1495              	.LASF44:
 1496 025e 6D69645F 		.ascii	"mid_right_ClearPending\000"
 1496      72696768 
 1496      745F436C 
 1496      65617250 
 1496      656E6469 
 1497              	.LASF29:
 1498 0275 65646765 		.ascii	"edge_pack_t\000"
 1498      5F706163 
 1498      6B5F7400 
 1499              	.LASF46:
 1500 0281 65646765 		.ascii	"edges\000"
 1500      7300
 1501              	.LASF45:
 1502 0287 49544D5F 		.ascii	"ITM_RxBuffer\000"
 1502      52784275 
 1502      66666572 
 1502      00
 1503              	.LASF41:
 1504 0294 6D69645F 		.ascii	"mid_right_Enable\000"
 1504      72696768 
 1504      745F456E 
 1504      61626C65 
 1504      00
 1505              	.LASF12:
 1506 02a5 73697A65 		.ascii	"sizetype\000"
 1506      74797065 
 1506      00
 1507              	.LASF1:
 1508 02ae 6C6F6E67 		.ascii	"long long int\000"
 1508      206C6F6E 
 1508      6720696E 
 1508      7400
 1509              	.LASF50:
 1510 02bc 65646765 		.ascii	"edge_pack\000"
 1510      5F706163 
 1510      6B00
 1511              	.LASF49:
 1512 02c6 433A5C55 		.ascii	"C:\\Users\\dpat391\\Downloads\\301MotorCar\\psoc fi"
 1512      73657273 
 1512      5C647061 
 1512      74333931 
 1512      5C446F77 
 1513 02f4 726D7761 		.ascii	"rmware\\CS301_Class.cydsn\000"
 1513      72655C43 
 1513      53333031 
 1513      5F436C61 
 1513      73732E63 
ARM GAS  C:\Users\dpat391\AppData\Local\Temp\ccUsjUrg.s 			page 37


 1514              	.LASF36:
 1515 030d 72616D56 		.ascii	"ramVectorTable\000"
 1515      6563746F 
 1515      72546162 
 1515      6C6500
 1516              	.LASF25:
 1517 031c 6D69645F 		.ascii	"mid_left_edge\000"
 1517      6C656674 
 1517      5F656467 
 1517      6500
 1518              	.LASF5:
 1519 032a 73686F72 		.ascii	"short int\000"
 1519      7420696E 
 1519      7400
 1520              	.LASF16:
 1521 0334 75696E74 		.ascii	"uint8\000"
 1521      3800
 1522              	.LASF40:
 1523 033a 6D69645F 		.ascii	"mid_right_GetPriority\000"
 1523      72696768 
 1523      745F4765 
 1523      74507269 
 1523      6F726974 
 1524              	.LASF30:
 1525 0350 6D69645F 		.ascii	"mid_right_Start\000"
 1525      72696768 
 1525      745F5374 
 1525      61727400 
 1526              	.LASF13:
 1527 0360 63686172 		.ascii	"char\000"
 1527      00
 1528              	.LASF2:
 1529 0365 6C6F6E67 		.ascii	"long double\000"
 1529      20646F75 
 1529      626C6500 
 1530              	.LASF3:
 1531 0371 7369676E 		.ascii	"signed char\000"
 1531      65642063 
 1531      68617200 
 1532              	.LASF23:
 1533 037d 66726F6E 		.ascii	"front_left_edge\000"
 1533      745F6C65 
 1533      66745F65 
 1533      64676500 
 1534              		.ident	"GCC: (GNU Tools for ARM Embedded Processors) 5.4.1 20160609 (release) [ARM/embedded-5-bran
