ARM GAS  C:\Users\acant\AppData\Local\Temp\cciXtZAr.s 			page 1


   1              		.syntax unified
   2              		.cpu cortex-m3
   3              		.fpu softvfp
   4              		.eabi_attribute 20, 1
   5              		.eabi_attribute 21, 1
   6              		.eabi_attribute 23, 3
   7              		.eabi_attribute 24, 1
   8              		.eabi_attribute 25, 1
   9              		.eabi_attribute 26, 1
  10              		.eabi_attribute 30, 6
  11              		.eabi_attribute 34, 1
  12              		.eabi_attribute 18, 4
  13              		.thumb
  14              		.syntax unified
  15              		.file	"RIGHT_TURN.c"
  16              		.text
  17              	.Ltext0:
  18              		.cfi_sections	.debug_frame
  19              		.section	.text.TURN_RIGHT,"ax",%progbits
  20              		.align	2
  21              		.global	TURN_RIGHT
  22              		.thumb
  23              		.thumb_func
  24              		.type	TURN_RIGHT, %function
  25              	TURN_RIGHT:
  26              	.LFB64:
  27              		.file 1 "RIGHT_TURN.c"
   1:RIGHT_TURN.c  **** /* ========================================
   2:RIGHT_TURN.c  ****  *
   3:RIGHT_TURN.c  ****  * Copyright YOUR COMPANY, THE YEAR
   4:RIGHT_TURN.c  ****  * All Rights Reserved
   5:RIGHT_TURN.c  ****  * UNPUBLISHED, LICENSED SOFTWARE.
   6:RIGHT_TURN.c  ****  *
   7:RIGHT_TURN.c  ****  * CONFIDENTIAL AND PROPRIETARY INFORMATION
   8:RIGHT_TURN.c  ****  * WHICH IS THE PROPERTY OF your company.
   9:RIGHT_TURN.c  ****  *
  10:RIGHT_TURN.c  ****  * ========================================
  11:RIGHT_TURN.c  **** */
  12:RIGHT_TURN.c  **** 
  13:RIGHT_TURN.c  **** /* [] END OF FILE */
  14:RIGHT_TURN.c  **** 
  15:RIGHT_TURN.c  **** #include "RIGHT_TURN.h"
  16:RIGHT_TURN.c  **** 
  17:RIGHT_TURN.c  **** void TURN_RIGHT()
  18:RIGHT_TURN.c  **** {
  28              		.loc 1 18 0
  29              		.cfi_startproc
  30              		@ args = 0, pretend = 0, frame = 0
  31              		@ frame_needed = 1, uses_anonymous_args = 0
  32 0000 80B5     		push	{r7, lr}
  33              		.cfi_def_cfa_offset 8
  34              		.cfi_offset 7, -8
  35              		.cfi_offset 14, -4
  36 0002 00AF     		add	r7, sp, #0
  37              		.cfi_def_cfa_register 7
  19:RIGHT_TURN.c  ****     PWM_1_WriteCompare(255);
  38              		.loc 1 19 0
ARM GAS  C:\Users\acant\AppData\Local\Temp\cciXtZAr.s 			page 2


  39 0004 FF20     		movs	r0, #255
  40 0006 FFF7FEFF 		bl	PWM_1_WriteCompare
  20:RIGHT_TURN.c  ****     PWM_2_WriteCompare(0);
  41              		.loc 1 20 0
  42 000a 0020     		movs	r0, #0
  43 000c FFF7FEFF 		bl	PWM_2_WriteCompare
  21:RIGHT_TURN.c  ****     CyDelay(250);
  44              		.loc 1 21 0
  45 0010 FA20     		movs	r0, #250
  46 0012 FFF7FEFF 		bl	CyDelay
  22:RIGHT_TURN.c  ****     PWM_1_WriteCompare(127);
  47              		.loc 1 22 0
  48 0016 7F20     		movs	r0, #127
  49 0018 FFF7FEFF 		bl	PWM_1_WriteCompare
  23:RIGHT_TURN.c  **** 
  24:RIGHT_TURN.c  **** }...
  50              		.loc 1 24 0
  51 001c 00BF     		nop
  52 001e 80BD     		pop	{r7, pc}
  53              		.cfi_endproc
  54              	.LFE64:
  55              		.size	TURN_RIGHT, .-TURN_RIGHT
  56              		.text
  57              	.Letext0:
  58              		.file 2 "c:\\program files (x86)\\cypress\\psoc creator\\4.4\\psoc creator\\import\\gnu\\arm\\5.4.
  59              		.file 3 "c:\\program files (x86)\\cypress\\psoc creator\\4.4\\psoc creator\\import\\gnu\\arm\\5.4.
  60              		.file 4 "Generated_Source\\PSoC5/core_cm3.h"
  61              		.section	.debug_info,"",%progbits
  62              	.Ldebug_info0:
  63 0000 C3000000 		.4byte	0xc3
  64 0004 0400     		.2byte	0x4
  65 0006 00000000 		.4byte	.Ldebug_abbrev0
  66 000a 04       		.byte	0x4
  67 000b 01       		.uleb128 0x1
  68 000c 64000000 		.4byte	.LASF16
  69 0010 0C       		.byte	0xc
  70 0011 19010000 		.4byte	.LASF17
  71 0015 2D010000 		.4byte	.LASF18
  72 0019 00000000 		.4byte	.Ldebug_ranges0+0
  73 001d 00000000 		.4byte	0
  74 0021 00000000 		.4byte	.Ldebug_line0
  75 0025 02       		.uleb128 0x2
  76 0026 01       		.byte	0x1
  77 0027 06       		.byte	0x6
  78 0028 72010000 		.4byte	.LASF0
  79 002c 02       		.uleb128 0x2
  80 002d 01       		.byte	0x1
  81 002e 08       		.byte	0x8
  82 002f F2000000 		.4byte	.LASF1
  83 0033 02       		.uleb128 0x2
  84 0034 02       		.byte	0x2
  85 0035 05       		.byte	0x5
  86 0036 9A010000 		.4byte	.LASF2
  87 003a 02       		.uleb128 0x2
  88 003b 02       		.byte	0x2
  89 003c 07       		.byte	0x7
  90 003d 0E000000 		.4byte	.LASF3
ARM GAS  C:\Users\acant\AppData\Local\Temp\cciXtZAr.s 			page 3


  91 0041 03       		.uleb128 0x3
  92 0042 8A010000 		.4byte	.LASF9
  93 0046 02       		.byte	0x2
  94 0047 3F       		.byte	0x3f
  95 0048 4C000000 		.4byte	0x4c
  96 004c 02       		.uleb128 0x2
  97 004d 04       		.byte	0x4
  98 004e 05       		.byte	0x5
  99 004f 10010000 		.4byte	.LASF4
 100 0053 02       		.uleb128 0x2
 101 0054 04       		.byte	0x4
 102 0055 07       		.byte	0x7
 103 0056 3B000000 		.4byte	.LASF5
 104 005a 02       		.uleb128 0x2
 105 005b 08       		.byte	0x8
 106 005c 05       		.byte	0x5
 107 005d 00000000 		.4byte	.LASF6
 108 0061 02       		.uleb128 0x2
 109 0062 08       		.byte	0x8
 110 0063 07       		.byte	0x7
 111 0064 4D000000 		.4byte	.LASF7
 112 0068 04       		.uleb128 0x4
 113 0069 04       		.byte	0x4
 114 006a 05       		.byte	0x5
 115 006b 696E7400 		.ascii	"int\000"
 116 006f 02       		.uleb128 0x2
 117 0070 04       		.byte	0x4
 118 0071 07       		.byte	0x7
 119 0072 2E000000 		.4byte	.LASF8
 120 0076 03       		.uleb128 0x3
 121 0077 A4010000 		.4byte	.LASF10
 122 007b 03       		.byte	0x3
 123 007c 2C       		.byte	0x2c
 124 007d 41000000 		.4byte	0x41
 125 0081 02       		.uleb128 0x2
 126 0082 04       		.byte	0x4
 127 0083 04       		.byte	0x4
 128 0084 94010000 		.4byte	.LASF11
 129 0088 02       		.uleb128 0x2
 130 0089 08       		.byte	0x8
 131 008a 04       		.byte	0x4
 132 008b 26010000 		.4byte	.LASF12
 133 008f 02       		.uleb128 0x2
 134 0090 01       		.byte	0x1
 135 0091 08       		.byte	0x8
 136 0092 00010000 		.4byte	.LASF13
 137 0096 02       		.uleb128 0x2
 138 0097 08       		.byte	0x8
 139 0098 04       		.byte	0x4
 140 0099 7E010000 		.4byte	.LASF14
 141 009d 02       		.uleb128 0x2
 142 009e 04       		.byte	0x4
 143 009f 07       		.byte	0x7
 144 00a0 AC010000 		.4byte	.LASF15
 145 00a4 05       		.uleb128 0x5
 146 00a5 05010000 		.4byte	.LASF19
 147 00a9 01       		.byte	0x1
ARM GAS  C:\Users\acant\AppData\Local\Temp\cciXtZAr.s 			page 4


 148 00aa 11       		.byte	0x11
 149 00ab 00000000 		.4byte	.LFB64
 150 00af 20000000 		.4byte	.LFE64-.LFB64
 151 00b3 01       		.uleb128 0x1
 152 00b4 9C       		.byte	0x9c
 153 00b5 06       		.uleb128 0x6
 154 00b6 21000000 		.4byte	.LASF20
 155 00ba 04       		.byte	0x4
 156 00bb 1207     		.2byte	0x712
 157 00bd C1000000 		.4byte	0xc1
 158 00c1 07       		.uleb128 0x7
 159 00c2 76000000 		.4byte	0x76
 160 00c6 00       		.byte	0
 161              		.section	.debug_abbrev,"",%progbits
 162              	.Ldebug_abbrev0:
 163 0000 01       		.uleb128 0x1
 164 0001 11       		.uleb128 0x11
 165 0002 01       		.byte	0x1
 166 0003 25       		.uleb128 0x25
 167 0004 0E       		.uleb128 0xe
 168 0005 13       		.uleb128 0x13
 169 0006 0B       		.uleb128 0xb
 170 0007 03       		.uleb128 0x3
 171 0008 0E       		.uleb128 0xe
 172 0009 1B       		.uleb128 0x1b
 173 000a 0E       		.uleb128 0xe
 174 000b 55       		.uleb128 0x55
 175 000c 17       		.uleb128 0x17
 176 000d 11       		.uleb128 0x11
 177 000e 01       		.uleb128 0x1
 178 000f 10       		.uleb128 0x10
 179 0010 17       		.uleb128 0x17
 180 0011 00       		.byte	0
 181 0012 00       		.byte	0
 182 0013 02       		.uleb128 0x2
 183 0014 24       		.uleb128 0x24
 184 0015 00       		.byte	0
 185 0016 0B       		.uleb128 0xb
 186 0017 0B       		.uleb128 0xb
 187 0018 3E       		.uleb128 0x3e
 188 0019 0B       		.uleb128 0xb
 189 001a 03       		.uleb128 0x3
 190 001b 0E       		.uleb128 0xe
 191 001c 00       		.byte	0
 192 001d 00       		.byte	0
 193 001e 03       		.uleb128 0x3
 194 001f 16       		.uleb128 0x16
 195 0020 00       		.byte	0
 196 0021 03       		.uleb128 0x3
 197 0022 0E       		.uleb128 0xe
 198 0023 3A       		.uleb128 0x3a
 199 0024 0B       		.uleb128 0xb
 200 0025 3B       		.uleb128 0x3b
 201 0026 0B       		.uleb128 0xb
 202 0027 49       		.uleb128 0x49
 203 0028 13       		.uleb128 0x13
 204 0029 00       		.byte	0
ARM GAS  C:\Users\acant\AppData\Local\Temp\cciXtZAr.s 			page 5


 205 002a 00       		.byte	0
 206 002b 04       		.uleb128 0x4
 207 002c 24       		.uleb128 0x24
 208 002d 00       		.byte	0
 209 002e 0B       		.uleb128 0xb
 210 002f 0B       		.uleb128 0xb
 211 0030 3E       		.uleb128 0x3e
 212 0031 0B       		.uleb128 0xb
 213 0032 03       		.uleb128 0x3
 214 0033 08       		.uleb128 0x8
 215 0034 00       		.byte	0
 216 0035 00       		.byte	0
 217 0036 05       		.uleb128 0x5
 218 0037 2E       		.uleb128 0x2e
 219 0038 00       		.byte	0
 220 0039 3F       		.uleb128 0x3f
 221 003a 19       		.uleb128 0x19
 222 003b 03       		.uleb128 0x3
 223 003c 0E       		.uleb128 0xe
 224 003d 3A       		.uleb128 0x3a
 225 003e 0B       		.uleb128 0xb
 226 003f 3B       		.uleb128 0x3b
 227 0040 0B       		.uleb128 0xb
 228 0041 11       		.uleb128 0x11
 229 0042 01       		.uleb128 0x1
 230 0043 12       		.uleb128 0x12
 231 0044 06       		.uleb128 0x6
 232 0045 40       		.uleb128 0x40
 233 0046 18       		.uleb128 0x18
 234 0047 9642     		.uleb128 0x2116
 235 0049 19       		.uleb128 0x19
 236 004a 00       		.byte	0
 237 004b 00       		.byte	0
 238 004c 06       		.uleb128 0x6
 239 004d 34       		.uleb128 0x34
 240 004e 00       		.byte	0
 241 004f 03       		.uleb128 0x3
 242 0050 0E       		.uleb128 0xe
 243 0051 3A       		.uleb128 0x3a
 244 0052 0B       		.uleb128 0xb
 245 0053 3B       		.uleb128 0x3b
 246 0054 05       		.uleb128 0x5
 247 0055 49       		.uleb128 0x49
 248 0056 13       		.uleb128 0x13
 249 0057 3F       		.uleb128 0x3f
 250 0058 19       		.uleb128 0x19
 251 0059 3C       		.uleb128 0x3c
 252 005a 19       		.uleb128 0x19
 253 005b 00       		.byte	0
 254 005c 00       		.byte	0
 255 005d 07       		.uleb128 0x7
 256 005e 35       		.uleb128 0x35
 257 005f 00       		.byte	0
 258 0060 49       		.uleb128 0x49
 259 0061 13       		.uleb128 0x13
 260 0062 00       		.byte	0
 261 0063 00       		.byte	0
ARM GAS  C:\Users\acant\AppData\Local\Temp\cciXtZAr.s 			page 6


 262 0064 00       		.byte	0
 263              		.section	.debug_aranges,"",%progbits
 264 0000 1C000000 		.4byte	0x1c
 265 0004 0200     		.2byte	0x2
 266 0006 00000000 		.4byte	.Ldebug_info0
 267 000a 04       		.byte	0x4
 268 000b 00       		.byte	0
 269 000c 0000     		.2byte	0
 270 000e 0000     		.2byte	0
 271 0010 00000000 		.4byte	.LFB64
 272 0014 20000000 		.4byte	.LFE64-.LFB64
 273 0018 00000000 		.4byte	0
 274 001c 00000000 		.4byte	0
 275              		.section	.debug_ranges,"",%progbits
 276              	.Ldebug_ranges0:
 277 0000 00000000 		.4byte	.LFB64
 278 0004 20000000 		.4byte	.LFE64
 279 0008 00000000 		.4byte	0
 280 000c 00000000 		.4byte	0
 281              		.section	.debug_line,"",%progbits
 282              	.Ldebug_line0:
 283 0000 5F010000 		.section	.debug_str,"MS",%progbits,1
 283      02004501 
 283      00000201 
 283      FB0E0D00 
 283      01010101 
 284              	.LASF6:
 285 0000 6C6F6E67 		.ascii	"long long int\000"
 285      206C6F6E 
 285      6720696E 
 285      7400
 286              	.LASF3:
 287 000e 73686F72 		.ascii	"short unsigned int\000"
 287      7420756E 
 287      7369676E 
 287      65642069 
 287      6E7400
 288              	.LASF20:
 289 0021 49544D5F 		.ascii	"ITM_RxBuffer\000"
 289      52784275 
 289      66666572 
 289      00
 290              	.LASF8:
 291 002e 756E7369 		.ascii	"unsigned int\000"
 291      676E6564 
 291      20696E74 
 291      00
 292              	.LASF5:
 293 003b 6C6F6E67 		.ascii	"long unsigned int\000"
 293      20756E73 
 293      69676E65 
 293      6420696E 
 293      7400
 294              	.LASF7:
 295 004d 6C6F6E67 		.ascii	"long long unsigned int\000"
 295      206C6F6E 
 295      6720756E 
ARM GAS  C:\Users\acant\AppData\Local\Temp\cciXtZAr.s 			page 7


 295      7369676E 
 295      65642069 
 296              	.LASF16:
 297 0064 474E5520 		.ascii	"GNU C11 5.4.1 20160609 (release) [ARM/embedded-5-br"
 297      43313120 
 297      352E342E 
 297      31203230 
 297      31363036 
 298 0097 616E6368 		.ascii	"anch revision 237715] -mcpu=cortex-m3 -mthumb -g -O"
 298      20726576 
 298      6973696F 
 298      6E203233 
 298      37373135 
 299 00ca 30202D66 		.ascii	"0 -ffunction-sections -ffat-lto-objects\000"
 299      66756E63 
 299      74696F6E 
 299      2D736563 
 299      74696F6E 
 300              	.LASF1:
 301 00f2 756E7369 		.ascii	"unsigned char\000"
 301      676E6564 
 301      20636861 
 301      7200
 302              	.LASF13:
 303 0100 63686172 		.ascii	"char\000"
 303      00
 304              	.LASF19:
 305 0105 5455524E 		.ascii	"TURN_RIGHT\000"
 305      5F524947 
 305      485400
 306              	.LASF4:
 307 0110 6C6F6E67 		.ascii	"long int\000"
 307      20696E74 
 307      00
 308              	.LASF17:
 309 0119 52494748 		.ascii	"RIGHT_TURN.c\000"
 309      545F5455 
 309      524E2E63 
 309      00
 310              	.LASF12:
 311 0126 646F7562 		.ascii	"double\000"
 311      6C6500
 312              	.LASF18:
 313 012d 433A5C55 		.ascii	"C:\\Users\\acant\\Downloads\\301MotorCar\\psoc firm"
 313      73657273 
 313      5C616361 
 313      6E745C44 
 313      6F776E6C 
 314 015b 77617265 		.ascii	"ware\\CS301_Class.cydsn\000"
 314      5C435333 
 314      30315F43 
 314      6C617373 
 314      2E637964 
 315              	.LASF0:
 316 0172 7369676E 		.ascii	"signed char\000"
 316      65642063 
 316      68617200 
ARM GAS  C:\Users\acant\AppData\Local\Temp\cciXtZAr.s 			page 8


 317              	.LASF14:
 318 017e 6C6F6E67 		.ascii	"long double\000"
 318      20646F75 
 318      626C6500 
 319              	.LASF9:
 320 018a 5F5F696E 		.ascii	"__int32_t\000"
 320      7433325F 
 320      7400
 321              	.LASF11:
 322 0194 666C6F61 		.ascii	"float\000"
 322      7400
 323              	.LASF2:
 324 019a 73686F72 		.ascii	"short int\000"
 324      7420696E 
 324      7400
 325              	.LASF10:
 326 01a4 696E7433 		.ascii	"int32_t\000"
 326      325F7400 
 327              	.LASF15:
 328 01ac 73697A65 		.ascii	"sizetype\000"
 328      74797065 
 328      00
 329              		.ident	"GCC: (GNU Tools for ARM Embedded Processors) 5.4.1 20160609 (release) [ARM/embedded-5-bran
