ARM GAS  C:\Users\Calvi\AppData\Local\Temp\cc5THWBU.s 			page 1


   1              		.syntax unified
   2              		.cpu cortex-m3
   3              		.fpu softvfp
   4              		.eabi_attribute 20, 1
   5              		.eabi_attribute 21, 1
   6              		.eabi_attribute 23, 3
   7              		.eabi_attribute 24, 1
   8              		.eabi_attribute 25, 1
   9              		.eabi_attribute 26, 1
  10              		.eabi_attribute 30, 6
  11              		.eabi_attribute 34, 1
  12              		.eabi_attribute 18, 4
  13              		.thumb
  14              		.syntax unified
  15              		.file	"SENSORS_READ.c"
  16              		.text
  17              	.Ltext0:
  18              		.cfi_sections	.debug_frame
  19              		.comm	sensorValues,1,1
  20              		.comm	previous_movement,1,1
  21              		.comm	current_movement,1,1
  22              		.global	this_struct
  23              		.bss
  24              		.align	2
  25              		.type	this_struct, %object
  26              		.size	this_struct, 6
  27              	this_struct:
  28 0000 00000000 		.space	6
  28      0000
  29              		.section	.text.ReadSensors,"ax",%progbits
  30              		.align	2
  31              		.global	ReadSensors
  32              		.thumb
  33              		.thumb_func
  34              		.type	ReadSensors, %function
  35              	ReadSensors:
  36              	.LFB64:
  37              		.file 1 "SENSORS_READ.c"
   1:SENSORS_READ.c **** /* ========================================
   2:SENSORS_READ.c ****  *
   3:SENSORS_READ.c ****  * Copyright YOUR COMPANY, THE YEAR
   4:SENSORS_READ.c ****  * All Rights Reserved
   5:SENSORS_READ.c ****  * UNPUBLISHED, LICENSED SOFTWARE.
   6:SENSORS_READ.c ****  *
   7:SENSORS_READ.c ****  * CONFIDENTIAL AND PROPRIETARY INFORMATION
   8:SENSORS_READ.c ****  * WHICH IS THE PROPERTY OF your company.
   9:SENSORS_READ.c ****  *
  10:SENSORS_READ.c ****  * ========================================
  11:SENSORS_READ.c **** */
  12:SENSORS_READ.c **** 
  13:SENSORS_READ.c **** /* [] END OF FILE */
  14:SENSORS_READ.c **** 
  15:SENSORS_READ.c **** #include "SENSORS_READ.h"
  16:SENSORS_READ.c **** 
  17:SENSORS_READ.c **** uint8 sensorValues;
  18:SENSORS_READ.c **** MovementState previous_movement;
  19:SENSORS_READ.c **** MovementState current_movement;
ARM GAS  C:\Users\Calvi\AppData\Local\Temp\cc5THWBU.s 			page 2


  20:SENSORS_READ.c **** struct MyStructure {   // Structure declaration
  21:SENSORS_READ.c ****     uint8_t output1;
  22:SENSORS_READ.c ****     uint8_t output2;
  23:SENSORS_READ.c ****     uint8_t output3;
  24:SENSORS_READ.c ****     uint8_t output4;
  25:SENSORS_READ.c ****     uint8_t output5;
  26:SENSORS_READ.c ****     uint8_t output6;
  27:SENSORS_READ.c **** };
  28:SENSORS_READ.c **** struct MyStructure this_struct = {0,0,0,0,0,0};
  29:SENSORS_READ.c **** // Read 6 output pins are turn into a pattern
  30:SENSORS_READ.c **** uint8 ReadSensors(void) {
  38              		.loc 1 30 0
  39              		.cfi_startproc
  40              		@ args = 0, pretend = 0, frame = 8
  41              		@ frame_needed = 1, uses_anonymous_args = 0
  42 0000 80B5     		push	{r7, lr}
  43              		.cfi_def_cfa_offset 8
  44              		.cfi_offset 7, -8
  45              		.cfi_offset 14, -4
  46 0002 82B0     		sub	sp, sp, #8
  47              		.cfi_def_cfa_offset 16
  48 0004 00AF     		add	r7, sp, #0
  49              		.cfi_def_cfa_register 7
  31:SENSORS_READ.c ****     uint8 sensorValues = 0;
  50              		.loc 1 31 0
  51 0006 0023     		movs	r3, #0
  52 0008 FB71     		strb	r3, [r7, #7]
  32:SENSORS_READ.c ****     
  33:SENSORS_READ.c ****    sensorValues |= Output_5_Read() << 0; // Right
  53              		.loc 1 33 0
  54 000a FFF7FEFF 		bl	Output_5_Read
  55 000e 0346     		mov	r3, r0
  56 0010 5AB2     		sxtb	r2, r3
  57 0012 97F90730 		ldrsb	r3, [r7, #7]
  58 0016 1343     		orrs	r3, r3, r2
  59 0018 5BB2     		sxtb	r3, r3
  60 001a FB71     		strb	r3, [r7, #7]
  34:SENSORS_READ.c ****    sensorValues |= Output_6_Read() << 1;
  61              		.loc 1 34 0
  62 001c FFF7FEFF 		bl	Output_6_Read
  63 0020 0346     		mov	r3, r0
  64 0022 5B00     		lsls	r3, r3, #1
  65 0024 5AB2     		sxtb	r2, r3
  66 0026 97F90730 		ldrsb	r3, [r7, #7]
  67 002a 1343     		orrs	r3, r3, r2
  68 002c 5BB2     		sxtb	r3, r3
  69 002e FB71     		strb	r3, [r7, #7]
  35:SENSORS_READ.c ****    sensorValues |= Output_1_Read() << 2;
  70              		.loc 1 35 0
  71 0030 FFF7FEFF 		bl	Output_1_Read
  72 0034 0346     		mov	r3, r0
  73 0036 9B00     		lsls	r3, r3, #2
  74 0038 5AB2     		sxtb	r2, r3
  75 003a 97F90730 		ldrsb	r3, [r7, #7]
  76 003e 1343     		orrs	r3, r3, r2
  77 0040 5BB2     		sxtb	r3, r3
  78 0042 FB71     		strb	r3, [r7, #7]
ARM GAS  C:\Users\Calvi\AppData\Local\Temp\cc5THWBU.s 			page 3


  36:SENSORS_READ.c ****    sensorValues |= Output_3_Read() << 3;
  79              		.loc 1 36 0
  80 0044 FFF7FEFF 		bl	Output_3_Read
  81 0048 0346     		mov	r3, r0
  82 004a DB00     		lsls	r3, r3, #3
  83 004c 5AB2     		sxtb	r2, r3
  84 004e 97F90730 		ldrsb	r3, [r7, #7]
  85 0052 1343     		orrs	r3, r3, r2
  86 0054 5BB2     		sxtb	r3, r3
  87 0056 FB71     		strb	r3, [r7, #7]
  37:SENSORS_READ.c ****    sensorValues |= Output_2_Read() << 4;
  88              		.loc 1 37 0
  89 0058 FFF7FEFF 		bl	Output_2_Read
  90 005c 0346     		mov	r3, r0
  91 005e 1B01     		lsls	r3, r3, #4
  92 0060 5AB2     		sxtb	r2, r3
  93 0062 97F90730 		ldrsb	r3, [r7, #7]
  94 0066 1343     		orrs	r3, r3, r2
  95 0068 5BB2     		sxtb	r3, r3
  96 006a FB71     		strb	r3, [r7, #7]
  38:SENSORS_READ.c ****    sensorValues |= Output_4_Read() << 5; // Left
  97              		.loc 1 38 0
  98 006c FFF7FEFF 		bl	Output_4_Read
  99 0070 0346     		mov	r3, r0
 100 0072 5B01     		lsls	r3, r3, #5
 101 0074 5AB2     		sxtb	r2, r3
 102 0076 97F90730 		ldrsb	r3, [r7, #7]
 103 007a 1343     		orrs	r3, r3, r2
 104 007c 5BB2     		sxtb	r3, r3
 105 007e FB71     		strb	r3, [r7, #7]
  39:SENSORS_READ.c ****    
  40:SENSORS_READ.c ****    //this_struct.output1 = Output_1_Read();
  41:SENSORS_READ.c ****     //this_struct.output2 = Output_2_Read();
  42:SENSORS_READ.c ****     //this_struct.output3 = Output_3_Read();
  43:SENSORS_READ.c ****     //this_struct.output4 = Output_4_Read();
  44:SENSORS_READ.c ****     //this_struct.output5 = Output_5_Read();
  45:SENSORS_READ.c ****     //this_struct.output6 = Output_6_Read();
  46:SENSORS_READ.c ****    return sensorValues;
 106              		.loc 1 46 0
 107 0080 FB79     		ldrb	r3, [r7, #7]	@ zero_extendqisi2
  47:SENSORS_READ.c **** }
 108              		.loc 1 47 0
 109 0082 1846     		mov	r0, r3
 110 0084 0837     		adds	r7, r7, #8
 111              		.cfi_def_cfa_offset 8
 112 0086 BD46     		mov	sp, r7
 113              		.cfi_def_cfa_register 13
 114              		@ sp needed
 115 0088 80BD     		pop	{r7, pc}
 116              		.cfi_endproc
 117              	.LFE64:
 118              		.size	ReadSensors, .-ReadSensors
 119 008a 00BF     		.section	.text.GetMovement,"ax",%progbits
 120              		.align	2
 121              		.global	GetMovement
 122              		.thumb
 123              		.thumb_func
ARM GAS  C:\Users\Calvi\AppData\Local\Temp\cc5THWBU.s 			page 4


 124              		.type	GetMovement, %function
 125              	GetMovement:
 126              	.LFB65:
  48:SENSORS_READ.c **** 
  49:SENSORS_READ.c **** // Use pattern to decide how the robot should move
  50:SENSORS_READ.c **** MovementState GetMovement(void) {
 127              		.loc 1 50 0
 128              		.cfi_startproc
 129              		@ args = 0, pretend = 0, frame = 8
 130              		@ frame_needed = 1, uses_anonymous_args = 0
 131 0000 80B5     		push	{r7, lr}
 132              		.cfi_def_cfa_offset 8
 133              		.cfi_offset 7, -8
 134              		.cfi_offset 14, -4
 135 0002 82B0     		sub	sp, sp, #8
 136              		.cfi_def_cfa_offset 16
 137 0004 00AF     		add	r7, sp, #0
 138              		.cfi_def_cfa_register 7
  51:SENSORS_READ.c ****     uint8 sensors = ReadSensors();
 139              		.loc 1 51 0
 140 0006 FFF7FEFF 		bl	ReadSensors
 141 000a 0346     		mov	r3, r0
 142 000c FB71     		strb	r3, [r7, #7]
  52:SENSORS_READ.c ****     switch(sensors) {
 143              		.loc 1 52 0
 144 000e FB79     		ldrb	r3, [r7, #7]	@ zero_extendqisi2
 145 0010 3C2B     		cmp	r3, #60
 146 0012 00F2C180 		bhi	.L4
 147 0016 01A2     		adr	r2, .L6
 148 0018 52F823F0 		ldr	pc, [r2, r3, lsl #2]
 149              		.p2align 2
 150              	.L6:
 151 001c 91010000 		.word	.L5+1
 152 0020 99010000 		.word	.L4+1
 153 0024 41010000 		.word	.L7+1
 154 0028 99010000 		.word	.L4+1
 155 002c 99010000 		.word	.L4+1
 156 0030 99010000 		.word	.L4+1
 157 0034 99010000 		.word	.L4+1
 158 0038 99010000 		.word	.L4+1
 159 003c 29010000 		.word	.L8+1
 160 0040 99010000 		.word	.L4+1
 161 0044 11010000 		.word	.L9+1
 162 0048 89010000 		.word	.L10+1
 163 004c 99010000 		.word	.L4+1
 164 0050 99010000 		.word	.L4+1
 165 0054 99010000 		.word	.L4+1
 166 0058 79010000 		.word	.L11+1
 167 005c 99010000 		.word	.L4+1
 168 0060 99010000 		.word	.L4+1
 169 0064 99010000 		.word	.L4+1
 170 0068 99010000 		.word	.L4+1
 171 006c 99010000 		.word	.L4+1
 172 0070 99010000 		.word	.L4+1
 173 0074 49010000 		.word	.L12+1
 174 0078 99010000 		.word	.L4+1
 175 007c 99010000 		.word	.L4+1
ARM GAS  C:\Users\Calvi\AppData\Local\Temp\cc5THWBU.s 			page 5


 176 0080 99010000 		.word	.L4+1
 177 0084 99010000 		.word	.L4+1
 178 0088 99010000 		.word	.L4+1
 179 008c 31010000 		.word	.L13+1
 180 0090 99010000 		.word	.L4+1
 181 0094 19010000 		.word	.L14+1
 182 0098 99010000 		.word	.L4+1
 183 009c 99010000 		.word	.L4+1
 184 00a0 99010000 		.word	.L4+1
 185 00a4 99010000 		.word	.L4+1
 186 00a8 51010000 		.word	.L15+1
 187 00ac 99010000 		.word	.L4+1
 188 00b0 99010000 		.word	.L4+1
 189 00b4 99010000 		.word	.L4+1
 190 00b8 99010000 		.word	.L4+1
 191 00bc 99010000 		.word	.L4+1
 192 00c0 39010000 		.word	.L16+1
 193 00c4 61010000 		.word	.L17+1
 194 00c8 21010000 		.word	.L18+1
 195 00cc 99010000 		.word	.L4+1
 196 00d0 99010000 		.word	.L4+1
 197 00d4 99010000 		.word	.L4+1
 198 00d8 81010000 		.word	.L19+1
 199 00dc 99010000 		.word	.L4+1
 200 00e0 99010000 		.word	.L4+1
 201 00e4 99010000 		.word	.L4+1
 202 00e8 99010000 		.word	.L4+1
 203 00ec 99010000 		.word	.L4+1
 204 00f0 99010000 		.word	.L4+1
 205 00f4 99010000 		.word	.L4+1
 206 00f8 99010000 		.word	.L4+1
 207 00fc 99010000 		.word	.L4+1
 208 0100 99010000 		.word	.L4+1
 209 0104 69010000 		.word	.L20+1
 210 0108 71010000 		.word	.L21+1
 211 010c 59010000 		.word	.L22+1
 212              		.p2align 1
 213              	.L9:
  53:SENSORS_READ.c ****             case 0b001010: current_movement = STRAIGHT; break;
 214              		.loc 1 53 0
 215 0110 2F4B     		ldr	r3, .L27
 216 0112 0022     		movs	r2, #0
 217 0114 1A70     		strb	r2, [r3]
 218 0116 43E0     		b	.L23
 219              	.L14:
  54:SENSORS_READ.c ****     case 0b011110: current_movement = STRAIGHT; break;
 220              		.loc 1 54 0
 221 0118 2D4B     		ldr	r3, .L27
 222 011a 0022     		movs	r2, #0
 223 011c 1A70     		strb	r2, [r3]
 224 011e 3FE0     		b	.L23
 225              	.L18:
  55:SENSORS_READ.c ****     case 0b101011: current_movement = STRAIGHT; break;
 226              		.loc 1 55 0
 227 0120 2B4B     		ldr	r3, .L27
 228 0122 0022     		movs	r2, #0
 229 0124 1A70     		strb	r2, [r3]
ARM GAS  C:\Users\Calvi\AppData\Local\Temp\cc5THWBU.s 			page 6


 230 0126 3BE0     		b	.L23
 231              	.L8:
  56:SENSORS_READ.c **** 
  57:SENSORS_READ.c ****     case 0b001000: current_movement = LEFT_TURN; break;
 232              		.loc 1 57 0
 233 0128 294B     		ldr	r3, .L27
 234 012a 0122     		movs	r2, #1
 235 012c 1A70     		strb	r2, [r3]
 236 012e 37E0     		b	.L23
 237              	.L13:
  58:SENSORS_READ.c ****     case 0b011100: current_movement = LEFT_TURN; break;
 238              		.loc 1 58 0
 239 0130 274B     		ldr	r3, .L27
 240 0132 0122     		movs	r2, #1
 241 0134 1A70     		strb	r2, [r3]
 242 0136 33E0     		b	.L23
 243              	.L16:
  59:SENSORS_READ.c ****     case 0b101001: current_movement = LEFT_TURN; break;
 244              		.loc 1 59 0
 245 0138 254B     		ldr	r3, .L27
 246 013a 0122     		movs	r2, #1
 247 013c 1A70     		strb	r2, [r3]
 248 013e 2FE0     		b	.L23
 249              	.L7:
  60:SENSORS_READ.c **** 
  61:SENSORS_READ.c ****     case 0b000010: current_movement = RIGHT_TURN; break;
 250              		.loc 1 61 0
 251 0140 234B     		ldr	r3, .L27
 252 0142 0222     		movs	r2, #2
 253 0144 1A70     		strb	r2, [r3]
 254 0146 2BE0     		b	.L23
 255              	.L12:
  62:SENSORS_READ.c ****     case 0b010110: current_movement = RIGHT_TURN; break;
 256              		.loc 1 62 0
 257 0148 214B     		ldr	r3, .L27
 258 014a 0222     		movs	r2, #2
 259 014c 1A70     		strb	r2, [r3]
 260 014e 27E0     		b	.L23
 261              	.L15:
  63:SENSORS_READ.c ****     case 0b100011: current_movement = RIGHT_TURN; break;
 262              		.loc 1 63 0
 263 0150 1F4B     		ldr	r3, .L27
 264 0152 0222     		movs	r2, #2
 265 0154 1A70     		strb	r2, [r3]
 266 0156 23E0     		b	.L23
 267              	.L22:
  64:SENSORS_READ.c **** 
  65:SENSORS_READ.c ****     case 0b111100: current_movement = DRIFTED_RIGHT; break;
 268              		.loc 1 65 0
 269 0158 1D4B     		ldr	r3, .L27
 270 015a 0422     		movs	r2, #4
 271 015c 1A70     		strb	r2, [r3]
 272 015e 1FE0     		b	.L23
 273              	.L17:
  66:SENSORS_READ.c ****     case 0b101010: current_movement = DRIFTED_RIGHT; break;
 274              		.loc 1 66 0
 275 0160 1B4B     		ldr	r3, .L27
ARM GAS  C:\Users\Calvi\AppData\Local\Temp\cc5THWBU.s 			page 7


 276 0162 0422     		movs	r2, #4
 277 0164 1A70     		strb	r2, [r3]
 278 0166 1BE0     		b	.L23
 279              	.L20:
  67:SENSORS_READ.c ****     case 0b111010: current_movement = DRIFTED_RIGHT; break;
 280              		.loc 1 67 0
 281 0168 194B     		ldr	r3, .L27
 282 016a 0422     		movs	r2, #4
 283 016c 1A70     		strb	r2, [r3]
 284 016e 17E0     		b	.L23
 285              	.L21:
  68:SENSORS_READ.c ****     case 0b111011: current_movement = DRIFTED_RIGHT; break;
 286              		.loc 1 68 0
 287 0170 174B     		ldr	r3, .L27
 288 0172 0422     		movs	r2, #4
 289 0174 1A70     		strb	r2, [r3]
 290 0176 13E0     		b	.L23
 291              	.L11:
  69:SENSORS_READ.c **** 
  70:SENSORS_READ.c ****     case 0b001111: current_movement = DRIFTED_LEFT; break;
 292              		.loc 1 70 0
 293 0178 154B     		ldr	r3, .L27
 294 017a 0322     		movs	r2, #3
 295 017c 1A70     		strb	r2, [r3]
 296 017e 0FE0     		b	.L23
 297              	.L19:
  71:SENSORS_READ.c ****     case 0b101111: current_movement = DRIFTED_LEFT; break;
 298              		.loc 1 71 0
 299 0180 134B     		ldr	r3, .L27
 300 0182 0322     		movs	r2, #3
 301 0184 1A70     		strb	r2, [r3]
 302 0186 0BE0     		b	.L23
 303              	.L10:
  72:SENSORS_READ.c ****     case 0b001011: current_movement = DRIFTED_LEFT; break;
 304              		.loc 1 72 0
 305 0188 114B     		ldr	r3, .L27
 306 018a 0322     		movs	r2, #3
 307 018c 1A70     		strb	r2, [r3]
 308 018e 07E0     		b	.L23
 309              	.L5:
  73:SENSORS_READ.c **** 
  74:SENSORS_READ.c ****     case 0b000000: current_movement = STOP; break;
 310              		.loc 1 74 0
 311 0190 0F4B     		ldr	r3, .L27
 312 0192 0522     		movs	r2, #5
 313 0194 1A70     		strb	r2, [r3]
 314 0196 03E0     		b	.L23
 315              	.L4:
  75:SENSORS_READ.c **** 
  76:SENSORS_READ.c ****     default: current_movement = STOP; break;
 316              		.loc 1 76 0
 317 0198 0D4B     		ldr	r3, .L27
 318 019a 0522     		movs	r2, #5
 319 019c 1A70     		strb	r2, [r3]
 320 019e 00BF     		nop
 321              	.L23:
  77:SENSORS_READ.c ****     }
ARM GAS  C:\Users\Calvi\AppData\Local\Temp\cc5THWBU.s 			page 8


  78:SENSORS_READ.c ****     
  79:SENSORS_READ.c ****     // during turning, do nothing
  80:SENSORS_READ.c ****     if ((previous_movement == LEFT_TURN || previous_movement == RIGHT_TURN) && current_movement != 
 322              		.loc 1 80 0
 323 01a0 0C4B     		ldr	r3, .L27+4
 324 01a2 1B78     		ldrb	r3, [r3]	@ zero_extendqisi2
 325 01a4 012B     		cmp	r3, #1
 326 01a6 03D0     		beq	.L24
 327              		.loc 1 80 0 is_stmt 0 discriminator 2
 328 01a8 0A4B     		ldr	r3, .L27+4
 329 01aa 1B78     		ldrb	r3, [r3]	@ zero_extendqisi2
 330 01ac 022B     		cmp	r3, #2
 331 01ae 05D1     		bne	.L25
 332              	.L24:
 333              		.loc 1 80 0 discriminator 3
 334 01b0 074B     		ldr	r3, .L27
 335 01b2 1B78     		ldrb	r3, [r3]	@ zero_extendqisi2
 336 01b4 002B     		cmp	r3, #0
 337 01b6 01D0     		beq	.L25
  81:SENSORS_READ.c ****     {
  82:SENSORS_READ.c ****         return WAIT;
 338              		.loc 1 82 0 is_stmt 1
 339 01b8 0623     		movs	r3, #6
 340 01ba 05E0     		b	.L26
 341              	.L25:
  83:SENSORS_READ.c ****     }
  84:SENSORS_READ.c ****     
  85:SENSORS_READ.c ****     previous_movement = current_movement;
 342              		.loc 1 85 0
 343 01bc 044B     		ldr	r3, .L27
 344 01be 1A78     		ldrb	r2, [r3]	@ zero_extendqisi2
 345 01c0 044B     		ldr	r3, .L27+4
 346 01c2 1A70     		strb	r2, [r3]
  86:SENSORS_READ.c ****     return current_movement;
 347              		.loc 1 86 0
 348 01c4 024B     		ldr	r3, .L27
 349 01c6 1B78     		ldrb	r3, [r3]	@ zero_extendqisi2
 350              	.L26:
  87:SENSORS_READ.c **** }
 351              		.loc 1 87 0
 352 01c8 1846     		mov	r0, r3
 353 01ca 0837     		adds	r7, r7, #8
 354              		.cfi_def_cfa_offset 8
 355 01cc BD46     		mov	sp, r7
 356              		.cfi_def_cfa_register 13
 357              		@ sp needed
 358 01ce 80BD     		pop	{r7, pc}
 359              	.L28:
 360              		.align	2
 361              	.L27:
 362 01d0 00000000 		.word	current_movement
 363 01d4 00000000 		.word	previous_movement
 364              		.cfi_endproc
 365              	.LFE65:
 366              		.size	GetMovement, .-GetMovement
 367              		.text
 368              	.Letext0:
ARM GAS  C:\Users\Calvi\AppData\Local\Temp\cc5THWBU.s 			page 9


 369              		.file 2 "c:\\program files (x86)\\cypress\\psoc creator\\4.4\\psoc creator\\import\\gnu\\arm\\5.4.
 370              		.file 3 "c:\\program files (x86)\\cypress\\psoc creator\\4.4\\psoc creator\\import\\gnu\\arm\\5.4.
 371              		.file 4 "Generated_Source\\PSoC5/cytypes.h"
 372              		.file 5 "SENSORS_READ.h"
 373              		.file 6 "Generated_Source\\PSoC5/core_cm3.h"
 374              		.section	.debug_info,"",%progbits
 375              	.Ldebug_info0:
 376 0000 FF010000 		.4byte	0x1ff
 377 0004 0400     		.2byte	0x4
 378 0006 00000000 		.4byte	.Ldebug_abbrev0
 379 000a 04       		.byte	0x4
 380 000b 01       		.uleb128 0x1
 381 000c 0A000000 		.4byte	.LASF41
 382 0010 0C       		.byte	0xc
 383 0011 33020000 		.4byte	.LASF42
 384 0015 DF010000 		.4byte	.LASF43
 385 0019 00000000 		.4byte	.Ldebug_ranges0+0
 386 001d 00000000 		.4byte	0
 387 0021 00000000 		.4byte	.Ldebug_line0
 388 0025 02       		.uleb128 0x2
 389 0026 01       		.byte	0x1
 390 0027 06       		.byte	0x6
 391 0028 64020000 		.4byte	.LASF0
 392 002c 03       		.uleb128 0x3
 393 002d 00000000 		.4byte	.LASF4
 394 0031 02       		.byte	0x2
 395 0032 1D       		.byte	0x1d
 396 0033 37000000 		.4byte	0x37
 397 0037 02       		.uleb128 0x2
 398 0038 01       		.byte	0x1
 399 0039 08       		.byte	0x8
 400 003a F6000000 		.4byte	.LASF1
 401 003e 02       		.uleb128 0x2
 402 003f 02       		.byte	0x2
 403 0040 05       		.byte	0x5
 404 0041 1A020000 		.4byte	.LASF2
 405 0045 02       		.uleb128 0x2
 406 0046 02       		.byte	0x2
 407 0047 07       		.byte	0x7
 408 0048 21010000 		.4byte	.LASF3
 409 004c 03       		.uleb128 0x3
 410 004d B0000000 		.4byte	.LASF5
 411 0051 02       		.byte	0x2
 412 0052 3F       		.byte	0x3f
 413 0053 57000000 		.4byte	0x57
 414 0057 02       		.uleb128 0x2
 415 0058 04       		.byte	0x4
 416 0059 05       		.byte	0x5
 417 005a 42020000 		.4byte	.LASF6
 418 005e 02       		.uleb128 0x2
 419 005f 04       		.byte	0x4
 420 0060 07       		.byte	0x7
 421 0061 0F010000 		.4byte	.LASF7
 422 0065 02       		.uleb128 0x2
 423 0066 08       		.byte	0x8
 424 0067 05       		.byte	0x5
 425 0068 CC010000 		.4byte	.LASF8
ARM GAS  C:\Users\Calvi\AppData\Local\Temp\cc5THWBU.s 			page 10


 426 006c 02       		.uleb128 0x2
 427 006d 08       		.byte	0x8
 428 006e 07       		.byte	0x7
 429 006f 78010000 		.4byte	.LASF9
 430 0073 04       		.uleb128 0x4
 431 0074 04       		.byte	0x4
 432 0075 05       		.byte	0x5
 433 0076 696E7400 		.ascii	"int\000"
 434 007a 02       		.uleb128 0x2
 435 007b 04       		.byte	0x4
 436 007c 07       		.byte	0x7
 437 007d 6B010000 		.4byte	.LASF10
 438 0081 03       		.uleb128 0x3
 439 0082 8F010000 		.4byte	.LASF11
 440 0086 03       		.byte	0x3
 441 0087 18       		.byte	0x18
 442 0088 2C000000 		.4byte	0x2c
 443 008c 03       		.uleb128 0x3
 444 008d DC000000 		.4byte	.LASF12
 445 0091 03       		.byte	0x3
 446 0092 2C       		.byte	0x2c
 447 0093 4C000000 		.4byte	0x4c
 448 0097 05       		.uleb128 0x5
 449 0098 24020000 		.4byte	.LASF13
 450 009c 04       		.byte	0x4
 451 009d E901     		.2byte	0x1e9
 452 009f 37000000 		.4byte	0x37
 453 00a3 02       		.uleb128 0x2
 454 00a4 04       		.byte	0x4
 455 00a5 04       		.byte	0x4
 456 00a6 E4000000 		.4byte	.LASF14
 457 00aa 02       		.uleb128 0x2
 458 00ab 08       		.byte	0x8
 459 00ac 04       		.byte	0x4
 460 00ad 4A010000 		.4byte	.LASF15
 461 00b1 02       		.uleb128 0x2
 462 00b2 01       		.byte	0x1
 463 00b3 08       		.byte	0x8
 464 00b4 DA010000 		.4byte	.LASF16
 465 00b8 02       		.uleb128 0x2
 466 00b9 08       		.byte	0x8
 467 00ba 04       		.byte	0x4
 468 00bb 58020000 		.4byte	.LASF17
 469 00bf 02       		.uleb128 0x2
 470 00c0 04       		.byte	0x4
 471 00c1 07       		.byte	0x7
 472 00c2 B5010000 		.4byte	.LASF18
 473 00c6 06       		.uleb128 0x6
 474 00c7 01       		.byte	0x1
 475 00c8 37000000 		.4byte	0x37
 476 00cc 05       		.byte	0x5
 477 00cd 1B       		.byte	0x1b
 478 00ce FD000000 		.4byte	0xfd
 479 00d2 07       		.uleb128 0x7
 480 00d3 2A020000 		.4byte	.LASF19
 481 00d7 00       		.byte	0
 482 00d8 07       		.uleb128 0x7
ARM GAS  C:\Users\Calvi\AppData\Local\Temp\cc5THWBU.s 			page 11


 483 00d9 34010000 		.4byte	.LASF20
 484 00dd 01       		.byte	0x1
 485 00de 07       		.uleb128 0x7
 486 00df 04010000 		.4byte	.LASF21
 487 00e3 02       		.byte	0x2
 488 00e4 07       		.uleb128 0x7
 489 00e5 A8010000 		.4byte	.LASF22
 490 00e9 03       		.byte	0x3
 491 00ea 07       		.uleb128 0x7
 492 00eb 70020000 		.4byte	.LASF23
 493 00ef 04       		.byte	0x4
 494 00f0 07       		.uleb128 0x7
 495 00f1 59010000 		.4byte	.LASF24
 496 00f5 05       		.byte	0x5
 497 00f6 07       		.uleb128 0x7
 498 00f7 97010000 		.4byte	.LASF25
 499 00fb 06       		.byte	0x6
 500 00fc 00       		.byte	0
 501 00fd 03       		.uleb128 0x3
 502 00fe BE010000 		.4byte	.LASF26
 503 0102 05       		.byte	0x5
 504 0103 23       		.byte	0x23
 505 0104 C6000000 		.4byte	0xc6
 506 0108 08       		.uleb128 0x8
 507 0109 EA000000 		.4byte	.LASF44
 508 010d 06       		.byte	0x6
 509 010e 01       		.byte	0x1
 510 010f 14       		.byte	0x14
 511 0110 5D010000 		.4byte	0x15d
 512 0114 09       		.uleb128 0x9
 513 0115 98000000 		.4byte	.LASF27
 514 0119 01       		.byte	0x1
 515 011a 15       		.byte	0x15
 516 011b 81000000 		.4byte	0x81
 517 011f 00       		.byte	0
 518 0120 09       		.uleb128 0x9
 519 0121 A0000000 		.4byte	.LASF28
 520 0125 01       		.byte	0x1
 521 0126 16       		.byte	0x16
 522 0127 81000000 		.4byte	0x81
 523 012b 01       		.byte	0x1
 524 012c 09       		.uleb128 0x9
 525 012d A8000000 		.4byte	.LASF29
 526 0131 01       		.byte	0x1
 527 0132 17       		.byte	0x17
 528 0133 81000000 		.4byte	0x81
 529 0137 02       		.byte	0x2
 530 0138 09       		.uleb128 0x9
 531 0139 51010000 		.4byte	.LASF30
 532 013d 01       		.byte	0x1
 533 013e 18       		.byte	0x18
 534 013f 81000000 		.4byte	0x81
 535 0143 03       		.byte	0x3
 536 0144 09       		.uleb128 0x9
 537 0145 BA000000 		.4byte	.LASF31
 538 0149 01       		.byte	0x1
 539 014a 19       		.byte	0x19
ARM GAS  C:\Users\Calvi\AppData\Local\Temp\cc5THWBU.s 			page 12


 540 014b 81000000 		.4byte	0x81
 541 014f 04       		.byte	0x4
 542 0150 09       		.uleb128 0x9
 543 0151 C2000000 		.4byte	.LASF32
 544 0155 01       		.byte	0x1
 545 0156 1A       		.byte	0x1a
 546 0157 81000000 		.4byte	0x81
 547 015b 05       		.byte	0x5
 548 015c 00       		.byte	0
 549 015d 0A       		.uleb128 0xa
 550 015e 9C010000 		.4byte	.LASF33
 551 0162 01       		.byte	0x1
 552 0163 1E       		.byte	0x1e
 553 0164 97000000 		.4byte	0x97
 554 0168 00000000 		.4byte	.LFB64
 555 016c 8A000000 		.4byte	.LFE64-.LFB64
 556 0170 01       		.uleb128 0x1
 557 0171 9C       		.byte	0x9c
 558 0172 85010000 		.4byte	0x185
 559 0176 0B       		.uleb128 0xb
 560 0177 4B020000 		.4byte	.LASF35
 561 017b 01       		.byte	0x1
 562 017c 1F       		.byte	0x1f
 563 017d 97000000 		.4byte	0x97
 564 0181 02       		.uleb128 0x2
 565 0182 91       		.byte	0x91
 566 0183 77       		.sleb128 -9
 567 0184 00       		.byte	0
 568 0185 0A       		.uleb128 0xa
 569 0186 3E010000 		.4byte	.LASF34
 570 018a 01       		.byte	0x1
 571 018b 32       		.byte	0x32
 572 018c FD000000 		.4byte	0xfd
 573 0190 00000000 		.4byte	.LFB65
 574 0194 D8010000 		.4byte	.LFE65-.LFB65
 575 0198 01       		.uleb128 0x1
 576 0199 9C       		.byte	0x9c
 577 019a AD010000 		.4byte	0x1ad
 578 019e 0B       		.uleb128 0xb
 579 019f 9B020000 		.4byte	.LASF36
 580 01a3 01       		.byte	0x1
 581 01a4 33       		.byte	0x33
 582 01a5 97000000 		.4byte	0x97
 583 01a9 02       		.uleb128 0x2
 584 01aa 91       		.byte	0x91
 585 01ab 77       		.sleb128 -9
 586 01ac 00       		.byte	0
 587 01ad 0C       		.uleb128 0xc
 588 01ae 5E010000 		.4byte	.LASF37
 589 01b2 06       		.byte	0x6
 590 01b3 1207     		.2byte	0x712
 591 01b5 B9010000 		.4byte	0x1b9
 592 01b9 0D       		.uleb128 0xd
 593 01ba 8C000000 		.4byte	0x8c
 594 01be 0E       		.uleb128 0xe
 595 01bf 4B020000 		.4byte	.LASF35
 596 01c3 01       		.byte	0x1
ARM GAS  C:\Users\Calvi\AppData\Local\Temp\cc5THWBU.s 			page 13


 597 01c4 11       		.byte	0x11
 598 01c5 97000000 		.4byte	0x97
 599 01c9 05       		.uleb128 0x5
 600 01ca 03       		.byte	0x3
 601 01cb 00000000 		.4byte	sensorValues
 602 01cf 0E       		.uleb128 0xe
 603 01d0 CA000000 		.4byte	.LASF38
 604 01d4 01       		.byte	0x1
 605 01d5 12       		.byte	0x12
 606 01d6 FD000000 		.4byte	0xfd
 607 01da 05       		.uleb128 0x5
 608 01db 03       		.byte	0x3
 609 01dc 00000000 		.4byte	previous_movement
 610 01e0 0E       		.uleb128 0xe
 611 01e1 7E020000 		.4byte	.LASF39
 612 01e5 01       		.byte	0x1
 613 01e6 13       		.byte	0x13
 614 01e7 FD000000 		.4byte	0xfd
 615 01eb 05       		.uleb128 0x5
 616 01ec 03       		.byte	0x3
 617 01ed 00000000 		.4byte	current_movement
 618 01f1 0E       		.uleb128 0xe
 619 01f2 8F020000 		.4byte	.LASF40
 620 01f6 01       		.byte	0x1
 621 01f7 1C       		.byte	0x1c
 622 01f8 08010000 		.4byte	0x108
 623 01fc 05       		.uleb128 0x5
 624 01fd 03       		.byte	0x3
 625 01fe 00000000 		.4byte	this_struct
 626 0202 00       		.byte	0
 627              		.section	.debug_abbrev,"",%progbits
 628              	.Ldebug_abbrev0:
 629 0000 01       		.uleb128 0x1
 630 0001 11       		.uleb128 0x11
 631 0002 01       		.byte	0x1
 632 0003 25       		.uleb128 0x25
 633 0004 0E       		.uleb128 0xe
 634 0005 13       		.uleb128 0x13
 635 0006 0B       		.uleb128 0xb
 636 0007 03       		.uleb128 0x3
 637 0008 0E       		.uleb128 0xe
 638 0009 1B       		.uleb128 0x1b
 639 000a 0E       		.uleb128 0xe
 640 000b 55       		.uleb128 0x55
 641 000c 17       		.uleb128 0x17
 642 000d 11       		.uleb128 0x11
 643 000e 01       		.uleb128 0x1
 644 000f 10       		.uleb128 0x10
 645 0010 17       		.uleb128 0x17
 646 0011 00       		.byte	0
 647 0012 00       		.byte	0
 648 0013 02       		.uleb128 0x2
 649 0014 24       		.uleb128 0x24
 650 0015 00       		.byte	0
 651 0016 0B       		.uleb128 0xb
 652 0017 0B       		.uleb128 0xb
 653 0018 3E       		.uleb128 0x3e
ARM GAS  C:\Users\Calvi\AppData\Local\Temp\cc5THWBU.s 			page 14


 654 0019 0B       		.uleb128 0xb
 655 001a 03       		.uleb128 0x3
 656 001b 0E       		.uleb128 0xe
 657 001c 00       		.byte	0
 658 001d 00       		.byte	0
 659 001e 03       		.uleb128 0x3
 660 001f 16       		.uleb128 0x16
 661 0020 00       		.byte	0
 662 0021 03       		.uleb128 0x3
 663 0022 0E       		.uleb128 0xe
 664 0023 3A       		.uleb128 0x3a
 665 0024 0B       		.uleb128 0xb
 666 0025 3B       		.uleb128 0x3b
 667 0026 0B       		.uleb128 0xb
 668 0027 49       		.uleb128 0x49
 669 0028 13       		.uleb128 0x13
 670 0029 00       		.byte	0
 671 002a 00       		.byte	0
 672 002b 04       		.uleb128 0x4
 673 002c 24       		.uleb128 0x24
 674 002d 00       		.byte	0
 675 002e 0B       		.uleb128 0xb
 676 002f 0B       		.uleb128 0xb
 677 0030 3E       		.uleb128 0x3e
 678 0031 0B       		.uleb128 0xb
 679 0032 03       		.uleb128 0x3
 680 0033 08       		.uleb128 0x8
 681 0034 00       		.byte	0
 682 0035 00       		.byte	0
 683 0036 05       		.uleb128 0x5
 684 0037 16       		.uleb128 0x16
 685 0038 00       		.byte	0
 686 0039 03       		.uleb128 0x3
 687 003a 0E       		.uleb128 0xe
 688 003b 3A       		.uleb128 0x3a
 689 003c 0B       		.uleb128 0xb
 690 003d 3B       		.uleb128 0x3b
 691 003e 05       		.uleb128 0x5
 692 003f 49       		.uleb128 0x49
 693 0040 13       		.uleb128 0x13
 694 0041 00       		.byte	0
 695 0042 00       		.byte	0
 696 0043 06       		.uleb128 0x6
 697 0044 04       		.uleb128 0x4
 698 0045 01       		.byte	0x1
 699 0046 0B       		.uleb128 0xb
 700 0047 0B       		.uleb128 0xb
 701 0048 49       		.uleb128 0x49
 702 0049 13       		.uleb128 0x13
 703 004a 3A       		.uleb128 0x3a
 704 004b 0B       		.uleb128 0xb
 705 004c 3B       		.uleb128 0x3b
 706 004d 0B       		.uleb128 0xb
 707 004e 01       		.uleb128 0x1
 708 004f 13       		.uleb128 0x13
 709 0050 00       		.byte	0
 710 0051 00       		.byte	0
ARM GAS  C:\Users\Calvi\AppData\Local\Temp\cc5THWBU.s 			page 15


 711 0052 07       		.uleb128 0x7
 712 0053 28       		.uleb128 0x28
 713 0054 00       		.byte	0
 714 0055 03       		.uleb128 0x3
 715 0056 0E       		.uleb128 0xe
 716 0057 1C       		.uleb128 0x1c
 717 0058 0B       		.uleb128 0xb
 718 0059 00       		.byte	0
 719 005a 00       		.byte	0
 720 005b 08       		.uleb128 0x8
 721 005c 13       		.uleb128 0x13
 722 005d 01       		.byte	0x1
 723 005e 03       		.uleb128 0x3
 724 005f 0E       		.uleb128 0xe
 725 0060 0B       		.uleb128 0xb
 726 0061 0B       		.uleb128 0xb
 727 0062 3A       		.uleb128 0x3a
 728 0063 0B       		.uleb128 0xb
 729 0064 3B       		.uleb128 0x3b
 730 0065 0B       		.uleb128 0xb
 731 0066 01       		.uleb128 0x1
 732 0067 13       		.uleb128 0x13
 733 0068 00       		.byte	0
 734 0069 00       		.byte	0
 735 006a 09       		.uleb128 0x9
 736 006b 0D       		.uleb128 0xd
 737 006c 00       		.byte	0
 738 006d 03       		.uleb128 0x3
 739 006e 0E       		.uleb128 0xe
 740 006f 3A       		.uleb128 0x3a
 741 0070 0B       		.uleb128 0xb
 742 0071 3B       		.uleb128 0x3b
 743 0072 0B       		.uleb128 0xb
 744 0073 49       		.uleb128 0x49
 745 0074 13       		.uleb128 0x13
 746 0075 38       		.uleb128 0x38
 747 0076 0B       		.uleb128 0xb
 748 0077 00       		.byte	0
 749 0078 00       		.byte	0
 750 0079 0A       		.uleb128 0xa
 751 007a 2E       		.uleb128 0x2e
 752 007b 01       		.byte	0x1
 753 007c 3F       		.uleb128 0x3f
 754 007d 19       		.uleb128 0x19
 755 007e 03       		.uleb128 0x3
 756 007f 0E       		.uleb128 0xe
 757 0080 3A       		.uleb128 0x3a
 758 0081 0B       		.uleb128 0xb
 759 0082 3B       		.uleb128 0x3b
 760 0083 0B       		.uleb128 0xb
 761 0084 27       		.uleb128 0x27
 762 0085 19       		.uleb128 0x19
 763 0086 49       		.uleb128 0x49
 764 0087 13       		.uleb128 0x13
 765 0088 11       		.uleb128 0x11
 766 0089 01       		.uleb128 0x1
 767 008a 12       		.uleb128 0x12
ARM GAS  C:\Users\Calvi\AppData\Local\Temp\cc5THWBU.s 			page 16


 768 008b 06       		.uleb128 0x6
 769 008c 40       		.uleb128 0x40
 770 008d 18       		.uleb128 0x18
 771 008e 9642     		.uleb128 0x2116
 772 0090 19       		.uleb128 0x19
 773 0091 01       		.uleb128 0x1
 774 0092 13       		.uleb128 0x13
 775 0093 00       		.byte	0
 776 0094 00       		.byte	0
 777 0095 0B       		.uleb128 0xb
 778 0096 34       		.uleb128 0x34
 779 0097 00       		.byte	0
 780 0098 03       		.uleb128 0x3
 781 0099 0E       		.uleb128 0xe
 782 009a 3A       		.uleb128 0x3a
 783 009b 0B       		.uleb128 0xb
 784 009c 3B       		.uleb128 0x3b
 785 009d 0B       		.uleb128 0xb
 786 009e 49       		.uleb128 0x49
 787 009f 13       		.uleb128 0x13
 788 00a0 02       		.uleb128 0x2
 789 00a1 18       		.uleb128 0x18
 790 00a2 00       		.byte	0
 791 00a3 00       		.byte	0
 792 00a4 0C       		.uleb128 0xc
 793 00a5 34       		.uleb128 0x34
 794 00a6 00       		.byte	0
 795 00a7 03       		.uleb128 0x3
 796 00a8 0E       		.uleb128 0xe
 797 00a9 3A       		.uleb128 0x3a
 798 00aa 0B       		.uleb128 0xb
 799 00ab 3B       		.uleb128 0x3b
 800 00ac 05       		.uleb128 0x5
 801 00ad 49       		.uleb128 0x49
 802 00ae 13       		.uleb128 0x13
 803 00af 3F       		.uleb128 0x3f
 804 00b0 19       		.uleb128 0x19
 805 00b1 3C       		.uleb128 0x3c
 806 00b2 19       		.uleb128 0x19
 807 00b3 00       		.byte	0
 808 00b4 00       		.byte	0
 809 00b5 0D       		.uleb128 0xd
 810 00b6 35       		.uleb128 0x35
 811 00b7 00       		.byte	0
 812 00b8 49       		.uleb128 0x49
 813 00b9 13       		.uleb128 0x13
 814 00ba 00       		.byte	0
 815 00bb 00       		.byte	0
 816 00bc 0E       		.uleb128 0xe
 817 00bd 34       		.uleb128 0x34
 818 00be 00       		.byte	0
 819 00bf 03       		.uleb128 0x3
 820 00c0 0E       		.uleb128 0xe
 821 00c1 3A       		.uleb128 0x3a
 822 00c2 0B       		.uleb128 0xb
 823 00c3 3B       		.uleb128 0x3b
 824 00c4 0B       		.uleb128 0xb
ARM GAS  C:\Users\Calvi\AppData\Local\Temp\cc5THWBU.s 			page 17


 825 00c5 49       		.uleb128 0x49
 826 00c6 13       		.uleb128 0x13
 827 00c7 3F       		.uleb128 0x3f
 828 00c8 19       		.uleb128 0x19
 829 00c9 02       		.uleb128 0x2
 830 00ca 18       		.uleb128 0x18
 831 00cb 00       		.byte	0
 832 00cc 00       		.byte	0
 833 00cd 00       		.byte	0
 834              		.section	.debug_aranges,"",%progbits
 835 0000 24000000 		.4byte	0x24
 836 0004 0200     		.2byte	0x2
 837 0006 00000000 		.4byte	.Ldebug_info0
 838 000a 04       		.byte	0x4
 839 000b 00       		.byte	0
 840 000c 0000     		.2byte	0
 841 000e 0000     		.2byte	0
 842 0010 00000000 		.4byte	.LFB64
 843 0014 8A000000 		.4byte	.LFE64-.LFB64
 844 0018 00000000 		.4byte	.LFB65
 845 001c D8010000 		.4byte	.LFE65-.LFB65
 846 0020 00000000 		.4byte	0
 847 0024 00000000 		.4byte	0
 848              		.section	.debug_ranges,"",%progbits
 849              	.Ldebug_ranges0:
 850 0000 00000000 		.4byte	.LFB64
 851 0004 8A000000 		.4byte	.LFE64
 852 0008 00000000 		.4byte	.LFB65
 853 000c D8010000 		.4byte	.LFE65
 854 0010 00000000 		.4byte	0
 855 0014 00000000 		.4byte	0
 856              		.section	.debug_line,"",%progbits
 857              	.Ldebug_line0:
 858 0000 BB010000 		.section	.debug_str,"MS",%progbits,1
 858      02006601 
 858      00000201 
 858      FB0E0D00 
 858      01010101 
 859              	.LASF4:
 860 0000 5F5F7569 		.ascii	"__uint8_t\000"
 860      6E74385F 
 860      7400
 861              	.LASF41:
 862 000a 474E5520 		.ascii	"GNU C11 5.4.1 20160609 (release) [ARM/embedded-5-br"
 862      43313120 
 862      352E342E 
 862      31203230 
 862      31363036 
 863 003d 616E6368 		.ascii	"anch revision 237715] -mcpu=cortex-m3 -mthumb -g -O"
 863      20726576 
 863      6973696F 
 863      6E203233 
 863      37373135 
 864 0070 30202D66 		.ascii	"0 -ffunction-sections -ffat-lto-objects\000"
 864      66756E63 
 864      74696F6E 
 864      2D736563 
ARM GAS  C:\Users\Calvi\AppData\Local\Temp\cc5THWBU.s 			page 18


 864      74696F6E 
 865              	.LASF27:
 866 0098 6F757470 		.ascii	"output1\000"
 866      75743100 
 867              	.LASF28:
 868 00a0 6F757470 		.ascii	"output2\000"
 868      75743200 
 869              	.LASF29:
 870 00a8 6F757470 		.ascii	"output3\000"
 870      75743300 
 871              	.LASF5:
 872 00b0 5F5F696E 		.ascii	"__int32_t\000"
 872      7433325F 
 872      7400
 873              	.LASF31:
 874 00ba 6F757470 		.ascii	"output5\000"
 874      75743500 
 875              	.LASF32:
 876 00c2 6F757470 		.ascii	"output6\000"
 876      75743600 
 877              	.LASF38:
 878 00ca 70726576 		.ascii	"previous_movement\000"
 878      696F7573 
 878      5F6D6F76 
 878      656D656E 
 878      7400
 879              	.LASF12:
 880 00dc 696E7433 		.ascii	"int32_t\000"
 880      325F7400 
 881              	.LASF14:
 882 00e4 666C6F61 		.ascii	"float\000"
 882      7400
 883              	.LASF44:
 884 00ea 4D795374 		.ascii	"MyStructure\000"
 884      72756374 
 884      75726500 
 885              	.LASF1:
 886 00f6 756E7369 		.ascii	"unsigned char\000"
 886      676E6564 
 886      20636861 
 886      7200
 887              	.LASF21:
 888 0104 52494748 		.ascii	"RIGHT_TURN\000"
 888      545F5455 
 888      524E00
 889              	.LASF7:
 890 010f 6C6F6E67 		.ascii	"long unsigned int\000"
 890      20756E73 
 890      69676E65 
 890      6420696E 
 890      7400
 891              	.LASF3:
 892 0121 73686F72 		.ascii	"short unsigned int\000"
 892      7420756E 
 892      7369676E 
 892      65642069 
 892      6E7400
ARM GAS  C:\Users\Calvi\AppData\Local\Temp\cc5THWBU.s 			page 19


 893              	.LASF20:
 894 0134 4C454654 		.ascii	"LEFT_TURN\000"
 894      5F545552 
 894      4E00
 895              	.LASF34:
 896 013e 4765744D 		.ascii	"GetMovement\000"
 896      6F76656D 
 896      656E7400 
 897              	.LASF15:
 898 014a 646F7562 		.ascii	"double\000"
 898      6C6500
 899              	.LASF30:
 900 0151 6F757470 		.ascii	"output4\000"
 900      75743400 
 901              	.LASF24:
 902 0159 53544F50 		.ascii	"STOP\000"
 902      00
 903              	.LASF37:
 904 015e 49544D5F 		.ascii	"ITM_RxBuffer\000"
 904      52784275 
 904      66666572 
 904      00
 905              	.LASF10:
 906 016b 756E7369 		.ascii	"unsigned int\000"
 906      676E6564 
 906      20696E74 
 906      00
 907              	.LASF9:
 908 0178 6C6F6E67 		.ascii	"long long unsigned int\000"
 908      206C6F6E 
 908      6720756E 
 908      7369676E 
 908      65642069 
 909              	.LASF11:
 910 018f 75696E74 		.ascii	"uint8_t\000"
 910      385F7400 
 911              	.LASF25:
 912 0197 57414954 		.ascii	"WAIT\000"
 912      00
 913              	.LASF33:
 914 019c 52656164 		.ascii	"ReadSensors\000"
 914      53656E73 
 914      6F727300 
 915              	.LASF22:
 916 01a8 44524946 		.ascii	"DRIFTED_LEFT\000"
 916      5445445F 
 916      4C454654 
 916      00
 917              	.LASF18:
 918 01b5 73697A65 		.ascii	"sizetype\000"
 918      74797065 
 918      00
 919              	.LASF26:
 920 01be 4D6F7665 		.ascii	"MovementState\000"
 920      6D656E74 
 920      53746174 
 920      6500
ARM GAS  C:\Users\Calvi\AppData\Local\Temp\cc5THWBU.s 			page 20


 921              	.LASF8:
 922 01cc 6C6F6E67 		.ascii	"long long int\000"
 922      206C6F6E 
 922      6720696E 
 922      7400
 923              	.LASF16:
 924 01da 63686172 		.ascii	"char\000"
 924      00
 925              	.LASF43:
 926 01df 433A5C55 		.ascii	"C:\\Users\\Calvi\\Desktop\\301\\psoc firmware\\CS30"
 926      73657273 
 926      5C43616C 
 926      76695C44 
 926      65736B74 
 927 020c 315F436C 		.ascii	"1_Class.cydsn\000"
 927      6173732E 
 927      63796473 
 927      6E00
 928              	.LASF2:
 929 021a 73686F72 		.ascii	"short int\000"
 929      7420696E 
 929      7400
 930              	.LASF13:
 931 0224 75696E74 		.ascii	"uint8\000"
 931      3800
 932              	.LASF19:
 933 022a 53545241 		.ascii	"STRAIGHT\000"
 933      49474854 
 933      00
 934              	.LASF42:
 935 0233 53454E53 		.ascii	"SENSORS_READ.c\000"
 935      4F52535F 
 935      52454144 
 935      2E6300
 936              	.LASF6:
 937 0242 6C6F6E67 		.ascii	"long int\000"
 937      20696E74 
 937      00
 938              	.LASF35:
 939 024b 73656E73 		.ascii	"sensorValues\000"
 939      6F725661 
 939      6C756573 
 939      00
 940              	.LASF17:
 941 0258 6C6F6E67 		.ascii	"long double\000"
 941      20646F75 
 941      626C6500 
 942              	.LASF0:
 943 0264 7369676E 		.ascii	"signed char\000"
 943      65642063 
 943      68617200 
 944              	.LASF23:
 945 0270 44524946 		.ascii	"DRIFTED_RIGHT\000"
 945      5445445F 
 945      52494748 
 945      5400
 946              	.LASF39:
ARM GAS  C:\Users\Calvi\AppData\Local\Temp\cc5THWBU.s 			page 21


 947 027e 63757272 		.ascii	"current_movement\000"
 947      656E745F 
 947      6D6F7665 
 947      6D656E74 
 947      00
 948              	.LASF40:
 949 028f 74686973 		.ascii	"this_struct\000"
 949      5F737472 
 949      75637400 
 950              	.LASF36:
 951 029b 73656E73 		.ascii	"sensors\000"
 951      6F727300 
 952              		.ident	"GCC: (GNU Tools for ARM Embedded Processors) 5.4.1 20160609 (release) [ARM/embedded-5-bran
