ARM GAS  C:\Users\dpat391\AppData\Local\Temp\ccpxbNwN.s 			page 1


   1              		.syntax unified
   2              		.cpu cortex-m3
   3              		.fpu softvfp
   4              		.eabi_attribute 20, 1
   5              		.eabi_attribute 21, 1
   6              		.eabi_attribute 23, 3
   7              		.eabi_attribute 24, 1
   8              		.eabi_attribute 25, 1
   9              		.eabi_attribute 26, 1
  10              		.eabi_attribute 30, 6
  11              		.eabi_attribute 34, 1
  12              		.eabi_attribute 18, 4
  13              		.thumb
  14              		.syntax unified
  15              		.file	"STOP.c"
  16              		.text
  17              	.Ltext0:
  18              		.cfi_sections	.debug_frame
  19              		.section	.text.STOP_MOVING,"ax",%progbits
  20              		.align	2
  21              		.global	STOP_MOVING
  22              		.thumb
  23              		.thumb_func
  24              		.type	STOP_MOVING, %function
  25              	STOP_MOVING:
  26              	.LFB64:
  27              		.file 1 "STOP.c"
   1:STOP.c        **** /* ========================================
   2:STOP.c        ****  *
   3:STOP.c        ****  * Copyright YOUR COMPANY, THE YEAR
   4:STOP.c        ****  * All Rights Reserved
   5:STOP.c        ****  * UNPUBLISHED, LICENSED SOFTWARE.
   6:STOP.c        ****  *
   7:STOP.c        ****  * CONFIDENTIAL AND PROPRIETARY INFORMATION
   8:STOP.c        ****  * WHICH IS THE PROPERTY OF your company.
   9:STOP.c        ****  *
  10:STOP.c        ****  * ========================================
  11:STOP.c        **** */
  12:STOP.c        **** 
  13:STOP.c        **** /* [] END OF FILE */
  14:STOP.c        **** 
  15:STOP.c        **** #include "STOP.h"
  16:STOP.c        **** 
  17:STOP.c        **** void STOP_MOVING()
  18:STOP.c        **** {
  28              		.loc 1 18 0
  29              		.cfi_startproc
  30              		@ args = 0, pretend = 0, frame = 0
  31              		@ frame_needed = 1, uses_anonymous_args = 0
  32 0000 80B5     		push	{r7, lr}
  33              		.cfi_def_cfa_offset 8
  34              		.cfi_offset 7, -8
  35              		.cfi_offset 14, -4
  36 0002 00AF     		add	r7, sp, #0
  37              		.cfi_def_cfa_register 7
  19:STOP.c        ****     PWM_1_WriteCompare(127);
  38              		.loc 1 19 0
ARM GAS  C:\Users\dpat391\AppData\Local\Temp\ccpxbNwN.s 			page 2


  39 0004 7F20     		movs	r0, #127
  40 0006 FFF7FEFF 		bl	PWM_1_WriteCompare
  20:STOP.c        ****     PWM_2_WriteCompare(127);
  41              		.loc 1 20 0
  42 000a 7F20     		movs	r0, #127
  43 000c FFF7FEFF 		bl	PWM_2_WriteCompare
  21:STOP.c        **** 
  22:STOP.c        **** }...
  44              		.loc 1 22 0
  45 0010 00BF     		nop
  46 0012 80BD     		pop	{r7, pc}
  47              		.cfi_endproc
  48              	.LFE64:
  49              		.size	STOP_MOVING, .-STOP_MOVING
  50              		.text
  51              	.Letext0:
  52              		.file 2 "c:\\program files (x86)\\cypress\\psoc creator\\4.2\\psoc creator\\import\\gnu\\arm\\5.4.
  53              		.file 3 "c:\\program files (x86)\\cypress\\psoc creator\\4.2\\psoc creator\\import\\gnu\\arm\\5.4.
  54              		.file 4 "Generated_Source\\PSoC5/core_cm3.h"
  55              		.section	.debug_info,"",%progbits
  56              	.Ldebug_info0:
  57 0000 C3000000 		.4byte	0xc3
  58 0004 0400     		.2byte	0x4
  59 0006 00000000 		.4byte	.Ldebug_abbrev0
  60 000a 04       		.byte	0x4
  61 000b 01       		.uleb128 0x1
  62 000c 57000000 		.4byte	.LASF16
  63 0010 0C       		.byte	0xc
  64 0011 80010000 		.4byte	.LASF17
  65 0015 14010000 		.4byte	.LASF18
  66 0019 00000000 		.4byte	.Ldebug_ranges0+0
  67 001d 00000000 		.4byte	0
  68 0021 00000000 		.4byte	.Ldebug_line0
  69 0025 02       		.uleb128 0x2
  70 0026 01       		.byte	0x1
  71 0027 06       		.byte	0x6
  72 0028 68010000 		.4byte	.LASF0
  73 002c 02       		.uleb128 0x2
  74 002d 01       		.byte	0x1
  75 002e 08       		.byte	0x8
  76 002f E5000000 		.4byte	.LASF1
  77 0033 02       		.uleb128 0x2
  78 0034 02       		.byte	0x2
  79 0035 05       		.byte	0x5
  80 0036 97010000 		.4byte	.LASF2
  81 003a 02       		.uleb128 0x2
  82 003b 02       		.byte	0x2
  83 003c 07       		.byte	0x7
  84 003d 0E000000 		.4byte	.LASF3
  85 0041 03       		.uleb128 0x3
  86 0042 87010000 		.4byte	.LASF9
  87 0046 02       		.byte	0x2
  88 0047 3F       		.byte	0x3f
  89 0048 4C000000 		.4byte	0x4c
  90 004c 02       		.uleb128 0x2
  91 004d 04       		.byte	0x4
  92 004e 05       		.byte	0x5
ARM GAS  C:\Users\dpat391\AppData\Local\Temp\ccpxbNwN.s 			page 3


  93 004f F8000000 		.4byte	.LASF4
  94 0053 02       		.uleb128 0x2
  95 0054 04       		.byte	0x4
  96 0055 07       		.byte	0x7
  97 0056 2E000000 		.4byte	.LASF5
  98 005a 02       		.uleb128 0x2
  99 005b 08       		.byte	0x8
 100 005c 05       		.byte	0x5
 101 005d 00000000 		.4byte	.LASF6
 102 0061 02       		.uleb128 0x2
 103 0062 08       		.byte	0x8
 104 0063 07       		.byte	0x7
 105 0064 40000000 		.4byte	.LASF7
 106 0068 04       		.uleb128 0x4
 107 0069 04       		.byte	0x4
 108 006a 05       		.byte	0x5
 109 006b 696E7400 		.ascii	"int\000"
 110 006f 02       		.uleb128 0x2
 111 0070 04       		.byte	0x4
 112 0071 07       		.byte	0x7
 113 0072 21000000 		.4byte	.LASF8
 114 0076 03       		.uleb128 0x3
 115 0077 A1010000 		.4byte	.LASF10
 116 007b 03       		.byte	0x3
 117 007c 2C       		.byte	0x2c
 118 007d 41000000 		.4byte	0x41
 119 0081 02       		.uleb128 0x2
 120 0082 04       		.byte	0x4
 121 0083 04       		.byte	0x4
 122 0084 91010000 		.4byte	.LASF11
 123 0088 02       		.uleb128 0x2
 124 0089 08       		.byte	0x8
 125 008a 04       		.byte	0x4
 126 008b 01010000 		.4byte	.LASF12
 127 008f 02       		.uleb128 0x2
 128 0090 01       		.byte	0x1
 129 0091 08       		.byte	0x8
 130 0092 F3000000 		.4byte	.LASF13
 131 0096 02       		.uleb128 0x2
 132 0097 08       		.byte	0x8
 133 0098 04       		.byte	0x4
 134 0099 74010000 		.4byte	.LASF14
 135 009d 02       		.uleb128 0x2
 136 009e 04       		.byte	0x4
 137 009f 07       		.byte	0x7
 138 00a0 A9010000 		.4byte	.LASF15
 139 00a4 05       		.uleb128 0x5
 140 00a5 08010000 		.4byte	.LASF19
 141 00a9 01       		.byte	0x1
 142 00aa 11       		.byte	0x11
 143 00ab 00000000 		.4byte	.LFB64
 144 00af 14000000 		.4byte	.LFE64-.LFB64
 145 00b3 01       		.uleb128 0x1
 146 00b4 9C       		.byte	0x9c
 147 00b5 06       		.uleb128 0x6
 148 00b6 5B010000 		.4byte	.LASF20
 149 00ba 04       		.byte	0x4
ARM GAS  C:\Users\dpat391\AppData\Local\Temp\ccpxbNwN.s 			page 4


 150 00bb 1207     		.2byte	0x712
 151 00bd C1000000 		.4byte	0xc1
 152 00c1 07       		.uleb128 0x7
 153 00c2 76000000 		.4byte	0x76
 154 00c6 00       		.byte	0
 155              		.section	.debug_abbrev,"",%progbits
 156              	.Ldebug_abbrev0:
 157 0000 01       		.uleb128 0x1
 158 0001 11       		.uleb128 0x11
 159 0002 01       		.byte	0x1
 160 0003 25       		.uleb128 0x25
 161 0004 0E       		.uleb128 0xe
 162 0005 13       		.uleb128 0x13
 163 0006 0B       		.uleb128 0xb
 164 0007 03       		.uleb128 0x3
 165 0008 0E       		.uleb128 0xe
 166 0009 1B       		.uleb128 0x1b
 167 000a 0E       		.uleb128 0xe
 168 000b 55       		.uleb128 0x55
 169 000c 17       		.uleb128 0x17
 170 000d 11       		.uleb128 0x11
 171 000e 01       		.uleb128 0x1
 172 000f 10       		.uleb128 0x10
 173 0010 17       		.uleb128 0x17
 174 0011 00       		.byte	0
 175 0012 00       		.byte	0
 176 0013 02       		.uleb128 0x2
 177 0014 24       		.uleb128 0x24
 178 0015 00       		.byte	0
 179 0016 0B       		.uleb128 0xb
 180 0017 0B       		.uleb128 0xb
 181 0018 3E       		.uleb128 0x3e
 182 0019 0B       		.uleb128 0xb
 183 001a 03       		.uleb128 0x3
 184 001b 0E       		.uleb128 0xe
 185 001c 00       		.byte	0
 186 001d 00       		.byte	0
 187 001e 03       		.uleb128 0x3
 188 001f 16       		.uleb128 0x16
 189 0020 00       		.byte	0
 190 0021 03       		.uleb128 0x3
 191 0022 0E       		.uleb128 0xe
 192 0023 3A       		.uleb128 0x3a
 193 0024 0B       		.uleb128 0xb
 194 0025 3B       		.uleb128 0x3b
 195 0026 0B       		.uleb128 0xb
 196 0027 49       		.uleb128 0x49
 197 0028 13       		.uleb128 0x13
 198 0029 00       		.byte	0
 199 002a 00       		.byte	0
 200 002b 04       		.uleb128 0x4
 201 002c 24       		.uleb128 0x24
 202 002d 00       		.byte	0
 203 002e 0B       		.uleb128 0xb
 204 002f 0B       		.uleb128 0xb
 205 0030 3E       		.uleb128 0x3e
 206 0031 0B       		.uleb128 0xb
ARM GAS  C:\Users\dpat391\AppData\Local\Temp\ccpxbNwN.s 			page 5


 207 0032 03       		.uleb128 0x3
 208 0033 08       		.uleb128 0x8
 209 0034 00       		.byte	0
 210 0035 00       		.byte	0
 211 0036 05       		.uleb128 0x5
 212 0037 2E       		.uleb128 0x2e
 213 0038 00       		.byte	0
 214 0039 3F       		.uleb128 0x3f
 215 003a 19       		.uleb128 0x19
 216 003b 03       		.uleb128 0x3
 217 003c 0E       		.uleb128 0xe
 218 003d 3A       		.uleb128 0x3a
 219 003e 0B       		.uleb128 0xb
 220 003f 3B       		.uleb128 0x3b
 221 0040 0B       		.uleb128 0xb
 222 0041 11       		.uleb128 0x11
 223 0042 01       		.uleb128 0x1
 224 0043 12       		.uleb128 0x12
 225 0044 06       		.uleb128 0x6
 226 0045 40       		.uleb128 0x40
 227 0046 18       		.uleb128 0x18
 228 0047 9642     		.uleb128 0x2116
 229 0049 19       		.uleb128 0x19
 230 004a 00       		.byte	0
 231 004b 00       		.byte	0
 232 004c 06       		.uleb128 0x6
 233 004d 34       		.uleb128 0x34
 234 004e 00       		.byte	0
 235 004f 03       		.uleb128 0x3
 236 0050 0E       		.uleb128 0xe
 237 0051 3A       		.uleb128 0x3a
 238 0052 0B       		.uleb128 0xb
 239 0053 3B       		.uleb128 0x3b
 240 0054 05       		.uleb128 0x5
 241 0055 49       		.uleb128 0x49
 242 0056 13       		.uleb128 0x13
 243 0057 3F       		.uleb128 0x3f
 244 0058 19       		.uleb128 0x19
 245 0059 3C       		.uleb128 0x3c
 246 005a 19       		.uleb128 0x19
 247 005b 00       		.byte	0
 248 005c 00       		.byte	0
 249 005d 07       		.uleb128 0x7
 250 005e 35       		.uleb128 0x35
 251 005f 00       		.byte	0
 252 0060 49       		.uleb128 0x49
 253 0061 13       		.uleb128 0x13
 254 0062 00       		.byte	0
 255 0063 00       		.byte	0
 256 0064 00       		.byte	0
 257              		.section	.debug_aranges,"",%progbits
 258 0000 1C000000 		.4byte	0x1c
 259 0004 0200     		.2byte	0x2
 260 0006 00000000 		.4byte	.Ldebug_info0
 261 000a 04       		.byte	0x4
 262 000b 00       		.byte	0
 263 000c 0000     		.2byte	0
ARM GAS  C:\Users\dpat391\AppData\Local\Temp\ccpxbNwN.s 			page 6


 264 000e 0000     		.2byte	0
 265 0010 00000000 		.4byte	.LFB64
 266 0014 14000000 		.4byte	.LFE64-.LFB64
 267 0018 00000000 		.4byte	0
 268 001c 00000000 		.4byte	0
 269              		.section	.debug_ranges,"",%progbits
 270              	.Ldebug_ranges0:
 271 0000 00000000 		.4byte	.LFB64
 272 0004 14000000 		.4byte	.LFE64
 273 0008 00000000 		.4byte	0
 274 000c 00000000 		.4byte	0
 275              		.section	.debug_line,"",%progbits
 276              	.Ldebug_line0:
 277 0000 57010000 		.section	.debug_str,"MS",%progbits,1
 277      02003F01 
 277      00000201 
 277      FB0E0D00 
 277      01010101 
 278              	.LASF6:
 279 0000 6C6F6E67 		.ascii	"long long int\000"
 279      206C6F6E 
 279      6720696E 
 279      7400
 280              	.LASF3:
 281 000e 73686F72 		.ascii	"short unsigned int\000"
 281      7420756E 
 281      7369676E 
 281      65642069 
 281      6E7400
 282              	.LASF8:
 283 0021 756E7369 		.ascii	"unsigned int\000"
 283      676E6564 
 283      20696E74 
 283      00
 284              	.LASF5:
 285 002e 6C6F6E67 		.ascii	"long unsigned int\000"
 285      20756E73 
 285      69676E65 
 285      6420696E 
 285      7400
 286              	.LASF7:
 287 0040 6C6F6E67 		.ascii	"long long unsigned int\000"
 287      206C6F6E 
 287      6720756E 
 287      7369676E 
 287      65642069 
 288              	.LASF16:
 289 0057 474E5520 		.ascii	"GNU C11 5.4.1 20160609 (release) [ARM/embedded-5-br"
 289      43313120 
 289      352E342E 
 289      31203230 
 289      31363036 
 290 008a 616E6368 		.ascii	"anch revision 237715] -mcpu=cortex-m3 -mthumb -g -O"
 290      20726576 
 290      6973696F 
 290      6E203233 
 290      37373135 
ARM GAS  C:\Users\dpat391\AppData\Local\Temp\ccpxbNwN.s 			page 7


 291 00bd 30202D66 		.ascii	"0 -ffunction-sections -ffat-lto-objects\000"
 291      66756E63 
 291      74696F6E 
 291      2D736563 
 291      74696F6E 
 292              	.LASF1:
 293 00e5 756E7369 		.ascii	"unsigned char\000"
 293      676E6564 
 293      20636861 
 293      7200
 294              	.LASF13:
 295 00f3 63686172 		.ascii	"char\000"
 295      00
 296              	.LASF4:
 297 00f8 6C6F6E67 		.ascii	"long int\000"
 297      20696E74 
 297      00
 298              	.LASF12:
 299 0101 646F7562 		.ascii	"double\000"
 299      6C6500
 300              	.LASF19:
 301 0108 53544F50 		.ascii	"STOP_MOVING\000"
 301      5F4D4F56 
 301      494E4700 
 302              	.LASF18:
 303 0114 433A5C55 		.ascii	"C:\\Users\\dpat391\\Downloads\\301MotorCar\\psoc fi"
 303      73657273 
 303      5C647061 
 303      74333931 
 303      5C446F77 
 304 0142 726D7761 		.ascii	"rmware\\CS301_Class.cydsn\000"
 304      72655C43 
 304      53333031 
 304      5F436C61 
 304      73732E63 
 305              	.LASF20:
 306 015b 49544D5F 		.ascii	"ITM_RxBuffer\000"
 306      52784275 
 306      66666572 
 306      00
 307              	.LASF0:
 308 0168 7369676E 		.ascii	"signed char\000"
 308      65642063 
 308      68617200 
 309              	.LASF14:
 310 0174 6C6F6E67 		.ascii	"long double\000"
 310      20646F75 
 310      626C6500 
 311              	.LASF17:
 312 0180 53544F50 		.ascii	"STOP.c\000"
 312      2E6300
 313              	.LASF9:
 314 0187 5F5F696E 		.ascii	"__int32_t\000"
 314      7433325F 
 314      7400
 315              	.LASF11:
 316 0191 666C6F61 		.ascii	"float\000"
ARM GAS  C:\Users\dpat391\AppData\Local\Temp\ccpxbNwN.s 			page 8


 316      7400
 317              	.LASF2:
 318 0197 73686F72 		.ascii	"short int\000"
 318      7420696E 
 318      7400
 319              	.LASF10:
 320 01a1 696E7433 		.ascii	"int32_t\000"
 320      325F7400 
 321              	.LASF15:
 322 01a9 73697A65 		.ascii	"sizetype\000"
 322      74797065 
 322      00
 323              		.ident	"GCC: (GNU Tools for ARM Embedded Processors) 5.4.1 20160609 (release) [ARM/embedded-5-bran
