ARM GAS  C:\Users\Calvi\AppData\Local\Temp\cc8OwS7R.s 			page 1


   1              		.syntax unified
   2              		.cpu cortex-m3
   3              		.fpu softvfp
   4              		.eabi_attribute 20, 1
   5              		.eabi_attribute 21, 1
   6              		.eabi_attribute 23, 3
   7              		.eabi_attribute 24, 1
   8              		.eabi_attribute 25, 1
   9              		.eabi_attribute 26, 1
  10              		.eabi_attribute 30, 6
  11              		.eabi_attribute 34, 1
  12              		.eabi_attribute 18, 4
  13              		.thumb
  14              		.syntax unified
  15              		.file	"STRAIGHT.c"
  16              		.text
  17              	.Ltext0:
  18              		.cfi_sections	.debug_frame
  19              		.section	.text.MOVE_STRAIGHT,"ax",%progbits
  20              		.align	2
  21              		.global	MOVE_STRAIGHT
  22              		.thumb
  23              		.thumb_func
  24              		.type	MOVE_STRAIGHT, %function
  25              	MOVE_STRAIGHT:
  26              	.LFB64:
  27              		.file 1 "STRAIGHT.c"
   1:STRAIGHT.c    **** /* ========================================
   2:STRAIGHT.c    ****  *
   3:STRAIGHT.c    ****  * Copyright YOUR COMPANY, THE YEAR
   4:STRAIGHT.c    ****  * All Rights Reserved
   5:STRAIGHT.c    ****  * UNPUBLISHED, LICENSED SOFTWARE.
   6:STRAIGHT.c    ****  *
   7:STRAIGHT.c    ****  * CONFIDENTIAL AND PROPRIETARY INFORMATION
   8:STRAIGHT.c    ****  * WHICH IS THE PROPERTY OF your company.
   9:STRAIGHT.c    ****  *
  10:STRAIGHT.c    ****  * ========================================
  11:STRAIGHT.c    **** */
  12:STRAIGHT.c    **** 
  13:STRAIGHT.c    **** /* [] END OF FILE */
  14:STRAIGHT.c    **** #include "STRAIGHT.h"
  15:STRAIGHT.c    **** 
  16:STRAIGHT.c    **** void MOVE_STRAIGHT()
  17:STRAIGHT.c    **** {
  28              		.loc 1 17 0
  29              		.cfi_startproc
  30              		@ args = 0, pretend = 0, frame = 0
  31              		@ frame_needed = 1, uses_anonymous_args = 0
  32 0000 80B5     		push	{r7, lr}
  33              		.cfi_def_cfa_offset 8
  34              		.cfi_offset 7, -8
  35              		.cfi_offset 14, -4
  36 0002 00AF     		add	r7, sp, #0
  37              		.cfi_def_cfa_register 7
  18:STRAIGHT.c    ****     PWM_1_Start();
  38              		.loc 1 18 0
  39 0004 FFF7FEFF 		bl	PWM_1_Start
ARM GAS  C:\Users\Calvi\AppData\Local\Temp\cc8OwS7R.s 			page 2


  19:STRAIGHT.c    ****     PWM_2_Start();
  40              		.loc 1 19 0
  41 0008 FFF7FEFF 		bl	PWM_2_Start
  20:STRAIGHT.c    ****     PWM_1_WriteCompare(210);
  42              		.loc 1 20 0
  43 000c D220     		movs	r0, #210
  44 000e FFF7FEFF 		bl	PWM_1_WriteCompare
  21:STRAIGHT.c    ****     PWM_2_WriteCompare(210);
  45              		.loc 1 21 0
  46 0012 D220     		movs	r0, #210
  47 0014 FFF7FEFF 		bl	PWM_2_WriteCompare
  22:STRAIGHT.c    ****     CyDelay(1000);
  48              		.loc 1 22 0
  49 0018 4FF47A70 		mov	r0, #1000
  50 001c FFF7FEFF 		bl	CyDelay
  23:STRAIGHT.c    ****     PWM_1_WriteCompare(127);
  51              		.loc 1 23 0
  52 0020 7F20     		movs	r0, #127
  53 0022 FFF7FEFF 		bl	PWM_1_WriteCompare
  24:STRAIGHT.c    ****     PWM_2_WriteCompare(127);
  54              		.loc 1 24 0
  55 0026 7F20     		movs	r0, #127
  56 0028 FFF7FEFF 		bl	PWM_2_WriteCompare
  25:STRAIGHT.c    ****     
  26:STRAIGHT.c    **** 
  27:STRAIGHT.c    **** }...
  57              		.loc 1 27 0
  58 002c 00BF     		nop
  59 002e 80BD     		pop	{r7, pc}
  60              		.cfi_endproc
  61              	.LFE64:
  62              		.size	MOVE_STRAIGHT, .-MOVE_STRAIGHT
  63              		.text
  64              	.Letext0:
  65              		.file 2 "c:\\program files (x86)\\cypress\\psoc creator\\4.4\\psoc creator\\import\\gnu\\arm\\5.4.
  66              		.file 3 "c:\\program files (x86)\\cypress\\psoc creator\\4.4\\psoc creator\\import\\gnu\\arm\\5.4.
  67              		.file 4 "Generated_Source\\PSoC5/core_cm3.h"
  68              		.section	.debug_info,"",%progbits
  69              	.Ldebug_info0:
  70 0000 C3000000 		.4byte	0xc3
  71 0004 0400     		.2byte	0x4
  72 0006 00000000 		.4byte	.Ldebug_abbrev0
  73 000a 04       		.byte	0x4
  74 000b 01       		.uleb128 0x1
  75 000c 62000000 		.4byte	.LASF16
  76 0010 0C       		.byte	0xc
  77 0011 2E000000 		.4byte	.LASF17
  78 0015 38010000 		.4byte	.LASF18
  79 0019 00000000 		.4byte	.Ldebug_ranges0+0
  80 001d 00000000 		.4byte	0
  81 0021 00000000 		.4byte	.Ldebug_line0
  82 0025 02       		.uleb128 0x2
  83 0026 01       		.byte	0x1
  84 0027 06       		.byte	0x6
  85 0028 2C010000 		.4byte	.LASF0
  86 002c 02       		.uleb128 0x2
  87 002d 01       		.byte	0x1
ARM GAS  C:\Users\Calvi\AppData\Local\Temp\cc8OwS7R.s 			page 3


  88 002e 08       		.byte	0x8
  89 002f F0000000 		.4byte	.LASF1
  90 0033 02       		.uleb128 0x2
  91 0034 02       		.byte	0x2
  92 0035 05       		.byte	0x5
  93 0036 83010000 		.4byte	.LASF2
  94 003a 02       		.uleb128 0x2
  95 003b 02       		.byte	0x2
  96 003c 07       		.byte	0x7
  97 003d 0E000000 		.4byte	.LASF3
  98 0041 03       		.uleb128 0x3
  99 0042 73010000 		.4byte	.LASF9
 100 0046 02       		.byte	0x2
 101 0047 3F       		.byte	0x3f
 102 0048 4C000000 		.4byte	0x4c
 103 004c 02       		.uleb128 0x2
 104 004d 04       		.byte	0x4
 105 004e 05       		.byte	0x5
 106 004f 03010000 		.4byte	.LASF4
 107 0053 02       		.uleb128 0x2
 108 0054 04       		.byte	0x4
 109 0055 07       		.byte	0x7
 110 0056 39000000 		.4byte	.LASF5
 111 005a 02       		.uleb128 0x2
 112 005b 08       		.byte	0x8
 113 005c 05       		.byte	0x5
 114 005d 00000000 		.4byte	.LASF6
 115 0061 02       		.uleb128 0x2
 116 0062 08       		.byte	0x8
 117 0063 07       		.byte	0x7
 118 0064 4B000000 		.4byte	.LASF7
 119 0068 04       		.uleb128 0x4
 120 0069 04       		.byte	0x4
 121 006a 05       		.byte	0x5
 122 006b 696E7400 		.ascii	"int\000"
 123 006f 02       		.uleb128 0x2
 124 0070 04       		.byte	0x4
 125 0071 07       		.byte	0x7
 126 0072 21000000 		.4byte	.LASF8
 127 0076 03       		.uleb128 0x3
 128 0077 9B010000 		.4byte	.LASF10
 129 007b 03       		.byte	0x3
 130 007c 2C       		.byte	0x2c
 131 007d 41000000 		.4byte	0x41
 132 0081 02       		.uleb128 0x2
 133 0082 04       		.byte	0x4
 134 0083 04       		.byte	0x4
 135 0084 7D010000 		.4byte	.LASF11
 136 0088 02       		.uleb128 0x2
 137 0089 08       		.byte	0x8
 138 008a 04       		.byte	0x4
 139 008b 0C010000 		.4byte	.LASF12
 140 008f 02       		.uleb128 0x2
 141 0090 01       		.byte	0x1
 142 0091 08       		.byte	0x8
 143 0092 FE000000 		.4byte	.LASF13
 144 0096 02       		.uleb128 0x2
ARM GAS  C:\Users\Calvi\AppData\Local\Temp\cc8OwS7R.s 			page 4


 145 0097 08       		.byte	0x8
 146 0098 04       		.byte	0x4
 147 0099 13010000 		.4byte	.LASF14
 148 009d 02       		.uleb128 0x2
 149 009e 04       		.byte	0x4
 150 009f 07       		.byte	0x7
 151 00a0 A3010000 		.4byte	.LASF15
 152 00a4 05       		.uleb128 0x5
 153 00a5 8D010000 		.4byte	.LASF19
 154 00a9 01       		.byte	0x1
 155 00aa 10       		.byte	0x10
 156 00ab 00000000 		.4byte	.LFB64
 157 00af 30000000 		.4byte	.LFE64-.LFB64
 158 00b3 01       		.uleb128 0x1
 159 00b4 9C       		.byte	0x9c
 160 00b5 06       		.uleb128 0x6
 161 00b6 1F010000 		.4byte	.LASF20
 162 00ba 04       		.byte	0x4
 163 00bb 1207     		.2byte	0x712
 164 00bd C1000000 		.4byte	0xc1
 165 00c1 07       		.uleb128 0x7
 166 00c2 76000000 		.4byte	0x76
 167 00c6 00       		.byte	0
 168              		.section	.debug_abbrev,"",%progbits
 169              	.Ldebug_abbrev0:
 170 0000 01       		.uleb128 0x1
 171 0001 11       		.uleb128 0x11
 172 0002 01       		.byte	0x1
 173 0003 25       		.uleb128 0x25
 174 0004 0E       		.uleb128 0xe
 175 0005 13       		.uleb128 0x13
 176 0006 0B       		.uleb128 0xb
 177 0007 03       		.uleb128 0x3
 178 0008 0E       		.uleb128 0xe
 179 0009 1B       		.uleb128 0x1b
 180 000a 0E       		.uleb128 0xe
 181 000b 55       		.uleb128 0x55
 182 000c 17       		.uleb128 0x17
 183 000d 11       		.uleb128 0x11
 184 000e 01       		.uleb128 0x1
 185 000f 10       		.uleb128 0x10
 186 0010 17       		.uleb128 0x17
 187 0011 00       		.byte	0
 188 0012 00       		.byte	0
 189 0013 02       		.uleb128 0x2
 190 0014 24       		.uleb128 0x24
 191 0015 00       		.byte	0
 192 0016 0B       		.uleb128 0xb
 193 0017 0B       		.uleb128 0xb
 194 0018 3E       		.uleb128 0x3e
 195 0019 0B       		.uleb128 0xb
 196 001a 03       		.uleb128 0x3
 197 001b 0E       		.uleb128 0xe
 198 001c 00       		.byte	0
 199 001d 00       		.byte	0
 200 001e 03       		.uleb128 0x3
 201 001f 16       		.uleb128 0x16
ARM GAS  C:\Users\Calvi\AppData\Local\Temp\cc8OwS7R.s 			page 5


 202 0020 00       		.byte	0
 203 0021 03       		.uleb128 0x3
 204 0022 0E       		.uleb128 0xe
 205 0023 3A       		.uleb128 0x3a
 206 0024 0B       		.uleb128 0xb
 207 0025 3B       		.uleb128 0x3b
 208 0026 0B       		.uleb128 0xb
 209 0027 49       		.uleb128 0x49
 210 0028 13       		.uleb128 0x13
 211 0029 00       		.byte	0
 212 002a 00       		.byte	0
 213 002b 04       		.uleb128 0x4
 214 002c 24       		.uleb128 0x24
 215 002d 00       		.byte	0
 216 002e 0B       		.uleb128 0xb
 217 002f 0B       		.uleb128 0xb
 218 0030 3E       		.uleb128 0x3e
 219 0031 0B       		.uleb128 0xb
 220 0032 03       		.uleb128 0x3
 221 0033 08       		.uleb128 0x8
 222 0034 00       		.byte	0
 223 0035 00       		.byte	0
 224 0036 05       		.uleb128 0x5
 225 0037 2E       		.uleb128 0x2e
 226 0038 00       		.byte	0
 227 0039 3F       		.uleb128 0x3f
 228 003a 19       		.uleb128 0x19
 229 003b 03       		.uleb128 0x3
 230 003c 0E       		.uleb128 0xe
 231 003d 3A       		.uleb128 0x3a
 232 003e 0B       		.uleb128 0xb
 233 003f 3B       		.uleb128 0x3b
 234 0040 0B       		.uleb128 0xb
 235 0041 11       		.uleb128 0x11
 236 0042 01       		.uleb128 0x1
 237 0043 12       		.uleb128 0x12
 238 0044 06       		.uleb128 0x6
 239 0045 40       		.uleb128 0x40
 240 0046 18       		.uleb128 0x18
 241 0047 9642     		.uleb128 0x2116
 242 0049 19       		.uleb128 0x19
 243 004a 00       		.byte	0
 244 004b 00       		.byte	0
 245 004c 06       		.uleb128 0x6
 246 004d 34       		.uleb128 0x34
 247 004e 00       		.byte	0
 248 004f 03       		.uleb128 0x3
 249 0050 0E       		.uleb128 0xe
 250 0051 3A       		.uleb128 0x3a
 251 0052 0B       		.uleb128 0xb
 252 0053 3B       		.uleb128 0x3b
 253 0054 05       		.uleb128 0x5
 254 0055 49       		.uleb128 0x49
 255 0056 13       		.uleb128 0x13
 256 0057 3F       		.uleb128 0x3f
 257 0058 19       		.uleb128 0x19
 258 0059 3C       		.uleb128 0x3c
ARM GAS  C:\Users\Calvi\AppData\Local\Temp\cc8OwS7R.s 			page 6


 259 005a 19       		.uleb128 0x19
 260 005b 00       		.byte	0
 261 005c 00       		.byte	0
 262 005d 07       		.uleb128 0x7
 263 005e 35       		.uleb128 0x35
 264 005f 00       		.byte	0
 265 0060 49       		.uleb128 0x49
 266 0061 13       		.uleb128 0x13
 267 0062 00       		.byte	0
 268 0063 00       		.byte	0
 269 0064 00       		.byte	0
 270              		.section	.debug_aranges,"",%progbits
 271 0000 1C000000 		.4byte	0x1c
 272 0004 0200     		.2byte	0x2
 273 0006 00000000 		.4byte	.Ldebug_info0
 274 000a 04       		.byte	0x4
 275 000b 00       		.byte	0
 276 000c 0000     		.2byte	0
 277 000e 0000     		.2byte	0
 278 0010 00000000 		.4byte	.LFB64
 279 0014 30000000 		.4byte	.LFE64-.LFB64
 280 0018 00000000 		.4byte	0
 281 001c 00000000 		.4byte	0
 282              		.section	.debug_ranges,"",%progbits
 283              	.Ldebug_ranges0:
 284 0000 00000000 		.4byte	.LFB64
 285 0004 30000000 		.4byte	.LFE64
 286 0008 00000000 		.4byte	0
 287 000c 00000000 		.4byte	0
 288              		.section	.debug_line,"",%progbits
 289              	.Ldebug_line0:
 290 0000 60010000 		.section	.debug_str,"MS",%progbits,1
 290      02004301 
 290      00000201 
 290      FB0E0D00 
 290      01010101 
 291              	.LASF6:
 292 0000 6C6F6E67 		.ascii	"long long int\000"
 292      206C6F6E 
 292      6720696E 
 292      7400
 293              	.LASF3:
 294 000e 73686F72 		.ascii	"short unsigned int\000"
 294      7420756E 
 294      7369676E 
 294      65642069 
 294      6E7400
 295              	.LASF8:
 296 0021 756E7369 		.ascii	"unsigned int\000"
 296      676E6564 
 296      20696E74 
 296      00
 297              	.LASF17:
 298 002e 53545241 		.ascii	"STRAIGHT.c\000"
 298      49474854 
 298      2E6300
 299              	.LASF5:
ARM GAS  C:\Users\Calvi\AppData\Local\Temp\cc8OwS7R.s 			page 7


 300 0039 6C6F6E67 		.ascii	"long unsigned int\000"
 300      20756E73 
 300      69676E65 
 300      6420696E 
 300      7400
 301              	.LASF7:
 302 004b 6C6F6E67 		.ascii	"long long unsigned int\000"
 302      206C6F6E 
 302      6720756E 
 302      7369676E 
 302      65642069 
 303              	.LASF16:
 304 0062 474E5520 		.ascii	"GNU C11 5.4.1 20160609 (release) [ARM/embedded-5-br"
 304      43313120 
 304      352E342E 
 304      31203230 
 304      31363036 
 305 0095 616E6368 		.ascii	"anch revision 237715] -mcpu=cortex-m3 -mthumb -g -O"
 305      20726576 
 305      6973696F 
 305      6E203233 
 305      37373135 
 306 00c8 30202D66 		.ascii	"0 -ffunction-sections -ffat-lto-objects\000"
 306      66756E63 
 306      74696F6E 
 306      2D736563 
 306      74696F6E 
 307              	.LASF1:
 308 00f0 756E7369 		.ascii	"unsigned char\000"
 308      676E6564 
 308      20636861 
 308      7200
 309              	.LASF13:
 310 00fe 63686172 		.ascii	"char\000"
 310      00
 311              	.LASF4:
 312 0103 6C6F6E67 		.ascii	"long int\000"
 312      20696E74 
 312      00
 313              	.LASF12:
 314 010c 646F7562 		.ascii	"double\000"
 314      6C6500
 315              	.LASF14:
 316 0113 6C6F6E67 		.ascii	"long double\000"
 316      20646F75 
 316      626C6500 
 317              	.LASF20:
 318 011f 49544D5F 		.ascii	"ITM_RxBuffer\000"
 318      52784275 
 318      66666572 
 318      00
 319              	.LASF0:
 320 012c 7369676E 		.ascii	"signed char\000"
 320      65642063 
 320      68617200 
 321              	.LASF18:
 322 0138 433A5C55 		.ascii	"C:\\Users\\Calvi\\Desktop\\301\\psoc firmware\\CS30"
ARM GAS  C:\Users\Calvi\AppData\Local\Temp\cc8OwS7R.s 			page 8


 322      73657273 
 322      5C43616C 
 322      76695C44 
 322      65736B74 
 323 0165 315F436C 		.ascii	"1_Class.cydsn\000"
 323      6173732E 
 323      63796473 
 323      6E00
 324              	.LASF9:
 325 0173 5F5F696E 		.ascii	"__int32_t\000"
 325      7433325F 
 325      7400
 326              	.LASF11:
 327 017d 666C6F61 		.ascii	"float\000"
 327      7400
 328              	.LASF2:
 329 0183 73686F72 		.ascii	"short int\000"
 329      7420696E 
 329      7400
 330              	.LASF19:
 331 018d 4D4F5645 		.ascii	"MOVE_STRAIGHT\000"
 331      5F535452 
 331      41494748 
 331      5400
 332              	.LASF10:
 333 019b 696E7433 		.ascii	"int32_t\000"
 333      325F7400 
 334              	.LASF15:
 335 01a3 73697A65 		.ascii	"sizetype\000"
 335      74797065 
 335      00
 336              		.ident	"GCC: (GNU Tools for ARM Embedded Processors) 5.4.1 20160609 (release) [ARM/embedded-5-bran
